<?xml version="1.0" encoding="UTF-8" ?>
<testsuite tests="13" failures="0" name="asg06.TestExpression" time="0.538" errors="13" skipped="0">
  <properties>
    <property name="java.runtime.name" value="Java(TM) SE Runtime Environment"/>
    <property name="sun.boot.library.path" value="C:\Program Files\Java\jdk1.8.0_11\jre\bin"/>
    <property name="java.vm.version" value="25.11-b03"/>
    <property name="user.country.format" value="VN"/>
    <property name="java.vm.vendor" value="Oracle Corporation"/>
    <property name="java.vendor.url" value="http://java.oracle.com/"/>
    <property name="path.separator" value=";"/>
    <property name="guice.disable.misplaced.annotation.check" value="true"/>
    <property name="java.vm.name" value="Java HotSpot(TM) 64-Bit Server VM"/>
    <property name="file.encoding.pkg" value="sun.io"/>
    <property name="user.script" value=""/>
    <property name="user.country" value="US"/>
    <property name="sun.java.launcher" value="SUN_STANDARD"/>
    <property name="sun.os.patch.level" value=""/>
    <property name="java.vm.specification.name" value="Java Virtual Machine Specification"/>
    <property name="user.dir" value="c:\Users\thamlang\asg06"/>
    <property name="java.runtime.version" value="1.8.0_11-b12"/>
    <property name="java.awt.graphicsenv" value="sun.awt.Win32GraphicsEnvironment"/>
    <property name="java.endorsed.dirs" value="C:\Program Files\Java\jdk1.8.0_11\jre\lib\endorsed"/>
    <property name="os.arch" value="amd64"/>
    <property name="java.io.tmpdir" value="C:\Users\thamlang\AppData\Local\Temp\"/>
    <property name="line.separator" value="
"/>
    <property name="java.vm.specification.vendor" value="Oracle Corporation"/>
    <property name="user.variant" value=""/>
    <property name="os.name" value="Windows 8"/>
    <property name="classworlds.conf" value="C:\apache-maven-3.0.5\bin\m2.conf"/>
    <property name="sun.jnu.encoding" value="Cp1258"/>
    <property name="java.library.path" value="C:\Program Files\Java\jdk1.8.0_11\bin;C:\Windows\Sun\Java\bin;C:\Windows\system32;C:\Windows;C:\Windows\system32;C:\Windows;C:\Windows\System32\Wbem;C:\Windows\System32\WindowsPowerShell\v1.0\;C:\apache-maven-3.0.5\bin;C:\Program Files\Java\jdk1.8.0_11\bin;C:\Program Files\TortoiseGit\bin;."/>
    <property name="java.specification.name" value="Java Platform API Specification"/>
    <property name="java.class.version" value="52.0"/>
    <property name="sun.management.compiler" value="HotSpot 64-Bit Tiered Compilers"/>
    <property name="os.version" value="6.2"/>
    <property name="user.home" value="C:\Users\thamlang"/>
    <property name="user.timezone" value="Asia/Bangkok"/>
    <property name="java.awt.printerjob" value="sun.awt.windows.WPrinterJob"/>
    <property name="java.specification.version" value="1.8"/>
    <property name="file.encoding" value="Cp1258"/>
    <property name="user.name" value="thamlang"/>
    <property name="java.class.path" value="C:\apache-maven-3.0.5\boot\plexus-classworlds-2.4.jar"/>
    <property name="java.vm.specification.version" value="1.8"/>
    <property name="sun.arch.data.model" value="64"/>
    <property name="java.home" value="C:\Program Files\Java\jdk1.8.0_11\jre"/>
    <property name="sun.java.command" value="org.codehaus.plexus.classworlds.launcher.Launcher package"/>
    <property name="java.specification.vendor" value="Oracle Corporation"/>
    <property name="user.language" value="en"/>
    <property name="user.language.format" value="vi"/>
    <property name="awt.toolkit" value="sun.awt.windows.WToolkit"/>
    <property name="java.vm.info" value="mixed mode"/>
    <property name="java.version" value="1.8.0_11"/>
    <property name="java.ext.dirs" value="C:\Program Files\Java\jdk1.8.0_11\jre\lib\ext;C:\Windows\Sun\Java\lib\ext"/>
    <property name="sun.boot.class.path" value="C:\Program Files\Java\jdk1.8.0_11\jre\lib\resources.jar;C:\Program Files\Java\jdk1.8.0_11\jre\lib\rt.jar;C:\Program Files\Java\jdk1.8.0_11\jre\lib\sunrsasign.jar;C:\Program Files\Java\jdk1.8.0_11\jre\lib\jsse.jar;C:\Program Files\Java\jdk1.8.0_11\jre\lib\jce.jar;C:\Program Files\Java\jdk1.8.0_11\jre\lib\charsets.jar;C:\Program Files\Java\jdk1.8.0_11\jre\lib\jfr.jar;C:\Program Files\Java\jdk1.8.0_11\jre\classes"/>
    <property name="sun.stderr.encoding" value="cp1258"/>
    <property name="java.vendor" value="Oracle Corporation"/>
    <property name="maven.home" value="C:\apache-maven-3.0.5"/>
    <property name="file.separator" value="\"/>
    <property name="java.vendor.url.bug" value="http://bugreport.sun.com/bugreport/"/>
    <property name="sun.cpu.endian" value="little"/>
    <property name="sun.io.unicode.encoding" value="UnicodeLittle"/>
    <property name="sun.stdout.encoding" value="cp1258"/>
    <property name="sun.desktop" value="windows"/>
    <property name="sun.cpu.isalist" value="amd64"/>
  </properties>
  <testcase classname="asg06.TestExpression" name="testSubtractionToString" time="0.082">
    <error type="java.lang.StackOverflowError">java.lang.StackOverflowError
	at asg06.Expression.&lt;init&gt;(Expression.java:4)
	at asg06.Expression.&lt;init&gt;(Expression.java:4)
	at asg06.Expression.&lt;init&gt;(Expression.java:4)
	at asg06.Expression.&lt;init&gt;(Expression.java:4)
	at asg06.Expression.&lt;init&gt;(Expression.java:4)
	at asg06.Expression.&lt;init&gt;(Expression.java:4)
	at asg06.Expression.&lt;init&gt;(Expression.java:4)
	at asg06.Expression.&lt;init&gt;(Expression.java:4)
	at asg06.Expression.&lt;init&gt;(Expression.java:4)
	at asg06.Expression.&lt;init&gt;(Expression.java:4)
	at asg06.Expression.&lt;init&gt;(Expression.java:4)
	at asg06.Expression.&lt;init&gt;(Expression.java:4)
	at asg06.Expression.&lt;init&gt;(Expression.java:4)
	at asg06.Expression.&lt;init&gt;(Expression.java:4)
	at asg06.Expression.&lt;init&gt;(Expression.java:4)
	at asg06.Expression.&lt;init&gt;(Expression.java:4)
	at asg06.Expression.&lt;init&gt;(Expression.java:4)
	at asg06.Expression.&lt;init&gt;(Expression.java:4)
	at asg06.Expression.&lt;init&gt;(Expression.java:4)
	at asg06.Expression.&lt;init&gt;(Expression.java:4)
	at asg06.Expression.&lt;init&gt;(Expression.java:4)
	at asg06.Expression.&lt;init&gt;(Expression.java:4)
	at asg06.Expression.&lt;init&gt;(Expression.java:4)
	at asg06.Expression.&lt;init&gt;(Expression.java:4)
	at asg06.Expression.&lt;init&gt;(Expression.java:4)
	at asg06.Expression.&lt;init&gt;(Expression.java:4)
	at asg06.Expression.&lt;init&gt;(Expression.java:4)
	at asg06.Expression.&lt;init&gt;(Expression.java:4)
	at asg06.Expression.&lt;init&gt;(Expression.java:4)
	at asg06.Expression.&lt;init&gt;(Expression.java:4)
	at asg06.Expression.&lt;init&gt;(Expression.java:4)
	at asg06.Expression.&lt;init&gt;(Expression.java:4)
	at asg06.Expression.&lt;init&gt;(Expression.java:4)
	at asg06.Expression.&lt;init&gt;(Expression.java:4)
	at asg06.Expression.&lt;init&gt;(Expression.java:4)
	at asg06.Expression.&lt;init&gt;(Expression.java:4)
	at asg06.Expression.&lt;init&gt;(Expression.java:4)
	at asg06.Expression.&lt;init&gt;(Expression.java:4)
	at asg06.Expression.&lt;init&gt;(Expression.java:4)
	at asg06.Expression.&lt;init&gt;(Expression.java:4)
	at asg06.Expression.&lt;init&gt;(Expression.java:4)
	at asg06.Expression.&lt;init&gt;(Expression.java:4)
	at asg06.Expression.&lt;init&gt;(Expression.java:4)
	at asg06.Expression.&lt;init&gt;(Expression.java:4)
	at asg06.Expression.&lt;init&gt;(Expression.java:4)
	at asg06.Expression.&lt;init&gt;(Expression.java:4)
	at asg06.Expression.&lt;init&gt;(Expression.java:4)
	at asg06.Expression.&lt;init&gt;(Expression.java:4)
	at asg06.Expression.&lt;init&gt;(Expression.java:4)
	at asg06.Expression.&lt;init&gt;(Expression.java:4)
	at asg06.Expression.&lt;init&gt;(Expression.java:4)
	at asg06.Expression.&lt;init&gt;(Expression.java:4)
	at asg06.Expression.&lt;init&gt;(Expression.java:4)
	at asg06.Expression.&lt;init&gt;(Expression.java:4)
	at asg06.Expression.&lt;init&gt;(Expression.java:4)
	at asg06.Expression.&lt;init&gt;(Expression.java:4)
	at asg06.Expression.&lt;init&gt;(Expression.java:4)
	at asg06.Expression.&lt;init&gt;(Expression.java:4)
	at asg06.Expression.&lt;init&gt;(Expression.java:4)
	at asg06.Expression.&lt;init&gt;(Expression.java:4)
	at asg06.Expression.&lt;init&gt;(Expression.java:4)
	at asg06.Expression.&lt;init&gt;(Expression.java:4)
	at asg06.Expression.&lt;init&gt;(Expression.java:4)
	at asg06.Expression.&lt;init&gt;(Expression.java:4)
	at asg06.Expression.&lt;init&gt;(Expression.java:4)
	at asg06.Expression.&lt;init&gt;(Expression.java:4)
	at asg06.Expression.&lt;init&gt;(Expression.java:4)
	at asg06.Expression.&lt;init&gt;(Expression.java:4)
	at asg06.Expression.&lt;init&gt;(Expression.java:4)
	at asg06.Expression.&lt;init&gt;(Expression.java:4)
	at asg06.Expression.&lt;init&gt;(Expression.java:4)
	at asg06.Expression.&lt;init&gt;(Expression.java:4)
	at asg06.Expression.&lt;init&gt;(Expression.java:4)
	at asg06.Expression.&lt;init&gt;(Expression.java:4)
	at asg06.Expression.&lt;init&gt;(Expression.java:4)
	at asg06.Expression.&lt;init&gt;(Expression.java:4)
	at asg06.Expression.&lt;init&gt;(Expression.java:4)
	at asg06.Expression.&lt;init&gt;(Expression.java:4)
	at asg06.Expression.&lt;init&gt;(Expression.java:4)
	at asg06.Expression.&lt;init&gt;(Expression.java:4)
	at asg06.Expression.&lt;init&gt;(Expression.java:4)
	at asg06.Expression.&lt;init&gt;(Expression.java:4)
	at asg06.Expression.&lt;init&gt;(Expression.java:4)
	at asg06.Expression.&lt;init&gt;(Expression.java:4)
	at asg06.Expression.&lt;init&gt;(Expression.java:4)
	at asg06.Expression.&lt;init&gt;(Expression.java:4)
	at asg06.Expression.&lt;init&gt;(Expression.java:4)
	at asg06.Expression.&lt;init&gt;(Expression.java:4)
	at asg06.Expression.&lt;init&gt;(Expression.java:4)
	at asg06.Expression.&lt;init&gt;(Expression.java:4)
	at asg06.Expression.&lt;init&gt;(Expression.java:4)
	at asg06.Expression.&lt;init&gt;(Expression.java:4)
	at asg06.Expression.&lt;init&gt;(Expression.java:4)
	at asg06.Expression.&lt;init&gt;(Expression.java:4)
	at asg06.Expression.&lt;init&gt;(Expression.java:4)
	at asg06.Expression.&lt;init&gt;(Expression.java:4)
	at asg06.Expression.&lt;init&gt;(Expression.java:4)
	at asg06.Expression.&lt;init&gt;(Expression.java:4)
	at asg06.Expression.&lt;init&gt;(Expression.java:4)
	at asg06.Expression.&lt;init&gt;(Expression.java:4)
	at asg06.Expression.&lt;init&gt;(Expression.java:4)
	at asg06.Expression.&lt;init&gt;(Expression.java:4)
	at asg06.Expression.&lt;init&gt;(Expression.java:4)
	at asg06.Expression.&lt;init&gt;(Expression.java:4)
	at asg06.Expression.&lt;init&gt;(Expression.java:4)
	at asg06.Expression.&lt;init&gt;(Expression.java:4)
	at asg06.Expression.&lt;init&gt;(Expression.java:4)
	at asg06.Expression.&lt;init&gt;(Expression.java:4)
	at asg06.Expression.&lt;init&gt;(Expression.java:4)
	at asg06.Expression.&lt;init&gt;(Expression.java:4)
	at asg06.Expression.&lt;init&gt;(Expression.java:4)
	at asg06.Expression.&lt;init&gt;(Expression.java:4)
	at asg06.Expression.&lt;init&gt;(Expression.java:4)
	at asg06.Expression.&lt;init&gt;(Expression.java:4)
	at asg06.Expression.&lt;init&gt;(Expression.java:4)
	at asg06.Expression.&lt;init&gt;(Expression.java:4)
	at asg06.Expression.&lt;init&gt;(Expression.java:4)
	at asg06.Expression.&lt;init&gt;(Expression.java:4)
	at asg06.Expression.&lt;init&gt;(Expression.java:4)
	at asg06.Expression.&lt;init&gt;(Expression.java:4)
	at asg06.Expression.&lt;init&gt;(Expression.java:4)
	at asg06.Expression.&lt;init&gt;(Expression.java:4)
	at asg06.Expression.&lt;init&gt;(Expression.java:4)
	at asg06.Expression.&lt;init&gt;(Expression.java:4)
	at asg06.Expression.&lt;init&gt;(Expression.java:4)
	at asg06.Expression.&lt;init&gt;(Expression.java:4)
	at asg06.Expression.&lt;init&gt;(Expression.java:4)
	at asg06.Expression.&lt;init&gt;(Expression.java:4)
	at asg06.Expression.&lt;init&gt;(Expression.java:4)
	at asg06.Expression.&lt;init&gt;(Expression.java:4)
	at asg06.Expression.&lt;init&gt;(Expression.java:4)
	at asg06.Expression.&lt;init&gt;(Expression.java:4)
	at asg06.Expression.&lt;init&gt;(Expression.java:4)
	at asg06.Expression.&lt;init&gt;(Expression.java:4)
	at asg06.Expression.&lt;init&gt;(Expression.java:4)
	at asg06.Expression.&lt;init&gt;(Expression.java:4)
	at asg06.Expression.&lt;init&gt;(Expression.java:4)
	at asg06.Expression.&lt;init&gt;(Expression.java:4)
	at asg06.Expression.&lt;init&gt;(Expression.java:4)
	at asg06.Expression.&lt;init&gt;(Expression.java:4)
	at asg06.Expression.&lt;init&gt;(Expression.java:4)
	at asg06.Expression.&lt;init&gt;(Expression.java:4)
	at asg06.Expression.&lt;init&gt;(Expression.java:4)
	at asg06.Expression.&lt;init&gt;(Expression.java:4)
	at asg06.Expression.&lt;init&gt;(Expression.java:4)
	at asg06.Expression.&lt;init&gt;(Expression.java:4)
	at asg06.Expression.&lt;init&gt;(Expression.java:4)
	at asg06.Expression.&lt;init&gt;(Expression.java:4)
	at asg06.Expression.&lt;init&gt;(Expression.java:4)
	at asg06.Expression.&lt;init&gt;(Expression.java:4)
	at asg06.Expression.&lt;init&gt;(Expression.java:4)
	at asg06.Expression.&lt;init&gt;(Expression.java:4)
	at asg06.Expression.&lt;init&gt;(Expression.java:4)
	at asg06.Expression.&lt;init&gt;(Expression.java:4)
	at asg06.Expression.&lt;init&gt;(Expression.java:4)
	at asg06.Expression.&lt;init&gt;(Expression.java:4)
	at asg06.Expression.&lt;init&gt;(Expression.java:4)
	at asg06.Expression.&lt;init&gt;(Expression.java:4)
	at asg06.Expression.&lt;init&gt;(Expression.java:4)
	at asg06.Expression.&lt;init&gt;(Expression.java:4)
	at asg06.Expression.&lt;init&gt;(Expression.java:4)
	at asg06.Expression.&lt;init&gt;(Expression.java:4)
	at asg06.Expression.&lt;init&gt;(Expression.java:4)
	at asg06.Expression.&lt;init&gt;(Expression.java:4)
	at asg06.Expression.&lt;init&gt;(Expression.java:4)
	at asg06.Expression.&lt;init&gt;(Expression.java:4)
	at asg06.Expression.&lt;init&gt;(Expression.java:4)
	at asg06.Expression.&lt;init&gt;(Expression.java:4)
	at asg06.Expression.&lt;init&gt;(Expression.java:4)
	at asg06.Expression.&lt;init&gt;(Expression.java:4)
	at asg06.Expression.&lt;init&gt;(Expression.java:4)
	at asg06.Expression.&lt;init&gt;(Expression.java:4)
	at asg06.Expression.&lt;init&gt;(Expression.java:4)
	at asg06.Expression.&lt;init&gt;(Expression.java:4)
	at asg06.Expression.&lt;init&gt;(Expression.java:4)
	at asg06.Expression.&lt;init&gt;(Expression.java:4)
	at asg06.Expression.&lt;init&gt;(Expression.java:4)
	at asg06.Expression.&lt;init&gt;(Expression.java:4)
	at asg06.Expression.&lt;init&gt;(Expression.java:4)
	at asg06.Expression.&lt;init&gt;(Expression.java:4)
	at asg06.Expression.&lt;init&gt;(Expression.java:4)
	at asg06.Expression.&lt;init&gt;(Expression.java:4)
	at asg06.Expression.&lt;init&gt;(Expression.java:4)
	at asg06.Expression.&lt;init&gt;(Expression.java:4)
	at asg06.Expression.&lt;init&gt;(Expression.java:4)
	at asg06.Expression.&lt;init&gt;(Expression.java:4)
	at asg06.Expression.&lt;init&gt;(Expression.java:4)
	at asg06.Expression.&lt;init&gt;(Expression.java:4)
	at asg06.Expression.&lt;init&gt;(Expression.java:4)
	at asg06.Expression.&lt;init&gt;(Expression.java:4)
	at asg06.Expression.&lt;init&gt;(Expression.java:4)
	at asg06.Expression.&lt;init&gt;(Expression.java:4)
	at asg06.Expression.&lt;init&gt;(Expression.java:4)
	at asg06.Expression.&lt;init&gt;(Expression.java:4)
	at asg06.Expression.&lt;init&gt;(Expression.java:4)
	at asg06.Expression.&lt;init&gt;(Expression.java:4)
	at asg06.Expression.&lt;init&gt;(Expression.java:4)
	at asg06.Expression.&lt;init&gt;(Expression.java:4)
	at asg06.Expression.&lt;init&gt;(Expression.java:4)
	at asg06.Expression.&lt;init&gt;(Expression.java:4)
	at asg06.Expression.&lt;init&gt;(Expression.java:4)
	at asg06.Expression.&lt;init&gt;(Expression.java:4)
	at asg06.Expression.&lt;init&gt;(Expression.java:4)
	at asg06.Expression.&lt;init&gt;(Expression.java:4)
	at asg06.Expression.&lt;init&gt;(Expression.java:4)
	at asg06.Expression.&lt;init&gt;(Expression.java:4)
	at asg06.Expression.&lt;init&gt;(Expression.java:4)
	at asg06.Expression.&lt;init&gt;(Expression.java:4)
	at asg06.Expression.&lt;init&gt;(Expression.java:4)
	at asg06.Expression.&lt;init&gt;(Expression.java:4)
	at asg06.Expression.&lt;init&gt;(Expression.java:4)
	at asg06.Expression.&lt;init&gt;(Expression.java:4)
	at asg06.Expression.&lt;init&gt;(Expression.java:4)
	at asg06.Expression.&lt;init&gt;(Expression.java:4)
	at asg06.Expression.&lt;init&gt;(Expression.java:4)
	at asg06.Expression.&lt;init&gt;(Expression.java:4)
	at asg06.Expression.&lt;init&gt;(Expression.java:4)
	at asg06.Expression.&lt;init&gt;(Expression.java:4)
	at asg06.Expression.&lt;init&gt;(Expression.java:4)
	at asg06.Expression.&lt;init&gt;(Expression.java:4)
	at asg06.Expression.&lt;init&gt;(Expression.java:4)
	at asg06.Expression.&lt;init&gt;(Expression.java:4)
	at asg06.Expression.&lt;init&gt;(Expression.java:4)
	at asg06.Expression.&lt;init&gt;(Expression.java:4)
	at asg06.Expression.&lt;init&gt;(Expression.java:4)
	at asg06.Expression.&lt;init&gt;(Expression.java:4)
	at asg06.Expression.&lt;init&gt;(Expression.java:4)
	at asg06.Expression.&lt;init&gt;(Expression.java:4)
	at asg06.Expression.&lt;init&gt;(Expression.java:4)
	at asg06.Expression.&lt;init&gt;(Expression.java:4)
	at asg06.Expression.&lt;init&gt;(Expression.java:4)
	at asg06.Expression.&lt;init&gt;(Expression.java:4)
	at asg06.Expression.&lt;init&gt;(Expression.java:4)
	at asg06.Expression.&lt;init&gt;(Expression.java:4)
	at asg06.Expression.&lt;init&gt;(Expression.java:4)
	at asg06.Expression.&lt;init&gt;(Expression.java:4)
	at asg06.Expression.&lt;init&gt;(Expression.java:4)
	at asg06.Expression.&lt;init&gt;(Expression.java:4)
	at asg06.Expression.&lt;init&gt;(Expression.java:4)
	at asg06.Expression.&lt;init&gt;(Expression.java:4)
	at asg06.Expression.&lt;init&gt;(Expression.java:4)
	at asg06.Expression.&lt;init&gt;(Expression.java:4)
	at asg06.Expression.&lt;init&gt;(Expression.java:4)
	at asg06.Expression.&lt;init&gt;(Expression.java:4)
	at asg06.Expression.&lt;init&gt;(Expression.java:4)
	at asg06.Expression.&lt;init&gt;(Expression.java:4)
	at asg06.Expression.&lt;init&gt;(Expression.java:4)
	at asg06.Expression.&lt;init&gt;(Expression.java:4)
	at asg06.Expression.&lt;init&gt;(Expression.java:4)
	at asg06.Expression.&lt;init&gt;(Expression.java:4)
	at asg06.Expression.&lt;init&gt;(Expression.java:4)
	at asg06.Expression.&lt;init&gt;(Expression.java:4)
	at asg06.Expression.&lt;init&gt;(Expression.java:4)
	at asg06.Expression.&lt;init&gt;(Expression.java:4)
	at asg06.Expression.&lt;init&gt;(Expression.java:4)
	at asg06.Expression.&lt;init&gt;(Expression.java:4)
	at asg06.Expression.&lt;init&gt;(Expression.java:4)
	at asg06.Expression.&lt;init&gt;(Expression.java:4)
	at asg06.Expression.&lt;init&gt;(Expression.java:4)
	at asg06.Expression.&lt;init&gt;(Expression.java:4)
	at asg06.Expression.&lt;init&gt;(Expression.java:4)
	at asg06.Expression.&lt;init&gt;(Expression.java:4)
	at asg06.Expression.&lt;init&gt;(Expression.java:4)
	at asg06.Expression.&lt;init&gt;(Expression.java:4)
	at asg06.Expression.&lt;init&gt;(Expression.java:4)
	at asg06.Expression.&lt;init&gt;(Expression.java:4)
	at asg06.Expression.&lt;init&gt;(Expression.java:4)
	at asg06.Expression.&lt;init&gt;(Expression.java:4)
	at asg06.Expression.&lt;init&gt;(Expression.java:4)
	at asg06.Expression.&lt;init&gt;(Expression.java:4)
	at asg06.Expression.&lt;init&gt;(Expression.java:4)
	at asg06.Expression.&lt;init&gt;(Expression.java:4)
	at asg06.Expression.&lt;init&gt;(Expression.java:4)
	at asg06.Expression.&lt;init&gt;(Expression.java:4)
	at asg06.Expression.&lt;init&gt;(Expression.java:4)
	at asg06.Expression.&lt;init&gt;(Expression.java:4)
	at asg06.Expression.&lt;init&gt;(Expression.java:4)
	at asg06.Expression.&lt;init&gt;(Expression.java:4)
	at asg06.Expression.&lt;init&gt;(Expression.java:4)
	at asg06.Expression.&lt;init&gt;(Expression.java:4)
	at asg06.Expression.&lt;init&gt;(Expression.java:4)
	at asg06.Expression.&lt;init&gt;(Expression.java:4)
	at asg06.Expression.&lt;init&gt;(Expression.java:4)
	at asg06.Expression.&lt;init&gt;(Expression.java:4)
	at asg06.Expression.&lt;init&gt;(Expression.java:4)
	at asg06.Expression.&lt;init&gt;(Expression.java:4)
	at asg06.Expression.&lt;init&gt;(Expression.java:4)
	at asg06.Expression.&lt;init&gt;(Expression.java:4)
	at asg06.Expression.&lt;init&gt;(Expression.java:4)
	at asg06.Expression.&lt;init&gt;(Expression.java:4)
	at asg06.Expression.&lt;init&gt;(Expression.java:4)
	at asg06.Expression.&lt;init&gt;(Expression.java:4)
	at asg06.Expression.&lt;init&gt;(Expression.java:4)
	at asg06.Expression.&lt;init&gt;(Expression.java:4)
	at asg06.Expression.&lt;init&gt;(Expression.java:4)
	at asg06.Expression.&lt;init&gt;(Expression.java:4)
	at asg06.Expression.&lt;init&gt;(Expression.java:4)
	at asg06.Expression.&lt;init&gt;(Expression.java:4)
	at asg06.Expression.&lt;init&gt;(Expression.java:4)
	at asg06.Expression.&lt;init&gt;(Expression.java:4)
	at asg06.Expression.&lt;init&gt;(Expression.java:4)
	at asg06.Expression.&lt;init&gt;(Expression.java:4)
	at asg06.Expression.&lt;init&gt;(Expression.java:4)
	at asg06.Expression.&lt;init&gt;(Expression.java:4)
	at asg06.Expression.&lt;init&gt;(Expression.java:4)
	at asg06.Expression.&lt;init&gt;(Expression.java:4)
	at asg06.Expression.&lt;init&gt;(Expression.java:4)
	at asg06.Expression.&lt;init&gt;(Expression.java:4)
	at asg06.Expression.&lt;init&gt;(Expression.java:4)
	at asg06.Expression.&lt;init&gt;(Expression.java:4)
	at asg06.Expression.&lt;init&gt;(Expression.java:4)
	at asg06.Expression.&lt;init&gt;(Expression.java:4)
	at asg06.Expression.&lt;init&gt;(Expression.java:4)
	at asg06.Expression.&lt;init&gt;(Expression.java:4)
	at asg06.Expression.&lt;init&gt;(Expression.java:4)
	at asg06.Expression.&lt;init&gt;(Expression.java:4)
	at asg06.Expression.&lt;init&gt;(Expression.java:4)
	at asg06.Expression.&lt;init&gt;(Expression.java:4)
	at asg06.Expression.&lt;init&gt;(Expression.java:4)
	at asg06.Expression.&lt;init&gt;(Expression.java:4)
	at asg06.Expression.&lt;init&gt;(Expression.java:4)
	at asg06.Expression.&lt;init&gt;(Expression.java:4)
	at asg06.Expression.&lt;init&gt;(Expression.java:4)
	at asg06.Expression.&lt;init&gt;(Expression.java:4)
	at asg06.Expression.&lt;init&gt;(Expression.java:4)
	at asg06.Expression.&lt;init&gt;(Expression.java:4)
	at asg06.Expression.&lt;init&gt;(Expression.java:4)
	at asg06.Expression.&lt;init&gt;(Expression.java:4)
	at asg06.Expression.&lt;init&gt;(Expression.java:4)
	at asg06.Expression.&lt;init&gt;(Expression.java:4)
	at asg06.Expression.&lt;init&gt;(Expression.java:4)
	at asg06.Expression.&lt;init&gt;(Expression.java:4)
	at asg06.Expression.&lt;init&gt;(Expression.java:4)
	at asg06.Expression.&lt;init&gt;(Expression.java:4)
	at asg06.Expression.&lt;init&gt;(Expression.java:4)
	at asg06.Expression.&lt;init&gt;(Expression.java:4)
	at asg06.Expression.&lt;init&gt;(Expression.java:4)
	at asg06.Expression.&lt;init&gt;(Expression.java:4)
	at asg06.Expression.&lt;init&gt;(Expression.java:4)
	at asg06.Expression.&lt;init&gt;(Expression.java:4)
	at asg06.Expression.&lt;init&gt;(Expression.java:4)
	at asg06.Expression.&lt;init&gt;(Expression.java:4)
	at asg06.Expression.&lt;init&gt;(Expression.java:4)
	at asg06.Expression.&lt;init&gt;(Expression.java:4)
	at asg06.Expression.&lt;init&gt;(Expression.java:4)
	at asg06.Expression.&lt;init&gt;(Expression.java:4)
	at asg06.Expression.&lt;init&gt;(Expression.java:4)
	at asg06.Expression.&lt;init&gt;(Expression.java:4)
	at asg06.Expression.&lt;init&gt;(Expression.java:4)
	at asg06.Expression.&lt;init&gt;(Expression.java:4)
	at asg06.Expression.&lt;init&gt;(Expression.java:4)
	at asg06.Expression.&lt;init&gt;(Expression.java:4)
	at asg06.Expression.&lt;init&gt;(Expression.java:4)
	at asg06.Expression.&lt;init&gt;(Expression.java:4)
	at asg06.Expression.&lt;init&gt;(Expression.java:4)
	at asg06.Expression.&lt;init&gt;(Expression.java:4)
	at asg06.Expression.&lt;init&gt;(Expression.java:4)
	at asg06.Expression.&lt;init&gt;(Expression.java:4)
	at asg06.Expression.&lt;init&gt;(Expression.java:4)
	at asg06.Expression.&lt;init&gt;(Expression.java:4)
	at asg06.Expression.&lt;init&gt;(Expression.java:4)
	at asg06.Expression.&lt;init&gt;(Expression.java:4)
	at asg06.Expression.&lt;init&gt;(Expression.java:4)
	at asg06.Expression.&lt;init&gt;(Expression.java:4)
	at asg06.Expression.&lt;init&gt;(Expression.java:4)
	at asg06.Expression.&lt;init&gt;(Expression.java:4)
	at asg06.Expression.&lt;init&gt;(Expression.java:4)
	at asg06.Expression.&lt;init&gt;(Expression.java:4)
	at asg06.Expression.&lt;init&gt;(Expression.java:4)
	at asg06.Expression.&lt;init&gt;(Expression.java:4)
	at asg06.Expression.&lt;init&gt;(Expression.java:4)
	at asg06.Expression.&lt;init&gt;(Expression.java:4)
	at asg06.Expression.&lt;init&gt;(Expression.java:4)
	at asg06.Expression.&lt;init&gt;(Expression.java:4)
	at asg06.Expression.&lt;init&gt;(Expression.java:4)
	at asg06.Expression.&lt;init&gt;(Expression.java:4)
	at asg06.Expression.&lt;init&gt;(Expression.java:4)
	at asg06.Expression.&lt;init&gt;(Expression.java:4)
	at asg06.Expression.&lt;init&gt;(Expression.java:4)
	at asg06.Expression.&lt;init&gt;(Expression.java:4)
	at asg06.Expression.&lt;init&gt;(Expression.java:4)
	at asg06.Expression.&lt;init&gt;(Expression.java:4)
	at asg06.Expression.&lt;init&gt;(Expression.java:4)
	at asg06.Expression.&lt;init&gt;(Expression.java:4)
	at asg06.Expression.&lt;init&gt;(Expression.java:4)
	at asg06.Expression.&lt;init&gt;(Expression.java:4)
	at asg06.Expression.&lt;init&gt;(Expression.java:4)
	at asg06.Expression.&lt;init&gt;(Expression.java:4)
	at asg06.Expression.&lt;init&gt;(Expression.java:4)
	at asg06.Expression.&lt;init&gt;(Expression.java:4)
	at asg06.Expression.&lt;init&gt;(Expression.java:4)
	at asg06.Expression.&lt;init&gt;(Expression.java:4)
	at asg06.Expression.&lt;init&gt;(Expression.java:4)
	at asg06.Expression.&lt;init&gt;(Expression.java:4)
	at asg06.Expression.&lt;init&gt;(Expression.java:4)
	at asg06.Expression.&lt;init&gt;(Expression.java:4)
	at asg06.Expression.&lt;init&gt;(Expression.java:4)
	at asg06.Expression.&lt;init&gt;(Expression.java:4)
	at asg06.Expression.&lt;init&gt;(Expression.java:4)
	at asg06.Expression.&lt;init&gt;(Expression.java:4)
	at asg06.Expression.&lt;init&gt;(Expression.java:4)
	at asg06.Expression.&lt;init&gt;(Expression.java:4)
	at asg06.Expression.&lt;init&gt;(Expression.java:4)
	at asg06.Expression.&lt;init&gt;(Expression.java:4)
	at asg06.Expression.&lt;init&gt;(Expression.java:4)
	at asg06.Expression.&lt;init&gt;(Expression.java:4)
	at asg06.Expression.&lt;init&gt;(Expression.java:4)
	at asg06.Expression.&lt;init&gt;(Expression.java:4)
	at asg06.Expression.&lt;init&gt;(Expression.java:4)
	at asg06.Expression.&lt;init&gt;(Expression.java:4)
	at asg06.Expression.&lt;init&gt;(Expression.java:4)
	at asg06.Expression.&lt;init&gt;(Expression.java:4)
	at asg06.Expression.&lt;init&gt;(Expression.java:4)
	at asg06.Expression.&lt;init&gt;(Expression.java:4)
	at asg06.Expression.&lt;init&gt;(Expression.java:4)
	at asg06.Expression.&lt;init&gt;(Expression.java:4)
	at asg06.Expression.&lt;init&gt;(Expression.java:4)
	at asg06.Expression.&lt;init&gt;(Expression.java:4)
	at asg06.Expression.&lt;init&gt;(Expression.java:4)
	at asg06.Expression.&lt;init&gt;(Expression.java:4)
	at asg06.Expression.&lt;init&gt;(Expression.java:4)
	at asg06.Expression.&lt;init&gt;(Expression.java:4)
	at asg06.Expression.&lt;init&gt;(Expression.java:4)
	at asg06.Expression.&lt;init&gt;(Expression.java:4)
	at asg06.Expression.&lt;init&gt;(Expression.java:4)
	at asg06.Expression.&lt;init&gt;(Expression.java:4)
	at asg06.Expression.&lt;init&gt;(Expression.java:4)
	at asg06.Expression.&lt;init&gt;(Expression.java:4)
	at asg06.Expression.&lt;init&gt;(Expression.java:4)
	at asg06.Expression.&lt;init&gt;(Expression.java:4)
	at asg06.Expression.&lt;init&gt;(Expression.java:4)
	at asg06.Expression.&lt;init&gt;(Expression.java:4)
	at asg06.Expression.&lt;init&gt;(Expression.java:4)
	at asg06.Expression.&lt;init&gt;(Expression.java:4)
	at asg06.Expression.&lt;init&gt;(Expression.java:4)
	at asg06.Expression.&lt;init&gt;(Expression.java:4)
	at asg06.Expression.&lt;init&gt;(Expression.java:4)
	at asg06.Expression.&lt;init&gt;(Expression.java:4)
	at asg06.Expression.&lt;init&gt;(Expression.java:4)
	at asg06.Expression.&lt;init&gt;(Expression.java:4)
	at asg06.Expression.&lt;init&gt;(Expression.java:4)
	at asg06.Expression.&lt;init&gt;(Expression.java:4)
	at asg06.Expression.&lt;init&gt;(Expression.java:4)
	at asg06.Expression.&lt;init&gt;(Expression.java:4)
	at asg06.Expression.&lt;init&gt;(Expression.java:4)
	at asg06.Expression.&lt;init&gt;(Expression.java:4)
	at asg06.Expression.&lt;init&gt;(Expression.java:4)
	at asg06.Expression.&lt;init&gt;(Expression.java:4)
	at asg06.Expression.&lt;init&gt;(Expression.java:4)
	at asg06.Expression.&lt;init&gt;(Expression.java:4)
	at asg06.Expression.&lt;init&gt;(Expression.java:4)
	at asg06.Expression.&lt;init&gt;(Expression.java:4)
	at asg06.Expression.&lt;init&gt;(Expression.java:4)
	at asg06.Expression.&lt;init&gt;(Expression.java:4)
	at asg06.Expression.&lt;init&gt;(Expression.java:4)
	at asg06.Expression.&lt;init&gt;(Expression.java:4)
	at asg06.Expression.&lt;init&gt;(Expression.java:4)
	at asg06.Expression.&lt;init&gt;(Expression.java:4)
	at asg06.Expression.&lt;init&gt;(Expression.java:4)
	at asg06.Expression.&lt;init&gt;(Expression.java:4)
	at asg06.Expression.&lt;init&gt;(Expression.java:4)
	at asg06.Expression.&lt;init&gt;(Expression.java:4)
	at asg06.Expression.&lt;init&gt;(Expression.java:4)
	at asg06.Expression.&lt;init&gt;(Expression.java:4)
	at asg06.Expression.&lt;init&gt;(Expression.java:4)
	at asg06.Expression.&lt;init&gt;(Expression.java:4)
	at asg06.Expression.&lt;init&gt;(Expression.java:4)
	at asg06.Expression.&lt;init&gt;(Expression.java:4)
	at asg06.Expression.&lt;init&gt;(Expression.java:4)
	at asg06.Expression.&lt;init&gt;(Expression.java:4)
	at asg06.Expression.&lt;init&gt;(Expression.java:4)
	at asg06.Expression.&lt;init&gt;(Expression.java:4)
	at asg06.Expression.&lt;init&gt;(Expression.java:4)
	at asg06.Expression.&lt;init&gt;(Expression.java:4)
	at asg06.Expression.&lt;init&gt;(Expression.java:4)
	at asg06.Expression.&lt;init&gt;(Expression.java:4)
	at asg06.Expression.&lt;init&gt;(Expression.java:4)
	at asg06.Expression.&lt;init&gt;(Expression.java:4)
	at asg06.Expression.&lt;init&gt;(Expression.java:4)
	at asg06.Expression.&lt;init&gt;(Expression.java:4)
	at asg06.Expression.&lt;init&gt;(Expression.java:4)
	at asg06.Expression.&lt;init&gt;(Expression.java:4)
	at asg06.Expression.&lt;init&gt;(Expression.java:4)
	at asg06.Expression.&lt;init&gt;(Expression.java:4)
	at asg06.Expression.&lt;init&gt;(Expression.java:4)
	at asg06.Expression.&lt;init&gt;(Expression.java:4)
	at asg06.Expression.&lt;init&gt;(Expression.java:4)
	at asg06.Expression.&lt;init&gt;(Expression.java:4)
	at asg06.Expression.&lt;init&gt;(Expression.java:4)
	at asg06.Expression.&lt;init&gt;(Expression.java:4)
	at asg06.Expression.&lt;init&gt;(Expression.java:4)
	at asg06.Expression.&lt;init&gt;(Expression.java:4)
	at asg06.Expression.&lt;init&gt;(Expression.java:4)
	at asg06.Expression.&lt;init&gt;(Expression.java:4)
	at asg06.Expression.&lt;init&gt;(Expression.java:4)
	at asg06.Expression.&lt;init&gt;(Expression.java:4)
	at asg06.Expression.&lt;init&gt;(Expression.java:4)
	at asg06.Expression.&lt;init&gt;(Expression.java:4)
	at asg06.Expression.&lt;init&gt;(Expression.java:4)
	at asg06.Expression.&lt;init&gt;(Expression.java:4)
	at asg06.Expression.&lt;init&gt;(Expression.java:4)
	at asg06.Expression.&lt;init&gt;(Expression.java:4)
	at asg06.Expression.&lt;init&gt;(Expression.java:4)
	at asg06.Expression.&lt;init&gt;(Expression.java:4)
	at asg06.Expression.&lt;init&gt;(Expression.java:4)
	at asg06.Expression.&lt;init&gt;(Expression.java:4)
	at asg06.Expression.&lt;init&gt;(Expression.java:4)
	at asg06.Expression.&lt;init&gt;(Expression.java:4)
	at asg06.Expression.&lt;init&gt;(Expression.java:4)
	at asg06.Expression.&lt;init&gt;(Expression.java:4)
	at asg06.Expression.&lt;init&gt;(Expression.java:4)
	at asg06.Expression.&lt;init&gt;(Expression.java:4)
	at asg06.Expression.&lt;init&gt;(Expression.java:4)
	at asg06.Expression.&lt;init&gt;(Expression.java:4)
	at asg06.Expression.&lt;init&gt;(Expression.java:4)
	at asg06.Expression.&lt;init&gt;(Expression.java:4)
	at asg06.Expression.&lt;init&gt;(Expression.java:4)
	at asg06.Expression.&lt;init&gt;(Expression.java:4)
	at asg06.Expression.&lt;init&gt;(Expression.java:4)
	at asg06.Expression.&lt;init&gt;(Expression.java:4)
	at asg06.Expression.&lt;init&gt;(Expression.java:4)
	at asg06.Expression.&lt;init&gt;(Expression.java:4)
	at asg06.Expression.&lt;init&gt;(Expression.java:4)
	at asg06.Expression.&lt;init&gt;(Expression.java:4)
	at asg06.Expression.&lt;init&gt;(Expression.java:4)
	at asg06.Expression.&lt;init&gt;(Expression.java:4)
	at asg06.Expression.&lt;init&gt;(Expression.java:4)
	at asg06.Expression.&lt;init&gt;(Expression.java:4)
	at asg06.Expression.&lt;init&gt;(Expression.java:4)
	at asg06.Expression.&lt;init&gt;(Expression.java:4)
	at asg06.Expression.&lt;init&gt;(Expression.java:4)
	at asg06.Expression.&lt;init&gt;(Expression.java:4)
	at asg06.Expression.&lt;init&gt;(Expression.java:4)
	at asg06.Expression.&lt;init&gt;(Expression.java:4)
	at asg06.Expression.&lt;init&gt;(Expression.java:4)
	at asg06.Expression.&lt;init&gt;(Expression.java:4)
	at asg06.Expression.&lt;init&gt;(Expression.java:4)
	at asg06.Expression.&lt;init&gt;(Expression.java:4)
	at asg06.Expression.&lt;init&gt;(Expression.java:4)
	at asg06.Expression.&lt;init&gt;(Expression.java:4)
	at asg06.Expression.&lt;init&gt;(Expression.java:4)
	at asg06.Expression.&lt;init&gt;(Expression.java:4)
	at asg06.Expression.&lt;init&gt;(Expression.java:4)
	at asg06.Expression.&lt;init&gt;(Expression.java:4)
	at asg06.Expression.&lt;init&gt;(Expression.java:4)
	at asg06.Expression.&lt;init&gt;(Expression.java:4)
	at asg06.Expression.&lt;init&gt;(Expression.java:4)
	at asg06.Expression.&lt;init&gt;(Expression.java:4)
	at asg06.Expression.&lt;init&gt;(Expression.java:4)
	at asg06.Expression.&lt;init&gt;(Expression.java:4)
	at asg06.Expression.&lt;init&gt;(Expression.java:4)
	at asg06.Expression.&lt;init&gt;(Expression.java:4)
	at asg06.Expression.&lt;init&gt;(Expression.java:4)
	at asg06.Expression.&lt;init&gt;(Expression.java:4)
	at asg06.Expression.&lt;init&gt;(Expression.java:4)
	at asg06.Expression.&lt;init&gt;(Expression.java:4)
	at asg06.Expression.&lt;init&gt;(Expression.java:4)
	at asg06.Expression.&lt;init&gt;(Expression.java:4)
	at asg06.Expression.&lt;init&gt;(Expression.java:4)
	at asg06.Expression.&lt;init&gt;(Expression.java:4)
	at asg06.Expression.&lt;init&gt;(Expression.java:4)
	at asg06.Expression.&lt;init&gt;(Expression.java:4)
	at asg06.Expression.&lt;init&gt;(Expression.java:4)
	at asg06.Expression.&lt;init&gt;(Expression.java:4)
	at asg06.Expression.&lt;init&gt;(Expression.java:4)
	at asg06.Expression.&lt;init&gt;(Expression.java:4)
	at asg06.Expression.&lt;init&gt;(Expression.java:4)
	at asg06.Expression.&lt;init&gt;(Expression.java:4)
	at asg06.Expression.&lt;init&gt;(Expression.java:4)
	at asg06.Expression.&lt;init&gt;(Expression.java:4)
	at asg06.Expression.&lt;init&gt;(Expression.java:4)
	at asg06.Expression.&lt;init&gt;(Expression.java:4)
	at asg06.Expression.&lt;init&gt;(Expression.java:4)
	at asg06.Expression.&lt;init&gt;(Expression.java:4)
	at asg06.Expression.&lt;init&gt;(Expression.java:4)
	at asg06.Expression.&lt;init&gt;(Expression.java:4)
	at asg06.Expression.&lt;init&gt;(Expression.java:4)
	at asg06.Expression.&lt;init&gt;(Expression.java:4)
	at asg06.Expression.&lt;init&gt;(Expression.java:4)
	at asg06.Expression.&lt;init&gt;(Expression.java:4)
	at asg06.Expression.&lt;init&gt;(Expression.java:4)
	at asg06.Expression.&lt;init&gt;(Expression.java:4)
	at asg06.Expression.&lt;init&gt;(Expression.java:4)
	at asg06.Expression.&lt;init&gt;(Expression.java:4)
	at asg06.Expression.&lt;init&gt;(Expression.java:4)
	at asg06.Expression.&lt;init&gt;(Expression.java:4)
	at asg06.Expression.&lt;init&gt;(Expression.java:4)
	at asg06.Expression.&lt;init&gt;(Expression.java:4)
	at asg06.Expression.&lt;init&gt;(Expression.java:4)
	at asg06.Expression.&lt;init&gt;(Expression.java:4)
	at asg06.Expression.&lt;init&gt;(Expression.java:4)
	at asg06.Expression.&lt;init&gt;(Expression.java:4)
	at asg06.Expression.&lt;init&gt;(Expression.java:4)
	at asg06.Expression.&lt;init&gt;(Expression.java:4)
	at asg06.Expression.&lt;init&gt;(Expression.java:4)
	at asg06.Expression.&lt;init&gt;(Expression.java:4)
	at asg06.Expression.&lt;init&gt;(Expression.java:4)
	at asg06.Expression.&lt;init&gt;(Expression.java:4)
	at asg06.Expression.&lt;init&gt;(Expression.java:4)
	at asg06.Expression.&lt;init&gt;(Expression.java:4)
	at asg06.Expression.&lt;init&gt;(Expression.java:4)
	at asg06.Expression.&lt;init&gt;(Expression.java:4)
	at asg06.Expression.&lt;init&gt;(Expression.java:4)
	at asg06.Expression.&lt;init&gt;(Expression.java:4)
	at asg06.Expression.&lt;init&gt;(Expression.java:4)
	at asg06.Expression.&lt;init&gt;(Expression.java:4)
	at asg06.Expression.&lt;init&gt;(Expression.java:4)
	at asg06.Expression.&lt;init&gt;(Expression.java:4)
	at asg06.Expression.&lt;init&gt;(Expression.java:4)
	at asg06.Expression.&lt;init&gt;(Expression.java:4)
	at asg06.Expression.&lt;init&gt;(Expression.java:4)
	at asg06.Expression.&lt;init&gt;(Expression.java:4)
	at asg06.Expression.&lt;init&gt;(Expression.java:4)
	at asg06.Expression.&lt;init&gt;(Expression.java:4)
	at asg06.Expression.&lt;init&gt;(Expression.java:4)
	at asg06.Expression.&lt;init&gt;(Expression.java:4)
	at asg06.Expression.&lt;init&gt;(Expression.java:4)
	at asg06.Expression.&lt;init&gt;(Expression.java:4)
	at asg06.Expression.&lt;init&gt;(Expression.java:4)
	at asg06.Expression.&lt;init&gt;(Expression.java:4)
	at asg06.Expression.&lt;init&gt;(Expression.java:4)
	at asg06.Expression.&lt;init&gt;(Expression.java:4)
	at asg06.Expression.&lt;init&gt;(Expression.java:4)
	at asg06.Expression.&lt;init&gt;(Expression.java:4)
	at asg06.Expression.&lt;init&gt;(Expression.java:4)
	at asg06.Expression.&lt;init&gt;(Expression.java:4)
	at asg06.Expression.&lt;init&gt;(Expression.java:4)
	at asg06.Expression.&lt;init&gt;(Expression.java:4)
	at asg06.Expression.&lt;init&gt;(Expression.java:4)
	at asg06.Expression.&lt;init&gt;(Expression.java:4)
	at asg06.Expression.&lt;init&gt;(Expression.java:4)
	at asg06.Expression.&lt;init&gt;(Expression.java:4)
	at asg06.Expression.&lt;init&gt;(Expression.java:4)
	at asg06.Expression.&lt;init&gt;(Expression.java:4)
	at asg06.Expression.&lt;init&gt;(Expression.java:4)
	at asg06.Expression.&lt;init&gt;(Expression.java:4)
	at asg06.Expression.&lt;init&gt;(Expression.java:4)
	at asg06.Expression.&lt;init&gt;(Expression.java:4)
	at asg06.Expression.&lt;init&gt;(Expression.java:4)
	at asg06.Expression.&lt;init&gt;(Expression.java:4)
	at asg06.Expression.&lt;init&gt;(Expression.java:4)
	at asg06.Expression.&lt;init&gt;(Expression.java:4)
	at asg06.Expression.&lt;init&gt;(Expression.java:4)
	at asg06.Expression.&lt;init&gt;(Expression.java:4)
	at asg06.Expression.&lt;init&gt;(Expression.java:4)
	at asg06.Expression.&lt;init&gt;(Expression.java:4)
	at asg06.Expression.&lt;init&gt;(Expression.java:4)
	at asg06.Expression.&lt;init&gt;(Expression.java:4)
	at asg06.Expression.&lt;init&gt;(Expression.java:4)
	at asg06.Expression.&lt;init&gt;(Expression.java:4)
	at asg06.Expression.&lt;init&gt;(Expression.java:4)
	at asg06.Expression.&lt;init&gt;(Expression.java:4)
	at asg06.Expression.&lt;init&gt;(Expression.java:4)
	at asg06.Expression.&lt;init&gt;(Expression.java:4)
	at asg06.Expression.&lt;init&gt;(Expression.java:4)
	at asg06.Expression.&lt;init&gt;(Expression.java:4)
	at asg06.Expression.&lt;init&gt;(Expression.java:4)
	at asg06.Expression.&lt;init&gt;(Expression.java:4)
	at asg06.Expression.&lt;init&gt;(Expression.java:4)
	at asg06.Expression.&lt;init&gt;(Expression.java:4)
	at asg06.Expression.&lt;init&gt;(Expression.java:4)
	at asg06.Expression.&lt;init&gt;(Expression.java:4)
	at asg06.Expression.&lt;init&gt;(Expression.java:4)
	at asg06.Expression.&lt;init&gt;(Expression.java:4)
	at asg06.Expression.&lt;init&gt;(Expression.java:4)
	at asg06.Expression.&lt;init&gt;(Expression.java:4)
	at asg06.Expression.&lt;init&gt;(Expression.java:4)
	at asg06.Expression.&lt;init&gt;(Expression.java:4)
	at asg06.Expression.&lt;init&gt;(Expression.java:4)
	at asg06.Expression.&lt;init&gt;(Expression.java:4)
	at asg06.Expression.&lt;init&gt;(Expression.java:4)
	at asg06.Expression.&lt;init&gt;(Expression.java:4)
	at asg06.Expression.&lt;init&gt;(Expression.java:4)
	at asg06.Expression.&lt;init&gt;(Expression.java:4)
	at asg06.Expression.&lt;init&gt;(Expression.java:4)
	at asg06.Expression.&lt;init&gt;(Expression.java:4)
	at asg06.Expression.&lt;init&gt;(Expression.java:4)
	at asg06.Expression.&lt;init&gt;(Expression.java:4)
	at asg06.Expression.&lt;init&gt;(Expression.java:4)
	at asg06.Expression.&lt;init&gt;(Expression.java:4)
	at asg06.Expression.&lt;init&gt;(Expression.java:4)
	at asg06.Expression.&lt;init&gt;(Expression.java:4)
	at asg06.Expression.&lt;init&gt;(Expression.java:4)
	at asg06.Expression.&lt;init&gt;(Expression.java:4)
	at asg06.Expression.&lt;init&gt;(Expression.java:4)
	at asg06.Expression.&lt;init&gt;(Expression.java:4)
	at asg06.Expression.&lt;init&gt;(Expression.java:4)
	at asg06.Expression.&lt;init&gt;(Expression.java:4)
	at asg06.Expression.&lt;init&gt;(Expression.java:4)
	at asg06.Expression.&lt;init&gt;(Expression.java:4)
	at asg06.Expression.&lt;init&gt;(Expression.java:4)
	at asg06.Expression.&lt;init&gt;(Expression.java:4)
	at asg06.Expression.&lt;init&gt;(Expression.java:4)
	at asg06.Expression.&lt;init&gt;(Expression.java:4)
	at asg06.Expression.&lt;init&gt;(Expression.java:4)
	at asg06.Expression.&lt;init&gt;(Expression.java:4)
	at asg06.Expression.&lt;init&gt;(Expression.java:4)
	at asg06.Expression.&lt;init&gt;(Expression.java:4)
	at asg06.Expression.&lt;init&gt;(Expression.java:4)
	at asg06.Expression.&lt;init&gt;(Expression.java:4)
	at asg06.Expression.&lt;init&gt;(Expression.java:4)
	at asg06.Expression.&lt;init&gt;(Expression.java:4)
	at asg06.Expression.&lt;init&gt;(Expression.java:4)
	at asg06.Expression.&lt;init&gt;(Expression.java:4)
	at asg06.Expression.&lt;init&gt;(Expression.java:4)
	at asg06.Expression.&lt;init&gt;(Expression.java:4)
	at asg06.Expression.&lt;init&gt;(Expression.java:4)
	at asg06.Expression.&lt;init&gt;(Expression.java:4)
	at asg06.Expression.&lt;init&gt;(Expression.java:4)
	at asg06.Expression.&lt;init&gt;(Expression.java:4)
	at asg06.Expression.&lt;init&gt;(Expression.java:4)
	at asg06.Expression.&lt;init&gt;(Expression.java:4)
	at asg06.Expression.&lt;init&gt;(Expression.java:4)
	at asg06.Expression.&lt;init&gt;(Expression.java:4)
	at asg06.Expression.&lt;init&gt;(Expression.java:4)
	at asg06.Expression.&lt;init&gt;(Expression.java:4)
	at asg06.Expression.&lt;init&gt;(Expression.java:4)
	at asg06.Expression.&lt;init&gt;(Expression.java:4)
	at asg06.Expression.&lt;init&gt;(Expression.java:4)
	at asg06.Expression.&lt;init&gt;(Expression.java:4)
	at asg06.Expression.&lt;init&gt;(Expression.java:4)
	at asg06.Expression.&lt;init&gt;(Expression.java:4)
	at asg06.Expression.&lt;init&gt;(Expression.java:4)
	at asg06.Expression.&lt;init&gt;(Expression.java:4)
	at asg06.Expression.&lt;init&gt;(Expression.java:4)
	at asg06.Expression.&lt;init&gt;(Expression.java:4)
	at asg06.Expression.&lt;init&gt;(Expression.java:4)
	at asg06.Expression.&lt;init&gt;(Expression.java:4)
	at asg06.Expression.&lt;init&gt;(Expression.java:4)
	at asg06.Expression.&lt;init&gt;(Expression.java:4)
	at asg06.Expression.&lt;init&gt;(Expression.java:4)
	at asg06.Expression.&lt;init&gt;(Expression.java:4)
	at asg06.Expression.&lt;init&gt;(Expression.java:4)
	at asg06.Expression.&lt;init&gt;(Expression.java:4)
	at asg06.Expression.&lt;init&gt;(Expression.java:4)
	at asg06.Expression.&lt;init&gt;(Expression.java:4)
	at asg06.Expression.&lt;init&gt;(Expression.java:4)
	at asg06.Expression.&lt;init&gt;(Expression.java:4)
	at asg06.Expression.&lt;init&gt;(Expression.java:4)
	at asg06.Expression.&lt;init&gt;(Expression.java:4)
	at asg06.Expression.&lt;init&gt;(Expression.java:4)
	at asg06.Expression.&lt;init&gt;(Expression.java:4)
	at asg06.Expression.&lt;init&gt;(Expression.java:4)
	at asg06.Expression.&lt;init&gt;(Expression.java:4)
	at asg06.Expression.&lt;init&gt;(Expression.java:4)
	at asg06.Expression.&lt;init&gt;(Expression.java:4)
	at asg06.Expression.&lt;init&gt;(Expression.java:4)
	at asg06.Expression.&lt;init&gt;(Expression.java:4)
	at asg06.Expression.&lt;init&gt;(Expression.java:4)
	at asg06.Expression.&lt;init&gt;(Expression.java:4)
	at asg06.Expression.&lt;init&gt;(Expression.java:4)
	at asg06.Expression.&lt;init&gt;(Expression.java:4)
	at asg06.Expression.&lt;init&gt;(Expression.java:4)
	at asg06.Expression.&lt;init&gt;(Expression.java:4)
	at asg06.Expression.&lt;init&gt;(Expression.java:4)
	at asg06.Expression.&lt;init&gt;(Expression.java:4)
	at asg06.Expression.&lt;init&gt;(Expression.java:4)
	at asg06.Expression.&lt;init&gt;(Expression.java:4)
	at asg06.Expression.&lt;init&gt;(Expression.java:4)
	at asg06.Expression.&lt;init&gt;(Expression.java:4)
	at asg06.Expression.&lt;init&gt;(Expression.java:4)
	at asg06.Expression.&lt;init&gt;(Expression.java:4)
	at asg06.Expression.&lt;init&gt;(Expression.java:4)
	at asg06.Expression.&lt;init&gt;(Expression.java:4)
	at asg06.Expression.&lt;init&gt;(Expression.java:4)
	at asg06.Expression.&lt;init&gt;(Expression.java:4)
	at asg06.Expression.&lt;init&gt;(Expression.java:4)
	at asg06.Expression.&lt;init&gt;(Expression.java:4)
	at asg06.Expression.&lt;init&gt;(Expression.java:4)
	at asg06.Expression.&lt;init&gt;(Expression.java:4)
	at asg06.Expression.&lt;init&gt;(Expression.java:4)
	at asg06.Expression.&lt;init&gt;(Expression.java:4)
	at asg06.Expression.&lt;init&gt;(Expression.java:4)
	at asg06.Expression.&lt;init&gt;(Expression.java:4)
	at asg06.Expression.&lt;init&gt;(Expression.java:4)
	at asg06.Expression.&lt;init&gt;(Expression.java:4)
	at asg06.Expression.&lt;init&gt;(Expression.java:4)
	at asg06.Expression.&lt;init&gt;(Expression.java:4)
	at asg06.Expression.&lt;init&gt;(Expression.java:4)
	at asg06.Expression.&lt;init&gt;(Expression.java:4)
	at asg06.Expression.&lt;init&gt;(Expression.java:4)
	at asg06.Expression.&lt;init&gt;(Expression.java:4)
	at asg06.Expression.&lt;init&gt;(Expression.java:4)
	at asg06.Expression.&lt;init&gt;(Expression.java:4)
	at asg06.Expression.&lt;init&gt;(Expression.java:4)
	at asg06.Expression.&lt;init&gt;(Expression.java:4)
	at asg06.Expression.&lt;init&gt;(Expression.java:4)
	at asg06.Expression.&lt;init&gt;(Expression.java:4)
	at asg06.Expression.&lt;init&gt;(Expression.java:4)
	at asg06.Expression.&lt;init&gt;(Expression.java:4)
	at asg06.Expression.&lt;init&gt;(Expression.java:4)
	at asg06.Expression.&lt;init&gt;(Expression.java:4)
	at asg06.Expression.&lt;init&gt;(Expression.java:4)
	at asg06.Expression.&lt;init&gt;(Expression.java:4)
	at asg06.Expression.&lt;init&gt;(Expression.java:4)
	at asg06.Expression.&lt;init&gt;(Expression.java:4)
	at asg06.Expression.&lt;init&gt;(Expression.java:4)
	at asg06.Expression.&lt;init&gt;(Expression.java:4)
	at asg06.Expression.&lt;init&gt;(Expression.java:4)
	at asg06.Expression.&lt;init&gt;(Expression.java:4)
	at asg06.Expression.&lt;init&gt;(Expression.java:4)
	at asg06.Expression.&lt;init&gt;(Expression.java:4)
	at asg06.Expression.&lt;init&gt;(Expression.java:4)
	at asg06.Expression.&lt;init&gt;(Expression.java:4)
	at asg06.Expression.&lt;init&gt;(Expression.java:4)
	at asg06.Expression.&lt;init&gt;(Expression.java:4)
	at asg06.Expression.&lt;init&gt;(Expression.java:4)
	at asg06.Expression.&lt;init&gt;(Expression.java:4)
	at asg06.Expression.&lt;init&gt;(Expression.java:4)
	at asg06.Expression.&lt;init&gt;(Expression.java:4)
	at asg06.Expression.&lt;init&gt;(Expression.java:4)
	at asg06.Expression.&lt;init&gt;(Expression.java:4)
	at asg06.Expression.&lt;init&gt;(Expression.java:4)
	at asg06.Expression.&lt;init&gt;(Expression.java:4)
	at asg06.Expression.&lt;init&gt;(Expression.java:4)
	at asg06.Expression.&lt;init&gt;(Expression.java:4)
	at asg06.Expression.&lt;init&gt;(Expression.java:4)
	at asg06.Expression.&lt;init&gt;(Expression.java:4)
	at asg06.Expression.&lt;init&gt;(Expression.java:4)
	at asg06.Expression.&lt;init&gt;(Expression.java:4)
	at asg06.Expression.&lt;init&gt;(Expression.java:4)
	at asg06.Expression.&lt;init&gt;(Expression.java:4)
	at asg06.Expression.&lt;init&gt;(Expression.java:4)
	at asg06.Expression.&lt;init&gt;(Expression.java:4)
	at asg06.Expression.&lt;init&gt;(Expression.java:4)
	at asg06.Expression.&lt;init&gt;(Expression.java:4)
	at asg06.Expression.&lt;init&gt;(Expression.java:4)
	at asg06.Expression.&lt;init&gt;(Expression.java:4)
	at asg06.Expression.&lt;init&gt;(Expression.java:4)
	at asg06.Expression.&lt;init&gt;(Expression.java:4)
	at asg06.Expression.&lt;init&gt;(Expression.java:4)
	at asg06.Expression.&lt;init&gt;(Expression.java:4)
	at asg06.Expression.&lt;init&gt;(Expression.java:4)
	at asg06.Expression.&lt;init&gt;(Expression.java:4)
	at asg06.Expression.&lt;init&gt;(Expression.java:4)
	at asg06.Expression.&lt;init&gt;(Expression.java:4)
	at asg06.Expression.&lt;init&gt;(Expression.java:4)
	at asg06.Expression.&lt;init&gt;(Expression.java:4)
	at asg06.Expression.&lt;init&gt;(Expression.java:4)
	at asg06.Expression.&lt;init&gt;(Expression.java:4)
	at asg06.Expression.&lt;init&gt;(Expression.java:4)
	at asg06.Expression.&lt;init&gt;(Expression.java:4)
	at asg06.Expression.&lt;init&gt;(Expression.java:4)
	at asg06.Expression.&lt;init&gt;(Expression.java:4)
	at asg06.Expression.&lt;init&gt;(Expression.java:4)
	at asg06.Expression.&lt;init&gt;(Expression.java:4)
	at asg06.Expression.&lt;init&gt;(Expression.java:4)
	at asg06.Expression.&lt;init&gt;(Expression.java:4)
	at asg06.Expression.&lt;init&gt;(Expression.java:4)
	at asg06.Expression.&lt;init&gt;(Expression.java:4)
	at asg06.Expression.&lt;init&gt;(Expression.java:4)
	at asg06.Expression.&lt;init&gt;(Expression.java:4)
	at asg06.Expression.&lt;init&gt;(Expression.java:4)
	at asg06.Expression.&lt;init&gt;(Expression.java:4)
	at asg06.Expression.&lt;init&gt;(Expression.java:4)
	at asg06.Expression.&lt;init&gt;(Expression.java:4)
	at asg06.Expression.&lt;init&gt;(Expression.java:4)
	at asg06.Expression.&lt;init&gt;(Expression.java:4)
	at asg06.Expression.&lt;init&gt;(Expression.java:4)
	at asg06.Expression.&lt;init&gt;(Expression.java:4)
	at asg06.Expression.&lt;init&gt;(Expression.java:4)
	at asg06.Expression.&lt;init&gt;(Expression.java:4)
	at asg06.Expression.&lt;init&gt;(Expression.java:4)
	at asg06.Expression.&lt;init&gt;(Expression.java:4)
	at asg06.Expression.&lt;init&gt;(Expression.java:4)
	at asg06.Expression.&lt;init&gt;(Expression.java:4)
	at asg06.Expression.&lt;init&gt;(Expression.java:4)
	at asg06.Expression.&lt;init&gt;(Expression.java:4)
	at asg06.Expression.&lt;init&gt;(Expression.java:4)
	at asg06.Expression.&lt;init&gt;(Expression.java:4)
	at asg06.Expression.&lt;init&gt;(Expression.java:4)
	at asg06.Expression.&lt;init&gt;(Expression.java:4)
	at asg06.Expression.&lt;init&gt;(Expression.java:4)
	at asg06.Expression.&lt;init&gt;(Expression.java:4)
	at asg06.Expression.&lt;init&gt;(Expression.java:4)
	at asg06.Expression.&lt;init&gt;(Expression.java:4)
	at asg06.Expression.&lt;init&gt;(Expression.java:4)
	at asg06.Expression.&lt;init&gt;(Expression.java:4)
	at asg06.Expression.&lt;init&gt;(Expression.java:4)
	at asg06.Expression.&lt;init&gt;(Expression.java:4)
	at asg06.Expression.&lt;init&gt;(Expression.java:4)
	at asg06.Expression.&lt;init&gt;(Expression.java:4)
	at asg06.Expression.&lt;init&gt;(Expression.java:4)
	at asg06.Expression.&lt;init&gt;(Expression.java:4)
	at asg06.Expression.&lt;init&gt;(Expression.java:4)
	at asg06.Expression.&lt;init&gt;(Expression.java:4)
	at asg06.Expression.&lt;init&gt;(Expression.java:4)
	at asg06.Expression.&lt;init&gt;(Expression.java:4)
	at asg06.Expression.&lt;init&gt;(Expression.java:4)
	at asg06.Expression.&lt;init&gt;(Expression.java:4)
	at asg06.Expression.&lt;init&gt;(Expression.java:4)
	at asg06.Expression.&lt;init&gt;(Expression.java:4)
	at asg06.Expression.&lt;init&gt;(Expression.java:4)
	at asg06.Expression.&lt;init&gt;(Expression.java:4)
	at asg06.Expression.&lt;init&gt;(Expression.java:4)
	at asg06.Expression.&lt;init&gt;(Expression.java:4)
	at asg06.Expression.&lt;init&gt;(Expression.java:4)
	at asg06.Expression.&lt;init&gt;(Expression.java:4)
	at asg06.Expression.&lt;init&gt;(Expression.java:4)
	at asg06.Expression.&lt;init&gt;(Expression.java:4)
	at asg06.Expression.&lt;init&gt;(Expression.java:4)
	at asg06.Expression.&lt;init&gt;(Expression.java:4)
	at asg06.Expression.&lt;init&gt;(Expression.java:4)
	at asg06.Expression.&lt;init&gt;(Expression.java:4)
	at asg06.Expression.&lt;init&gt;(Expression.java:4)
	at asg06.Expression.&lt;init&gt;(Expression.java:4)
	at asg06.Expression.&lt;init&gt;(Expression.java:4)
	at asg06.Expression.&lt;init&gt;(Expression.java:4)
	at asg06.Expression.&lt;init&gt;(Expression.java:4)
	at asg06.Expression.&lt;init&gt;(Expression.java:4)
	at asg06.Expression.&lt;init&gt;(Expression.java:4)
	at asg06.Expression.&lt;init&gt;(Expression.java:4)
	at asg06.Expression.&lt;init&gt;(Expression.java:4)
	at asg06.Expression.&lt;init&gt;(Expression.java:4)
	at asg06.Expression.&lt;init&gt;(Expression.java:4)
	at asg06.Expression.&lt;init&gt;(Expression.java:4)
	at asg06.Expression.&lt;init&gt;(Expression.java:4)
	at asg06.Expression.&lt;init&gt;(Expression.java:4)
	at asg06.Expression.&lt;init&gt;(Expression.java:4)
	at asg06.Expression.&lt;init&gt;(Expression.java:4)
	at asg06.Expression.&lt;init&gt;(Expression.java:4)
	at asg06.Expression.&lt;init&gt;(Expression.java:4)
	at asg06.Expression.&lt;init&gt;(Expression.java:4)
	at asg06.Expression.&lt;init&gt;(Expression.java:4)
	at asg06.Expression.&lt;init&gt;(Expression.java:4)
	at asg06.Expression.&lt;init&gt;(Expression.java:4)
	at asg06.Expression.&lt;init&gt;(Expression.java:4)
	at asg06.Expression.&lt;init&gt;(Expression.java:4)
	at asg06.Expression.&lt;init&gt;(Expression.java:4)
	at asg06.Expression.&lt;init&gt;(Expression.java:4)
	at asg06.Expression.&lt;init&gt;(Expression.java:4)
	at asg06.Expression.&lt;init&gt;(Expression.java:4)
	at asg06.Expression.&lt;init&gt;(Expression.java:4)
	at asg06.Expression.&lt;init&gt;(Expression.java:4)
	at asg06.Expression.&lt;init&gt;(Expression.java:4)
	at asg06.Expression.&lt;init&gt;(Expression.java:4)
	at asg06.Expression.&lt;init&gt;(Expression.java:4)
	at asg06.Expression.&lt;init&gt;(Expression.java:4)
	at asg06.Expression.&lt;init&gt;(Expression.java:4)
	at asg06.Expression.&lt;init&gt;(Expression.java:4)
	at asg06.Expression.&lt;init&gt;(Expression.java:4)
	at asg06.Expression.&lt;init&gt;(Expression.java:4)
	at asg06.Expression.&lt;init&gt;(Expression.java:4)
	at asg06.Expression.&lt;init&gt;(Expression.java:4)
	at asg06.Expression.&lt;init&gt;(Expression.java:4)
	at asg06.Expression.&lt;init&gt;(Expression.java:4)
	at asg06.Expression.&lt;init&gt;(Expression.java:4)
	at asg06.Expression.&lt;init&gt;(Expression.java:4)
	at asg06.Expression.&lt;init&gt;(Expression.java:4)
	at asg06.Expression.&lt;init&gt;(Expression.java:4)
	at asg06.Expression.&lt;init&gt;(Expression.java:4)
	at asg06.Expression.&lt;init&gt;(Expression.java:4)
	at asg06.Expression.&lt;init&gt;(Expression.java:4)
	at asg06.Expression.&lt;init&gt;(Expression.java:4)
	at asg06.Expression.&lt;init&gt;(Expression.java:4)
	at asg06.Expression.&lt;init&gt;(Expression.java:4)
	at asg06.Expression.&lt;init&gt;(Expression.java:4)
	at asg06.Expression.&lt;init&gt;(Expression.java:4)
	at asg06.Expression.&lt;init&gt;(Expression.java:4)
	at asg06.Expression.&lt;init&gt;(Expression.java:4)
	at asg06.Expression.&lt;init&gt;(Expression.java:4)
	at asg06.Expression.&lt;init&gt;(Expression.java:4)
	at asg06.Expression.&lt;init&gt;(Expression.java:4)
	at asg06.Expression.&lt;init&gt;(Expression.java:4)
	at asg06.Expression.&lt;init&gt;(Expression.java:4)
	at asg06.Expression.&lt;init&gt;(Expression.java:4)
	at asg06.Expression.&lt;init&gt;(Expression.java:4)
	at asg06.Expression.&lt;init&gt;(Expression.java:4)
	at asg06.Expression.&lt;init&gt;(Expression.java:4)
	at asg06.Expression.&lt;init&gt;(Expression.java:4)
	at asg06.Expression.&lt;init&gt;(Expression.java:4)
	at asg06.Expression.&lt;init&gt;(Expression.java:4)
	at asg06.Expression.&lt;init&gt;(Expression.java:4)
	at asg06.Expression.&lt;init&gt;(Expression.java:4)
	at asg06.Expression.&lt;init&gt;(Expression.java:4)
	at asg06.Expression.&lt;init&gt;(Expression.java:4)
	at asg06.Expression.&lt;init&gt;(Expression.java:4)
	at asg06.Expression.&lt;init&gt;(Expression.java:4)
	at asg06.Expression.&lt;init&gt;(Expression.java:4)
	at asg06.Expression.&lt;init&gt;(Expression.java:4)
	at asg06.Expression.&lt;init&gt;(Expression.java:4)
	at asg06.Expression.&lt;init&gt;(Expression.java:4)
	at asg06.Expression.&lt;init&gt;(Expression.java:4)
	at asg06.Expression.&lt;init&gt;(Expression.java:4)
	at asg06.Expression.&lt;init&gt;(Expression.java:4)
	at asg06.Expression.&lt;init&gt;(Expression.java:4)
	at asg06.Expression.&lt;init&gt;(Expression.java:4)
	at asg06.Expression.&lt;init&gt;(Expression.java:4)
	at asg06.Expression.&lt;init&gt;(Expression.java:4)
	at asg06.Expression.&lt;init&gt;(Expression.java:4)
	at asg06.Expression.&lt;init&gt;(Expression.java:4)
	at asg06.Expression.&lt;init&gt;(Expression.java:4)
	at asg06.Expression.&lt;init&gt;(Expression.java:4)
	at asg06.Expression.&lt;init&gt;(Expression.java:4)
	at asg06.Expression.&lt;init&gt;(Expression.java:4)
	at asg06.Expression.&lt;init&gt;(Expression.java:4)
	at asg06.Expression.&lt;init&gt;(Expression.java:4)
	at asg06.Expression.&lt;init&gt;(Expression.java:4)
	at asg06.Expression.&lt;init&gt;(Expression.java:4)
	at asg06.Expression.&lt;init&gt;(Expression.java:4)
	at asg06.Expression.&lt;init&gt;(Expression.java:4)
	at asg06.Expression.&lt;init&gt;(Expression.java:4)
	at asg06.Expression.&lt;init&gt;(Expression.java:4)
	at asg06.Expression.&lt;init&gt;(Expression.java:4)
	at asg06.Expression.&lt;init&gt;(Expression.java:4)
	at asg06.Expression.&lt;init&gt;(Expression.java:4)
	at asg06.Expression.&lt;init&gt;(Expression.java:4)
	at asg06.Expression.&lt;init&gt;(Expression.java:4)
	at asg06.Expression.&lt;init&gt;(Expression.java:4)
	at asg06.Expression.&lt;init&gt;(Expression.java:4)
	at asg06.Expression.&lt;init&gt;(Expression.java:4)
	at asg06.Expression.&lt;init&gt;(Expression.java:4)
	at asg06.Expression.&lt;init&gt;(Expression.java:4)
	at asg06.Expression.&lt;init&gt;(Expression.java:4)
	at asg06.Expression.&lt;init&gt;(Expression.java:4)
	at asg06.Expression.&lt;init&gt;(Expression.java:4)
	at asg06.Expression.&lt;init&gt;(Expression.java:4)
	at asg06.Expression.&lt;init&gt;(Expression.java:4)
	at asg06.Expression.&lt;init&gt;(Expression.java:4)
	at asg06.Expression.&lt;init&gt;(Expression.java:4)
	at asg06.Expression.&lt;init&gt;(Expression.java:4)
	at asg06.Expression.&lt;init&gt;(Expression.java:4)
	at asg06.Expression.&lt;init&gt;(Expression.java:4)
	at asg06.Expression.&lt;init&gt;(Expression.java:4)
</error>
  </testcase>
  <testcase classname="asg06.TestExpression" name="testAdditionEvaluate" time="0.07">
    <error type="java.lang.StackOverflowError">java.lang.StackOverflowError
	at asg06.Expression.&lt;init&gt;(Expression.java:4)
	at asg06.Expression.&lt;init&gt;(Expression.java:4)
	at asg06.Expression.&lt;init&gt;(Expression.java:4)
	at asg06.Expression.&lt;init&gt;(Expression.java:4)
	at asg06.Expression.&lt;init&gt;(Expression.java:4)
	at asg06.Expression.&lt;init&gt;(Expression.java:4)
	at asg06.Expression.&lt;init&gt;(Expression.java:4)
	at asg06.Expression.&lt;init&gt;(Expression.java:4)
	at asg06.Expression.&lt;init&gt;(Expression.java:4)
	at asg06.Expression.&lt;init&gt;(Expression.java:4)
	at asg06.Expression.&lt;init&gt;(Expression.java:4)
	at asg06.Expression.&lt;init&gt;(Expression.java:4)
	at asg06.Expression.&lt;init&gt;(Expression.java:4)
	at asg06.Expression.&lt;init&gt;(Expression.java:4)
	at asg06.Expression.&lt;init&gt;(Expression.java:4)
	at asg06.Expression.&lt;init&gt;(Expression.java:4)
	at asg06.Expression.&lt;init&gt;(Expression.java:4)
	at asg06.Expression.&lt;init&gt;(Expression.java:4)
	at asg06.Expression.&lt;init&gt;(Expression.java:4)
	at asg06.Expression.&lt;init&gt;(Expression.java:4)
	at asg06.Expression.&lt;init&gt;(Expression.java:4)
	at asg06.Expression.&lt;init&gt;(Expression.java:4)
	at asg06.Expression.&lt;init&gt;(Expression.java:4)
	at asg06.Expression.&lt;init&gt;(Expression.java:4)
	at asg06.Expression.&lt;init&gt;(Expression.java:4)
	at asg06.Expression.&lt;init&gt;(Expression.java:4)
	at asg06.Expression.&lt;init&gt;(Expression.java:4)
	at asg06.Expression.&lt;init&gt;(Expression.java:4)
	at asg06.Expression.&lt;init&gt;(Expression.java:4)
	at asg06.Expression.&lt;init&gt;(Expression.java:4)
	at asg06.Expression.&lt;init&gt;(Expression.java:4)
	at asg06.Expression.&lt;init&gt;(Expression.java:4)
	at asg06.Expression.&lt;init&gt;(Expression.java:4)
	at asg06.Expression.&lt;init&gt;(Expression.java:4)
	at asg06.Expression.&lt;init&gt;(Expression.java:4)
	at asg06.Expression.&lt;init&gt;(Expression.java:4)
	at asg06.Expression.&lt;init&gt;(Expression.java:4)
	at asg06.Expression.&lt;init&gt;(Expression.java:4)
	at asg06.Expression.&lt;init&gt;(Expression.java:4)
	at asg06.Expression.&lt;init&gt;(Expression.java:4)
	at asg06.Expression.&lt;init&gt;(Expression.java:4)
	at asg06.Expression.&lt;init&gt;(Expression.java:4)
	at asg06.Expression.&lt;init&gt;(Expression.java:4)
	at asg06.Expression.&lt;init&gt;(Expression.java:4)
	at asg06.Expression.&lt;init&gt;(Expression.java:4)
	at asg06.Expression.&lt;init&gt;(Expression.java:4)
	at asg06.Expression.&lt;init&gt;(Expression.java:4)
	at asg06.Expression.&lt;init&gt;(Expression.java:4)
	at asg06.Expression.&lt;init&gt;(Expression.java:4)
	at asg06.Expression.&lt;init&gt;(Expression.java:4)
	at asg06.Expression.&lt;init&gt;(Expression.java:4)
	at asg06.Expression.&lt;init&gt;(Expression.java:4)
	at asg06.Expression.&lt;init&gt;(Expression.java:4)
	at asg06.Expression.&lt;init&gt;(Expression.java:4)
	at asg06.Expression.&lt;init&gt;(Expression.java:4)
	at asg06.Expression.&lt;init&gt;(Expression.java:4)
	at asg06.Expression.&lt;init&gt;(Expression.java:4)
	at asg06.Expression.&lt;init&gt;(Expression.java:4)
	at asg06.Expression.&lt;init&gt;(Expression.java:4)
	at asg06.Expression.&lt;init&gt;(Expression.java:4)
	at asg06.Expression.&lt;init&gt;(Expression.java:4)
	at asg06.Expression.&lt;init&gt;(Expression.java:4)
	at asg06.Expression.&lt;init&gt;(Expression.java:4)
	at asg06.Expression.&lt;init&gt;(Expression.java:4)
	at asg06.Expression.&lt;init&gt;(Expression.java:4)
	at asg06.Expression.&lt;init&gt;(Expression.java:4)
	at asg06.Expression.&lt;init&gt;(Expression.java:4)
	at asg06.Expression.&lt;init&gt;(Expression.java:4)
	at asg06.Expression.&lt;init&gt;(Expression.java:4)
	at asg06.Expression.&lt;init&gt;(Expression.java:4)
	at asg06.Expression.&lt;init&gt;(Expression.java:4)
	at asg06.Expression.&lt;init&gt;(Expression.java:4)
	at asg06.Expression.&lt;init&gt;(Expression.java:4)
	at asg06.Expression.&lt;init&gt;(Expression.java:4)
	at asg06.Expression.&lt;init&gt;(Expression.java:4)
	at asg06.Expression.&lt;init&gt;(Expression.java:4)
	at asg06.Expression.&lt;init&gt;(Expression.java:4)
	at asg06.Expression.&lt;init&gt;(Expression.java:4)
	at asg06.Expression.&lt;init&gt;(Expression.java:4)
	at asg06.Expression.&lt;init&gt;(Expression.java:4)
	at asg06.Expression.&lt;init&gt;(Expression.java:4)
	at asg06.Expression.&lt;init&gt;(Expression.java:4)
	at asg06.Expression.&lt;init&gt;(Expression.java:4)
	at asg06.Expression.&lt;init&gt;(Expression.java:4)
	at asg06.Expression.&lt;init&gt;(Expression.java:4)
	at asg06.Expression.&lt;init&gt;(Expression.java:4)
	at asg06.Expression.&lt;init&gt;(Expression.java:4)
	at asg06.Expression.&lt;init&gt;(Expression.java:4)
	at asg06.Expression.&lt;init&gt;(Expression.java:4)
	at asg06.Expression.&lt;init&gt;(Expression.java:4)
	at asg06.Expression.&lt;init&gt;(Expression.java:4)
	at asg06.Expression.&lt;init&gt;(Expression.java:4)
	at asg06.Expression.&lt;init&gt;(Expression.java:4)
	at asg06.Expression.&lt;init&gt;(Expression.java:4)
	at asg06.Expression.&lt;init&gt;(Expression.java:4)
	at asg06.Expression.&lt;init&gt;(Expression.java:4)
	at asg06.Expression.&lt;init&gt;(Expression.java:4)
	at asg06.Expression.&lt;init&gt;(Expression.java:4)
	at asg06.Expression.&lt;init&gt;(Expression.java:4)
	at asg06.Expression.&lt;init&gt;(Expression.java:4)
	at asg06.Expression.&lt;init&gt;(Expression.java:4)
	at asg06.Expression.&lt;init&gt;(Expression.java:4)
	at asg06.Expression.&lt;init&gt;(Expression.java:4)
	at asg06.Expression.&lt;init&gt;(Expression.java:4)
	at asg06.Expression.&lt;init&gt;(Expression.java:4)
	at asg06.Expression.&lt;init&gt;(Expression.java:4)
	at asg06.Expression.&lt;init&gt;(Expression.java:4)
	at asg06.Expression.&lt;init&gt;(Expression.java:4)
	at asg06.Expression.&lt;init&gt;(Expression.java:4)
	at asg06.Expression.&lt;init&gt;(Expression.java:4)
	at asg06.Expression.&lt;init&gt;(Expression.java:4)
	at asg06.Expression.&lt;init&gt;(Expression.java:4)
	at asg06.Expression.&lt;init&gt;(Expression.java:4)
	at asg06.Expression.&lt;init&gt;(Expression.java:4)
	at asg06.Expression.&lt;init&gt;(Expression.java:4)
	at asg06.Expression.&lt;init&gt;(Expression.java:4)
	at asg06.Expression.&lt;init&gt;(Expression.java:4)
	at asg06.Expression.&lt;init&gt;(Expression.java:4)
	at asg06.Expression.&lt;init&gt;(Expression.java:4)
	at asg06.Expression.&lt;init&gt;(Expression.java:4)
	at asg06.Expression.&lt;init&gt;(Expression.java:4)
	at asg06.Expression.&lt;init&gt;(Expression.java:4)
	at asg06.Expression.&lt;init&gt;(Expression.java:4)
	at asg06.Expression.&lt;init&gt;(Expression.java:4)
	at asg06.Expression.&lt;init&gt;(Expression.java:4)
	at asg06.Expression.&lt;init&gt;(Expression.java:4)
	at asg06.Expression.&lt;init&gt;(Expression.java:4)
	at asg06.Expression.&lt;init&gt;(Expression.java:4)
	at asg06.Expression.&lt;init&gt;(Expression.java:4)
	at asg06.Expression.&lt;init&gt;(Expression.java:4)
	at asg06.Expression.&lt;init&gt;(Expression.java:4)
	at asg06.Expression.&lt;init&gt;(Expression.java:4)
	at asg06.Expression.&lt;init&gt;(Expression.java:4)
	at asg06.Expression.&lt;init&gt;(Expression.java:4)
	at asg06.Expression.&lt;init&gt;(Expression.java:4)
	at asg06.Expression.&lt;init&gt;(Expression.java:4)
	at asg06.Expression.&lt;init&gt;(Expression.java:4)
	at asg06.Expression.&lt;init&gt;(Expression.java:4)
	at asg06.Expression.&lt;init&gt;(Expression.java:4)
	at asg06.Expression.&lt;init&gt;(Expression.java:4)
	at asg06.Expression.&lt;init&gt;(Expression.java:4)
	at asg06.Expression.&lt;init&gt;(Expression.java:4)
	at asg06.Expression.&lt;init&gt;(Expression.java:4)
	at asg06.Expression.&lt;init&gt;(Expression.java:4)
	at asg06.Expression.&lt;init&gt;(Expression.java:4)
	at asg06.Expression.&lt;init&gt;(Expression.java:4)
	at asg06.Expression.&lt;init&gt;(Expression.java:4)
	at asg06.Expression.&lt;init&gt;(Expression.java:4)
	at asg06.Expression.&lt;init&gt;(Expression.java:4)
	at asg06.Expression.&lt;init&gt;(Expression.java:4)
	at asg06.Expression.&lt;init&gt;(Expression.java:4)
	at asg06.Expression.&lt;init&gt;(Expression.java:4)
	at asg06.Expression.&lt;init&gt;(Expression.java:4)
	at asg06.Expression.&lt;init&gt;(Expression.java:4)
	at asg06.Expression.&lt;init&gt;(Expression.java:4)
	at asg06.Expression.&lt;init&gt;(Expression.java:4)
	at asg06.Expression.&lt;init&gt;(Expression.java:4)
	at asg06.Expression.&lt;init&gt;(Expression.java:4)
	at asg06.Expression.&lt;init&gt;(Expression.java:4)
	at asg06.Expression.&lt;init&gt;(Expression.java:4)
	at asg06.Expression.&lt;init&gt;(Expression.java:4)
	at asg06.Expression.&lt;init&gt;(Expression.java:4)
	at asg06.Expression.&lt;init&gt;(Expression.java:4)
	at asg06.Expression.&lt;init&gt;(Expression.java:4)
	at asg06.Expression.&lt;init&gt;(Expression.java:4)
	at asg06.Expression.&lt;init&gt;(Expression.java:4)
	at asg06.Expression.&lt;init&gt;(Expression.java:4)
	at asg06.Expression.&lt;init&gt;(Expression.java:4)
	at asg06.Expression.&lt;init&gt;(Expression.java:4)
	at asg06.Expression.&lt;init&gt;(Expression.java:4)
	at asg06.Expression.&lt;init&gt;(Expression.java:4)
	at asg06.Expression.&lt;init&gt;(Expression.java:4)
	at asg06.Expression.&lt;init&gt;(Expression.java:4)
	at asg06.Expression.&lt;init&gt;(Expression.java:4)
	at asg06.Expression.&lt;init&gt;(Expression.java:4)
	at asg06.Expression.&lt;init&gt;(Expression.java:4)
	at asg06.Expression.&lt;init&gt;(Expression.java:4)
	at asg06.Expression.&lt;init&gt;(Expression.java:4)
	at asg06.Expression.&lt;init&gt;(Expression.java:4)
	at asg06.Expression.&lt;init&gt;(Expression.java:4)
	at asg06.Expression.&lt;init&gt;(Expression.java:4)
	at asg06.Expression.&lt;init&gt;(Expression.java:4)
	at asg06.Expression.&lt;init&gt;(Expression.java:4)
	at asg06.Expression.&lt;init&gt;(Expression.java:4)
	at asg06.Expression.&lt;init&gt;(Expression.java:4)
	at asg06.Expression.&lt;init&gt;(Expression.java:4)
	at asg06.Expression.&lt;init&gt;(Expression.java:4)
	at asg06.Expression.&lt;init&gt;(Expression.java:4)
	at asg06.Expression.&lt;init&gt;(Expression.java:4)
	at asg06.Expression.&lt;init&gt;(Expression.java:4)
	at asg06.Expression.&lt;init&gt;(Expression.java:4)
	at asg06.Expression.&lt;init&gt;(Expression.java:4)
	at asg06.Expression.&lt;init&gt;(Expression.java:4)
	at asg06.Expression.&lt;init&gt;(Expression.java:4)
	at asg06.Expression.&lt;init&gt;(Expression.java:4)
	at asg06.Expression.&lt;init&gt;(Expression.java:4)
	at asg06.Expression.&lt;init&gt;(Expression.java:4)
	at asg06.Expression.&lt;init&gt;(Expression.java:4)
	at asg06.Expression.&lt;init&gt;(Expression.java:4)
	at asg06.Expression.&lt;init&gt;(Expression.java:4)
	at asg06.Expression.&lt;init&gt;(Expression.java:4)
	at asg06.Expression.&lt;init&gt;(Expression.java:4)
	at asg06.Expression.&lt;init&gt;(Expression.java:4)
	at asg06.Expression.&lt;init&gt;(Expression.java:4)
	at asg06.Expression.&lt;init&gt;(Expression.java:4)
	at asg06.Expression.&lt;init&gt;(Expression.java:4)
	at asg06.Expression.&lt;init&gt;(Expression.java:4)
	at asg06.Expression.&lt;init&gt;(Expression.java:4)
	at asg06.Expression.&lt;init&gt;(Expression.java:4)
	at asg06.Expression.&lt;init&gt;(Expression.java:4)
	at asg06.Expression.&lt;init&gt;(Expression.java:4)
	at asg06.Expression.&lt;init&gt;(Expression.java:4)
	at asg06.Expression.&lt;init&gt;(Expression.java:4)
	at asg06.Expression.&lt;init&gt;(Expression.java:4)
	at asg06.Expression.&lt;init&gt;(Expression.java:4)
	at asg06.Expression.&lt;init&gt;(Expression.java:4)
	at asg06.Expression.&lt;init&gt;(Expression.java:4)
	at asg06.Expression.&lt;init&gt;(Expression.java:4)
	at asg06.Expression.&lt;init&gt;(Expression.java:4)
	at asg06.Expression.&lt;init&gt;(Expression.java:4)
	at asg06.Expression.&lt;init&gt;(Expression.java:4)
	at asg06.Expression.&lt;init&gt;(Expression.java:4)
	at asg06.Expression.&lt;init&gt;(Expression.java:4)
	at asg06.Expression.&lt;init&gt;(Expression.java:4)
	at asg06.Expression.&lt;init&gt;(Expression.java:4)
	at asg06.Expression.&lt;init&gt;(Expression.java:4)
	at asg06.Expression.&lt;init&gt;(Expression.java:4)
	at asg06.Expression.&lt;init&gt;(Expression.java:4)
	at asg06.Expression.&lt;init&gt;(Expression.java:4)
	at asg06.Expression.&lt;init&gt;(Expression.java:4)
	at asg06.Expression.&lt;init&gt;(Expression.java:4)
	at asg06.Expression.&lt;init&gt;(Expression.java:4)
	at asg06.Expression.&lt;init&gt;(Expression.java:4)
	at asg06.Expression.&lt;init&gt;(Expression.java:4)
	at asg06.Expression.&lt;init&gt;(Expression.java:4)
	at asg06.Expression.&lt;init&gt;(Expression.java:4)
	at asg06.Expression.&lt;init&gt;(Expression.java:4)
	at asg06.Expression.&lt;init&gt;(Expression.java:4)
	at asg06.Expression.&lt;init&gt;(Expression.java:4)
	at asg06.Expression.&lt;init&gt;(Expression.java:4)
	at asg06.Expression.&lt;init&gt;(Expression.java:4)
	at asg06.Expression.&lt;init&gt;(Expression.java:4)
	at asg06.Expression.&lt;init&gt;(Expression.java:4)
	at asg06.Expression.&lt;init&gt;(Expression.java:4)
	at asg06.Expression.&lt;init&gt;(Expression.java:4)
	at asg06.Expression.&lt;init&gt;(Expression.java:4)
	at asg06.Expression.&lt;init&gt;(Expression.java:4)
	at asg06.Expression.&lt;init&gt;(Expression.java:4)
	at asg06.Expression.&lt;init&gt;(Expression.java:4)
	at asg06.Expression.&lt;init&gt;(Expression.java:4)
	at asg06.Expression.&lt;init&gt;(Expression.java:4)
	at asg06.Expression.&lt;init&gt;(Expression.java:4)
	at asg06.Expression.&lt;init&gt;(Expression.java:4)
	at asg06.Expression.&lt;init&gt;(Expression.java:4)
	at asg06.Expression.&lt;init&gt;(Expression.java:4)
	at asg06.Expression.&lt;init&gt;(Expression.java:4)
	at asg06.Expression.&lt;init&gt;(Expression.java:4)
	at asg06.Expression.&lt;init&gt;(Expression.java:4)
	at asg06.Expression.&lt;init&gt;(Expression.java:4)
	at asg06.Expression.&lt;init&gt;(Expression.java:4)
	at asg06.Expression.&lt;init&gt;(Expression.java:4)
	at asg06.Expression.&lt;init&gt;(Expression.java:4)
	at asg06.Expression.&lt;init&gt;(Expression.java:4)
	at asg06.Expression.&lt;init&gt;(Expression.java:4)
	at asg06.Expression.&lt;init&gt;(Expression.java:4)
	at asg06.Expression.&lt;init&gt;(Expression.java:4)
	at asg06.Expression.&lt;init&gt;(Expression.java:4)
	at asg06.Expression.&lt;init&gt;(Expression.java:4)
	at asg06.Expression.&lt;init&gt;(Expression.java:4)
	at asg06.Expression.&lt;init&gt;(Expression.java:4)
	at asg06.Expression.&lt;init&gt;(Expression.java:4)
	at asg06.Expression.&lt;init&gt;(Expression.java:4)
	at asg06.Expression.&lt;init&gt;(Expression.java:4)
	at asg06.Expression.&lt;init&gt;(Expression.java:4)
	at asg06.Expression.&lt;init&gt;(Expression.java:4)
	at asg06.Expression.&lt;init&gt;(Expression.java:4)
	at asg06.Expression.&lt;init&gt;(Expression.java:4)
	at asg06.Expression.&lt;init&gt;(Expression.java:4)
	at asg06.Expression.&lt;init&gt;(Expression.java:4)
	at asg06.Expression.&lt;init&gt;(Expression.java:4)
	at asg06.Expression.&lt;init&gt;(Expression.java:4)
	at asg06.Expression.&lt;init&gt;(Expression.java:4)
	at asg06.Expression.&lt;init&gt;(Expression.java:4)
	at asg06.Expression.&lt;init&gt;(Expression.java:4)
	at asg06.Expression.&lt;init&gt;(Expression.java:4)
	at asg06.Expression.&lt;init&gt;(Expression.java:4)
	at asg06.Expression.&lt;init&gt;(Expression.java:4)
	at asg06.Expression.&lt;init&gt;(Expression.java:4)
	at asg06.Expression.&lt;init&gt;(Expression.java:4)
	at asg06.Expression.&lt;init&gt;(Expression.java:4)
	at asg06.Expression.&lt;init&gt;(Expression.java:4)
	at asg06.Expression.&lt;init&gt;(Expression.java:4)
	at asg06.Expression.&lt;init&gt;(Expression.java:4)
	at asg06.Expression.&lt;init&gt;(Expression.java:4)
	at asg06.Expression.&lt;init&gt;(Expression.java:4)
	at asg06.Expression.&lt;init&gt;(Expression.java:4)
	at asg06.Expression.&lt;init&gt;(Expression.java:4)
	at asg06.Expression.&lt;init&gt;(Expression.java:4)
	at asg06.Expression.&lt;init&gt;(Expression.java:4)
	at asg06.Expression.&lt;init&gt;(Expression.java:4)
	at asg06.Expression.&lt;init&gt;(Expression.java:4)
	at asg06.Expression.&lt;init&gt;(Expression.java:4)
	at asg06.Expression.&lt;init&gt;(Expression.java:4)
	at asg06.Expression.&lt;init&gt;(Expression.java:4)
	at asg06.Expression.&lt;init&gt;(Expression.java:4)
	at asg06.Expression.&lt;init&gt;(Expression.java:4)
	at asg06.Expression.&lt;init&gt;(Expression.java:4)
	at asg06.Expression.&lt;init&gt;(Expression.java:4)
	at asg06.Expression.&lt;init&gt;(Expression.java:4)
	at asg06.Expression.&lt;init&gt;(Expression.java:4)
	at asg06.Expression.&lt;init&gt;(Expression.java:4)
	at asg06.Expression.&lt;init&gt;(Expression.java:4)
	at asg06.Expression.&lt;init&gt;(Expression.java:4)
	at asg06.Expression.&lt;init&gt;(Expression.java:4)
	at asg06.Expression.&lt;init&gt;(Expression.java:4)
	at asg06.Expression.&lt;init&gt;(Expression.java:4)
	at asg06.Expression.&lt;init&gt;(Expression.java:4)
	at asg06.Expression.&lt;init&gt;(Expression.java:4)
	at asg06.Expression.&lt;init&gt;(Expression.java:4)
	at asg06.Expression.&lt;init&gt;(Expression.java:4)
	at asg06.Expression.&lt;init&gt;(Expression.java:4)
	at asg06.Expression.&lt;init&gt;(Expression.java:4)
	at asg06.Expression.&lt;init&gt;(Expression.java:4)
	at asg06.Expression.&lt;init&gt;(Expression.java:4)
	at asg06.Expression.&lt;init&gt;(Expression.java:4)
	at asg06.Expression.&lt;init&gt;(Expression.java:4)
	at asg06.Expression.&lt;init&gt;(Expression.java:4)
	at asg06.Expression.&lt;init&gt;(Expression.java:4)
	at asg06.Expression.&lt;init&gt;(Expression.java:4)
	at asg06.Expression.&lt;init&gt;(Expression.java:4)
	at asg06.Expression.&lt;init&gt;(Expression.java:4)
	at asg06.Expression.&lt;init&gt;(Expression.java:4)
	at asg06.Expression.&lt;init&gt;(Expression.java:4)
	at asg06.Expression.&lt;init&gt;(Expression.java:4)
	at asg06.Expression.&lt;init&gt;(Expression.java:4)
	at asg06.Expression.&lt;init&gt;(Expression.java:4)
	at asg06.Expression.&lt;init&gt;(Expression.java:4)
	at asg06.Expression.&lt;init&gt;(Expression.java:4)
	at asg06.Expression.&lt;init&gt;(Expression.java:4)
	at asg06.Expression.&lt;init&gt;(Expression.java:4)
	at asg06.Expression.&lt;init&gt;(Expression.java:4)
	at asg06.Expression.&lt;init&gt;(Expression.java:4)
	at asg06.Expression.&lt;init&gt;(Expression.java:4)
	at asg06.Expression.&lt;init&gt;(Expression.java:4)
	at asg06.Expression.&lt;init&gt;(Expression.java:4)
	at asg06.Expression.&lt;init&gt;(Expression.java:4)
	at asg06.Expression.&lt;init&gt;(Expression.java:4)
	at asg06.Expression.&lt;init&gt;(Expression.java:4)
	at asg06.Expression.&lt;init&gt;(Expression.java:4)
	at asg06.Expression.&lt;init&gt;(Expression.java:4)
	at asg06.Expression.&lt;init&gt;(Expression.java:4)
	at asg06.Expression.&lt;init&gt;(Expression.java:4)
	at asg06.Expression.&lt;init&gt;(Expression.java:4)
	at asg06.Expression.&lt;init&gt;(Expression.java:4)
	at asg06.Expression.&lt;init&gt;(Expression.java:4)
	at asg06.Expression.&lt;init&gt;(Expression.java:4)
	at asg06.Expression.&lt;init&gt;(Expression.java:4)
	at asg06.Expression.&lt;init&gt;(Expression.java:4)
	at asg06.Expression.&lt;init&gt;(Expression.java:4)
	at asg06.Expression.&lt;init&gt;(Expression.java:4)
	at asg06.Expression.&lt;init&gt;(Expression.java:4)
	at asg06.Expression.&lt;init&gt;(Expression.java:4)
	at asg06.Expression.&lt;init&gt;(Expression.java:4)
	at asg06.Expression.&lt;init&gt;(Expression.java:4)
	at asg06.Expression.&lt;init&gt;(Expression.java:4)
	at asg06.Expression.&lt;init&gt;(Expression.java:4)
	at asg06.Expression.&lt;init&gt;(Expression.java:4)
	at asg06.Expression.&lt;init&gt;(Expression.java:4)
	at asg06.Expression.&lt;init&gt;(Expression.java:4)
	at asg06.Expression.&lt;init&gt;(Expression.java:4)
	at asg06.Expression.&lt;init&gt;(Expression.java:4)
	at asg06.Expression.&lt;init&gt;(Expression.java:4)
	at asg06.Expression.&lt;init&gt;(Expression.java:4)
	at asg06.Expression.&lt;init&gt;(Expression.java:4)
	at asg06.Expression.&lt;init&gt;(Expression.java:4)
	at asg06.Expression.&lt;init&gt;(Expression.java:4)
	at asg06.Expression.&lt;init&gt;(Expression.java:4)
	at asg06.Expression.&lt;init&gt;(Expression.java:4)
	at asg06.Expression.&lt;init&gt;(Expression.java:4)
	at asg06.Expression.&lt;init&gt;(Expression.java:4)
	at asg06.Expression.&lt;init&gt;(Expression.java:4)
	at asg06.Expression.&lt;init&gt;(Expression.java:4)
	at asg06.Expression.&lt;init&gt;(Expression.java:4)
	at asg06.Expression.&lt;init&gt;(Expression.java:4)
	at asg06.Expression.&lt;init&gt;(Expression.java:4)
	at asg06.Expression.&lt;init&gt;(Expression.java:4)
	at asg06.Expression.&lt;init&gt;(Expression.java:4)
	at asg06.Expression.&lt;init&gt;(Expression.java:4)
	at asg06.Expression.&lt;init&gt;(Expression.java:4)
	at asg06.Expression.&lt;init&gt;(Expression.java:4)
	at asg06.Expression.&lt;init&gt;(Expression.java:4)
	at asg06.Expression.&lt;init&gt;(Expression.java:4)
	at asg06.Expression.&lt;init&gt;(Expression.java:4)
	at asg06.Expression.&lt;init&gt;(Expression.java:4)
	at asg06.Expression.&lt;init&gt;(Expression.java:4)
	at asg06.Expression.&lt;init&gt;(Expression.java:4)
	at asg06.Expression.&lt;init&gt;(Expression.java:4)
	at asg06.Expression.&lt;init&gt;(Expression.java:4)
	at asg06.Expression.&lt;init&gt;(Expression.java:4)
	at asg06.Expression.&lt;init&gt;(Expression.java:4)
	at asg06.Expression.&lt;init&gt;(Expression.java:4)
	at asg06.Expression.&lt;init&gt;(Expression.java:4)
	at asg06.Expression.&lt;init&gt;(Expression.java:4)
	at asg06.Expression.&lt;init&gt;(Expression.java:4)
	at asg06.Expression.&lt;init&gt;(Expression.java:4)
	at asg06.Expression.&lt;init&gt;(Expression.java:4)
	at asg06.Expression.&lt;init&gt;(Expression.java:4)
	at asg06.Expression.&lt;init&gt;(Expression.java:4)
	at asg06.Expression.&lt;init&gt;(Expression.java:4)
	at asg06.Expression.&lt;init&gt;(Expression.java:4)
	at asg06.Expression.&lt;init&gt;(Expression.java:4)
	at asg06.Expression.&lt;init&gt;(Expression.java:4)
	at asg06.Expression.&lt;init&gt;(Expression.java:4)
	at asg06.Expression.&lt;init&gt;(Expression.java:4)
	at asg06.Expression.&lt;init&gt;(Expression.java:4)
	at asg06.Expression.&lt;init&gt;(Expression.java:4)
	at asg06.Expression.&lt;init&gt;(Expression.java:4)
	at asg06.Expression.&lt;init&gt;(Expression.java:4)
	at asg06.Expression.&lt;init&gt;(Expression.java:4)
	at asg06.Expression.&lt;init&gt;(Expression.java:4)
	at asg06.Expression.&lt;init&gt;(Expression.java:4)
	at asg06.Expression.&lt;init&gt;(Expression.java:4)
	at asg06.Expression.&lt;init&gt;(Expression.java:4)
	at asg06.Expression.&lt;init&gt;(Expression.java:4)
	at asg06.Expression.&lt;init&gt;(Expression.java:4)
	at asg06.Expression.&lt;init&gt;(Expression.java:4)
	at asg06.Expression.&lt;init&gt;(Expression.java:4)
	at asg06.Expression.&lt;init&gt;(Expression.java:4)
	at asg06.Expression.&lt;init&gt;(Expression.java:4)
	at asg06.Expression.&lt;init&gt;(Expression.java:4)
	at asg06.Expression.&lt;init&gt;(Expression.java:4)
	at asg06.Expression.&lt;init&gt;(Expression.java:4)
	at asg06.Expression.&lt;init&gt;(Expression.java:4)
	at asg06.Expression.&lt;init&gt;(Expression.java:4)
	at asg06.Expression.&lt;init&gt;(Expression.java:4)
	at asg06.Expression.&lt;init&gt;(Expression.java:4)
	at asg06.Expression.&lt;init&gt;(Expression.java:4)
	at asg06.Expression.&lt;init&gt;(Expression.java:4)
	at asg06.Expression.&lt;init&gt;(Expression.java:4)
	at asg06.Expression.&lt;init&gt;(Expression.java:4)
	at asg06.Expression.&lt;init&gt;(Expression.java:4)
	at asg06.Expression.&lt;init&gt;(Expression.java:4)
	at asg06.Expression.&lt;init&gt;(Expression.java:4)
	at asg06.Expression.&lt;init&gt;(Expression.java:4)
	at asg06.Expression.&lt;init&gt;(Expression.java:4)
	at asg06.Expression.&lt;init&gt;(Expression.java:4)
	at asg06.Expression.&lt;init&gt;(Expression.java:4)
	at asg06.Expression.&lt;init&gt;(Expression.java:4)
	at asg06.Expression.&lt;init&gt;(Expression.java:4)
	at asg06.Expression.&lt;init&gt;(Expression.java:4)
	at asg06.Expression.&lt;init&gt;(Expression.java:4)
	at asg06.Expression.&lt;init&gt;(Expression.java:4)
	at asg06.Expression.&lt;init&gt;(Expression.java:4)
	at asg06.Expression.&lt;init&gt;(Expression.java:4)
	at asg06.Expression.&lt;init&gt;(Expression.java:4)
	at asg06.Expression.&lt;init&gt;(Expression.java:4)
	at asg06.Expression.&lt;init&gt;(Expression.java:4)
	at asg06.Expression.&lt;init&gt;(Expression.java:4)
	at asg06.Expression.&lt;init&gt;(Expression.java:4)
	at asg06.Expression.&lt;init&gt;(Expression.java:4)
	at asg06.Expression.&lt;init&gt;(Expression.java:4)
	at asg06.Expression.&lt;init&gt;(Expression.java:4)
	at asg06.Expression.&lt;init&gt;(Expression.java:4)
	at asg06.Expression.&lt;init&gt;(Expression.java:4)
	at asg06.Expression.&lt;init&gt;(Expression.java:4)
	at asg06.Expression.&lt;init&gt;(Expression.java:4)
	at asg06.Expression.&lt;init&gt;(Expression.java:4)
	at asg06.Expression.&lt;init&gt;(Expression.java:4)
	at asg06.Expression.&lt;init&gt;(Expression.java:4)
	at asg06.Expression.&lt;init&gt;(Expression.java:4)
	at asg06.Expression.&lt;init&gt;(Expression.java:4)
	at asg06.Expression.&lt;init&gt;(Expression.java:4)
	at asg06.Expression.&lt;init&gt;(Expression.java:4)
	at asg06.Expression.&lt;init&gt;(Expression.java:4)
	at asg06.Expression.&lt;init&gt;(Expression.java:4)
	at asg06.Expression.&lt;init&gt;(Expression.java:4)
	at asg06.Expression.&lt;init&gt;(Expression.java:4)
	at asg06.Expression.&lt;init&gt;(Expression.java:4)
	at asg06.Expression.&lt;init&gt;(Expression.java:4)
	at asg06.Expression.&lt;init&gt;(Expression.java:4)
	at asg06.Expression.&lt;init&gt;(Expression.java:4)
	at asg06.Expression.&lt;init&gt;(Expression.java:4)
	at asg06.Expression.&lt;init&gt;(Expression.java:4)
	at asg06.Expression.&lt;init&gt;(Expression.java:4)
	at asg06.Expression.&lt;init&gt;(Expression.java:4)
	at asg06.Expression.&lt;init&gt;(Expression.java:4)
	at asg06.Expression.&lt;init&gt;(Expression.java:4)
	at asg06.Expression.&lt;init&gt;(Expression.java:4)
	at asg06.Expression.&lt;init&gt;(Expression.java:4)
	at asg06.Expression.&lt;init&gt;(Expression.java:4)
	at asg06.Expression.&lt;init&gt;(Expression.java:4)
	at asg06.Expression.&lt;init&gt;(Expression.java:4)
	at asg06.Expression.&lt;init&gt;(Expression.java:4)
	at asg06.Expression.&lt;init&gt;(Expression.java:4)
	at asg06.Expression.&lt;init&gt;(Expression.java:4)
	at asg06.Expression.&lt;init&gt;(Expression.java:4)
	at asg06.Expression.&lt;init&gt;(Expression.java:4)
	at asg06.Expression.&lt;init&gt;(Expression.java:4)
	at asg06.Expression.&lt;init&gt;(Expression.java:4)
	at asg06.Expression.&lt;init&gt;(Expression.java:4)
	at asg06.Expression.&lt;init&gt;(Expression.java:4)
	at asg06.Expression.&lt;init&gt;(Expression.java:4)
	at asg06.Expression.&lt;init&gt;(Expression.java:4)
	at asg06.Expression.&lt;init&gt;(Expression.java:4)
	at asg06.Expression.&lt;init&gt;(Expression.java:4)
	at asg06.Expression.&lt;init&gt;(Expression.java:4)
	at asg06.Expression.&lt;init&gt;(Expression.java:4)
	at asg06.Expression.&lt;init&gt;(Expression.java:4)
	at asg06.Expression.&lt;init&gt;(Expression.java:4)
	at asg06.Expression.&lt;init&gt;(Expression.java:4)
	at asg06.Expression.&lt;init&gt;(Expression.java:4)
	at asg06.Expression.&lt;init&gt;(Expression.java:4)
	at asg06.Expression.&lt;init&gt;(Expression.java:4)
	at asg06.Expression.&lt;init&gt;(Expression.java:4)
	at asg06.Expression.&lt;init&gt;(Expression.java:4)
	at asg06.Expression.&lt;init&gt;(Expression.java:4)
	at asg06.Expression.&lt;init&gt;(Expression.java:4)
	at asg06.Expression.&lt;init&gt;(Expression.java:4)
	at asg06.Expression.&lt;init&gt;(Expression.java:4)
	at asg06.Expression.&lt;init&gt;(Expression.java:4)
	at asg06.Expression.&lt;init&gt;(Expression.java:4)
	at asg06.Expression.&lt;init&gt;(Expression.java:4)
	at asg06.Expression.&lt;init&gt;(Expression.java:4)
	at asg06.Expression.&lt;init&gt;(Expression.java:4)
	at asg06.Expression.&lt;init&gt;(Expression.java:4)
	at asg06.Expression.&lt;init&gt;(Expression.java:4)
	at asg06.Expression.&lt;init&gt;(Expression.java:4)
	at asg06.Expression.&lt;init&gt;(Expression.java:4)
	at asg06.Expression.&lt;init&gt;(Expression.java:4)
	at asg06.Expression.&lt;init&gt;(Expression.java:4)
	at asg06.Expression.&lt;init&gt;(Expression.java:4)
	at asg06.Expression.&lt;init&gt;(Expression.java:4)
	at asg06.Expression.&lt;init&gt;(Expression.java:4)
	at asg06.Expression.&lt;init&gt;(Expression.java:4)
	at asg06.Expression.&lt;init&gt;(Expression.java:4)
	at asg06.Expression.&lt;init&gt;(Expression.java:4)
	at asg06.Expression.&lt;init&gt;(Expression.java:4)
	at asg06.Expression.&lt;init&gt;(Expression.java:4)
	at asg06.Expression.&lt;init&gt;(Expression.java:4)
	at asg06.Expression.&lt;init&gt;(Expression.java:4)
	at asg06.Expression.&lt;init&gt;(Expression.java:4)
	at asg06.Expression.&lt;init&gt;(Expression.java:4)
	at asg06.Expression.&lt;init&gt;(Expression.java:4)
	at asg06.Expression.&lt;init&gt;(Expression.java:4)
	at asg06.Expression.&lt;init&gt;(Expression.java:4)
	at asg06.Expression.&lt;init&gt;(Expression.java:4)
	at asg06.Expression.&lt;init&gt;(Expression.java:4)
	at asg06.Expression.&lt;init&gt;(Expression.java:4)
	at asg06.Expression.&lt;init&gt;(Expression.java:4)
	at asg06.Expression.&lt;init&gt;(Expression.java:4)
	at asg06.Expression.&lt;init&gt;(Expression.java:4)
	at asg06.Expression.&lt;init&gt;(Expression.java:4)
	at asg06.Expression.&lt;init&gt;(Expression.java:4)
	at asg06.Expression.&lt;init&gt;(Expression.java:4)
	at asg06.Expression.&lt;init&gt;(Expression.java:4)
	at asg06.Expression.&lt;init&gt;(Expression.java:4)
	at asg06.Expression.&lt;init&gt;(Expression.java:4)
	at asg06.Expression.&lt;init&gt;(Expression.java:4)
	at asg06.Expression.&lt;init&gt;(Expression.java:4)
	at asg06.Expression.&lt;init&gt;(Expression.java:4)
	at asg06.Expression.&lt;init&gt;(Expression.java:4)
	at asg06.Expression.&lt;init&gt;(Expression.java:4)
	at asg06.Expression.&lt;init&gt;(Expression.java:4)
	at asg06.Expression.&lt;init&gt;(Expression.java:4)
	at asg06.Expression.&lt;init&gt;(Expression.java:4)
	at asg06.Expression.&lt;init&gt;(Expression.java:4)
	at asg06.Expression.&lt;init&gt;(Expression.java:4)
	at asg06.Expression.&lt;init&gt;(Expression.java:4)
	at asg06.Expression.&lt;init&gt;(Expression.java:4)
	at asg06.Expression.&lt;init&gt;(Expression.java:4)
	at asg06.Expression.&lt;init&gt;(Expression.java:4)
	at asg06.Expression.&lt;init&gt;(Expression.java:4)
	at asg06.Expression.&lt;init&gt;(Expression.java:4)
	at asg06.Expression.&lt;init&gt;(Expression.java:4)
	at asg06.Expression.&lt;init&gt;(Expression.java:4)
	at asg06.Expression.&lt;init&gt;(Expression.java:4)
	at asg06.Expression.&lt;init&gt;(Expression.java:4)
	at asg06.Expression.&lt;init&gt;(Expression.java:4)
	at asg06.Expression.&lt;init&gt;(Expression.java:4)
	at asg06.Expression.&lt;init&gt;(Expression.java:4)
	at asg06.Expression.&lt;init&gt;(Expression.java:4)
	at asg06.Expression.&lt;init&gt;(Expression.java:4)
	at asg06.Expression.&lt;init&gt;(Expression.java:4)
	at asg06.Expression.&lt;init&gt;(Expression.java:4)
	at asg06.Expression.&lt;init&gt;(Expression.java:4)
	at asg06.Expression.&lt;init&gt;(Expression.java:4)
	at asg06.Expression.&lt;init&gt;(Expression.java:4)
	at asg06.Expression.&lt;init&gt;(Expression.java:4)
	at asg06.Expression.&lt;init&gt;(Expression.java:4)
	at asg06.Expression.&lt;init&gt;(Expression.java:4)
	at asg06.Expression.&lt;init&gt;(Expression.java:4)
	at asg06.Expression.&lt;init&gt;(Expression.java:4)
	at asg06.Expression.&lt;init&gt;(Expression.java:4)
	at asg06.Expression.&lt;init&gt;(Expression.java:4)
	at asg06.Expression.&lt;init&gt;(Expression.java:4)
	at asg06.Expression.&lt;init&gt;(Expression.java:4)
	at asg06.Expression.&lt;init&gt;(Expression.java:4)
	at asg06.Expression.&lt;init&gt;(Expression.java:4)
	at asg06.Expression.&lt;init&gt;(Expression.java:4)
	at asg06.Expression.&lt;init&gt;(Expression.java:4)
	at asg06.Expression.&lt;init&gt;(Expression.java:4)
	at asg06.Expression.&lt;init&gt;(Expression.java:4)
	at asg06.Expression.&lt;init&gt;(Expression.java:4)
	at asg06.Expression.&lt;init&gt;(Expression.java:4)
	at asg06.Expression.&lt;init&gt;(Expression.java:4)
	at asg06.Expression.&lt;init&gt;(Expression.java:4)
	at asg06.Expression.&lt;init&gt;(Expression.java:4)
	at asg06.Expression.&lt;init&gt;(Expression.java:4)
	at asg06.Expression.&lt;init&gt;(Expression.java:4)
	at asg06.Expression.&lt;init&gt;(Expression.java:4)
	at asg06.Expression.&lt;init&gt;(Expression.java:4)
	at asg06.Expression.&lt;init&gt;(Expression.java:4)
	at asg06.Expression.&lt;init&gt;(Expression.java:4)
	at asg06.Expression.&lt;init&gt;(Expression.java:4)
	at asg06.Expression.&lt;init&gt;(Expression.java:4)
	at asg06.Expression.&lt;init&gt;(Expression.java:4)
	at asg06.Expression.&lt;init&gt;(Expression.java:4)
	at asg06.Expression.&lt;init&gt;(Expression.java:4)
	at asg06.Expression.&lt;init&gt;(Expression.java:4)
	at asg06.Expression.&lt;init&gt;(Expression.java:4)
	at asg06.Expression.&lt;init&gt;(Expression.java:4)
	at asg06.Expression.&lt;init&gt;(Expression.java:4)
	at asg06.Expression.&lt;init&gt;(Expression.java:4)
	at asg06.Expression.&lt;init&gt;(Expression.java:4)
	at asg06.Expression.&lt;init&gt;(Expression.java:4)
	at asg06.Expression.&lt;init&gt;(Expression.java:4)
	at asg06.Expression.&lt;init&gt;(Expression.java:4)
	at asg06.Expression.&lt;init&gt;(Expression.java:4)
	at asg06.Expression.&lt;init&gt;(Expression.java:4)
	at asg06.Expression.&lt;init&gt;(Expression.java:4)
	at asg06.Expression.&lt;init&gt;(Expression.java:4)
	at asg06.Expression.&lt;init&gt;(Expression.java:4)
	at asg06.Expression.&lt;init&gt;(Expression.java:4)
	at asg06.Expression.&lt;init&gt;(Expression.java:4)
	at asg06.Expression.&lt;init&gt;(Expression.java:4)
	at asg06.Expression.&lt;init&gt;(Expression.java:4)
	at asg06.Expression.&lt;init&gt;(Expression.java:4)
	at asg06.Expression.&lt;init&gt;(Expression.java:4)
	at asg06.Expression.&lt;init&gt;(Expression.java:4)
	at asg06.Expression.&lt;init&gt;(Expression.java:4)
	at asg06.Expression.&lt;init&gt;(Expression.java:4)
	at asg06.Expression.&lt;init&gt;(Expression.java:4)
	at asg06.Expression.&lt;init&gt;(Expression.java:4)
	at asg06.Expression.&lt;init&gt;(Expression.java:4)
	at asg06.Expression.&lt;init&gt;(Expression.java:4)
	at asg06.Expression.&lt;init&gt;(Expression.java:4)
	at asg06.Expression.&lt;init&gt;(Expression.java:4)
	at asg06.Expression.&lt;init&gt;(Expression.java:4)
	at asg06.Expression.&lt;init&gt;(Expression.java:4)
	at asg06.Expression.&lt;init&gt;(Expression.java:4)
	at asg06.Expression.&lt;init&gt;(Expression.java:4)
	at asg06.Expression.&lt;init&gt;(Expression.java:4)
	at asg06.Expression.&lt;init&gt;(Expression.java:4)
	at asg06.Expression.&lt;init&gt;(Expression.java:4)
	at asg06.Expression.&lt;init&gt;(Expression.java:4)
	at asg06.Expression.&lt;init&gt;(Expression.java:4)
	at asg06.Expression.&lt;init&gt;(Expression.java:4)
	at asg06.Expression.&lt;init&gt;(Expression.java:4)
	at asg06.Expression.&lt;init&gt;(Expression.java:4)
	at asg06.Expression.&lt;init&gt;(Expression.java:4)
	at asg06.Expression.&lt;init&gt;(Expression.java:4)
	at asg06.Expression.&lt;init&gt;(Expression.java:4)
	at asg06.Expression.&lt;init&gt;(Expression.java:4)
	at asg06.Expression.&lt;init&gt;(Expression.java:4)
	at asg06.Expression.&lt;init&gt;(Expression.java:4)
	at asg06.Expression.&lt;init&gt;(Expression.java:4)
	at asg06.Expression.&lt;init&gt;(Expression.java:4)
	at asg06.Expression.&lt;init&gt;(Expression.java:4)
	at asg06.Expression.&lt;init&gt;(Expression.java:4)
	at asg06.Expression.&lt;init&gt;(Expression.java:4)
	at asg06.Expression.&lt;init&gt;(Expression.java:4)
	at asg06.Expression.&lt;init&gt;(Expression.java:4)
	at asg06.Expression.&lt;init&gt;(Expression.java:4)
	at asg06.Expression.&lt;init&gt;(Expression.java:4)
	at asg06.Expression.&lt;init&gt;(Expression.java:4)
	at asg06.Expression.&lt;init&gt;(Expression.java:4)
	at asg06.Expression.&lt;init&gt;(Expression.java:4)
	at asg06.Expression.&lt;init&gt;(Expression.java:4)
	at asg06.Expression.&lt;init&gt;(Expression.java:4)
	at asg06.Expression.&lt;init&gt;(Expression.java:4)
	at asg06.Expression.&lt;init&gt;(Expression.java:4)
	at asg06.Expression.&lt;init&gt;(Expression.java:4)
	at asg06.Expression.&lt;init&gt;(Expression.java:4)
	at asg06.Expression.&lt;init&gt;(Expression.java:4)
	at asg06.Expression.&lt;init&gt;(Expression.java:4)
	at asg06.Expression.&lt;init&gt;(Expression.java:4)
	at asg06.Expression.&lt;init&gt;(Expression.java:4)
	at asg06.Expression.&lt;init&gt;(Expression.java:4)
	at asg06.Expression.&lt;init&gt;(Expression.java:4)
	at asg06.Expression.&lt;init&gt;(Expression.java:4)
	at asg06.Expression.&lt;init&gt;(Expression.java:4)
	at asg06.Expression.&lt;init&gt;(Expression.java:4)
	at asg06.Expression.&lt;init&gt;(Expression.java:4)
	at asg06.Expression.&lt;init&gt;(Expression.java:4)
	at asg06.Expression.&lt;init&gt;(Expression.java:4)
	at asg06.Expression.&lt;init&gt;(Expression.java:4)
	at asg06.Expression.&lt;init&gt;(Expression.java:4)
	at asg06.Expression.&lt;init&gt;(Expression.java:4)
	at asg06.Expression.&lt;init&gt;(Expression.java:4)
	at asg06.Expression.&lt;init&gt;(Expression.java:4)
	at asg06.Expression.&lt;init&gt;(Expression.java:4)
	at asg06.Expression.&lt;init&gt;(Expression.java:4)
	at asg06.Expression.&lt;init&gt;(Expression.java:4)
	at asg06.Expression.&lt;init&gt;(Expression.java:4)
	at asg06.Expression.&lt;init&gt;(Expression.java:4)
	at asg06.Expression.&lt;init&gt;(Expression.java:4)
	at asg06.Expression.&lt;init&gt;(Expression.java:4)
	at asg06.Expression.&lt;init&gt;(Expression.java:4)
	at asg06.Expression.&lt;init&gt;(Expression.java:4)
	at asg06.Expression.&lt;init&gt;(Expression.java:4)
	at asg06.Expression.&lt;init&gt;(Expression.java:4)
	at asg06.Expression.&lt;init&gt;(Expression.java:4)
	at asg06.Expression.&lt;init&gt;(Expression.java:4)
	at asg06.Expression.&lt;init&gt;(Expression.java:4)
	at asg06.Expression.&lt;init&gt;(Expression.java:4)
	at asg06.Expression.&lt;init&gt;(Expression.java:4)
	at asg06.Expression.&lt;init&gt;(Expression.java:4)
	at asg06.Expression.&lt;init&gt;(Expression.java:4)
	at asg06.Expression.&lt;init&gt;(Expression.java:4)
	at asg06.Expression.&lt;init&gt;(Expression.java:4)
	at asg06.Expression.&lt;init&gt;(Expression.java:4)
	at asg06.Expression.&lt;init&gt;(Expression.java:4)
	at asg06.Expression.&lt;init&gt;(Expression.java:4)
	at asg06.Expression.&lt;init&gt;(Expression.java:4)
	at asg06.Expression.&lt;init&gt;(Expression.java:4)
	at asg06.Expression.&lt;init&gt;(Expression.java:4)
	at asg06.Expression.&lt;init&gt;(Expression.java:4)
	at asg06.Expression.&lt;init&gt;(Expression.java:4)
	at asg06.Expression.&lt;init&gt;(Expression.java:4)
	at asg06.Expression.&lt;init&gt;(Expression.java:4)
	at asg06.Expression.&lt;init&gt;(Expression.java:4)
	at asg06.Expression.&lt;init&gt;(Expression.java:4)
	at asg06.Expression.&lt;init&gt;(Expression.java:4)
	at asg06.Expression.&lt;init&gt;(Expression.java:4)
	at asg06.Expression.&lt;init&gt;(Expression.java:4)
	at asg06.Expression.&lt;init&gt;(Expression.java:4)
	at asg06.Expression.&lt;init&gt;(Expression.java:4)
	at asg06.Expression.&lt;init&gt;(Expression.java:4)
	at asg06.Expression.&lt;init&gt;(Expression.java:4)
	at asg06.Expression.&lt;init&gt;(Expression.java:4)
	at asg06.Expression.&lt;init&gt;(Expression.java:4)
	at asg06.Expression.&lt;init&gt;(Expression.java:4)
	at asg06.Expression.&lt;init&gt;(Expression.java:4)
	at asg06.Expression.&lt;init&gt;(Expression.java:4)
	at asg06.Expression.&lt;init&gt;(Expression.java:4)
	at asg06.Expression.&lt;init&gt;(Expression.java:4)
	at asg06.Expression.&lt;init&gt;(Expression.java:4)
	at asg06.Expression.&lt;init&gt;(Expression.java:4)
	at asg06.Expression.&lt;init&gt;(Expression.java:4)
	at asg06.Expression.&lt;init&gt;(Expression.java:4)
	at asg06.Expression.&lt;init&gt;(Expression.java:4)
	at asg06.Expression.&lt;init&gt;(Expression.java:4)
	at asg06.Expression.&lt;init&gt;(Expression.java:4)
	at asg06.Expression.&lt;init&gt;(Expression.java:4)
	at asg06.Expression.&lt;init&gt;(Expression.java:4)
	at asg06.Expression.&lt;init&gt;(Expression.java:4)
	at asg06.Expression.&lt;init&gt;(Expression.java:4)
	at asg06.Expression.&lt;init&gt;(Expression.java:4)
	at asg06.Expression.&lt;init&gt;(Expression.java:4)
	at asg06.Expression.&lt;init&gt;(Expression.java:4)
	at asg06.Expression.&lt;init&gt;(Expression.java:4)
	at asg06.Expression.&lt;init&gt;(Expression.java:4)
	at asg06.Expression.&lt;init&gt;(Expression.java:4)
	at asg06.Expression.&lt;init&gt;(Expression.java:4)
	at asg06.Expression.&lt;init&gt;(Expression.java:4)
	at asg06.Expression.&lt;init&gt;(Expression.java:4)
	at asg06.Expression.&lt;init&gt;(Expression.java:4)
	at asg06.Expression.&lt;init&gt;(Expression.java:4)
	at asg06.Expression.&lt;init&gt;(Expression.java:4)
	at asg06.Expression.&lt;init&gt;(Expression.java:4)
	at asg06.Expression.&lt;init&gt;(Expression.java:4)
	at asg06.Expression.&lt;init&gt;(Expression.java:4)
	at asg06.Expression.&lt;init&gt;(Expression.java:4)
	at asg06.Expression.&lt;init&gt;(Expression.java:4)
	at asg06.Expression.&lt;init&gt;(Expression.java:4)
	at asg06.Expression.&lt;init&gt;(Expression.java:4)
	at asg06.Expression.&lt;init&gt;(Expression.java:4)
	at asg06.Expression.&lt;init&gt;(Expression.java:4)
	at asg06.Expression.&lt;init&gt;(Expression.java:4)
	at asg06.Expression.&lt;init&gt;(Expression.java:4)
	at asg06.Expression.&lt;init&gt;(Expression.java:4)
	at asg06.Expression.&lt;init&gt;(Expression.java:4)
	at asg06.Expression.&lt;init&gt;(Expression.java:4)
	at asg06.Expression.&lt;init&gt;(Expression.java:4)
	at asg06.Expression.&lt;init&gt;(Expression.java:4)
	at asg06.Expression.&lt;init&gt;(Expression.java:4)
	at asg06.Expression.&lt;init&gt;(Expression.java:4)
	at asg06.Expression.&lt;init&gt;(Expression.java:4)
	at asg06.Expression.&lt;init&gt;(Expression.java:4)
	at asg06.Expression.&lt;init&gt;(Expression.java:4)
	at asg06.Expression.&lt;init&gt;(Expression.java:4)
	at asg06.Expression.&lt;init&gt;(Expression.java:4)
	at asg06.Expression.&lt;init&gt;(Expression.java:4)
	at asg06.Expression.&lt;init&gt;(Expression.java:4)
	at asg06.Expression.&lt;init&gt;(Expression.java:4)
	at asg06.Expression.&lt;init&gt;(Expression.java:4)
	at asg06.Expression.&lt;init&gt;(Expression.java:4)
	at asg06.Expression.&lt;init&gt;(Expression.java:4)
	at asg06.Expression.&lt;init&gt;(Expression.java:4)
	at asg06.Expression.&lt;init&gt;(Expression.java:4)
	at asg06.Expression.&lt;init&gt;(Expression.java:4)
	at asg06.Expression.&lt;init&gt;(Expression.java:4)
	at asg06.Expression.&lt;init&gt;(Expression.java:4)
	at asg06.Expression.&lt;init&gt;(Expression.java:4)
	at asg06.Expression.&lt;init&gt;(Expression.java:4)
	at asg06.Expression.&lt;init&gt;(Expression.java:4)
	at asg06.Expression.&lt;init&gt;(Expression.java:4)
	at asg06.Expression.&lt;init&gt;(Expression.java:4)
	at asg06.Expression.&lt;init&gt;(Expression.java:4)
	at asg06.Expression.&lt;init&gt;(Expression.java:4)
	at asg06.Expression.&lt;init&gt;(Expression.java:4)
	at asg06.Expression.&lt;init&gt;(Expression.java:4)
	at asg06.Expression.&lt;init&gt;(Expression.java:4)
	at asg06.Expression.&lt;init&gt;(Expression.java:4)
	at asg06.Expression.&lt;init&gt;(Expression.java:4)
	at asg06.Expression.&lt;init&gt;(Expression.java:4)
	at asg06.Expression.&lt;init&gt;(Expression.java:4)
	at asg06.Expression.&lt;init&gt;(Expression.java:4)
	at asg06.Expression.&lt;init&gt;(Expression.java:4)
	at asg06.Expression.&lt;init&gt;(Expression.java:4)
	at asg06.Expression.&lt;init&gt;(Expression.java:4)
	at asg06.Expression.&lt;init&gt;(Expression.java:4)
	at asg06.Expression.&lt;init&gt;(Expression.java:4)
	at asg06.Expression.&lt;init&gt;(Expression.java:4)
	at asg06.Expression.&lt;init&gt;(Expression.java:4)
	at asg06.Expression.&lt;init&gt;(Expression.java:4)
	at asg06.Expression.&lt;init&gt;(Expression.java:4)
	at asg06.Expression.&lt;init&gt;(Expression.java:4)
	at asg06.Expression.&lt;init&gt;(Expression.java:4)
	at asg06.Expression.&lt;init&gt;(Expression.java:4)
	at asg06.Expression.&lt;init&gt;(Expression.java:4)
	at asg06.Expression.&lt;init&gt;(Expression.java:4)
	at asg06.Expression.&lt;init&gt;(Expression.java:4)
	at asg06.Expression.&lt;init&gt;(Expression.java:4)
	at asg06.Expression.&lt;init&gt;(Expression.java:4)
	at asg06.Expression.&lt;init&gt;(Expression.java:4)
	at asg06.Expression.&lt;init&gt;(Expression.java:4)
	at asg06.Expression.&lt;init&gt;(Expression.java:4)
	at asg06.Expression.&lt;init&gt;(Expression.java:4)
	at asg06.Expression.&lt;init&gt;(Expression.java:4)
	at asg06.Expression.&lt;init&gt;(Expression.java:4)
	at asg06.Expression.&lt;init&gt;(Expression.java:4)
	at asg06.Expression.&lt;init&gt;(Expression.java:4)
	at asg06.Expression.&lt;init&gt;(Expression.java:4)
	at asg06.Expression.&lt;init&gt;(Expression.java:4)
	at asg06.Expression.&lt;init&gt;(Expression.java:4)
	at asg06.Expression.&lt;init&gt;(Expression.java:4)
	at asg06.Expression.&lt;init&gt;(Expression.java:4)
	at asg06.Expression.&lt;init&gt;(Expression.java:4)
	at asg06.Expression.&lt;init&gt;(Expression.java:4)
	at asg06.Expression.&lt;init&gt;(Expression.java:4)
	at asg06.Expression.&lt;init&gt;(Expression.java:4)
	at asg06.Expression.&lt;init&gt;(Expression.java:4)
	at asg06.Expression.&lt;init&gt;(Expression.java:4)
	at asg06.Expression.&lt;init&gt;(Expression.java:4)
	at asg06.Expression.&lt;init&gt;(Expression.java:4)
	at asg06.Expression.&lt;init&gt;(Expression.java:4)
	at asg06.Expression.&lt;init&gt;(Expression.java:4)
	at asg06.Expression.&lt;init&gt;(Expression.java:4)
	at asg06.Expression.&lt;init&gt;(Expression.java:4)
	at asg06.Expression.&lt;init&gt;(Expression.java:4)
	at asg06.Expression.&lt;init&gt;(Expression.java:4)
	at asg06.Expression.&lt;init&gt;(Expression.java:4)
	at asg06.Expression.&lt;init&gt;(Expression.java:4)
	at asg06.Expression.&lt;init&gt;(Expression.java:4)
	at asg06.Expression.&lt;init&gt;(Expression.java:4)
	at asg06.Expression.&lt;init&gt;(Expression.java:4)
	at asg06.Expression.&lt;init&gt;(Expression.java:4)
	at asg06.Expression.&lt;init&gt;(Expression.java:4)
	at asg06.Expression.&lt;init&gt;(Expression.java:4)
	at asg06.Expression.&lt;init&gt;(Expression.java:4)
	at asg06.Expression.&lt;init&gt;(Expression.java:4)
	at asg06.Expression.&lt;init&gt;(Expression.java:4)
	at asg06.Expression.&lt;init&gt;(Expression.java:4)
	at asg06.Expression.&lt;init&gt;(Expression.java:4)
	at asg06.Expression.&lt;init&gt;(Expression.java:4)
	at asg06.Expression.&lt;init&gt;(Expression.java:4)
	at asg06.Expression.&lt;init&gt;(Expression.java:4)
	at asg06.Expression.&lt;init&gt;(Expression.java:4)
	at asg06.Expression.&lt;init&gt;(Expression.java:4)
	at asg06.Expression.&lt;init&gt;(Expression.java:4)
	at asg06.Expression.&lt;init&gt;(Expression.java:4)
	at asg06.Expression.&lt;init&gt;(Expression.java:4)
	at asg06.Expression.&lt;init&gt;(Expression.java:4)
	at asg06.Expression.&lt;init&gt;(Expression.java:4)
	at asg06.Expression.&lt;init&gt;(Expression.java:4)
	at asg06.Expression.&lt;init&gt;(Expression.java:4)
	at asg06.Expression.&lt;init&gt;(Expression.java:4)
	at asg06.Expression.&lt;init&gt;(Expression.java:4)
	at asg06.Expression.&lt;init&gt;(Expression.java:4)
	at asg06.Expression.&lt;init&gt;(Expression.java:4)
	at asg06.Expression.&lt;init&gt;(Expression.java:4)
	at asg06.Expression.&lt;init&gt;(Expression.java:4)
	at asg06.Expression.&lt;init&gt;(Expression.java:4)
	at asg06.Expression.&lt;init&gt;(Expression.java:4)
	at asg06.Expression.&lt;init&gt;(Expression.java:4)
	at asg06.Expression.&lt;init&gt;(Expression.java:4)
	at asg06.Expression.&lt;init&gt;(Expression.java:4)
	at asg06.Expression.&lt;init&gt;(Expression.java:4)
	at asg06.Expression.&lt;init&gt;(Expression.java:4)
	at asg06.Expression.&lt;init&gt;(Expression.java:4)
	at asg06.Expression.&lt;init&gt;(Expression.java:4)
	at asg06.Expression.&lt;init&gt;(Expression.java:4)
	at asg06.Expression.&lt;init&gt;(Expression.java:4)
	at asg06.Expression.&lt;init&gt;(Expression.java:4)
	at asg06.Expression.&lt;init&gt;(Expression.java:4)
	at asg06.Expression.&lt;init&gt;(Expression.java:4)
	at asg06.Expression.&lt;init&gt;(Expression.java:4)
	at asg06.Expression.&lt;init&gt;(Expression.java:4)
	at asg06.Expression.&lt;init&gt;(Expression.java:4)
	at asg06.Expression.&lt;init&gt;(Expression.java:4)
	at asg06.Expression.&lt;init&gt;(Expression.java:4)
	at asg06.Expression.&lt;init&gt;(Expression.java:4)
	at asg06.Expression.&lt;init&gt;(Expression.java:4)
	at asg06.Expression.&lt;init&gt;(Expression.java:4)
	at asg06.Expression.&lt;init&gt;(Expression.java:4)
	at asg06.Expression.&lt;init&gt;(Expression.java:4)
	at asg06.Expression.&lt;init&gt;(Expression.java:4)
	at asg06.Expression.&lt;init&gt;(Expression.java:4)
	at asg06.Expression.&lt;init&gt;(Expression.java:4)
	at asg06.Expression.&lt;init&gt;(Expression.java:4)
	at asg06.Expression.&lt;init&gt;(Expression.java:4)
	at asg06.Expression.&lt;init&gt;(Expression.java:4)
	at asg06.Expression.&lt;init&gt;(Expression.java:4)
	at asg06.Expression.&lt;init&gt;(Expression.java:4)
	at asg06.Expression.&lt;init&gt;(Expression.java:4)
	at asg06.Expression.&lt;init&gt;(Expression.java:4)
	at asg06.Expression.&lt;init&gt;(Expression.java:4)
	at asg06.Expression.&lt;init&gt;(Expression.java:4)
	at asg06.Expression.&lt;init&gt;(Expression.java:4)
	at asg06.Expression.&lt;init&gt;(Expression.java:4)
	at asg06.Expression.&lt;init&gt;(Expression.java:4)
	at asg06.Expression.&lt;init&gt;(Expression.java:4)
	at asg06.Expression.&lt;init&gt;(Expression.java:4)
	at asg06.Expression.&lt;init&gt;(Expression.java:4)
	at asg06.Expression.&lt;init&gt;(Expression.java:4)
	at asg06.Expression.&lt;init&gt;(Expression.java:4)
	at asg06.Expression.&lt;init&gt;(Expression.java:4)
	at asg06.Expression.&lt;init&gt;(Expression.java:4)
	at asg06.Expression.&lt;init&gt;(Expression.java:4)
	at asg06.Expression.&lt;init&gt;(Expression.java:4)
	at asg06.Expression.&lt;init&gt;(Expression.java:4)
	at asg06.Expression.&lt;init&gt;(Expression.java:4)
	at asg06.Expression.&lt;init&gt;(Expression.java:4)
	at asg06.Expression.&lt;init&gt;(Expression.java:4)
	at asg06.Expression.&lt;init&gt;(Expression.java:4)
	at asg06.Expression.&lt;init&gt;(Expression.java:4)
	at asg06.Expression.&lt;init&gt;(Expression.java:4)
	at asg06.Expression.&lt;init&gt;(Expression.java:4)
	at asg06.Expression.&lt;init&gt;(Expression.java:4)
	at asg06.Expression.&lt;init&gt;(Expression.java:4)
	at asg06.Expression.&lt;init&gt;(Expression.java:4)
	at asg06.Expression.&lt;init&gt;(Expression.java:4)
	at asg06.Expression.&lt;init&gt;(Expression.java:4)
	at asg06.Expression.&lt;init&gt;(Expression.java:4)
	at asg06.Expression.&lt;init&gt;(Expression.java:4)
	at asg06.Expression.&lt;init&gt;(Expression.java:4)
	at asg06.Expression.&lt;init&gt;(Expression.java:4)
	at asg06.Expression.&lt;init&gt;(Expression.java:4)
	at asg06.Expression.&lt;init&gt;(Expression.java:4)
	at asg06.Expression.&lt;init&gt;(Expression.java:4)
	at asg06.Expression.&lt;init&gt;(Expression.java:4)
	at asg06.Expression.&lt;init&gt;(Expression.java:4)
	at asg06.Expression.&lt;init&gt;(Expression.java:4)
	at asg06.Expression.&lt;init&gt;(Expression.java:4)
	at asg06.Expression.&lt;init&gt;(Expression.java:4)
	at asg06.Expression.&lt;init&gt;(Expression.java:4)
	at asg06.Expression.&lt;init&gt;(Expression.java:4)
	at asg06.Expression.&lt;init&gt;(Expression.java:4)
	at asg06.Expression.&lt;init&gt;(Expression.java:4)
	at asg06.Expression.&lt;init&gt;(Expression.java:4)
	at asg06.Expression.&lt;init&gt;(Expression.java:4)
	at asg06.Expression.&lt;init&gt;(Expression.java:4)
	at asg06.Expression.&lt;init&gt;(Expression.java:4)
	at asg06.Expression.&lt;init&gt;(Expression.java:4)
	at asg06.Expression.&lt;init&gt;(Expression.java:4)
	at asg06.Expression.&lt;init&gt;(Expression.java:4)
	at asg06.Expression.&lt;init&gt;(Expression.java:4)
	at asg06.Expression.&lt;init&gt;(Expression.java:4)
	at asg06.Expression.&lt;init&gt;(Expression.java:4)
	at asg06.Expression.&lt;init&gt;(Expression.java:4)
	at asg06.Expression.&lt;init&gt;(Expression.java:4)
	at asg06.Expression.&lt;init&gt;(Expression.java:4)
	at asg06.Expression.&lt;init&gt;(Expression.java:4)
	at asg06.Expression.&lt;init&gt;(Expression.java:4)
	at asg06.Expression.&lt;init&gt;(Expression.java:4)
	at asg06.Expression.&lt;init&gt;(Expression.java:4)
	at asg06.Expression.&lt;init&gt;(Expression.java:4)
	at asg06.Expression.&lt;init&gt;(Expression.java:4)
	at asg06.Expression.&lt;init&gt;(Expression.java:4)
	at asg06.Expression.&lt;init&gt;(Expression.java:4)
	at asg06.Expression.&lt;init&gt;(Expression.java:4)
	at asg06.Expression.&lt;init&gt;(Expression.java:4)
	at asg06.Expression.&lt;init&gt;(Expression.java:4)
	at asg06.Expression.&lt;init&gt;(Expression.java:4)
	at asg06.Expression.&lt;init&gt;(Expression.java:4)
	at asg06.Expression.&lt;init&gt;(Expression.java:4)
	at asg06.Expression.&lt;init&gt;(Expression.java:4)
	at asg06.Expression.&lt;init&gt;(Expression.java:4)
	at asg06.Expression.&lt;init&gt;(Expression.java:4)
	at asg06.Expression.&lt;init&gt;(Expression.java:4)
	at asg06.Expression.&lt;init&gt;(Expression.java:4)
	at asg06.Expression.&lt;init&gt;(Expression.java:4)
	at asg06.Expression.&lt;init&gt;(Expression.java:4)
	at asg06.Expression.&lt;init&gt;(Expression.java:4)
	at asg06.Expression.&lt;init&gt;(Expression.java:4)
	at asg06.Expression.&lt;init&gt;(Expression.java:4)
	at asg06.Expression.&lt;init&gt;(Expression.java:4)
	at asg06.Expression.&lt;init&gt;(Expression.java:4)
	at asg06.Expression.&lt;init&gt;(Expression.java:4)
	at asg06.Expression.&lt;init&gt;(Expression.java:4)
	at asg06.Expression.&lt;init&gt;(Expression.java:4)
	at asg06.Expression.&lt;init&gt;(Expression.java:4)
	at asg06.Expression.&lt;init&gt;(Expression.java:4)
	at asg06.Expression.&lt;init&gt;(Expression.java:4)
	at asg06.Expression.&lt;init&gt;(Expression.java:4)
	at asg06.Expression.&lt;init&gt;(Expression.java:4)
	at asg06.Expression.&lt;init&gt;(Expression.java:4)
	at asg06.Expression.&lt;init&gt;(Expression.java:4)
	at asg06.Expression.&lt;init&gt;(Expression.java:4)
	at asg06.Expression.&lt;init&gt;(Expression.java:4)
	at asg06.Expression.&lt;init&gt;(Expression.java:4)
	at asg06.Expression.&lt;init&gt;(Expression.java:4)
	at asg06.Expression.&lt;init&gt;(Expression.java:4)
</error>
  </testcase>
  <testcase classname="asg06.TestExpression" name="testMultiplicationWithParenthesesToString" time="0.038">
    <error type="java.lang.StackOverflowError">java.lang.StackOverflowError
	at asg06.Expression.&lt;init&gt;(Expression.java:4)
	at asg06.Expression.&lt;init&gt;(Expression.java:4)
	at asg06.Expression.&lt;init&gt;(Expression.java:4)
	at asg06.Expression.&lt;init&gt;(Expression.java:4)
	at asg06.Expression.&lt;init&gt;(Expression.java:4)
	at asg06.Expression.&lt;init&gt;(Expression.java:4)
	at asg06.Expression.&lt;init&gt;(Expression.java:4)
	at asg06.Expression.&lt;init&gt;(Expression.java:4)
	at asg06.Expression.&lt;init&gt;(Expression.java:4)
	at asg06.Expression.&lt;init&gt;(Expression.java:4)
	at asg06.Expression.&lt;init&gt;(Expression.java:4)
	at asg06.Expression.&lt;init&gt;(Expression.java:4)
	at asg06.Expression.&lt;init&gt;(Expression.java:4)
	at asg06.Expression.&lt;init&gt;(Expression.java:4)
	at asg06.Expression.&lt;init&gt;(Expression.java:4)
	at asg06.Expression.&lt;init&gt;(Expression.java:4)
	at asg06.Expression.&lt;init&gt;(Expression.java:4)
	at asg06.Expression.&lt;init&gt;(Expression.java:4)
	at asg06.Expression.&lt;init&gt;(Expression.java:4)
	at asg06.Expression.&lt;init&gt;(Expression.java:4)
	at asg06.Expression.&lt;init&gt;(Expression.java:4)
	at asg06.Expression.&lt;init&gt;(Expression.java:4)
	at asg06.Expression.&lt;init&gt;(Expression.java:4)
	at asg06.Expression.&lt;init&gt;(Expression.java:4)
	at asg06.Expression.&lt;init&gt;(Expression.java:4)
	at asg06.Expression.&lt;init&gt;(Expression.java:4)
	at asg06.Expression.&lt;init&gt;(Expression.java:4)
	at asg06.Expression.&lt;init&gt;(Expression.java:4)
	at asg06.Expression.&lt;init&gt;(Expression.java:4)
	at asg06.Expression.&lt;init&gt;(Expression.java:4)
	at asg06.Expression.&lt;init&gt;(Expression.java:4)
	at asg06.Expression.&lt;init&gt;(Expression.java:4)
	at asg06.Expression.&lt;init&gt;(Expression.java:4)
	at asg06.Expression.&lt;init&gt;(Expression.java:4)
	at asg06.Expression.&lt;init&gt;(Expression.java:4)
	at asg06.Expression.&lt;init&gt;(Expression.java:4)
	at asg06.Expression.&lt;init&gt;(Expression.java:4)
	at asg06.Expression.&lt;init&gt;(Expression.java:4)
	at asg06.Expression.&lt;init&gt;(Expression.java:4)
	at asg06.Expression.&lt;init&gt;(Expression.java:4)
	at asg06.Expression.&lt;init&gt;(Expression.java:4)
	at asg06.Expression.&lt;init&gt;(Expression.java:4)
	at asg06.Expression.&lt;init&gt;(Expression.java:4)
	at asg06.Expression.&lt;init&gt;(Expression.java:4)
	at asg06.Expression.&lt;init&gt;(Expression.java:4)
	at asg06.Expression.&lt;init&gt;(Expression.java:4)
	at asg06.Expression.&lt;init&gt;(Expression.java:4)
	at asg06.Expression.&lt;init&gt;(Expression.java:4)
	at asg06.Expression.&lt;init&gt;(Expression.java:4)
	at asg06.Expression.&lt;init&gt;(Expression.java:4)
	at asg06.Expression.&lt;init&gt;(Expression.java:4)
	at asg06.Expression.&lt;init&gt;(Expression.java:4)
	at asg06.Expression.&lt;init&gt;(Expression.java:4)
	at asg06.Expression.&lt;init&gt;(Expression.java:4)
	at asg06.Expression.&lt;init&gt;(Expression.java:4)
	at asg06.Expression.&lt;init&gt;(Expression.java:4)
	at asg06.Expression.&lt;init&gt;(Expression.java:4)
	at asg06.Expression.&lt;init&gt;(Expression.java:4)
	at asg06.Expression.&lt;init&gt;(Expression.java:4)
	at asg06.Expression.&lt;init&gt;(Expression.java:4)
	at asg06.Expression.&lt;init&gt;(Expression.java:4)
	at asg06.Expression.&lt;init&gt;(Expression.java:4)
	at asg06.Expression.&lt;init&gt;(Expression.java:4)
	at asg06.Expression.&lt;init&gt;(Expression.java:4)
	at asg06.Expression.&lt;init&gt;(Expression.java:4)
	at asg06.Expression.&lt;init&gt;(Expression.java:4)
	at asg06.Expression.&lt;init&gt;(Expression.java:4)
	at asg06.Expression.&lt;init&gt;(Expression.java:4)
	at asg06.Expression.&lt;init&gt;(Expression.java:4)
	at asg06.Expression.&lt;init&gt;(Expression.java:4)
	at asg06.Expression.&lt;init&gt;(Expression.java:4)
	at asg06.Expression.&lt;init&gt;(Expression.java:4)
	at asg06.Expression.&lt;init&gt;(Expression.java:4)
	at asg06.Expression.&lt;init&gt;(Expression.java:4)
	at asg06.Expression.&lt;init&gt;(Expression.java:4)
	at asg06.Expression.&lt;init&gt;(Expression.java:4)
	at asg06.Expression.&lt;init&gt;(Expression.java:4)
	at asg06.Expression.&lt;init&gt;(Expression.java:4)
	at asg06.Expression.&lt;init&gt;(Expression.java:4)
	at asg06.Expression.&lt;init&gt;(Expression.java:4)
	at asg06.Expression.&lt;init&gt;(Expression.java:4)
	at asg06.Expression.&lt;init&gt;(Expression.java:4)
	at asg06.Expression.&lt;init&gt;(Expression.java:4)
	at asg06.Expression.&lt;init&gt;(Expression.java:4)
	at asg06.Expression.&lt;init&gt;(Expression.java:4)
	at asg06.Expression.&lt;init&gt;(Expression.java:4)
	at asg06.Expression.&lt;init&gt;(Expression.java:4)
	at asg06.Expression.&lt;init&gt;(Expression.java:4)
	at asg06.Expression.&lt;init&gt;(Expression.java:4)
	at asg06.Expression.&lt;init&gt;(Expression.java:4)
	at asg06.Expression.&lt;init&gt;(Expression.java:4)
	at asg06.Expression.&lt;init&gt;(Expression.java:4)
	at asg06.Expression.&lt;init&gt;(Expression.java:4)
	at asg06.Expression.&lt;init&gt;(Expression.java:4)
	at asg06.Expression.&lt;init&gt;(Expression.java:4)
	at asg06.Expression.&lt;init&gt;(Expression.java:4)
	at asg06.Expression.&lt;init&gt;(Expression.java:4)
	at asg06.Expression.&lt;init&gt;(Expression.java:4)
	at asg06.Expression.&lt;init&gt;(Expression.java:4)
	at asg06.Expression.&lt;init&gt;(Expression.java:4)
	at asg06.Expression.&lt;init&gt;(Expression.java:4)
	at asg06.Expression.&lt;init&gt;(Expression.java:4)
	at asg06.Expression.&lt;init&gt;(Expression.java:4)
	at asg06.Expression.&lt;init&gt;(Expression.java:4)
	at asg06.Expression.&lt;init&gt;(Expression.java:4)
	at asg06.Expression.&lt;init&gt;(Expression.java:4)
	at asg06.Expression.&lt;init&gt;(Expression.java:4)
	at asg06.Expression.&lt;init&gt;(Expression.java:4)
	at asg06.Expression.&lt;init&gt;(Expression.java:4)
	at asg06.Expression.&lt;init&gt;(Expression.java:4)
	at asg06.Expression.&lt;init&gt;(Expression.java:4)
	at asg06.Expression.&lt;init&gt;(Expression.java:4)
	at asg06.Expression.&lt;init&gt;(Expression.java:4)
	at asg06.Expression.&lt;init&gt;(Expression.java:4)
	at asg06.Expression.&lt;init&gt;(Expression.java:4)
	at asg06.Expression.&lt;init&gt;(Expression.java:4)
	at asg06.Expression.&lt;init&gt;(Expression.java:4)
	at asg06.Expression.&lt;init&gt;(Expression.java:4)
	at asg06.Expression.&lt;init&gt;(Expression.java:4)
	at asg06.Expression.&lt;init&gt;(Expression.java:4)
	at asg06.Expression.&lt;init&gt;(Expression.java:4)
	at asg06.Expression.&lt;init&gt;(Expression.java:4)
	at asg06.Expression.&lt;init&gt;(Expression.java:4)
	at asg06.Expression.&lt;init&gt;(Expression.java:4)
	at asg06.Expression.&lt;init&gt;(Expression.java:4)
	at asg06.Expression.&lt;init&gt;(Expression.java:4)
	at asg06.Expression.&lt;init&gt;(Expression.java:4)
	at asg06.Expression.&lt;init&gt;(Expression.java:4)
	at asg06.Expression.&lt;init&gt;(Expression.java:4)
	at asg06.Expression.&lt;init&gt;(Expression.java:4)
	at asg06.Expression.&lt;init&gt;(Expression.java:4)
	at asg06.Expression.&lt;init&gt;(Expression.java:4)
	at asg06.Expression.&lt;init&gt;(Expression.java:4)
	at asg06.Expression.&lt;init&gt;(Expression.java:4)
	at asg06.Expression.&lt;init&gt;(Expression.java:4)
	at asg06.Expression.&lt;init&gt;(Expression.java:4)
	at asg06.Expression.&lt;init&gt;(Expression.java:4)
	at asg06.Expression.&lt;init&gt;(Expression.java:4)
	at asg06.Expression.&lt;init&gt;(Expression.java:4)
	at asg06.Expression.&lt;init&gt;(Expression.java:4)
	at asg06.Expression.&lt;init&gt;(Expression.java:4)
	at asg06.Expression.&lt;init&gt;(Expression.java:4)
	at asg06.Expression.&lt;init&gt;(Expression.java:4)
	at asg06.Expression.&lt;init&gt;(Expression.java:4)
	at asg06.Expression.&lt;init&gt;(Expression.java:4)
	at asg06.Expression.&lt;init&gt;(Expression.java:4)
	at asg06.Expression.&lt;init&gt;(Expression.java:4)
	at asg06.Expression.&lt;init&gt;(Expression.java:4)
	at asg06.Expression.&lt;init&gt;(Expression.java:4)
	at asg06.Expression.&lt;init&gt;(Expression.java:4)
	at asg06.Expression.&lt;init&gt;(Expression.java:4)
	at asg06.Expression.&lt;init&gt;(Expression.java:4)
	at asg06.Expression.&lt;init&gt;(Expression.java:4)
	at asg06.Expression.&lt;init&gt;(Expression.java:4)
	at asg06.Expression.&lt;init&gt;(Expression.java:4)
	at asg06.Expression.&lt;init&gt;(Expression.java:4)
	at asg06.Expression.&lt;init&gt;(Expression.java:4)
	at asg06.Expression.&lt;init&gt;(Expression.java:4)
	at asg06.Expression.&lt;init&gt;(Expression.java:4)
	at asg06.Expression.&lt;init&gt;(Expression.java:4)
	at asg06.Expression.&lt;init&gt;(Expression.java:4)
	at asg06.Expression.&lt;init&gt;(Expression.java:4)
	at asg06.Expression.&lt;init&gt;(Expression.java:4)
	at asg06.Expression.&lt;init&gt;(Expression.java:4)
	at asg06.Expression.&lt;init&gt;(Expression.java:4)
	at asg06.Expression.&lt;init&gt;(Expression.java:4)
	at asg06.Expression.&lt;init&gt;(Expression.java:4)
	at asg06.Expression.&lt;init&gt;(Expression.java:4)
	at asg06.Expression.&lt;init&gt;(Expression.java:4)
	at asg06.Expression.&lt;init&gt;(Expression.java:4)
	at asg06.Expression.&lt;init&gt;(Expression.java:4)
	at asg06.Expression.&lt;init&gt;(Expression.java:4)
	at asg06.Expression.&lt;init&gt;(Expression.java:4)
	at asg06.Expression.&lt;init&gt;(Expression.java:4)
	at asg06.Expression.&lt;init&gt;(Expression.java:4)
	at asg06.Expression.&lt;init&gt;(Expression.java:4)
	at asg06.Expression.&lt;init&gt;(Expression.java:4)
	at asg06.Expression.&lt;init&gt;(Expression.java:4)
	at asg06.Expression.&lt;init&gt;(Expression.java:4)
	at asg06.Expression.&lt;init&gt;(Expression.java:4)
	at asg06.Expression.&lt;init&gt;(Expression.java:4)
	at asg06.Expression.&lt;init&gt;(Expression.java:4)
	at asg06.Expression.&lt;init&gt;(Expression.java:4)
	at asg06.Expression.&lt;init&gt;(Expression.java:4)
	at asg06.Expression.&lt;init&gt;(Expression.java:4)
	at asg06.Expression.&lt;init&gt;(Expression.java:4)
	at asg06.Expression.&lt;init&gt;(Expression.java:4)
	at asg06.Expression.&lt;init&gt;(Expression.java:4)
	at asg06.Expression.&lt;init&gt;(Expression.java:4)
	at asg06.Expression.&lt;init&gt;(Expression.java:4)
	at asg06.Expression.&lt;init&gt;(Expression.java:4)
	at asg06.Expression.&lt;init&gt;(Expression.java:4)
	at asg06.Expression.&lt;init&gt;(Expression.java:4)
	at asg06.Expression.&lt;init&gt;(Expression.java:4)
	at asg06.Expression.&lt;init&gt;(Expression.java:4)
	at asg06.Expression.&lt;init&gt;(Expression.java:4)
	at asg06.Expression.&lt;init&gt;(Expression.java:4)
	at asg06.Expression.&lt;init&gt;(Expression.java:4)
	at asg06.Expression.&lt;init&gt;(Expression.java:4)
	at asg06.Expression.&lt;init&gt;(Expression.java:4)
	at asg06.Expression.&lt;init&gt;(Expression.java:4)
	at asg06.Expression.&lt;init&gt;(Expression.java:4)
	at asg06.Expression.&lt;init&gt;(Expression.java:4)
	at asg06.Expression.&lt;init&gt;(Expression.java:4)
	at asg06.Expression.&lt;init&gt;(Expression.java:4)
	at asg06.Expression.&lt;init&gt;(Expression.java:4)
	at asg06.Expression.&lt;init&gt;(Expression.java:4)
	at asg06.Expression.&lt;init&gt;(Expression.java:4)
	at asg06.Expression.&lt;init&gt;(Expression.java:4)
	at asg06.Expression.&lt;init&gt;(Expression.java:4)
	at asg06.Expression.&lt;init&gt;(Expression.java:4)
	at asg06.Expression.&lt;init&gt;(Expression.java:4)
	at asg06.Expression.&lt;init&gt;(Expression.java:4)
	at asg06.Expression.&lt;init&gt;(Expression.java:4)
	at asg06.Expression.&lt;init&gt;(Expression.java:4)
	at asg06.Expression.&lt;init&gt;(Expression.java:4)
	at asg06.Expression.&lt;init&gt;(Expression.java:4)
	at asg06.Expression.&lt;init&gt;(Expression.java:4)
	at asg06.Expression.&lt;init&gt;(Expression.java:4)
	at asg06.Expression.&lt;init&gt;(Expression.java:4)
	at asg06.Expression.&lt;init&gt;(Expression.java:4)
	at asg06.Expression.&lt;init&gt;(Expression.java:4)
	at asg06.Expression.&lt;init&gt;(Expression.java:4)
	at asg06.Expression.&lt;init&gt;(Expression.java:4)
	at asg06.Expression.&lt;init&gt;(Expression.java:4)
	at asg06.Expression.&lt;init&gt;(Expression.java:4)
	at asg06.Expression.&lt;init&gt;(Expression.java:4)
	at asg06.Expression.&lt;init&gt;(Expression.java:4)
	at asg06.Expression.&lt;init&gt;(Expression.java:4)
	at asg06.Expression.&lt;init&gt;(Expression.java:4)
	at asg06.Expression.&lt;init&gt;(Expression.java:4)
	at asg06.Expression.&lt;init&gt;(Expression.java:4)
	at asg06.Expression.&lt;init&gt;(Expression.java:4)
	at asg06.Expression.&lt;init&gt;(Expression.java:4)
	at asg06.Expression.&lt;init&gt;(Expression.java:4)
	at asg06.Expression.&lt;init&gt;(Expression.java:4)
	at asg06.Expression.&lt;init&gt;(Expression.java:4)
	at asg06.Expression.&lt;init&gt;(Expression.java:4)
	at asg06.Expression.&lt;init&gt;(Expression.java:4)
	at asg06.Expression.&lt;init&gt;(Expression.java:4)
	at asg06.Expression.&lt;init&gt;(Expression.java:4)
	at asg06.Expression.&lt;init&gt;(Expression.java:4)
	at asg06.Expression.&lt;init&gt;(Expression.java:4)
	at asg06.Expression.&lt;init&gt;(Expression.java:4)
	at asg06.Expression.&lt;init&gt;(Expression.java:4)
	at asg06.Expression.&lt;init&gt;(Expression.java:4)
	at asg06.Expression.&lt;init&gt;(Expression.java:4)
	at asg06.Expression.&lt;init&gt;(Expression.java:4)
	at asg06.Expression.&lt;init&gt;(Expression.java:4)
	at asg06.Expression.&lt;init&gt;(Expression.java:4)
	at asg06.Expression.&lt;init&gt;(Expression.java:4)
	at asg06.Expression.&lt;init&gt;(Expression.java:4)
	at asg06.Expression.&lt;init&gt;(Expression.java:4)
	at asg06.Expression.&lt;init&gt;(Expression.java:4)
	at asg06.Expression.&lt;init&gt;(Expression.java:4)
	at asg06.Expression.&lt;init&gt;(Expression.java:4)
	at asg06.Expression.&lt;init&gt;(Expression.java:4)
	at asg06.Expression.&lt;init&gt;(Expression.java:4)
	at asg06.Expression.&lt;init&gt;(Expression.java:4)
	at asg06.Expression.&lt;init&gt;(Expression.java:4)
	at asg06.Expression.&lt;init&gt;(Expression.java:4)
	at asg06.Expression.&lt;init&gt;(Expression.java:4)
	at asg06.Expression.&lt;init&gt;(Expression.java:4)
	at asg06.Expression.&lt;init&gt;(Expression.java:4)
	at asg06.Expression.&lt;init&gt;(Expression.java:4)
	at asg06.Expression.&lt;init&gt;(Expression.java:4)
	at asg06.Expression.&lt;init&gt;(Expression.java:4)
	at asg06.Expression.&lt;init&gt;(Expression.java:4)
	at asg06.Expression.&lt;init&gt;(Expression.java:4)
	at asg06.Expression.&lt;init&gt;(Expression.java:4)
	at asg06.Expression.&lt;init&gt;(Expression.java:4)
	at asg06.Expression.&lt;init&gt;(Expression.java:4)
	at asg06.Expression.&lt;init&gt;(Expression.java:4)
	at asg06.Expression.&lt;init&gt;(Expression.java:4)
	at asg06.Expression.&lt;init&gt;(Expression.java:4)
	at asg06.Expression.&lt;init&gt;(Expression.java:4)
	at asg06.Expression.&lt;init&gt;(Expression.java:4)
	at asg06.Expression.&lt;init&gt;(Expression.java:4)
	at asg06.Expression.&lt;init&gt;(Expression.java:4)
	at asg06.Expression.&lt;init&gt;(Expression.java:4)
	at asg06.Expression.&lt;init&gt;(Expression.java:4)
	at asg06.Expression.&lt;init&gt;(Expression.java:4)
	at asg06.Expression.&lt;init&gt;(Expression.java:4)
	at asg06.Expression.&lt;init&gt;(Expression.java:4)
	at asg06.Expression.&lt;init&gt;(Expression.java:4)
	at asg06.Expression.&lt;init&gt;(Expression.java:4)
	at asg06.Expression.&lt;init&gt;(Expression.java:4)
	at asg06.Expression.&lt;init&gt;(Expression.java:4)
	at asg06.Expression.&lt;init&gt;(Expression.java:4)
	at asg06.Expression.&lt;init&gt;(Expression.java:4)
	at asg06.Expression.&lt;init&gt;(Expression.java:4)
	at asg06.Expression.&lt;init&gt;(Expression.java:4)
	at asg06.Expression.&lt;init&gt;(Expression.java:4)
	at asg06.Expression.&lt;init&gt;(Expression.java:4)
	at asg06.Expression.&lt;init&gt;(Expression.java:4)
	at asg06.Expression.&lt;init&gt;(Expression.java:4)
	at asg06.Expression.&lt;init&gt;(Expression.java:4)
	at asg06.Expression.&lt;init&gt;(Expression.java:4)
	at asg06.Expression.&lt;init&gt;(Expression.java:4)
	at asg06.Expression.&lt;init&gt;(Expression.java:4)
	at asg06.Expression.&lt;init&gt;(Expression.java:4)
	at asg06.Expression.&lt;init&gt;(Expression.java:4)
	at asg06.Expression.&lt;init&gt;(Expression.java:4)
	at asg06.Expression.&lt;init&gt;(Expression.java:4)
	at asg06.Expression.&lt;init&gt;(Expression.java:4)
	at asg06.Expression.&lt;init&gt;(Expression.java:4)
	at asg06.Expression.&lt;init&gt;(Expression.java:4)
	at asg06.Expression.&lt;init&gt;(Expression.java:4)
	at asg06.Expression.&lt;init&gt;(Expression.java:4)
	at asg06.Expression.&lt;init&gt;(Expression.java:4)
	at asg06.Expression.&lt;init&gt;(Expression.java:4)
	at asg06.Expression.&lt;init&gt;(Expression.java:4)
	at asg06.Expression.&lt;init&gt;(Expression.java:4)
	at asg06.Expression.&lt;init&gt;(Expression.java:4)
	at asg06.Expression.&lt;init&gt;(Expression.java:4)
	at asg06.Expression.&lt;init&gt;(Expression.java:4)
	at asg06.Expression.&lt;init&gt;(Expression.java:4)
	at asg06.Expression.&lt;init&gt;(Expression.java:4)
	at asg06.Expression.&lt;init&gt;(Expression.java:4)
	at asg06.Expression.&lt;init&gt;(Expression.java:4)
	at asg06.Expression.&lt;init&gt;(Expression.java:4)
	at asg06.Expression.&lt;init&gt;(Expression.java:4)
	at asg06.Expression.&lt;init&gt;(Expression.java:4)
	at asg06.Expression.&lt;init&gt;(Expression.java:4)
	at asg06.Expression.&lt;init&gt;(Expression.java:4)
	at asg06.Expression.&lt;init&gt;(Expression.java:4)
	at asg06.Expression.&lt;init&gt;(Expression.java:4)
	at asg06.Expression.&lt;init&gt;(Expression.java:4)
	at asg06.Expression.&lt;init&gt;(Expression.java:4)
	at asg06.Expression.&lt;init&gt;(Expression.java:4)
	at asg06.Expression.&lt;init&gt;(Expression.java:4)
	at asg06.Expression.&lt;init&gt;(Expression.java:4)
	at asg06.Expression.&lt;init&gt;(Expression.java:4)
	at asg06.Expression.&lt;init&gt;(Expression.java:4)
	at asg06.Expression.&lt;init&gt;(Expression.java:4)
	at asg06.Expression.&lt;init&gt;(Expression.java:4)
	at asg06.Expression.&lt;init&gt;(Expression.java:4)
	at asg06.Expression.&lt;init&gt;(Expression.java:4)
	at asg06.Expression.&lt;init&gt;(Expression.java:4)
	at asg06.Expression.&lt;init&gt;(Expression.java:4)
	at asg06.Expression.&lt;init&gt;(Expression.java:4)
	at asg06.Expression.&lt;init&gt;(Expression.java:4)
	at asg06.Expression.&lt;init&gt;(Expression.java:4)
	at asg06.Expression.&lt;init&gt;(Expression.java:4)
	at asg06.Expression.&lt;init&gt;(Expression.java:4)
	at asg06.Expression.&lt;init&gt;(Expression.java:4)
	at asg06.Expression.&lt;init&gt;(Expression.java:4)
	at asg06.Expression.&lt;init&gt;(Expression.java:4)
	at asg06.Expression.&lt;init&gt;(Expression.java:4)
	at asg06.Expression.&lt;init&gt;(Expression.java:4)
	at asg06.Expression.&lt;init&gt;(Expression.java:4)
	at asg06.Expression.&lt;init&gt;(Expression.java:4)
	at asg06.Expression.&lt;init&gt;(Expression.java:4)
	at asg06.Expression.&lt;init&gt;(Expression.java:4)
	at asg06.Expression.&lt;init&gt;(Expression.java:4)
	at asg06.Expression.&lt;init&gt;(Expression.java:4)
	at asg06.Expression.&lt;init&gt;(Expression.java:4)
	at asg06.Expression.&lt;init&gt;(Expression.java:4)
	at asg06.Expression.&lt;init&gt;(Expression.java:4)
	at asg06.Expression.&lt;init&gt;(Expression.java:4)
	at asg06.Expression.&lt;init&gt;(Expression.java:4)
	at asg06.Expression.&lt;init&gt;(Expression.java:4)
	at asg06.Expression.&lt;init&gt;(Expression.java:4)
	at asg06.Expression.&lt;init&gt;(Expression.java:4)
	at asg06.Expression.&lt;init&gt;(Expression.java:4)
	at asg06.Expression.&lt;init&gt;(Expression.java:4)
	at asg06.Expression.&lt;init&gt;(Expression.java:4)
	at asg06.Expression.&lt;init&gt;(Expression.java:4)
	at asg06.Expression.&lt;init&gt;(Expression.java:4)
	at asg06.Expression.&lt;init&gt;(Expression.java:4)
	at asg06.Expression.&lt;init&gt;(Expression.java:4)
	at asg06.Expression.&lt;init&gt;(Expression.java:4)
	at asg06.Expression.&lt;init&gt;(Expression.java:4)
	at asg06.Expression.&lt;init&gt;(Expression.java:4)
	at asg06.Expression.&lt;init&gt;(Expression.java:4)
	at asg06.Expression.&lt;init&gt;(Expression.java:4)
	at asg06.Expression.&lt;init&gt;(Expression.java:4)
	at asg06.Expression.&lt;init&gt;(Expression.java:4)
	at asg06.Expression.&lt;init&gt;(Expression.java:4)
	at asg06.Expression.&lt;init&gt;(Expression.java:4)
	at asg06.Expression.&lt;init&gt;(Expression.java:4)
	at asg06.Expression.&lt;init&gt;(Expression.java:4)
	at asg06.Expression.&lt;init&gt;(Expression.java:4)
	at asg06.Expression.&lt;init&gt;(Expression.java:4)
	at asg06.Expression.&lt;init&gt;(Expression.java:4)
	at asg06.Expression.&lt;init&gt;(Expression.java:4)
	at asg06.Expression.&lt;init&gt;(Expression.java:4)
	at asg06.Expression.&lt;init&gt;(Expression.java:4)
	at asg06.Expression.&lt;init&gt;(Expression.java:4)
	at asg06.Expression.&lt;init&gt;(Expression.java:4)
	at asg06.Expression.&lt;init&gt;(Expression.java:4)
	at asg06.Expression.&lt;init&gt;(Expression.java:4)
	at asg06.Expression.&lt;init&gt;(Expression.java:4)
	at asg06.Expression.&lt;init&gt;(Expression.java:4)
	at asg06.Expression.&lt;init&gt;(Expression.java:4)
	at asg06.Expression.&lt;init&gt;(Expression.java:4)
	at asg06.Expression.&lt;init&gt;(Expression.java:4)
	at asg06.Expression.&lt;init&gt;(Expression.java:4)
	at asg06.Expression.&lt;init&gt;(Expression.java:4)
	at asg06.Expression.&lt;init&gt;(Expression.java:4)
	at asg06.Expression.&lt;init&gt;(Expression.java:4)
	at asg06.Expression.&lt;init&gt;(Expression.java:4)
	at asg06.Expression.&lt;init&gt;(Expression.java:4)
	at asg06.Expression.&lt;init&gt;(Expression.java:4)
	at asg06.Expression.&lt;init&gt;(Expression.java:4)
	at asg06.Expression.&lt;init&gt;(Expression.java:4)
	at asg06.Expression.&lt;init&gt;(Expression.java:4)
	at asg06.Expression.&lt;init&gt;(Expression.java:4)
	at asg06.Expression.&lt;init&gt;(Expression.java:4)
	at asg06.Expression.&lt;init&gt;(Expression.java:4)
	at asg06.Expression.&lt;init&gt;(Expression.java:4)
	at asg06.Expression.&lt;init&gt;(Expression.java:4)
	at asg06.Expression.&lt;init&gt;(Expression.java:4)
	at asg06.Expression.&lt;init&gt;(Expression.java:4)
	at asg06.Expression.&lt;init&gt;(Expression.java:4)
	at asg06.Expression.&lt;init&gt;(Expression.java:4)
	at asg06.Expression.&lt;init&gt;(Expression.java:4)
	at asg06.Expression.&lt;init&gt;(Expression.java:4)
	at asg06.Expression.&lt;init&gt;(Expression.java:4)
	at asg06.Expression.&lt;init&gt;(Expression.java:4)
	at asg06.Expression.&lt;init&gt;(Expression.java:4)
	at asg06.Expression.&lt;init&gt;(Expression.java:4)
	at asg06.Expression.&lt;init&gt;(Expression.java:4)
	at asg06.Expression.&lt;init&gt;(Expression.java:4)
	at asg06.Expression.&lt;init&gt;(Expression.java:4)
	at asg06.Expression.&lt;init&gt;(Expression.java:4)
	at asg06.Expression.&lt;init&gt;(Expression.java:4)
	at asg06.Expression.&lt;init&gt;(Expression.java:4)
	at asg06.Expression.&lt;init&gt;(Expression.java:4)
	at asg06.Expression.&lt;init&gt;(Expression.java:4)
	at asg06.Expression.&lt;init&gt;(Expression.java:4)
	at asg06.Expression.&lt;init&gt;(Expression.java:4)
	at asg06.Expression.&lt;init&gt;(Expression.java:4)
	at asg06.Expression.&lt;init&gt;(Expression.java:4)
	at asg06.Expression.&lt;init&gt;(Expression.java:4)
	at asg06.Expression.&lt;init&gt;(Expression.java:4)
	at asg06.Expression.&lt;init&gt;(Expression.java:4)
	at asg06.Expression.&lt;init&gt;(Expression.java:4)
	at asg06.Expression.&lt;init&gt;(Expression.java:4)
	at asg06.Expression.&lt;init&gt;(Expression.java:4)
	at asg06.Expression.&lt;init&gt;(Expression.java:4)
	at asg06.Expression.&lt;init&gt;(Expression.java:4)
	at asg06.Expression.&lt;init&gt;(Expression.java:4)
	at asg06.Expression.&lt;init&gt;(Expression.java:4)
	at asg06.Expression.&lt;init&gt;(Expression.java:4)
	at asg06.Expression.&lt;init&gt;(Expression.java:4)
	at asg06.Expression.&lt;init&gt;(Expression.java:4)
	at asg06.Expression.&lt;init&gt;(Expression.java:4)
	at asg06.Expression.&lt;init&gt;(Expression.java:4)
	at asg06.Expression.&lt;init&gt;(Expression.java:4)
	at asg06.Expression.&lt;init&gt;(Expression.java:4)
	at asg06.Expression.&lt;init&gt;(Expression.java:4)
	at asg06.Expression.&lt;init&gt;(Expression.java:4)
	at asg06.Expression.&lt;init&gt;(Expression.java:4)
	at asg06.Expression.&lt;init&gt;(Expression.java:4)
	at asg06.Expression.&lt;init&gt;(Expression.java:4)
	at asg06.Expression.&lt;init&gt;(Expression.java:4)
	at asg06.Expression.&lt;init&gt;(Expression.java:4)
	at asg06.Expression.&lt;init&gt;(Expression.java:4)
	at asg06.Expression.&lt;init&gt;(Expression.java:4)
	at asg06.Expression.&lt;init&gt;(Expression.java:4)
	at asg06.Expression.&lt;init&gt;(Expression.java:4)
	at asg06.Expression.&lt;init&gt;(Expression.java:4)
	at asg06.Expression.&lt;init&gt;(Expression.java:4)
	at asg06.Expression.&lt;init&gt;(Expression.java:4)
	at asg06.Expression.&lt;init&gt;(Expression.java:4)
	at asg06.Expression.&lt;init&gt;(Expression.java:4)
	at asg06.Expression.&lt;init&gt;(Expression.java:4)
	at asg06.Expression.&lt;init&gt;(Expression.java:4)
	at asg06.Expression.&lt;init&gt;(Expression.java:4)
	at asg06.Expression.&lt;init&gt;(Expression.java:4)
	at asg06.Expression.&lt;init&gt;(Expression.java:4)
	at asg06.Expression.&lt;init&gt;(Expression.java:4)
	at asg06.Expression.&lt;init&gt;(Expression.java:4)
	at asg06.Expression.&lt;init&gt;(Expression.java:4)
	at asg06.Expression.&lt;init&gt;(Expression.java:4)
	at asg06.Expression.&lt;init&gt;(Expression.java:4)
	at asg06.Expression.&lt;init&gt;(Expression.java:4)
	at asg06.Expression.&lt;init&gt;(Expression.java:4)
	at asg06.Expression.&lt;init&gt;(Expression.java:4)
	at asg06.Expression.&lt;init&gt;(Expression.java:4)
	at asg06.Expression.&lt;init&gt;(Expression.java:4)
	at asg06.Expression.&lt;init&gt;(Expression.java:4)
	at asg06.Expression.&lt;init&gt;(Expression.java:4)
	at asg06.Expression.&lt;init&gt;(Expression.java:4)
	at asg06.Expression.&lt;init&gt;(Expression.java:4)
	at asg06.Expression.&lt;init&gt;(Expression.java:4)
	at asg06.Expression.&lt;init&gt;(Expression.java:4)
	at asg06.Expression.&lt;init&gt;(Expression.java:4)
	at asg06.Expression.&lt;init&gt;(Expression.java:4)
	at asg06.Expression.&lt;init&gt;(Expression.java:4)
	at asg06.Expression.&lt;init&gt;(Expression.java:4)
	at asg06.Expression.&lt;init&gt;(Expression.java:4)
	at asg06.Expression.&lt;init&gt;(Expression.java:4)
	at asg06.Expression.&lt;init&gt;(Expression.java:4)
	at asg06.Expression.&lt;init&gt;(Expression.java:4)
	at asg06.Expression.&lt;init&gt;(Expression.java:4)
	at asg06.Expression.&lt;init&gt;(Expression.java:4)
	at asg06.Expression.&lt;init&gt;(Expression.java:4)
	at asg06.Expression.&lt;init&gt;(Expression.java:4)
	at asg06.Expression.&lt;init&gt;(Expression.java:4)
	at asg06.Expression.&lt;init&gt;(Expression.java:4)
	at asg06.Expression.&lt;init&gt;(Expression.java:4)
	at asg06.Expression.&lt;init&gt;(Expression.java:4)
	at asg06.Expression.&lt;init&gt;(Expression.java:4)
	at asg06.Expression.&lt;init&gt;(Expression.java:4)
	at asg06.Expression.&lt;init&gt;(Expression.java:4)
	at asg06.Expression.&lt;init&gt;(Expression.java:4)
	at asg06.Expression.&lt;init&gt;(Expression.java:4)
	at asg06.Expression.&lt;init&gt;(Expression.java:4)
	at asg06.Expression.&lt;init&gt;(Expression.java:4)
	at asg06.Expression.&lt;init&gt;(Expression.java:4)
	at asg06.Expression.&lt;init&gt;(Expression.java:4)
	at asg06.Expression.&lt;init&gt;(Expression.java:4)
	at asg06.Expression.&lt;init&gt;(Expression.java:4)
	at asg06.Expression.&lt;init&gt;(Expression.java:4)
	at asg06.Expression.&lt;init&gt;(Expression.java:4)
	at asg06.Expression.&lt;init&gt;(Expression.java:4)
	at asg06.Expression.&lt;init&gt;(Expression.java:4)
	at asg06.Expression.&lt;init&gt;(Expression.java:4)
	at asg06.Expression.&lt;init&gt;(Expression.java:4)
	at asg06.Expression.&lt;init&gt;(Expression.java:4)
	at asg06.Expression.&lt;init&gt;(Expression.java:4)
	at asg06.Expression.&lt;init&gt;(Expression.java:4)
	at asg06.Expression.&lt;init&gt;(Expression.java:4)
	at asg06.Expression.&lt;init&gt;(Expression.java:4)
	at asg06.Expression.&lt;init&gt;(Expression.java:4)
	at asg06.Expression.&lt;init&gt;(Expression.java:4)
	at asg06.Expression.&lt;init&gt;(Expression.java:4)
	at asg06.Expression.&lt;init&gt;(Expression.java:4)
	at asg06.Expression.&lt;init&gt;(Expression.java:4)
	at asg06.Expression.&lt;init&gt;(Expression.java:4)
	at asg06.Expression.&lt;init&gt;(Expression.java:4)
	at asg06.Expression.&lt;init&gt;(Expression.java:4)
	at asg06.Expression.&lt;init&gt;(Expression.java:4)
	at asg06.Expression.&lt;init&gt;(Expression.java:4)
	at asg06.Expression.&lt;init&gt;(Expression.java:4)
	at asg06.Expression.&lt;init&gt;(Expression.java:4)
	at asg06.Expression.&lt;init&gt;(Expression.java:4)
	at asg06.Expression.&lt;init&gt;(Expression.java:4)
	at asg06.Expression.&lt;init&gt;(Expression.java:4)
	at asg06.Expression.&lt;init&gt;(Expression.java:4)
	at asg06.Expression.&lt;init&gt;(Expression.java:4)
	at asg06.Expression.&lt;init&gt;(Expression.java:4)
	at asg06.Expression.&lt;init&gt;(Expression.java:4)
	at asg06.Expression.&lt;init&gt;(Expression.java:4)
	at asg06.Expression.&lt;init&gt;(Expression.java:4)
	at asg06.Expression.&lt;init&gt;(Expression.java:4)
	at asg06.Expression.&lt;init&gt;(Expression.java:4)
	at asg06.Expression.&lt;init&gt;(Expression.java:4)
	at asg06.Expression.&lt;init&gt;(Expression.java:4)
	at asg06.Expression.&lt;init&gt;(Expression.java:4)
	at asg06.Expression.&lt;init&gt;(Expression.java:4)
	at asg06.Expression.&lt;init&gt;(Expression.java:4)
	at asg06.Expression.&lt;init&gt;(Expression.java:4)
	at asg06.Expression.&lt;init&gt;(Expression.java:4)
	at asg06.Expression.&lt;init&gt;(Expression.java:4)
	at asg06.Expression.&lt;init&gt;(Expression.java:4)
	at asg06.Expression.&lt;init&gt;(Expression.java:4)
	at asg06.Expression.&lt;init&gt;(Expression.java:4)
	at asg06.Expression.&lt;init&gt;(Expression.java:4)
	at asg06.Expression.&lt;init&gt;(Expression.java:4)
	at asg06.Expression.&lt;init&gt;(Expression.java:4)
	at asg06.Expression.&lt;init&gt;(Expression.java:4)
	at asg06.Expression.&lt;init&gt;(Expression.java:4)
	at asg06.Expression.&lt;init&gt;(Expression.java:4)
	at asg06.Expression.&lt;init&gt;(Expression.java:4)
	at asg06.Expression.&lt;init&gt;(Expression.java:4)
	at asg06.Expression.&lt;init&gt;(Expression.java:4)
	at asg06.Expression.&lt;init&gt;(Expression.java:4)
	at asg06.Expression.&lt;init&gt;(Expression.java:4)
	at asg06.Expression.&lt;init&gt;(Expression.java:4)
	at asg06.Expression.&lt;init&gt;(Expression.java:4)
	at asg06.Expression.&lt;init&gt;(Expression.java:4)
	at asg06.Expression.&lt;init&gt;(Expression.java:4)
	at asg06.Expression.&lt;init&gt;(Expression.java:4)
	at asg06.Expression.&lt;init&gt;(Expression.java:4)
	at asg06.Expression.&lt;init&gt;(Expression.java:4)
	at asg06.Expression.&lt;init&gt;(Expression.java:4)
	at asg06.Expression.&lt;init&gt;(Expression.java:4)
	at asg06.Expression.&lt;init&gt;(Expression.java:4)
	at asg06.Expression.&lt;init&gt;(Expression.java:4)
	at asg06.Expression.&lt;init&gt;(Expression.java:4)
	at asg06.Expression.&lt;init&gt;(Expression.java:4)
	at asg06.Expression.&lt;init&gt;(Expression.java:4)
	at asg06.Expression.&lt;init&gt;(Expression.java:4)
	at asg06.Expression.&lt;init&gt;(Expression.java:4)
	at asg06.Expression.&lt;init&gt;(Expression.java:4)
	at asg06.Expression.&lt;init&gt;(Expression.java:4)
	at asg06.Expression.&lt;init&gt;(Expression.java:4)
	at asg06.Expression.&lt;init&gt;(Expression.java:4)
	at asg06.Expression.&lt;init&gt;(Expression.java:4)
	at asg06.Expression.&lt;init&gt;(Expression.java:4)
	at asg06.Expression.&lt;init&gt;(Expression.java:4)
	at asg06.Expression.&lt;init&gt;(Expression.java:4)
	at asg06.Expression.&lt;init&gt;(Expression.java:4)
	at asg06.Expression.&lt;init&gt;(Expression.java:4)
	at asg06.Expression.&lt;init&gt;(Expression.java:4)
	at asg06.Expression.&lt;init&gt;(Expression.java:4)
	at asg06.Expression.&lt;init&gt;(Expression.java:4)
	at asg06.Expression.&lt;init&gt;(Expression.java:4)
	at asg06.Expression.&lt;init&gt;(Expression.java:4)
	at asg06.Expression.&lt;init&gt;(Expression.java:4)
	at asg06.Expression.&lt;init&gt;(Expression.java:4)
	at asg06.Expression.&lt;init&gt;(Expression.java:4)
	at asg06.Expression.&lt;init&gt;(Expression.java:4)
	at asg06.Expression.&lt;init&gt;(Expression.java:4)
	at asg06.Expression.&lt;init&gt;(Expression.java:4)
	at asg06.Expression.&lt;init&gt;(Expression.java:4)
	at asg06.Expression.&lt;init&gt;(Expression.java:4)
	at asg06.Expression.&lt;init&gt;(Expression.java:4)
	at asg06.Expression.&lt;init&gt;(Expression.java:4)
	at asg06.Expression.&lt;init&gt;(Expression.java:4)
	at asg06.Expression.&lt;init&gt;(Expression.java:4)
	at asg06.Expression.&lt;init&gt;(Expression.java:4)
	at asg06.Expression.&lt;init&gt;(Expression.java:4)
	at asg06.Expression.&lt;init&gt;(Expression.java:4)
	at asg06.Expression.&lt;init&gt;(Expression.java:4)
	at asg06.Expression.&lt;init&gt;(Expression.java:4)
	at asg06.Expression.&lt;init&gt;(Expression.java:4)
	at asg06.Expression.&lt;init&gt;(Expression.java:4)
	at asg06.Expression.&lt;init&gt;(Expression.java:4)
	at asg06.Expression.&lt;init&gt;(Expression.java:4)
	at asg06.Expression.&lt;init&gt;(Expression.java:4)
	at asg06.Expression.&lt;init&gt;(Expression.java:4)
	at asg06.Expression.&lt;init&gt;(Expression.java:4)
	at asg06.Expression.&lt;init&gt;(Expression.java:4)
	at asg06.Expression.&lt;init&gt;(Expression.java:4)
	at asg06.Expression.&lt;init&gt;(Expression.java:4)
	at asg06.Expression.&lt;init&gt;(Expression.java:4)
	at asg06.Expression.&lt;init&gt;(Expression.java:4)
	at asg06.Expression.&lt;init&gt;(Expression.java:4)
	at asg06.Expression.&lt;init&gt;(Expression.java:4)
	at asg06.Expression.&lt;init&gt;(Expression.java:4)
	at asg06.Expression.&lt;init&gt;(Expression.java:4)
	at asg06.Expression.&lt;init&gt;(Expression.java:4)
	at asg06.Expression.&lt;init&gt;(Expression.java:4)
	at asg06.Expression.&lt;init&gt;(Expression.java:4)
	at asg06.Expression.&lt;init&gt;(Expression.java:4)
	at asg06.Expression.&lt;init&gt;(Expression.java:4)
	at asg06.Expression.&lt;init&gt;(Expression.java:4)
	at asg06.Expression.&lt;init&gt;(Expression.java:4)
	at asg06.Expression.&lt;init&gt;(Expression.java:4)
	at asg06.Expression.&lt;init&gt;(Expression.java:4)
	at asg06.Expression.&lt;init&gt;(Expression.java:4)
	at asg06.Expression.&lt;init&gt;(Expression.java:4)
	at asg06.Expression.&lt;init&gt;(Expression.java:4)
	at asg06.Expression.&lt;init&gt;(Expression.java:4)
	at asg06.Expression.&lt;init&gt;(Expression.java:4)
	at asg06.Expression.&lt;init&gt;(Expression.java:4)
	at asg06.Expression.&lt;init&gt;(Expression.java:4)
	at asg06.Expression.&lt;init&gt;(Expression.java:4)
	at asg06.Expression.&lt;init&gt;(Expression.java:4)
	at asg06.Expression.&lt;init&gt;(Expression.java:4)
	at asg06.Expression.&lt;init&gt;(Expression.java:4)
	at asg06.Expression.&lt;init&gt;(Expression.java:4)
	at asg06.Expression.&lt;init&gt;(Expression.java:4)
	at asg06.Expression.&lt;init&gt;(Expression.java:4)
	at asg06.Expression.&lt;init&gt;(Expression.java:4)
	at asg06.Expression.&lt;init&gt;(Expression.java:4)
	at asg06.Expression.&lt;init&gt;(Expression.java:4)
	at asg06.Expression.&lt;init&gt;(Expression.java:4)
	at asg06.Expression.&lt;init&gt;(Expression.java:4)
	at asg06.Expression.&lt;init&gt;(Expression.java:4)
	at asg06.Expression.&lt;init&gt;(Expression.java:4)
	at asg06.Expression.&lt;init&gt;(Expression.java:4)
	at asg06.Expression.&lt;init&gt;(Expression.java:4)
	at asg06.Expression.&lt;init&gt;(Expression.java:4)
	at asg06.Expression.&lt;init&gt;(Expression.java:4)
	at asg06.Expression.&lt;init&gt;(Expression.java:4)
	at asg06.Expression.&lt;init&gt;(Expression.java:4)
	at asg06.Expression.&lt;init&gt;(Expression.java:4)
	at asg06.Expression.&lt;init&gt;(Expression.java:4)
	at asg06.Expression.&lt;init&gt;(Expression.java:4)
	at asg06.Expression.&lt;init&gt;(Expression.java:4)
	at asg06.Expression.&lt;init&gt;(Expression.java:4)
	at asg06.Expression.&lt;init&gt;(Expression.java:4)
	at asg06.Expression.&lt;init&gt;(Expression.java:4)
	at asg06.Expression.&lt;init&gt;(Expression.java:4)
	at asg06.Expression.&lt;init&gt;(Expression.java:4)
	at asg06.Expression.&lt;init&gt;(Expression.java:4)
	at asg06.Expression.&lt;init&gt;(Expression.java:4)
	at asg06.Expression.&lt;init&gt;(Expression.java:4)
	at asg06.Expression.&lt;init&gt;(Expression.java:4)
	at asg06.Expression.&lt;init&gt;(Expression.java:4)
	at asg06.Expression.&lt;init&gt;(Expression.java:4)
	at asg06.Expression.&lt;init&gt;(Expression.java:4)
	at asg06.Expression.&lt;init&gt;(Expression.java:4)
	at asg06.Expression.&lt;init&gt;(Expression.java:4)
	at asg06.Expression.&lt;init&gt;(Expression.java:4)
	at asg06.Expression.&lt;init&gt;(Expression.java:4)
	at asg06.Expression.&lt;init&gt;(Expression.java:4)
	at asg06.Expression.&lt;init&gt;(Expression.java:4)
	at asg06.Expression.&lt;init&gt;(Expression.java:4)
	at asg06.Expression.&lt;init&gt;(Expression.java:4)
	at asg06.Expression.&lt;init&gt;(Expression.java:4)
	at asg06.Expression.&lt;init&gt;(Expression.java:4)
	at asg06.Expression.&lt;init&gt;(Expression.java:4)
	at asg06.Expression.&lt;init&gt;(Expression.java:4)
	at asg06.Expression.&lt;init&gt;(Expression.java:4)
	at asg06.Expression.&lt;init&gt;(Expression.java:4)
	at asg06.Expression.&lt;init&gt;(Expression.java:4)
	at asg06.Expression.&lt;init&gt;(Expression.java:4)
	at asg06.Expression.&lt;init&gt;(Expression.java:4)
	at asg06.Expression.&lt;init&gt;(Expression.java:4)
	at asg06.Expression.&lt;init&gt;(Expression.java:4)
	at asg06.Expression.&lt;init&gt;(Expression.java:4)
	at asg06.Expression.&lt;init&gt;(Expression.java:4)
	at asg06.Expression.&lt;init&gt;(Expression.java:4)
	at asg06.Expression.&lt;init&gt;(Expression.java:4)
	at asg06.Expression.&lt;init&gt;(Expression.java:4)
	at asg06.Expression.&lt;init&gt;(Expression.java:4)
	at asg06.Expression.&lt;init&gt;(Expression.java:4)
	at asg06.Expression.&lt;init&gt;(Expression.java:4)
	at asg06.Expression.&lt;init&gt;(Expression.java:4)
	at asg06.Expression.&lt;init&gt;(Expression.java:4)
	at asg06.Expression.&lt;init&gt;(Expression.java:4)
	at asg06.Expression.&lt;init&gt;(Expression.java:4)
	at asg06.Expression.&lt;init&gt;(Expression.java:4)
	at asg06.Expression.&lt;init&gt;(Expression.java:4)
	at asg06.Expression.&lt;init&gt;(Expression.java:4)
	at asg06.Expression.&lt;init&gt;(Expression.java:4)
	at asg06.Expression.&lt;init&gt;(Expression.java:4)
	at asg06.Expression.&lt;init&gt;(Expression.java:4)
	at asg06.Expression.&lt;init&gt;(Expression.java:4)
	at asg06.Expression.&lt;init&gt;(Expression.java:4)
	at asg06.Expression.&lt;init&gt;(Expression.java:4)
	at asg06.Expression.&lt;init&gt;(Expression.java:4)
	at asg06.Expression.&lt;init&gt;(Expression.java:4)
	at asg06.Expression.&lt;init&gt;(Expression.java:4)
	at asg06.Expression.&lt;init&gt;(Expression.java:4)
	at asg06.Expression.&lt;init&gt;(Expression.java:4)
	at asg06.Expression.&lt;init&gt;(Expression.java:4)
	at asg06.Expression.&lt;init&gt;(Expression.java:4)
	at asg06.Expression.&lt;init&gt;(Expression.java:4)
	at asg06.Expression.&lt;init&gt;(Expression.java:4)
	at asg06.Expression.&lt;init&gt;(Expression.java:4)
	at asg06.Expression.&lt;init&gt;(Expression.java:4)
	at asg06.Expression.&lt;init&gt;(Expression.java:4)
	at asg06.Expression.&lt;init&gt;(Expression.java:4)
	at asg06.Expression.&lt;init&gt;(Expression.java:4)
	at asg06.Expression.&lt;init&gt;(Expression.java:4)
	at asg06.Expression.&lt;init&gt;(Expression.java:4)
	at asg06.Expression.&lt;init&gt;(Expression.java:4)
	at asg06.Expression.&lt;init&gt;(Expression.java:4)
	at asg06.Expression.&lt;init&gt;(Expression.java:4)
	at asg06.Expression.&lt;init&gt;(Expression.java:4)
	at asg06.Expression.&lt;init&gt;(Expression.java:4)
	at asg06.Expression.&lt;init&gt;(Expression.java:4)
	at asg06.Expression.&lt;init&gt;(Expression.java:4)
	at asg06.Expression.&lt;init&gt;(Expression.java:4)
	at asg06.Expression.&lt;init&gt;(Expression.java:4)
	at asg06.Expression.&lt;init&gt;(Expression.java:4)
	at asg06.Expression.&lt;init&gt;(Expression.java:4)
	at asg06.Expression.&lt;init&gt;(Expression.java:4)
	at asg06.Expression.&lt;init&gt;(Expression.java:4)
	at asg06.Expression.&lt;init&gt;(Expression.java:4)
	at asg06.Expression.&lt;init&gt;(Expression.java:4)
	at asg06.Expression.&lt;init&gt;(Expression.java:4)
	at asg06.Expression.&lt;init&gt;(Expression.java:4)
	at asg06.Expression.&lt;init&gt;(Expression.java:4)
	at asg06.Expression.&lt;init&gt;(Expression.java:4)
	at asg06.Expression.&lt;init&gt;(Expression.java:4)
	at asg06.Expression.&lt;init&gt;(Expression.java:4)
	at asg06.Expression.&lt;init&gt;(Expression.java:4)
	at asg06.Expression.&lt;init&gt;(Expression.java:4)
	at asg06.Expression.&lt;init&gt;(Expression.java:4)
	at asg06.Expression.&lt;init&gt;(Expression.java:4)
	at asg06.Expression.&lt;init&gt;(Expression.java:4)
	at asg06.Expression.&lt;init&gt;(Expression.java:4)
	at asg06.Expression.&lt;init&gt;(Expression.java:4)
	at asg06.Expression.&lt;init&gt;(Expression.java:4)
	at asg06.Expression.&lt;init&gt;(Expression.java:4)
	at asg06.Expression.&lt;init&gt;(Expression.java:4)
	at asg06.Expression.&lt;init&gt;(Expression.java:4)
	at asg06.Expression.&lt;init&gt;(Expression.java:4)
	at asg06.Expression.&lt;init&gt;(Expression.java:4)
	at asg06.Expression.&lt;init&gt;(Expression.java:4)
	at asg06.Expression.&lt;init&gt;(Expression.java:4)
	at asg06.Expression.&lt;init&gt;(Expression.java:4)
	at asg06.Expression.&lt;init&gt;(Expression.java:4)
	at asg06.Expression.&lt;init&gt;(Expression.java:4)
	at asg06.Expression.&lt;init&gt;(Expression.java:4)
	at asg06.Expression.&lt;init&gt;(Expression.java:4)
	at asg06.Expression.&lt;init&gt;(Expression.java:4)
	at asg06.Expression.&lt;init&gt;(Expression.java:4)
	at asg06.Expression.&lt;init&gt;(Expression.java:4)
	at asg06.Expression.&lt;init&gt;(Expression.java:4)
	at asg06.Expression.&lt;init&gt;(Expression.java:4)
	at asg06.Expression.&lt;init&gt;(Expression.java:4)
	at asg06.Expression.&lt;init&gt;(Expression.java:4)
	at asg06.Expression.&lt;init&gt;(Expression.java:4)
	at asg06.Expression.&lt;init&gt;(Expression.java:4)
	at asg06.Expression.&lt;init&gt;(Expression.java:4)
	at asg06.Expression.&lt;init&gt;(Expression.java:4)
	at asg06.Expression.&lt;init&gt;(Expression.java:4)
	at asg06.Expression.&lt;init&gt;(Expression.java:4)
	at asg06.Expression.&lt;init&gt;(Expression.java:4)
	at asg06.Expression.&lt;init&gt;(Expression.java:4)
	at asg06.Expression.&lt;init&gt;(Expression.java:4)
	at asg06.Expression.&lt;init&gt;(Expression.java:4)
	at asg06.Expression.&lt;init&gt;(Expression.java:4)
	at asg06.Expression.&lt;init&gt;(Expression.java:4)
	at asg06.Expression.&lt;init&gt;(Expression.java:4)
	at asg06.Expression.&lt;init&gt;(Expression.java:4)
	at asg06.Expression.&lt;init&gt;(Expression.java:4)
	at asg06.Expression.&lt;init&gt;(Expression.java:4)
	at asg06.Expression.&lt;init&gt;(Expression.java:4)
	at asg06.Expression.&lt;init&gt;(Expression.java:4)
	at asg06.Expression.&lt;init&gt;(Expression.java:4)
	at asg06.Expression.&lt;init&gt;(Expression.java:4)
	at asg06.Expression.&lt;init&gt;(Expression.java:4)
	at asg06.Expression.&lt;init&gt;(Expression.java:4)
	at asg06.Expression.&lt;init&gt;(Expression.java:4)
	at asg06.Expression.&lt;init&gt;(Expression.java:4)
	at asg06.Expression.&lt;init&gt;(Expression.java:4)
	at asg06.Expression.&lt;init&gt;(Expression.java:4)
	at asg06.Expression.&lt;init&gt;(Expression.java:4)
	at asg06.Expression.&lt;init&gt;(Expression.java:4)
	at asg06.Expression.&lt;init&gt;(Expression.java:4)
	at asg06.Expression.&lt;init&gt;(Expression.java:4)
	at asg06.Expression.&lt;init&gt;(Expression.java:4)
	at asg06.Expression.&lt;init&gt;(Expression.java:4)
	at asg06.Expression.&lt;init&gt;(Expression.java:4)
	at asg06.Expression.&lt;init&gt;(Expression.java:4)
	at asg06.Expression.&lt;init&gt;(Expression.java:4)
	at asg06.Expression.&lt;init&gt;(Expression.java:4)
	at asg06.Expression.&lt;init&gt;(Expression.java:4)
	at asg06.Expression.&lt;init&gt;(Expression.java:4)
	at asg06.Expression.&lt;init&gt;(Expression.java:4)
	at asg06.Expression.&lt;init&gt;(Expression.java:4)
	at asg06.Expression.&lt;init&gt;(Expression.java:4)
	at asg06.Expression.&lt;init&gt;(Expression.java:4)
	at asg06.Expression.&lt;init&gt;(Expression.java:4)
	at asg06.Expression.&lt;init&gt;(Expression.java:4)
	at asg06.Expression.&lt;init&gt;(Expression.java:4)
	at asg06.Expression.&lt;init&gt;(Expression.java:4)
	at asg06.Expression.&lt;init&gt;(Expression.java:4)
	at asg06.Expression.&lt;init&gt;(Expression.java:4)
	at asg06.Expression.&lt;init&gt;(Expression.java:4)
	at asg06.Expression.&lt;init&gt;(Expression.java:4)
	at asg06.Expression.&lt;init&gt;(Expression.java:4)
	at asg06.Expression.&lt;init&gt;(Expression.java:4)
	at asg06.Expression.&lt;init&gt;(Expression.java:4)
	at asg06.Expression.&lt;init&gt;(Expression.java:4)
	at asg06.Expression.&lt;init&gt;(Expression.java:4)
	at asg06.Expression.&lt;init&gt;(Expression.java:4)
	at asg06.Expression.&lt;init&gt;(Expression.java:4)
	at asg06.Expression.&lt;init&gt;(Expression.java:4)
	at asg06.Expression.&lt;init&gt;(Expression.java:4)
	at asg06.Expression.&lt;init&gt;(Expression.java:4)
	at asg06.Expression.&lt;init&gt;(Expression.java:4)
	at asg06.Expression.&lt;init&gt;(Expression.java:4)
	at asg06.Expression.&lt;init&gt;(Expression.java:4)
	at asg06.Expression.&lt;init&gt;(Expression.java:4)
	at asg06.Expression.&lt;init&gt;(Expression.java:4)
	at asg06.Expression.&lt;init&gt;(Expression.java:4)
	at asg06.Expression.&lt;init&gt;(Expression.java:4)
	at asg06.Expression.&lt;init&gt;(Expression.java:4)
	at asg06.Expression.&lt;init&gt;(Expression.java:4)
	at asg06.Expression.&lt;init&gt;(Expression.java:4)
	at asg06.Expression.&lt;init&gt;(Expression.java:4)
	at asg06.Expression.&lt;init&gt;(Expression.java:4)
	at asg06.Expression.&lt;init&gt;(Expression.java:4)
	at asg06.Expression.&lt;init&gt;(Expression.java:4)
	at asg06.Expression.&lt;init&gt;(Expression.java:4)
	at asg06.Expression.&lt;init&gt;(Expression.java:4)
	at asg06.Expression.&lt;init&gt;(Expression.java:4)
	at asg06.Expression.&lt;init&gt;(Expression.java:4)
	at asg06.Expression.&lt;init&gt;(Expression.java:4)
	at asg06.Expression.&lt;init&gt;(Expression.java:4)
	at asg06.Expression.&lt;init&gt;(Expression.java:4)
	at asg06.Expression.&lt;init&gt;(Expression.java:4)
	at asg06.Expression.&lt;init&gt;(Expression.java:4)
	at asg06.Expression.&lt;init&gt;(Expression.java:4)
	at asg06.Expression.&lt;init&gt;(Expression.java:4)
	at asg06.Expression.&lt;init&gt;(Expression.java:4)
	at asg06.Expression.&lt;init&gt;(Expression.java:4)
	at asg06.Expression.&lt;init&gt;(Expression.java:4)
	at asg06.Expression.&lt;init&gt;(Expression.java:4)
	at asg06.Expression.&lt;init&gt;(Expression.java:4)
	at asg06.Expression.&lt;init&gt;(Expression.java:4)
	at asg06.Expression.&lt;init&gt;(Expression.java:4)
	at asg06.Expression.&lt;init&gt;(Expression.java:4)
	at asg06.Expression.&lt;init&gt;(Expression.java:4)
	at asg06.Expression.&lt;init&gt;(Expression.java:4)
	at asg06.Expression.&lt;init&gt;(Expression.java:4)
	at asg06.Expression.&lt;init&gt;(Expression.java:4)
	at asg06.Expression.&lt;init&gt;(Expression.java:4)
	at asg06.Expression.&lt;init&gt;(Expression.java:4)
	at asg06.Expression.&lt;init&gt;(Expression.java:4)
	at asg06.Expression.&lt;init&gt;(Expression.java:4)
	at asg06.Expression.&lt;init&gt;(Expression.java:4)
	at asg06.Expression.&lt;init&gt;(Expression.java:4)
	at asg06.Expression.&lt;init&gt;(Expression.java:4)
	at asg06.Expression.&lt;init&gt;(Expression.java:4)
	at asg06.Expression.&lt;init&gt;(Expression.java:4)
	at asg06.Expression.&lt;init&gt;(Expression.java:4)
	at asg06.Expression.&lt;init&gt;(Expression.java:4)
	at asg06.Expression.&lt;init&gt;(Expression.java:4)
	at asg06.Expression.&lt;init&gt;(Expression.java:4)
	at asg06.Expression.&lt;init&gt;(Expression.java:4)
	at asg06.Expression.&lt;init&gt;(Expression.java:4)
	at asg06.Expression.&lt;init&gt;(Expression.java:4)
	at asg06.Expression.&lt;init&gt;(Expression.java:4)
	at asg06.Expression.&lt;init&gt;(Expression.java:4)
	at asg06.Expression.&lt;init&gt;(Expression.java:4)
	at asg06.Expression.&lt;init&gt;(Expression.java:4)
	at asg06.Expression.&lt;init&gt;(Expression.java:4)
	at asg06.Expression.&lt;init&gt;(Expression.java:4)
	at asg06.Expression.&lt;init&gt;(Expression.java:4)
	at asg06.Expression.&lt;init&gt;(Expression.java:4)
	at asg06.Expression.&lt;init&gt;(Expression.java:4)
	at asg06.Expression.&lt;init&gt;(Expression.java:4)
	at asg06.Expression.&lt;init&gt;(Expression.java:4)
	at asg06.Expression.&lt;init&gt;(Expression.java:4)
	at asg06.Expression.&lt;init&gt;(Expression.java:4)
	at asg06.Expression.&lt;init&gt;(Expression.java:4)
	at asg06.Expression.&lt;init&gt;(Expression.java:4)
	at asg06.Expression.&lt;init&gt;(Expression.java:4)
	at asg06.Expression.&lt;init&gt;(Expression.java:4)
	at asg06.Expression.&lt;init&gt;(Expression.java:4)
	at asg06.Expression.&lt;init&gt;(Expression.java:4)
	at asg06.Expression.&lt;init&gt;(Expression.java:4)
	at asg06.Expression.&lt;init&gt;(Expression.java:4)
	at asg06.Expression.&lt;init&gt;(Expression.java:4)
	at asg06.Expression.&lt;init&gt;(Expression.java:4)
	at asg06.Expression.&lt;init&gt;(Expression.java:4)
	at asg06.Expression.&lt;init&gt;(Expression.java:4)
	at asg06.Expression.&lt;init&gt;(Expression.java:4)
	at asg06.Expression.&lt;init&gt;(Expression.java:4)
	at asg06.Expression.&lt;init&gt;(Expression.java:4)
	at asg06.Expression.&lt;init&gt;(Expression.java:4)
	at asg06.Expression.&lt;init&gt;(Expression.java:4)
	at asg06.Expression.&lt;init&gt;(Expression.java:4)
	at asg06.Expression.&lt;init&gt;(Expression.java:4)
	at asg06.Expression.&lt;init&gt;(Expression.java:4)
	at asg06.Expression.&lt;init&gt;(Expression.java:4)
	at asg06.Expression.&lt;init&gt;(Expression.java:4)
	at asg06.Expression.&lt;init&gt;(Expression.java:4)
	at asg06.Expression.&lt;init&gt;(Expression.java:4)
	at asg06.Expression.&lt;init&gt;(Expression.java:4)
	at asg06.Expression.&lt;init&gt;(Expression.java:4)
	at asg06.Expression.&lt;init&gt;(Expression.java:4)
	at asg06.Expression.&lt;init&gt;(Expression.java:4)
	at asg06.Expression.&lt;init&gt;(Expression.java:4)
	at asg06.Expression.&lt;init&gt;(Expression.java:4)
	at asg06.Expression.&lt;init&gt;(Expression.java:4)
	at asg06.Expression.&lt;init&gt;(Expression.java:4)
	at asg06.Expression.&lt;init&gt;(Expression.java:4)
	at asg06.Expression.&lt;init&gt;(Expression.java:4)
	at asg06.Expression.&lt;init&gt;(Expression.java:4)
	at asg06.Expression.&lt;init&gt;(Expression.java:4)
	at asg06.Expression.&lt;init&gt;(Expression.java:4)
	at asg06.Expression.&lt;init&gt;(Expression.java:4)
	at asg06.Expression.&lt;init&gt;(Expression.java:4)
	at asg06.Expression.&lt;init&gt;(Expression.java:4)
	at asg06.Expression.&lt;init&gt;(Expression.java:4)
	at asg06.Expression.&lt;init&gt;(Expression.java:4)
	at asg06.Expression.&lt;init&gt;(Expression.java:4)
	at asg06.Expression.&lt;init&gt;(Expression.java:4)
	at asg06.Expression.&lt;init&gt;(Expression.java:4)
	at asg06.Expression.&lt;init&gt;(Expression.java:4)
	at asg06.Expression.&lt;init&gt;(Expression.java:4)
	at asg06.Expression.&lt;init&gt;(Expression.java:4)
	at asg06.Expression.&lt;init&gt;(Expression.java:4)
	at asg06.Expression.&lt;init&gt;(Expression.java:4)
	at asg06.Expression.&lt;init&gt;(Expression.java:4)
	at asg06.Expression.&lt;init&gt;(Expression.java:4)
	at asg06.Expression.&lt;init&gt;(Expression.java:4)
	at asg06.Expression.&lt;init&gt;(Expression.java:4)
	at asg06.Expression.&lt;init&gt;(Expression.java:4)
	at asg06.Expression.&lt;init&gt;(Expression.java:4)
	at asg06.Expression.&lt;init&gt;(Expression.java:4)
	at asg06.Expression.&lt;init&gt;(Expression.java:4)
	at asg06.Expression.&lt;init&gt;(Expression.java:4)
	at asg06.Expression.&lt;init&gt;(Expression.java:4)
	at asg06.Expression.&lt;init&gt;(Expression.java:4)
	at asg06.Expression.&lt;init&gt;(Expression.java:4)
	at asg06.Expression.&lt;init&gt;(Expression.java:4)
	at asg06.Expression.&lt;init&gt;(Expression.java:4)
	at asg06.Expression.&lt;init&gt;(Expression.java:4)
	at asg06.Expression.&lt;init&gt;(Expression.java:4)
	at asg06.Expression.&lt;init&gt;(Expression.java:4)
	at asg06.Expression.&lt;init&gt;(Expression.java:4)
	at asg06.Expression.&lt;init&gt;(Expression.java:4)
	at asg06.Expression.&lt;init&gt;(Expression.java:4)
	at asg06.Expression.&lt;init&gt;(Expression.java:4)
	at asg06.Expression.&lt;init&gt;(Expression.java:4)
	at asg06.Expression.&lt;init&gt;(Expression.java:4)
	at asg06.Expression.&lt;init&gt;(Expression.java:4)
	at asg06.Expression.&lt;init&gt;(Expression.java:4)
	at asg06.Expression.&lt;init&gt;(Expression.java:4)
	at asg06.Expression.&lt;init&gt;(Expression.java:4)
	at asg06.Expression.&lt;init&gt;(Expression.java:4)
	at asg06.Expression.&lt;init&gt;(Expression.java:4)
	at asg06.Expression.&lt;init&gt;(Expression.java:4)
	at asg06.Expression.&lt;init&gt;(Expression.java:4)
	at asg06.Expression.&lt;init&gt;(Expression.java:4)
	at asg06.Expression.&lt;init&gt;(Expression.java:4)
	at asg06.Expression.&lt;init&gt;(Expression.java:4)
	at asg06.Expression.&lt;init&gt;(Expression.java:4)
	at asg06.Expression.&lt;init&gt;(Expression.java:4)
	at asg06.Expression.&lt;init&gt;(Expression.java:4)
	at asg06.Expression.&lt;init&gt;(Expression.java:4)
	at asg06.Expression.&lt;init&gt;(Expression.java:4)
	at asg06.Expression.&lt;init&gt;(Expression.java:4)
	at asg06.Expression.&lt;init&gt;(Expression.java:4)
	at asg06.Expression.&lt;init&gt;(Expression.java:4)
	at asg06.Expression.&lt;init&gt;(Expression.java:4)
	at asg06.Expression.&lt;init&gt;(Expression.java:4)
	at asg06.Expression.&lt;init&gt;(Expression.java:4)
	at asg06.Expression.&lt;init&gt;(Expression.java:4)
	at asg06.Expression.&lt;init&gt;(Expression.java:4)
	at asg06.Expression.&lt;init&gt;(Expression.java:4)
	at asg06.Expression.&lt;init&gt;(Expression.java:4)
	at asg06.Expression.&lt;init&gt;(Expression.java:4)
	at asg06.Expression.&lt;init&gt;(Expression.java:4)
	at asg06.Expression.&lt;init&gt;(Expression.java:4)
	at asg06.Expression.&lt;init&gt;(Expression.java:4)
	at asg06.Expression.&lt;init&gt;(Expression.java:4)
	at asg06.Expression.&lt;init&gt;(Expression.java:4)
	at asg06.Expression.&lt;init&gt;(Expression.java:4)
	at asg06.Expression.&lt;init&gt;(Expression.java:4)
</error>
  </testcase>
  <testcase classname="asg06.TestExpression" name="testSquareEvaluate" time="0.013">
    <error type="java.lang.StackOverflowError">java.lang.StackOverflowError
	at asg06.Expression.&lt;init&gt;(Expression.java:4)
	at asg06.Expression.&lt;init&gt;(Expression.java:4)
	at asg06.Expression.&lt;init&gt;(Expression.java:4)
	at asg06.Expression.&lt;init&gt;(Expression.java:4)
	at asg06.Expression.&lt;init&gt;(Expression.java:4)
	at asg06.Expression.&lt;init&gt;(Expression.java:4)
	at asg06.Expression.&lt;init&gt;(Expression.java:4)
	at asg06.Expression.&lt;init&gt;(Expression.java:4)
	at asg06.Expression.&lt;init&gt;(Expression.java:4)
	at asg06.Expression.&lt;init&gt;(Expression.java:4)
	at asg06.Expression.&lt;init&gt;(Expression.java:4)
	at asg06.Expression.&lt;init&gt;(Expression.java:4)
	at asg06.Expression.&lt;init&gt;(Expression.java:4)
	at asg06.Expression.&lt;init&gt;(Expression.java:4)
	at asg06.Expression.&lt;init&gt;(Expression.java:4)
	at asg06.Expression.&lt;init&gt;(Expression.java:4)
	at asg06.Expression.&lt;init&gt;(Expression.java:4)
	at asg06.Expression.&lt;init&gt;(Expression.java:4)
	at asg06.Expression.&lt;init&gt;(Expression.java:4)
	at asg06.Expression.&lt;init&gt;(Expression.java:4)
	at asg06.Expression.&lt;init&gt;(Expression.java:4)
	at asg06.Expression.&lt;init&gt;(Expression.java:4)
	at asg06.Expression.&lt;init&gt;(Expression.java:4)
	at asg06.Expression.&lt;init&gt;(Expression.java:4)
	at asg06.Expression.&lt;init&gt;(Expression.java:4)
	at asg06.Expression.&lt;init&gt;(Expression.java:4)
	at asg06.Expression.&lt;init&gt;(Expression.java:4)
	at asg06.Expression.&lt;init&gt;(Expression.java:4)
	at asg06.Expression.&lt;init&gt;(Expression.java:4)
	at asg06.Expression.&lt;init&gt;(Expression.java:4)
	at asg06.Expression.&lt;init&gt;(Expression.java:4)
	at asg06.Expression.&lt;init&gt;(Expression.java:4)
	at asg06.Expression.&lt;init&gt;(Expression.java:4)
	at asg06.Expression.&lt;init&gt;(Expression.java:4)
	at asg06.Expression.&lt;init&gt;(Expression.java:4)
	at asg06.Expression.&lt;init&gt;(Expression.java:4)
	at asg06.Expression.&lt;init&gt;(Expression.java:4)
	at asg06.Expression.&lt;init&gt;(Expression.java:4)
	at asg06.Expression.&lt;init&gt;(Expression.java:4)
	at asg06.Expression.&lt;init&gt;(Expression.java:4)
	at asg06.Expression.&lt;init&gt;(Expression.java:4)
	at asg06.Expression.&lt;init&gt;(Expression.java:4)
	at asg06.Expression.&lt;init&gt;(Expression.java:4)
	at asg06.Expression.&lt;init&gt;(Expression.java:4)
	at asg06.Expression.&lt;init&gt;(Expression.java:4)
	at asg06.Expression.&lt;init&gt;(Expression.java:4)
	at asg06.Expression.&lt;init&gt;(Expression.java:4)
	at asg06.Expression.&lt;init&gt;(Expression.java:4)
	at asg06.Expression.&lt;init&gt;(Expression.java:4)
	at asg06.Expression.&lt;init&gt;(Expression.java:4)
	at asg06.Expression.&lt;init&gt;(Expression.java:4)
	at asg06.Expression.&lt;init&gt;(Expression.java:4)
	at asg06.Expression.&lt;init&gt;(Expression.java:4)
	at asg06.Expression.&lt;init&gt;(Expression.java:4)
	at asg06.Expression.&lt;init&gt;(Expression.java:4)
	at asg06.Expression.&lt;init&gt;(Expression.java:4)
	at asg06.Expression.&lt;init&gt;(Expression.java:4)
	at asg06.Expression.&lt;init&gt;(Expression.java:4)
	at asg06.Expression.&lt;init&gt;(Expression.java:4)
	at asg06.Expression.&lt;init&gt;(Expression.java:4)
	at asg06.Expression.&lt;init&gt;(Expression.java:4)
	at asg06.Expression.&lt;init&gt;(Expression.java:4)
	at asg06.Expression.&lt;init&gt;(Expression.java:4)
	at asg06.Expression.&lt;init&gt;(Expression.java:4)
	at asg06.Expression.&lt;init&gt;(Expression.java:4)
	at asg06.Expression.&lt;init&gt;(Expression.java:4)
	at asg06.Expression.&lt;init&gt;(Expression.java:4)
	at asg06.Expression.&lt;init&gt;(Expression.java:4)
	at asg06.Expression.&lt;init&gt;(Expression.java:4)
	at asg06.Expression.&lt;init&gt;(Expression.java:4)
	at asg06.Expression.&lt;init&gt;(Expression.java:4)
	at asg06.Expression.&lt;init&gt;(Expression.java:4)
	at asg06.Expression.&lt;init&gt;(Expression.java:4)
	at asg06.Expression.&lt;init&gt;(Expression.java:4)
	at asg06.Expression.&lt;init&gt;(Expression.java:4)
	at asg06.Expression.&lt;init&gt;(Expression.java:4)
	at asg06.Expression.&lt;init&gt;(Expression.java:4)
	at asg06.Expression.&lt;init&gt;(Expression.java:4)
	at asg06.Expression.&lt;init&gt;(Expression.java:4)
	at asg06.Expression.&lt;init&gt;(Expression.java:4)
	at asg06.Expression.&lt;init&gt;(Expression.java:4)
	at asg06.Expression.&lt;init&gt;(Expression.java:4)
	at asg06.Expression.&lt;init&gt;(Expression.java:4)
	at asg06.Expression.&lt;init&gt;(Expression.java:4)
	at asg06.Expression.&lt;init&gt;(Expression.java:4)
	at asg06.Expression.&lt;init&gt;(Expression.java:4)
	at asg06.Expression.&lt;init&gt;(Expression.java:4)
	at asg06.Expression.&lt;init&gt;(Expression.java:4)
	at asg06.Expression.&lt;init&gt;(Expression.java:4)
	at asg06.Expression.&lt;init&gt;(Expression.java:4)
	at asg06.Expression.&lt;init&gt;(Expression.java:4)
	at asg06.Expression.&lt;init&gt;(Expression.java:4)
	at asg06.Expression.&lt;init&gt;(Expression.java:4)
	at asg06.Expression.&lt;init&gt;(Expression.java:4)
	at asg06.Expression.&lt;init&gt;(Expression.java:4)
	at asg06.Expression.&lt;init&gt;(Expression.java:4)
	at asg06.Expression.&lt;init&gt;(Expression.java:4)
	at asg06.Expression.&lt;init&gt;(Expression.java:4)
	at asg06.Expression.&lt;init&gt;(Expression.java:4)
	at asg06.Expression.&lt;init&gt;(Expression.java:4)
	at asg06.Expression.&lt;init&gt;(Expression.java:4)
	at asg06.Expression.&lt;init&gt;(Expression.java:4)
	at asg06.Expression.&lt;init&gt;(Expression.java:4)
	at asg06.Expression.&lt;init&gt;(Expression.java:4)
	at asg06.Expression.&lt;init&gt;(Expression.java:4)
	at asg06.Expression.&lt;init&gt;(Expression.java:4)
	at asg06.Expression.&lt;init&gt;(Expression.java:4)
	at asg06.Expression.&lt;init&gt;(Expression.java:4)
	at asg06.Expression.&lt;init&gt;(Expression.java:4)
	at asg06.Expression.&lt;init&gt;(Expression.java:4)
	at asg06.Expression.&lt;init&gt;(Expression.java:4)
	at asg06.Expression.&lt;init&gt;(Expression.java:4)
	at asg06.Expression.&lt;init&gt;(Expression.java:4)
	at asg06.Expression.&lt;init&gt;(Expression.java:4)
	at asg06.Expression.&lt;init&gt;(Expression.java:4)
	at asg06.Expression.&lt;init&gt;(Expression.java:4)
	at asg06.Expression.&lt;init&gt;(Expression.java:4)
	at asg06.Expression.&lt;init&gt;(Expression.java:4)
	at asg06.Expression.&lt;init&gt;(Expression.java:4)
	at asg06.Expression.&lt;init&gt;(Expression.java:4)
	at asg06.Expression.&lt;init&gt;(Expression.java:4)
	at asg06.Expression.&lt;init&gt;(Expression.java:4)
	at asg06.Expression.&lt;init&gt;(Expression.java:4)
	at asg06.Expression.&lt;init&gt;(Expression.java:4)
	at asg06.Expression.&lt;init&gt;(Expression.java:4)
	at asg06.Expression.&lt;init&gt;(Expression.java:4)
	at asg06.Expression.&lt;init&gt;(Expression.java:4)
	at asg06.Expression.&lt;init&gt;(Expression.java:4)
	at asg06.Expression.&lt;init&gt;(Expression.java:4)
	at asg06.Expression.&lt;init&gt;(Expression.java:4)
	at asg06.Expression.&lt;init&gt;(Expression.java:4)
	at asg06.Expression.&lt;init&gt;(Expression.java:4)
	at asg06.Expression.&lt;init&gt;(Expression.java:4)
	at asg06.Expression.&lt;init&gt;(Expression.java:4)
	at asg06.Expression.&lt;init&gt;(Expression.java:4)
	at asg06.Expression.&lt;init&gt;(Expression.java:4)
	at asg06.Expression.&lt;init&gt;(Expression.java:4)
	at asg06.Expression.&lt;init&gt;(Expression.java:4)
	at asg06.Expression.&lt;init&gt;(Expression.java:4)
	at asg06.Expression.&lt;init&gt;(Expression.java:4)
	at asg06.Expression.&lt;init&gt;(Expression.java:4)
	at asg06.Expression.&lt;init&gt;(Expression.java:4)
	at asg06.Expression.&lt;init&gt;(Expression.java:4)
	at asg06.Expression.&lt;init&gt;(Expression.java:4)
	at asg06.Expression.&lt;init&gt;(Expression.java:4)
	at asg06.Expression.&lt;init&gt;(Expression.java:4)
	at asg06.Expression.&lt;init&gt;(Expression.java:4)
	at asg06.Expression.&lt;init&gt;(Expression.java:4)
	at asg06.Expression.&lt;init&gt;(Expression.java:4)
	at asg06.Expression.&lt;init&gt;(Expression.java:4)
	at asg06.Expression.&lt;init&gt;(Expression.java:4)
	at asg06.Expression.&lt;init&gt;(Expression.java:4)
	at asg06.Expression.&lt;init&gt;(Expression.java:4)
	at asg06.Expression.&lt;init&gt;(Expression.java:4)
	at asg06.Expression.&lt;init&gt;(Expression.java:4)
	at asg06.Expression.&lt;init&gt;(Expression.java:4)
	at asg06.Expression.&lt;init&gt;(Expression.java:4)
	at asg06.Expression.&lt;init&gt;(Expression.java:4)
	at asg06.Expression.&lt;init&gt;(Expression.java:4)
	at asg06.Expression.&lt;init&gt;(Expression.java:4)
	at asg06.Expression.&lt;init&gt;(Expression.java:4)
	at asg06.Expression.&lt;init&gt;(Expression.java:4)
	at asg06.Expression.&lt;init&gt;(Expression.java:4)
	at asg06.Expression.&lt;init&gt;(Expression.java:4)
	at asg06.Expression.&lt;init&gt;(Expression.java:4)
	at asg06.Expression.&lt;init&gt;(Expression.java:4)
	at asg06.Expression.&lt;init&gt;(Expression.java:4)
	at asg06.Expression.&lt;init&gt;(Expression.java:4)
	at asg06.Expression.&lt;init&gt;(Expression.java:4)
	at asg06.Expression.&lt;init&gt;(Expression.java:4)
	at asg06.Expression.&lt;init&gt;(Expression.java:4)
	at asg06.Expression.&lt;init&gt;(Expression.java:4)
	at asg06.Expression.&lt;init&gt;(Expression.java:4)
	at asg06.Expression.&lt;init&gt;(Expression.java:4)
	at asg06.Expression.&lt;init&gt;(Expression.java:4)
	at asg06.Expression.&lt;init&gt;(Expression.java:4)
	at asg06.Expression.&lt;init&gt;(Expression.java:4)
	at asg06.Expression.&lt;init&gt;(Expression.java:4)
	at asg06.Expression.&lt;init&gt;(Expression.java:4)
	at asg06.Expression.&lt;init&gt;(Expression.java:4)
	at asg06.Expression.&lt;init&gt;(Expression.java:4)
	at asg06.Expression.&lt;init&gt;(Expression.java:4)
	at asg06.Expression.&lt;init&gt;(Expression.java:4)
	at asg06.Expression.&lt;init&gt;(Expression.java:4)
	at asg06.Expression.&lt;init&gt;(Expression.java:4)
	at asg06.Expression.&lt;init&gt;(Expression.java:4)
	at asg06.Expression.&lt;init&gt;(Expression.java:4)
	at asg06.Expression.&lt;init&gt;(Expression.java:4)
	at asg06.Expression.&lt;init&gt;(Expression.java:4)
	at asg06.Expression.&lt;init&gt;(Expression.java:4)
	at asg06.Expression.&lt;init&gt;(Expression.java:4)
	at asg06.Expression.&lt;init&gt;(Expression.java:4)
	at asg06.Expression.&lt;init&gt;(Expression.java:4)
	at asg06.Expression.&lt;init&gt;(Expression.java:4)
	at asg06.Expression.&lt;init&gt;(Expression.java:4)
	at asg06.Expression.&lt;init&gt;(Expression.java:4)
	at asg06.Expression.&lt;init&gt;(Expression.java:4)
	at asg06.Expression.&lt;init&gt;(Expression.java:4)
	at asg06.Expression.&lt;init&gt;(Expression.java:4)
	at asg06.Expression.&lt;init&gt;(Expression.java:4)
	at asg06.Expression.&lt;init&gt;(Expression.java:4)
	at asg06.Expression.&lt;init&gt;(Expression.java:4)
	at asg06.Expression.&lt;init&gt;(Expression.java:4)
	at asg06.Expression.&lt;init&gt;(Expression.java:4)
	at asg06.Expression.&lt;init&gt;(Expression.java:4)
	at asg06.Expression.&lt;init&gt;(Expression.java:4)
	at asg06.Expression.&lt;init&gt;(Expression.java:4)
	at asg06.Expression.&lt;init&gt;(Expression.java:4)
	at asg06.Expression.&lt;init&gt;(Expression.java:4)
	at asg06.Expression.&lt;init&gt;(Expression.java:4)
	at asg06.Expression.&lt;init&gt;(Expression.java:4)
	at asg06.Expression.&lt;init&gt;(Expression.java:4)
	at asg06.Expression.&lt;init&gt;(Expression.java:4)
	at asg06.Expression.&lt;init&gt;(Expression.java:4)
	at asg06.Expression.&lt;init&gt;(Expression.java:4)
	at asg06.Expression.&lt;init&gt;(Expression.java:4)
	at asg06.Expression.&lt;init&gt;(Expression.java:4)
	at asg06.Expression.&lt;init&gt;(Expression.java:4)
	at asg06.Expression.&lt;init&gt;(Expression.java:4)
	at asg06.Expression.&lt;init&gt;(Expression.java:4)
	at asg06.Expression.&lt;init&gt;(Expression.java:4)
	at asg06.Expression.&lt;init&gt;(Expression.java:4)
	at asg06.Expression.&lt;init&gt;(Expression.java:4)
	at asg06.Expression.&lt;init&gt;(Expression.java:4)
	at asg06.Expression.&lt;init&gt;(Expression.java:4)
	at asg06.Expression.&lt;init&gt;(Expression.java:4)
	at asg06.Expression.&lt;init&gt;(Expression.java:4)
	at asg06.Expression.&lt;init&gt;(Expression.java:4)
	at asg06.Expression.&lt;init&gt;(Expression.java:4)
	at asg06.Expression.&lt;init&gt;(Expression.java:4)
	at asg06.Expression.&lt;init&gt;(Expression.java:4)
	at asg06.Expression.&lt;init&gt;(Expression.java:4)
	at asg06.Expression.&lt;init&gt;(Expression.java:4)
	at asg06.Expression.&lt;init&gt;(Expression.java:4)
	at asg06.Expression.&lt;init&gt;(Expression.java:4)
	at asg06.Expression.&lt;init&gt;(Expression.java:4)
	at asg06.Expression.&lt;init&gt;(Expression.java:4)
	at asg06.Expression.&lt;init&gt;(Expression.java:4)
	at asg06.Expression.&lt;init&gt;(Expression.java:4)
	at asg06.Expression.&lt;init&gt;(Expression.java:4)
	at asg06.Expression.&lt;init&gt;(Expression.java:4)
	at asg06.Expression.&lt;init&gt;(Expression.java:4)
	at asg06.Expression.&lt;init&gt;(Expression.java:4)
	at asg06.Expression.&lt;init&gt;(Expression.java:4)
	at asg06.Expression.&lt;init&gt;(Expression.java:4)
	at asg06.Expression.&lt;init&gt;(Expression.java:4)
	at asg06.Expression.&lt;init&gt;(Expression.java:4)
	at asg06.Expression.&lt;init&gt;(Expression.java:4)
	at asg06.Expression.&lt;init&gt;(Expression.java:4)
	at asg06.Expression.&lt;init&gt;(Expression.java:4)
	at asg06.Expression.&lt;init&gt;(Expression.java:4)
	at asg06.Expression.&lt;init&gt;(Expression.java:4)
	at asg06.Expression.&lt;init&gt;(Expression.java:4)
	at asg06.Expression.&lt;init&gt;(Expression.java:4)
	at asg06.Expression.&lt;init&gt;(Expression.java:4)
	at asg06.Expression.&lt;init&gt;(Expression.java:4)
	at asg06.Expression.&lt;init&gt;(Expression.java:4)
	at asg06.Expression.&lt;init&gt;(Expression.java:4)
	at asg06.Expression.&lt;init&gt;(Expression.java:4)
	at asg06.Expression.&lt;init&gt;(Expression.java:4)
	at asg06.Expression.&lt;init&gt;(Expression.java:4)
	at asg06.Expression.&lt;init&gt;(Expression.java:4)
	at asg06.Expression.&lt;init&gt;(Expression.java:4)
	at asg06.Expression.&lt;init&gt;(Expression.java:4)
	at asg06.Expression.&lt;init&gt;(Expression.java:4)
	at asg06.Expression.&lt;init&gt;(Expression.java:4)
	at asg06.Expression.&lt;init&gt;(Expression.java:4)
	at asg06.Expression.&lt;init&gt;(Expression.java:4)
	at asg06.Expression.&lt;init&gt;(Expression.java:4)
	at asg06.Expression.&lt;init&gt;(Expression.java:4)
	at asg06.Expression.&lt;init&gt;(Expression.java:4)
	at asg06.Expression.&lt;init&gt;(Expression.java:4)
	at asg06.Expression.&lt;init&gt;(Expression.java:4)
	at asg06.Expression.&lt;init&gt;(Expression.java:4)
	at asg06.Expression.&lt;init&gt;(Expression.java:4)
	at asg06.Expression.&lt;init&gt;(Expression.java:4)
	at asg06.Expression.&lt;init&gt;(Expression.java:4)
	at asg06.Expression.&lt;init&gt;(Expression.java:4)
	at asg06.Expression.&lt;init&gt;(Expression.java:4)
	at asg06.Expression.&lt;init&gt;(Expression.java:4)
	at asg06.Expression.&lt;init&gt;(Expression.java:4)
	at asg06.Expression.&lt;init&gt;(Expression.java:4)
	at asg06.Expression.&lt;init&gt;(Expression.java:4)
	at asg06.Expression.&lt;init&gt;(Expression.java:4)
	at asg06.Expression.&lt;init&gt;(Expression.java:4)
	at asg06.Expression.&lt;init&gt;(Expression.java:4)
	at asg06.Expression.&lt;init&gt;(Expression.java:4)
	at asg06.Expression.&lt;init&gt;(Expression.java:4)
	at asg06.Expression.&lt;init&gt;(Expression.java:4)
	at asg06.Expression.&lt;init&gt;(Expression.java:4)
	at asg06.Expression.&lt;init&gt;(Expression.java:4)
	at asg06.Expression.&lt;init&gt;(Expression.java:4)
	at asg06.Expression.&lt;init&gt;(Expression.java:4)
	at asg06.Expression.&lt;init&gt;(Expression.java:4)
	at asg06.Expression.&lt;init&gt;(Expression.java:4)
	at asg06.Expression.&lt;init&gt;(Expression.java:4)
	at asg06.Expression.&lt;init&gt;(Expression.java:4)
	at asg06.Expression.&lt;init&gt;(Expression.java:4)
	at asg06.Expression.&lt;init&gt;(Expression.java:4)
	at asg06.Expression.&lt;init&gt;(Expression.java:4)
	at asg06.Expression.&lt;init&gt;(Expression.java:4)
	at asg06.Expression.&lt;init&gt;(Expression.java:4)
	at asg06.Expression.&lt;init&gt;(Expression.java:4)
	at asg06.Expression.&lt;init&gt;(Expression.java:4)
	at asg06.Expression.&lt;init&gt;(Expression.java:4)
	at asg06.Expression.&lt;init&gt;(Expression.java:4)
	at asg06.Expression.&lt;init&gt;(Expression.java:4)
	at asg06.Expression.&lt;init&gt;(Expression.java:4)
	at asg06.Expression.&lt;init&gt;(Expression.java:4)
	at asg06.Expression.&lt;init&gt;(Expression.java:4)
	at asg06.Expression.&lt;init&gt;(Expression.java:4)
	at asg06.Expression.&lt;init&gt;(Expression.java:4)
	at asg06.Expression.&lt;init&gt;(Expression.java:4)
	at asg06.Expression.&lt;init&gt;(Expression.java:4)
	at asg06.Expression.&lt;init&gt;(Expression.java:4)
	at asg06.Expression.&lt;init&gt;(Expression.java:4)
	at asg06.Expression.&lt;init&gt;(Expression.java:4)
	at asg06.Expression.&lt;init&gt;(Expression.java:4)
	at asg06.Expression.&lt;init&gt;(Expression.java:4)
	at asg06.Expression.&lt;init&gt;(Expression.java:4)
	at asg06.Expression.&lt;init&gt;(Expression.java:4)
	at asg06.Expression.&lt;init&gt;(Expression.java:4)
	at asg06.Expression.&lt;init&gt;(Expression.java:4)
	at asg06.Expression.&lt;init&gt;(Expression.java:4)
	at asg06.Expression.&lt;init&gt;(Expression.java:4)
	at asg06.Expression.&lt;init&gt;(Expression.java:4)
	at asg06.Expression.&lt;init&gt;(Expression.java:4)
	at asg06.Expression.&lt;init&gt;(Expression.java:4)
	at asg06.Expression.&lt;init&gt;(Expression.java:4)
	at asg06.Expression.&lt;init&gt;(Expression.java:4)
	at asg06.Expression.&lt;init&gt;(Expression.java:4)
	at asg06.Expression.&lt;init&gt;(Expression.java:4)
	at asg06.Expression.&lt;init&gt;(Expression.java:4)
	at asg06.Expression.&lt;init&gt;(Expression.java:4)
	at asg06.Expression.&lt;init&gt;(Expression.java:4)
	at asg06.Expression.&lt;init&gt;(Expression.java:4)
	at asg06.Expression.&lt;init&gt;(Expression.java:4)
	at asg06.Expression.&lt;init&gt;(Expression.java:4)
	at asg06.Expression.&lt;init&gt;(Expression.java:4)
	at asg06.Expression.&lt;init&gt;(Expression.java:4)
	at asg06.Expression.&lt;init&gt;(Expression.java:4)
	at asg06.Expression.&lt;init&gt;(Expression.java:4)
	at asg06.Expression.&lt;init&gt;(Expression.java:4)
	at asg06.Expression.&lt;init&gt;(Expression.java:4)
	at asg06.Expression.&lt;init&gt;(Expression.java:4)
	at asg06.Expression.&lt;init&gt;(Expression.java:4)
	at asg06.Expression.&lt;init&gt;(Expression.java:4)
	at asg06.Expression.&lt;init&gt;(Expression.java:4)
	at asg06.Expression.&lt;init&gt;(Expression.java:4)
	at asg06.Expression.&lt;init&gt;(Expression.java:4)
	at asg06.Expression.&lt;init&gt;(Expression.java:4)
	at asg06.Expression.&lt;init&gt;(Expression.java:4)
	at asg06.Expression.&lt;init&gt;(Expression.java:4)
	at asg06.Expression.&lt;init&gt;(Expression.java:4)
	at asg06.Expression.&lt;init&gt;(Expression.java:4)
	at asg06.Expression.&lt;init&gt;(Expression.java:4)
	at asg06.Expression.&lt;init&gt;(Expression.java:4)
	at asg06.Expression.&lt;init&gt;(Expression.java:4)
	at asg06.Expression.&lt;init&gt;(Expression.java:4)
	at asg06.Expression.&lt;init&gt;(Expression.java:4)
	at asg06.Expression.&lt;init&gt;(Expression.java:4)
	at asg06.Expression.&lt;init&gt;(Expression.java:4)
	at asg06.Expression.&lt;init&gt;(Expression.java:4)
	at asg06.Expression.&lt;init&gt;(Expression.java:4)
	at asg06.Expression.&lt;init&gt;(Expression.java:4)
	at asg06.Expression.&lt;init&gt;(Expression.java:4)
	at asg06.Expression.&lt;init&gt;(Expression.java:4)
	at asg06.Expression.&lt;init&gt;(Expression.java:4)
	at asg06.Expression.&lt;init&gt;(Expression.java:4)
	at asg06.Expression.&lt;init&gt;(Expression.java:4)
	at asg06.Expression.&lt;init&gt;(Expression.java:4)
	at asg06.Expression.&lt;init&gt;(Expression.java:4)
	at asg06.Expression.&lt;init&gt;(Expression.java:4)
	at asg06.Expression.&lt;init&gt;(Expression.java:4)
	at asg06.Expression.&lt;init&gt;(Expression.java:4)
	at asg06.Expression.&lt;init&gt;(Expression.java:4)
	at asg06.Expression.&lt;init&gt;(Expression.java:4)
	at asg06.Expression.&lt;init&gt;(Expression.java:4)
	at asg06.Expression.&lt;init&gt;(Expression.java:4)
	at asg06.Expression.&lt;init&gt;(Expression.java:4)
	at asg06.Expression.&lt;init&gt;(Expression.java:4)
	at asg06.Expression.&lt;init&gt;(Expression.java:4)
	at asg06.Expression.&lt;init&gt;(Expression.java:4)
	at asg06.Expression.&lt;init&gt;(Expression.java:4)
	at asg06.Expression.&lt;init&gt;(Expression.java:4)
	at asg06.Expression.&lt;init&gt;(Expression.java:4)
	at asg06.Expression.&lt;init&gt;(Expression.java:4)
	at asg06.Expression.&lt;init&gt;(Expression.java:4)
	at asg06.Expression.&lt;init&gt;(Expression.java:4)
	at asg06.Expression.&lt;init&gt;(Expression.java:4)
	at asg06.Expression.&lt;init&gt;(Expression.java:4)
	at asg06.Expression.&lt;init&gt;(Expression.java:4)
	at asg06.Expression.&lt;init&gt;(Expression.java:4)
	at asg06.Expression.&lt;init&gt;(Expression.java:4)
	at asg06.Expression.&lt;init&gt;(Expression.java:4)
	at asg06.Expression.&lt;init&gt;(Expression.java:4)
	at asg06.Expression.&lt;init&gt;(Expression.java:4)
	at asg06.Expression.&lt;init&gt;(Expression.java:4)
	at asg06.Expression.&lt;init&gt;(Expression.java:4)
	at asg06.Expression.&lt;init&gt;(Expression.java:4)
	at asg06.Expression.&lt;init&gt;(Expression.java:4)
	at asg06.Expression.&lt;init&gt;(Expression.java:4)
	at asg06.Expression.&lt;init&gt;(Expression.java:4)
	at asg06.Expression.&lt;init&gt;(Expression.java:4)
	at asg06.Expression.&lt;init&gt;(Expression.java:4)
	at asg06.Expression.&lt;init&gt;(Expression.java:4)
	at asg06.Expression.&lt;init&gt;(Expression.java:4)
	at asg06.Expression.&lt;init&gt;(Expression.java:4)
	at asg06.Expression.&lt;init&gt;(Expression.java:4)
	at asg06.Expression.&lt;init&gt;(Expression.java:4)
	at asg06.Expression.&lt;init&gt;(Expression.java:4)
	at asg06.Expression.&lt;init&gt;(Expression.java:4)
	at asg06.Expression.&lt;init&gt;(Expression.java:4)
	at asg06.Expression.&lt;init&gt;(Expression.java:4)
	at asg06.Expression.&lt;init&gt;(Expression.java:4)
	at asg06.Expression.&lt;init&gt;(Expression.java:4)
	at asg06.Expression.&lt;init&gt;(Expression.java:4)
	at asg06.Expression.&lt;init&gt;(Expression.java:4)
	at asg06.Expression.&lt;init&gt;(Expression.java:4)
	at asg06.Expression.&lt;init&gt;(Expression.java:4)
	at asg06.Expression.&lt;init&gt;(Expression.java:4)
	at asg06.Expression.&lt;init&gt;(Expression.java:4)
	at asg06.Expression.&lt;init&gt;(Expression.java:4)
	at asg06.Expression.&lt;init&gt;(Expression.java:4)
	at asg06.Expression.&lt;init&gt;(Expression.java:4)
	at asg06.Expression.&lt;init&gt;(Expression.java:4)
	at asg06.Expression.&lt;init&gt;(Expression.java:4)
	at asg06.Expression.&lt;init&gt;(Expression.java:4)
	at asg06.Expression.&lt;init&gt;(Expression.java:4)
	at asg06.Expression.&lt;init&gt;(Expression.java:4)
	at asg06.Expression.&lt;init&gt;(Expression.java:4)
	at asg06.Expression.&lt;init&gt;(Expression.java:4)
	at asg06.Expression.&lt;init&gt;(Expression.java:4)
	at asg06.Expression.&lt;init&gt;(Expression.java:4)
	at asg06.Expression.&lt;init&gt;(Expression.java:4)
	at asg06.Expression.&lt;init&gt;(Expression.java:4)
	at asg06.Expression.&lt;init&gt;(Expression.java:4)
	at asg06.Expression.&lt;init&gt;(Expression.java:4)
	at asg06.Expression.&lt;init&gt;(Expression.java:4)
	at asg06.Expression.&lt;init&gt;(Expression.java:4)
	at asg06.Expression.&lt;init&gt;(Expression.java:4)
	at asg06.Expression.&lt;init&gt;(Expression.java:4)
	at asg06.Expression.&lt;init&gt;(Expression.java:4)
	at asg06.Expression.&lt;init&gt;(Expression.java:4)
	at asg06.Expression.&lt;init&gt;(Expression.java:4)
	at asg06.Expression.&lt;init&gt;(Expression.java:4)
	at asg06.Expression.&lt;init&gt;(Expression.java:4)
	at asg06.Expression.&lt;init&gt;(Expression.java:4)
	at asg06.Expression.&lt;init&gt;(Expression.java:4)
	at asg06.Expression.&lt;init&gt;(Expression.java:4)
	at asg06.Expression.&lt;init&gt;(Expression.java:4)
	at asg06.Expression.&lt;init&gt;(Expression.java:4)
	at asg06.Expression.&lt;init&gt;(Expression.java:4)
	at asg06.Expression.&lt;init&gt;(Expression.java:4)
	at asg06.Expression.&lt;init&gt;(Expression.java:4)
	at asg06.Expression.&lt;init&gt;(Expression.java:4)
	at asg06.Expression.&lt;init&gt;(Expression.java:4)
	at asg06.Expression.&lt;init&gt;(Expression.java:4)
	at asg06.Expression.&lt;init&gt;(Expression.java:4)
	at asg06.Expression.&lt;init&gt;(Expression.java:4)
	at asg06.Expression.&lt;init&gt;(Expression.java:4)
	at asg06.Expression.&lt;init&gt;(Expression.java:4)
	at asg06.Expression.&lt;init&gt;(Expression.java:4)
	at asg06.Expression.&lt;init&gt;(Expression.java:4)
	at asg06.Expression.&lt;init&gt;(Expression.java:4)
	at asg06.Expression.&lt;init&gt;(Expression.java:4)
	at asg06.Expression.&lt;init&gt;(Expression.java:4)
	at asg06.Expression.&lt;init&gt;(Expression.java:4)
	at asg06.Expression.&lt;init&gt;(Expression.java:4)
	at asg06.Expression.&lt;init&gt;(Expression.java:4)
	at asg06.Expression.&lt;init&gt;(Expression.java:4)
	at asg06.Expression.&lt;init&gt;(Expression.java:4)
	at asg06.Expression.&lt;init&gt;(Expression.java:4)
	at asg06.Expression.&lt;init&gt;(Expression.java:4)
	at asg06.Expression.&lt;init&gt;(Expression.java:4)
	at asg06.Expression.&lt;init&gt;(Expression.java:4)
	at asg06.Expression.&lt;init&gt;(Expression.java:4)
	at asg06.Expression.&lt;init&gt;(Expression.java:4)
	at asg06.Expression.&lt;init&gt;(Expression.java:4)
	at asg06.Expression.&lt;init&gt;(Expression.java:4)
	at asg06.Expression.&lt;init&gt;(Expression.java:4)
	at asg06.Expression.&lt;init&gt;(Expression.java:4)
	at asg06.Expression.&lt;init&gt;(Expression.java:4)
	at asg06.Expression.&lt;init&gt;(Expression.java:4)
	at asg06.Expression.&lt;init&gt;(Expression.java:4)
	at asg06.Expression.&lt;init&gt;(Expression.java:4)
	at asg06.Expression.&lt;init&gt;(Expression.java:4)
	at asg06.Expression.&lt;init&gt;(Expression.java:4)
	at asg06.Expression.&lt;init&gt;(Expression.java:4)
	at asg06.Expression.&lt;init&gt;(Expression.java:4)
	at asg06.Expression.&lt;init&gt;(Expression.java:4)
	at asg06.Expression.&lt;init&gt;(Expression.java:4)
	at asg06.Expression.&lt;init&gt;(Expression.java:4)
	at asg06.Expression.&lt;init&gt;(Expression.java:4)
	at asg06.Expression.&lt;init&gt;(Expression.java:4)
	at asg06.Expression.&lt;init&gt;(Expression.java:4)
	at asg06.Expression.&lt;init&gt;(Expression.java:4)
	at asg06.Expression.&lt;init&gt;(Expression.java:4)
	at asg06.Expression.&lt;init&gt;(Expression.java:4)
	at asg06.Expression.&lt;init&gt;(Expression.java:4)
	at asg06.Expression.&lt;init&gt;(Expression.java:4)
	at asg06.Expression.&lt;init&gt;(Expression.java:4)
	at asg06.Expression.&lt;init&gt;(Expression.java:4)
	at asg06.Expression.&lt;init&gt;(Expression.java:4)
	at asg06.Expression.&lt;init&gt;(Expression.java:4)
	at asg06.Expression.&lt;init&gt;(Expression.java:4)
	at asg06.Expression.&lt;init&gt;(Expression.java:4)
	at asg06.Expression.&lt;init&gt;(Expression.java:4)
	at asg06.Expression.&lt;init&gt;(Expression.java:4)
	at asg06.Expression.&lt;init&gt;(Expression.java:4)
	at asg06.Expression.&lt;init&gt;(Expression.java:4)
	at asg06.Expression.&lt;init&gt;(Expression.java:4)
	at asg06.Expression.&lt;init&gt;(Expression.java:4)
	at asg06.Expression.&lt;init&gt;(Expression.java:4)
	at asg06.Expression.&lt;init&gt;(Expression.java:4)
	at asg06.Expression.&lt;init&gt;(Expression.java:4)
	at asg06.Expression.&lt;init&gt;(Expression.java:4)
	at asg06.Expression.&lt;init&gt;(Expression.java:4)
	at asg06.Expression.&lt;init&gt;(Expression.java:4)
	at asg06.Expression.&lt;init&gt;(Expression.java:4)
	at asg06.Expression.&lt;init&gt;(Expression.java:4)
	at asg06.Expression.&lt;init&gt;(Expression.java:4)
	at asg06.Expression.&lt;init&gt;(Expression.java:4)
	at asg06.Expression.&lt;init&gt;(Expression.java:4)
	at asg06.Expression.&lt;init&gt;(Expression.java:4)
	at asg06.Expression.&lt;init&gt;(Expression.java:4)
	at asg06.Expression.&lt;init&gt;(Expression.java:4)
	at asg06.Expression.&lt;init&gt;(Expression.java:4)
	at asg06.Expression.&lt;init&gt;(Expression.java:4)
	at asg06.Expression.&lt;init&gt;(Expression.java:4)
	at asg06.Expression.&lt;init&gt;(Expression.java:4)
	at asg06.Expression.&lt;init&gt;(Expression.java:4)
	at asg06.Expression.&lt;init&gt;(Expression.java:4)
	at asg06.Expression.&lt;init&gt;(Expression.java:4)
	at asg06.Expression.&lt;init&gt;(Expression.java:4)
	at asg06.Expression.&lt;init&gt;(Expression.java:4)
	at asg06.Expression.&lt;init&gt;(Expression.java:4)
	at asg06.Expression.&lt;init&gt;(Expression.java:4)
	at asg06.Expression.&lt;init&gt;(Expression.java:4)
	at asg06.Expression.&lt;init&gt;(Expression.java:4)
	at asg06.Expression.&lt;init&gt;(Expression.java:4)
	at asg06.Expression.&lt;init&gt;(Expression.java:4)
	at asg06.Expression.&lt;init&gt;(Expression.java:4)
	at asg06.Expression.&lt;init&gt;(Expression.java:4)
	at asg06.Expression.&lt;init&gt;(Expression.java:4)
	at asg06.Expression.&lt;init&gt;(Expression.java:4)
	at asg06.Expression.&lt;init&gt;(Expression.java:4)
	at asg06.Expression.&lt;init&gt;(Expression.java:4)
	at asg06.Expression.&lt;init&gt;(Expression.java:4)
	at asg06.Expression.&lt;init&gt;(Expression.java:4)
	at asg06.Expression.&lt;init&gt;(Expression.java:4)
	at asg06.Expression.&lt;init&gt;(Expression.java:4)
	at asg06.Expression.&lt;init&gt;(Expression.java:4)
	at asg06.Expression.&lt;init&gt;(Expression.java:4)
	at asg06.Expression.&lt;init&gt;(Expression.java:4)
	at asg06.Expression.&lt;init&gt;(Expression.java:4)
	at asg06.Expression.&lt;init&gt;(Expression.java:4)
	at asg06.Expression.&lt;init&gt;(Expression.java:4)
	at asg06.Expression.&lt;init&gt;(Expression.java:4)
	at asg06.Expression.&lt;init&gt;(Expression.java:4)
	at asg06.Expression.&lt;init&gt;(Expression.java:4)
	at asg06.Expression.&lt;init&gt;(Expression.java:4)
	at asg06.Expression.&lt;init&gt;(Expression.java:4)
	at asg06.Expression.&lt;init&gt;(Expression.java:4)
	at asg06.Expression.&lt;init&gt;(Expression.java:4)
	at asg06.Expression.&lt;init&gt;(Expression.java:4)
	at asg06.Expression.&lt;init&gt;(Expression.java:4)
	at asg06.Expression.&lt;init&gt;(Expression.java:4)
	at asg06.Expression.&lt;init&gt;(Expression.java:4)
	at asg06.Expression.&lt;init&gt;(Expression.java:4)
	at asg06.Expression.&lt;init&gt;(Expression.java:4)
	at asg06.Expression.&lt;init&gt;(Expression.java:4)
	at asg06.Expression.&lt;init&gt;(Expression.java:4)
	at asg06.Expression.&lt;init&gt;(Expression.java:4)
	at asg06.Expression.&lt;init&gt;(Expression.java:4)
	at asg06.Expression.&lt;init&gt;(Expression.java:4)
	at asg06.Expression.&lt;init&gt;(Expression.java:4)
	at asg06.Expression.&lt;init&gt;(Expression.java:4)
	at asg06.Expression.&lt;init&gt;(Expression.java:4)
	at asg06.Expression.&lt;init&gt;(Expression.java:4)
	at asg06.Expression.&lt;init&gt;(Expression.java:4)
	at asg06.Expression.&lt;init&gt;(Expression.java:4)
	at asg06.Expression.&lt;init&gt;(Expression.java:4)
	at asg06.Expression.&lt;init&gt;(Expression.java:4)
	at asg06.Expression.&lt;init&gt;(Expression.java:4)
	at asg06.Expression.&lt;init&gt;(Expression.java:4)
	at asg06.Expression.&lt;init&gt;(Expression.java:4)
	at asg06.Expression.&lt;init&gt;(Expression.java:4)
	at asg06.Expression.&lt;init&gt;(Expression.java:4)
	at asg06.Expression.&lt;init&gt;(Expression.java:4)
	at asg06.Expression.&lt;init&gt;(Expression.java:4)
	at asg06.Expression.&lt;init&gt;(Expression.java:4)
	at asg06.Expression.&lt;init&gt;(Expression.java:4)
	at asg06.Expression.&lt;init&gt;(Expression.java:4)
	at asg06.Expression.&lt;init&gt;(Expression.java:4)
	at asg06.Expression.&lt;init&gt;(Expression.java:4)
	at asg06.Expression.&lt;init&gt;(Expression.java:4)
	at asg06.Expression.&lt;init&gt;(Expression.java:4)
	at asg06.Expression.&lt;init&gt;(Expression.java:4)
	at asg06.Expression.&lt;init&gt;(Expression.java:4)
	at asg06.Expression.&lt;init&gt;(Expression.java:4)
	at asg06.Expression.&lt;init&gt;(Expression.java:4)
	at asg06.Expression.&lt;init&gt;(Expression.java:4)
	at asg06.Expression.&lt;init&gt;(Expression.java:4)
	at asg06.Expression.&lt;init&gt;(Expression.java:4)
	at asg06.Expression.&lt;init&gt;(Expression.java:4)
	at asg06.Expression.&lt;init&gt;(Expression.java:4)
	at asg06.Expression.&lt;init&gt;(Expression.java:4)
	at asg06.Expression.&lt;init&gt;(Expression.java:4)
	at asg06.Expression.&lt;init&gt;(Expression.java:4)
	at asg06.Expression.&lt;init&gt;(Expression.java:4)
	at asg06.Expression.&lt;init&gt;(Expression.java:4)
	at asg06.Expression.&lt;init&gt;(Expression.java:4)
	at asg06.Expression.&lt;init&gt;(Expression.java:4)
	at asg06.Expression.&lt;init&gt;(Expression.java:4)
	at asg06.Expression.&lt;init&gt;(Expression.java:4)
	at asg06.Expression.&lt;init&gt;(Expression.java:4)
	at asg06.Expression.&lt;init&gt;(Expression.java:4)
	at asg06.Expression.&lt;init&gt;(Expression.java:4)
	at asg06.Expression.&lt;init&gt;(Expression.java:4)
	at asg06.Expression.&lt;init&gt;(Expression.java:4)
	at asg06.Expression.&lt;init&gt;(Expression.java:4)
	at asg06.Expression.&lt;init&gt;(Expression.java:4)
	at asg06.Expression.&lt;init&gt;(Expression.java:4)
	at asg06.Expression.&lt;init&gt;(Expression.java:4)
	at asg06.Expression.&lt;init&gt;(Expression.java:4)
	at asg06.Expression.&lt;init&gt;(Expression.java:4)
	at asg06.Expression.&lt;init&gt;(Expression.java:4)
	at asg06.Expression.&lt;init&gt;(Expression.java:4)
	at asg06.Expression.&lt;init&gt;(Expression.java:4)
	at asg06.Expression.&lt;init&gt;(Expression.java:4)
	at asg06.Expression.&lt;init&gt;(Expression.java:4)
	at asg06.Expression.&lt;init&gt;(Expression.java:4)
	at asg06.Expression.&lt;init&gt;(Expression.java:4)
	at asg06.Expression.&lt;init&gt;(Expression.java:4)
	at asg06.Expression.&lt;init&gt;(Expression.java:4)
	at asg06.Expression.&lt;init&gt;(Expression.java:4)
	at asg06.Expression.&lt;init&gt;(Expression.java:4)
	at asg06.Expression.&lt;init&gt;(Expression.java:4)
	at asg06.Expression.&lt;init&gt;(Expression.java:4)
	at asg06.Expression.&lt;init&gt;(Expression.java:4)
	at asg06.Expression.&lt;init&gt;(Expression.java:4)
	at asg06.Expression.&lt;init&gt;(Expression.java:4)
	at asg06.Expression.&lt;init&gt;(Expression.java:4)
	at asg06.Expression.&lt;init&gt;(Expression.java:4)
	at asg06.Expression.&lt;init&gt;(Expression.java:4)
	at asg06.Expression.&lt;init&gt;(Expression.java:4)
	at asg06.Expression.&lt;init&gt;(Expression.java:4)
	at asg06.Expression.&lt;init&gt;(Expression.java:4)
	at asg06.Expression.&lt;init&gt;(Expression.java:4)
	at asg06.Expression.&lt;init&gt;(Expression.java:4)
	at asg06.Expression.&lt;init&gt;(Expression.java:4)
	at asg06.Expression.&lt;init&gt;(Expression.java:4)
	at asg06.Expression.&lt;init&gt;(Expression.java:4)
	at asg06.Expression.&lt;init&gt;(Expression.java:4)
	at asg06.Expression.&lt;init&gt;(Expression.java:4)
	at asg06.Expression.&lt;init&gt;(Expression.java:4)
	at asg06.Expression.&lt;init&gt;(Expression.java:4)
	at asg06.Expression.&lt;init&gt;(Expression.java:4)
	at asg06.Expression.&lt;init&gt;(Expression.java:4)
	at asg06.Expression.&lt;init&gt;(Expression.java:4)
	at asg06.Expression.&lt;init&gt;(Expression.java:4)
	at asg06.Expression.&lt;init&gt;(Expression.java:4)
	at asg06.Expression.&lt;init&gt;(Expression.java:4)
	at asg06.Expression.&lt;init&gt;(Expression.java:4)
	at asg06.Expression.&lt;init&gt;(Expression.java:4)
	at asg06.Expression.&lt;init&gt;(Expression.java:4)
	at asg06.Expression.&lt;init&gt;(Expression.java:4)
	at asg06.Expression.&lt;init&gt;(Expression.java:4)
	at asg06.Expression.&lt;init&gt;(Expression.java:4)
	at asg06.Expression.&lt;init&gt;(Expression.java:4)
	at asg06.Expression.&lt;init&gt;(Expression.java:4)
	at asg06.Expression.&lt;init&gt;(Expression.java:4)
	at asg06.Expression.&lt;init&gt;(Expression.java:4)
	at asg06.Expression.&lt;init&gt;(Expression.java:4)
	at asg06.Expression.&lt;init&gt;(Expression.java:4)
	at asg06.Expression.&lt;init&gt;(Expression.java:4)
	at asg06.Expression.&lt;init&gt;(Expression.java:4)
	at asg06.Expression.&lt;init&gt;(Expression.java:4)
	at asg06.Expression.&lt;init&gt;(Expression.java:4)
	at asg06.Expression.&lt;init&gt;(Expression.java:4)
	at asg06.Expression.&lt;init&gt;(Expression.java:4)
	at asg06.Expression.&lt;init&gt;(Expression.java:4)
	at asg06.Expression.&lt;init&gt;(Expression.java:4)
	at asg06.Expression.&lt;init&gt;(Expression.java:4)
	at asg06.Expression.&lt;init&gt;(Expression.java:4)
	at asg06.Expression.&lt;init&gt;(Expression.java:4)
	at asg06.Expression.&lt;init&gt;(Expression.java:4)
	at asg06.Expression.&lt;init&gt;(Expression.java:4)
	at asg06.Expression.&lt;init&gt;(Expression.java:4)
	at asg06.Expression.&lt;init&gt;(Expression.java:4)
	at asg06.Expression.&lt;init&gt;(Expression.java:4)
	at asg06.Expression.&lt;init&gt;(Expression.java:4)
	at asg06.Expression.&lt;init&gt;(Expression.java:4)
	at asg06.Expression.&lt;init&gt;(Expression.java:4)
	at asg06.Expression.&lt;init&gt;(Expression.java:4)
	at asg06.Expression.&lt;init&gt;(Expression.java:4)
	at asg06.Expression.&lt;init&gt;(Expression.java:4)
	at asg06.Expression.&lt;init&gt;(Expression.java:4)
	at asg06.Expression.&lt;init&gt;(Expression.java:4)
	at asg06.Expression.&lt;init&gt;(Expression.java:4)
	at asg06.Expression.&lt;init&gt;(Expression.java:4)
	at asg06.Expression.&lt;init&gt;(Expression.java:4)
	at asg06.Expression.&lt;init&gt;(Expression.java:4)
	at asg06.Expression.&lt;init&gt;(Expression.java:4)
	at asg06.Expression.&lt;init&gt;(Expression.java:4)
	at asg06.Expression.&lt;init&gt;(Expression.java:4)
	at asg06.Expression.&lt;init&gt;(Expression.java:4)
	at asg06.Expression.&lt;init&gt;(Expression.java:4)
	at asg06.Expression.&lt;init&gt;(Expression.java:4)
	at asg06.Expression.&lt;init&gt;(Expression.java:4)
	at asg06.Expression.&lt;init&gt;(Expression.java:4)
	at asg06.Expression.&lt;init&gt;(Expression.java:4)
	at asg06.Expression.&lt;init&gt;(Expression.java:4)
	at asg06.Expression.&lt;init&gt;(Expression.java:4)
	at asg06.Expression.&lt;init&gt;(Expression.java:4)
	at asg06.Expression.&lt;init&gt;(Expression.java:4)
	at asg06.Expression.&lt;init&gt;(Expression.java:4)
	at asg06.Expression.&lt;init&gt;(Expression.java:4)
	at asg06.Expression.&lt;init&gt;(Expression.java:4)
	at asg06.Expression.&lt;init&gt;(Expression.java:4)
	at asg06.Expression.&lt;init&gt;(Expression.java:4)
	at asg06.Expression.&lt;init&gt;(Expression.java:4)
	at asg06.Expression.&lt;init&gt;(Expression.java:4)
	at asg06.Expression.&lt;init&gt;(Expression.java:4)
	at asg06.Expression.&lt;init&gt;(Expression.java:4)
	at asg06.Expression.&lt;init&gt;(Expression.java:4)
	at asg06.Expression.&lt;init&gt;(Expression.java:4)
	at asg06.Expression.&lt;init&gt;(Expression.java:4)
	at asg06.Expression.&lt;init&gt;(Expression.java:4)
	at asg06.Expression.&lt;init&gt;(Expression.java:4)
	at asg06.Expression.&lt;init&gt;(Expression.java:4)
	at asg06.Expression.&lt;init&gt;(Expression.java:4)
	at asg06.Expression.&lt;init&gt;(Expression.java:4)
	at asg06.Expression.&lt;init&gt;(Expression.java:4)
	at asg06.Expression.&lt;init&gt;(Expression.java:4)
	at asg06.Expression.&lt;init&gt;(Expression.java:4)
	at asg06.Expression.&lt;init&gt;(Expression.java:4)
	at asg06.Expression.&lt;init&gt;(Expression.java:4)
	at asg06.Expression.&lt;init&gt;(Expression.java:4)
	at asg06.Expression.&lt;init&gt;(Expression.java:4)
	at asg06.Expression.&lt;init&gt;(Expression.java:4)
	at asg06.Expression.&lt;init&gt;(Expression.java:4)
	at asg06.Expression.&lt;init&gt;(Expression.java:4)
	at asg06.Expression.&lt;init&gt;(Expression.java:4)
	at asg06.Expression.&lt;init&gt;(Expression.java:4)
	at asg06.Expression.&lt;init&gt;(Expression.java:4)
	at asg06.Expression.&lt;init&gt;(Expression.java:4)
	at asg06.Expression.&lt;init&gt;(Expression.java:4)
	at asg06.Expression.&lt;init&gt;(Expression.java:4)
	at asg06.Expression.&lt;init&gt;(Expression.java:4)
	at asg06.Expression.&lt;init&gt;(Expression.java:4)
	at asg06.Expression.&lt;init&gt;(Expression.java:4)
	at asg06.Expression.&lt;init&gt;(Expression.java:4)
	at asg06.Expression.&lt;init&gt;(Expression.java:4)
	at asg06.Expression.&lt;init&gt;(Expression.java:4)
	at asg06.Expression.&lt;init&gt;(Expression.java:4)
	at asg06.Expression.&lt;init&gt;(Expression.java:4)
	at asg06.Expression.&lt;init&gt;(Expression.java:4)
	at asg06.Expression.&lt;init&gt;(Expression.java:4)
	at asg06.Expression.&lt;init&gt;(Expression.java:4)
	at asg06.Expression.&lt;init&gt;(Expression.java:4)
	at asg06.Expression.&lt;init&gt;(Expression.java:4)
	at asg06.Expression.&lt;init&gt;(Expression.java:4)
	at asg06.Expression.&lt;init&gt;(Expression.java:4)
	at asg06.Expression.&lt;init&gt;(Expression.java:4)
	at asg06.Expression.&lt;init&gt;(Expression.java:4)
	at asg06.Expression.&lt;init&gt;(Expression.java:4)
	at asg06.Expression.&lt;init&gt;(Expression.java:4)
	at asg06.Expression.&lt;init&gt;(Expression.java:4)
	at asg06.Expression.&lt;init&gt;(Expression.java:4)
	at asg06.Expression.&lt;init&gt;(Expression.java:4)
	at asg06.Expression.&lt;init&gt;(Expression.java:4)
	at asg06.Expression.&lt;init&gt;(Expression.java:4)
	at asg06.Expression.&lt;init&gt;(Expression.java:4)
	at asg06.Expression.&lt;init&gt;(Expression.java:4)
	at asg06.Expression.&lt;init&gt;(Expression.java:4)
	at asg06.Expression.&lt;init&gt;(Expression.java:4)
	at asg06.Expression.&lt;init&gt;(Expression.java:4)
	at asg06.Expression.&lt;init&gt;(Expression.java:4)
	at asg06.Expression.&lt;init&gt;(Expression.java:4)
	at asg06.Expression.&lt;init&gt;(Expression.java:4)
	at asg06.Expression.&lt;init&gt;(Expression.java:4)
	at asg06.Expression.&lt;init&gt;(Expression.java:4)
	at asg06.Expression.&lt;init&gt;(Expression.java:4)
	at asg06.Expression.&lt;init&gt;(Expression.java:4)
	at asg06.Expression.&lt;init&gt;(Expression.java:4)
	at asg06.Expression.&lt;init&gt;(Expression.java:4)
	at asg06.Expression.&lt;init&gt;(Expression.java:4)
	at asg06.Expression.&lt;init&gt;(Expression.java:4)
	at asg06.Expression.&lt;init&gt;(Expression.java:4)
	at asg06.Expression.&lt;init&gt;(Expression.java:4)
	at asg06.Expression.&lt;init&gt;(Expression.java:4)
	at asg06.Expression.&lt;init&gt;(Expression.java:4)
	at asg06.Expression.&lt;init&gt;(Expression.java:4)
	at asg06.Expression.&lt;init&gt;(Expression.java:4)
	at asg06.Expression.&lt;init&gt;(Expression.java:4)
	at asg06.Expression.&lt;init&gt;(Expression.java:4)
	at asg06.Expression.&lt;init&gt;(Expression.java:4)
	at asg06.Expression.&lt;init&gt;(Expression.java:4)
	at asg06.Expression.&lt;init&gt;(Expression.java:4)
	at asg06.Expression.&lt;init&gt;(Expression.java:4)
	at asg06.Expression.&lt;init&gt;(Expression.java:4)
	at asg06.Expression.&lt;init&gt;(Expression.java:4)
	at asg06.Expression.&lt;init&gt;(Expression.java:4)
	at asg06.Expression.&lt;init&gt;(Expression.java:4)
	at asg06.Expression.&lt;init&gt;(Expression.java:4)
	at asg06.Expression.&lt;init&gt;(Expression.java:4)
	at asg06.Expression.&lt;init&gt;(Expression.java:4)
	at asg06.Expression.&lt;init&gt;(Expression.java:4)
	at asg06.Expression.&lt;init&gt;(Expression.java:4)
	at asg06.Expression.&lt;init&gt;(Expression.java:4)
	at asg06.Expression.&lt;init&gt;(Expression.java:4)
	at asg06.Expression.&lt;init&gt;(Expression.java:4)
	at asg06.Expression.&lt;init&gt;(Expression.java:4)
	at asg06.Expression.&lt;init&gt;(Expression.java:4)
	at asg06.Expression.&lt;init&gt;(Expression.java:4)
	at asg06.Expression.&lt;init&gt;(Expression.java:4)
	at asg06.Expression.&lt;init&gt;(Expression.java:4)
	at asg06.Expression.&lt;init&gt;(Expression.java:4)
	at asg06.Expression.&lt;init&gt;(Expression.java:4)
	at asg06.Expression.&lt;init&gt;(Expression.java:4)
	at asg06.Expression.&lt;init&gt;(Expression.java:4)
	at asg06.Expression.&lt;init&gt;(Expression.java:4)
	at asg06.Expression.&lt;init&gt;(Expression.java:4)
	at asg06.Expression.&lt;init&gt;(Expression.java:4)
	at asg06.Expression.&lt;init&gt;(Expression.java:4)
	at asg06.Expression.&lt;init&gt;(Expression.java:4)
	at asg06.Expression.&lt;init&gt;(Expression.java:4)
	at asg06.Expression.&lt;init&gt;(Expression.java:4)
	at asg06.Expression.&lt;init&gt;(Expression.java:4)
	at asg06.Expression.&lt;init&gt;(Expression.java:4)
	at asg06.Expression.&lt;init&gt;(Expression.java:4)
	at asg06.Expression.&lt;init&gt;(Expression.java:4)
	at asg06.Expression.&lt;init&gt;(Expression.java:4)
	at asg06.Expression.&lt;init&gt;(Expression.java:4)
	at asg06.Expression.&lt;init&gt;(Expression.java:4)
	at asg06.Expression.&lt;init&gt;(Expression.java:4)
	at asg06.Expression.&lt;init&gt;(Expression.java:4)
	at asg06.Expression.&lt;init&gt;(Expression.java:4)
	at asg06.Expression.&lt;init&gt;(Expression.java:4)
	at asg06.Expression.&lt;init&gt;(Expression.java:4)
	at asg06.Expression.&lt;init&gt;(Expression.java:4)
	at asg06.Expression.&lt;init&gt;(Expression.java:4)
	at asg06.Expression.&lt;init&gt;(Expression.java:4)
	at asg06.Expression.&lt;init&gt;(Expression.java:4)
	at asg06.Expression.&lt;init&gt;(Expression.java:4)
	at asg06.Expression.&lt;init&gt;(Expression.java:4)
	at asg06.Expression.&lt;init&gt;(Expression.java:4)
	at asg06.Expression.&lt;init&gt;(Expression.java:4)
	at asg06.Expression.&lt;init&gt;(Expression.java:4)
	at asg06.Expression.&lt;init&gt;(Expression.java:4)
	at asg06.Expression.&lt;init&gt;(Expression.java:4)
	at asg06.Expression.&lt;init&gt;(Expression.java:4)
	at asg06.Expression.&lt;init&gt;(Expression.java:4)
	at asg06.Expression.&lt;init&gt;(Expression.java:4)
	at asg06.Expression.&lt;init&gt;(Expression.java:4)
	at asg06.Expression.&lt;init&gt;(Expression.java:4)
	at asg06.Expression.&lt;init&gt;(Expression.java:4)
	at asg06.Expression.&lt;init&gt;(Expression.java:4)
	at asg06.Expression.&lt;init&gt;(Expression.java:4)
	at asg06.Expression.&lt;init&gt;(Expression.java:4)
	at asg06.Expression.&lt;init&gt;(Expression.java:4)
	at asg06.Expression.&lt;init&gt;(Expression.java:4)
	at asg06.Expression.&lt;init&gt;(Expression.java:4)
	at asg06.Expression.&lt;init&gt;(Expression.java:4)
	at asg06.Expression.&lt;init&gt;(Expression.java:4)
	at asg06.Expression.&lt;init&gt;(Expression.java:4)
	at asg06.Expression.&lt;init&gt;(Expression.java:4)
	at asg06.Expression.&lt;init&gt;(Expression.java:4)
	at asg06.Expression.&lt;init&gt;(Expression.java:4)
	at asg06.Expression.&lt;init&gt;(Expression.java:4)
	at asg06.Expression.&lt;init&gt;(Expression.java:4)
	at asg06.Expression.&lt;init&gt;(Expression.java:4)
	at asg06.Expression.&lt;init&gt;(Expression.java:4)
	at asg06.Expression.&lt;init&gt;(Expression.java:4)
	at asg06.Expression.&lt;init&gt;(Expression.java:4)
	at asg06.Expression.&lt;init&gt;(Expression.java:4)
	at asg06.Expression.&lt;init&gt;(Expression.java:4)
	at asg06.Expression.&lt;init&gt;(Expression.java:4)
	at asg06.Expression.&lt;init&gt;(Expression.java:4)
	at asg06.Expression.&lt;init&gt;(Expression.java:4)
	at asg06.Expression.&lt;init&gt;(Expression.java:4)
	at asg06.Expression.&lt;init&gt;(Expression.java:4)
	at asg06.Expression.&lt;init&gt;(Expression.java:4)
	at asg06.Expression.&lt;init&gt;(Expression.java:4)
	at asg06.Expression.&lt;init&gt;(Expression.java:4)
	at asg06.Expression.&lt;init&gt;(Expression.java:4)
	at asg06.Expression.&lt;init&gt;(Expression.java:4)
	at asg06.Expression.&lt;init&gt;(Expression.java:4)
	at asg06.Expression.&lt;init&gt;(Expression.java:4)
	at asg06.Expression.&lt;init&gt;(Expression.java:4)
	at asg06.Expression.&lt;init&gt;(Expression.java:4)
	at asg06.Expression.&lt;init&gt;(Expression.java:4)
	at asg06.Expression.&lt;init&gt;(Expression.java:4)
	at asg06.Expression.&lt;init&gt;(Expression.java:4)
	at asg06.Expression.&lt;init&gt;(Expression.java:4)
	at asg06.Expression.&lt;init&gt;(Expression.java:4)
	at asg06.Expression.&lt;init&gt;(Expression.java:4)
	at asg06.Expression.&lt;init&gt;(Expression.java:4)
	at asg06.Expression.&lt;init&gt;(Expression.java:4)
	at asg06.Expression.&lt;init&gt;(Expression.java:4)
	at asg06.Expression.&lt;init&gt;(Expression.java:4)
	at asg06.Expression.&lt;init&gt;(Expression.java:4)
	at asg06.Expression.&lt;init&gt;(Expression.java:4)
	at asg06.Expression.&lt;init&gt;(Expression.java:4)
	at asg06.Expression.&lt;init&gt;(Expression.java:4)
	at asg06.Expression.&lt;init&gt;(Expression.java:4)
	at asg06.Expression.&lt;init&gt;(Expression.java:4)
	at asg06.Expression.&lt;init&gt;(Expression.java:4)
	at asg06.Expression.&lt;init&gt;(Expression.java:4)
	at asg06.Expression.&lt;init&gt;(Expression.java:4)
	at asg06.Expression.&lt;init&gt;(Expression.java:4)
	at asg06.Expression.&lt;init&gt;(Expression.java:4)
	at asg06.Expression.&lt;init&gt;(Expression.java:4)
	at asg06.Expression.&lt;init&gt;(Expression.java:4)
	at asg06.Expression.&lt;init&gt;(Expression.java:4)
	at asg06.Expression.&lt;init&gt;(Expression.java:4)
	at asg06.Expression.&lt;init&gt;(Expression.java:4)
	at asg06.Expression.&lt;init&gt;(Expression.java:4)
	at asg06.Expression.&lt;init&gt;(Expression.java:4)
	at asg06.Expression.&lt;init&gt;(Expression.java:4)
	at asg06.Expression.&lt;init&gt;(Expression.java:4)
	at asg06.Expression.&lt;init&gt;(Expression.java:4)
	at asg06.Expression.&lt;init&gt;(Expression.java:4)
	at asg06.Expression.&lt;init&gt;(Expression.java:4)
	at asg06.Expression.&lt;init&gt;(Expression.java:4)
	at asg06.Expression.&lt;init&gt;(Expression.java:4)
	at asg06.Expression.&lt;init&gt;(Expression.java:4)
	at asg06.Expression.&lt;init&gt;(Expression.java:4)
	at asg06.Expression.&lt;init&gt;(Expression.java:4)
	at asg06.Expression.&lt;init&gt;(Expression.java:4)
	at asg06.Expression.&lt;init&gt;(Expression.java:4)
	at asg06.Expression.&lt;init&gt;(Expression.java:4)
	at asg06.Expression.&lt;init&gt;(Expression.java:4)
	at asg06.Expression.&lt;init&gt;(Expression.java:4)
	at asg06.Expression.&lt;init&gt;(Expression.java:4)
	at asg06.Expression.&lt;init&gt;(Expression.java:4)
	at asg06.Expression.&lt;init&gt;(Expression.java:4)
	at asg06.Expression.&lt;init&gt;(Expression.java:4)
	at asg06.Expression.&lt;init&gt;(Expression.java:4)
	at asg06.Expression.&lt;init&gt;(Expression.java:4)
	at asg06.Expression.&lt;init&gt;(Expression.java:4)
	at asg06.Expression.&lt;init&gt;(Expression.java:4)
	at asg06.Expression.&lt;init&gt;(Expression.java:4)
	at asg06.Expression.&lt;init&gt;(Expression.java:4)
	at asg06.Expression.&lt;init&gt;(Expression.java:4)
	at asg06.Expression.&lt;init&gt;(Expression.java:4)
	at asg06.Expression.&lt;init&gt;(Expression.java:4)
	at asg06.Expression.&lt;init&gt;(Expression.java:4)
	at asg06.Expression.&lt;init&gt;(Expression.java:4)
	at asg06.Expression.&lt;init&gt;(Expression.java:4)
	at asg06.Expression.&lt;init&gt;(Expression.java:4)
	at asg06.Expression.&lt;init&gt;(Expression.java:4)
	at asg06.Expression.&lt;init&gt;(Expression.java:4)
	at asg06.Expression.&lt;init&gt;(Expression.java:4)
	at asg06.Expression.&lt;init&gt;(Expression.java:4)
	at asg06.Expression.&lt;init&gt;(Expression.java:4)
	at asg06.Expression.&lt;init&gt;(Expression.java:4)
	at asg06.Expression.&lt;init&gt;(Expression.java:4)
	at asg06.Expression.&lt;init&gt;(Expression.java:4)
	at asg06.Expression.&lt;init&gt;(Expression.java:4)
	at asg06.Expression.&lt;init&gt;(Expression.java:4)
	at asg06.Expression.&lt;init&gt;(Expression.java:4)
	at asg06.Expression.&lt;init&gt;(Expression.java:4)
	at asg06.Expression.&lt;init&gt;(Expression.java:4)
	at asg06.Expression.&lt;init&gt;(Expression.java:4)
	at asg06.Expression.&lt;init&gt;(Expression.java:4)
	at asg06.Expression.&lt;init&gt;(Expression.java:4)
	at asg06.Expression.&lt;init&gt;(Expression.java:4)
	at asg06.Expression.&lt;init&gt;(Expression.java:4)
	at asg06.Expression.&lt;init&gt;(Expression.java:4)
	at asg06.Expression.&lt;init&gt;(Expression.java:4)
	at asg06.Expression.&lt;init&gt;(Expression.java:4)
	at asg06.Expression.&lt;init&gt;(Expression.java:4)
	at asg06.Expression.&lt;init&gt;(Expression.java:4)
	at asg06.Expression.&lt;init&gt;(Expression.java:4)
	at asg06.Expression.&lt;init&gt;(Expression.java:4)
	at asg06.Expression.&lt;init&gt;(Expression.java:4)
	at asg06.Expression.&lt;init&gt;(Expression.java:4)
	at asg06.Expression.&lt;init&gt;(Expression.java:4)
	at asg06.Expression.&lt;init&gt;(Expression.java:4)
	at asg06.Expression.&lt;init&gt;(Expression.java:4)
	at asg06.Expression.&lt;init&gt;(Expression.java:4)
	at asg06.Expression.&lt;init&gt;(Expression.java:4)
	at asg06.Expression.&lt;init&gt;(Expression.java:4)
	at asg06.Expression.&lt;init&gt;(Expression.java:4)
	at asg06.Expression.&lt;init&gt;(Expression.java:4)
	at asg06.Expression.&lt;init&gt;(Expression.java:4)
	at asg06.Expression.&lt;init&gt;(Expression.java:4)
	at asg06.Expression.&lt;init&gt;(Expression.java:4)
	at asg06.Expression.&lt;init&gt;(Expression.java:4)
	at asg06.Expression.&lt;init&gt;(Expression.java:4)
	at asg06.Expression.&lt;init&gt;(Expression.java:4)
	at asg06.Expression.&lt;init&gt;(Expression.java:4)
	at asg06.Expression.&lt;init&gt;(Expression.java:4)
	at asg06.Expression.&lt;init&gt;(Expression.java:4)
	at asg06.Expression.&lt;init&gt;(Expression.java:4)
	at asg06.Expression.&lt;init&gt;(Expression.java:4)
	at asg06.Expression.&lt;init&gt;(Expression.java:4)
	at asg06.Expression.&lt;init&gt;(Expression.java:4)
	at asg06.Expression.&lt;init&gt;(Expression.java:4)
	at asg06.Expression.&lt;init&gt;(Expression.java:4)
	at asg06.Expression.&lt;init&gt;(Expression.java:4)
	at asg06.Expression.&lt;init&gt;(Expression.java:4)
	at asg06.Expression.&lt;init&gt;(Expression.java:4)
	at asg06.Expression.&lt;init&gt;(Expression.java:4)
	at asg06.Expression.&lt;init&gt;(Expression.java:4)
	at asg06.Expression.&lt;init&gt;(Expression.java:4)
	at asg06.Expression.&lt;init&gt;(Expression.java:4)
	at asg06.Expression.&lt;init&gt;(Expression.java:4)
	at asg06.Expression.&lt;init&gt;(Expression.java:4)
	at asg06.Expression.&lt;init&gt;(Expression.java:4)
	at asg06.Expression.&lt;init&gt;(Expression.java:4)
	at asg06.Expression.&lt;init&gt;(Expression.java:4)
	at asg06.Expression.&lt;init&gt;(Expression.java:4)
	at asg06.Expression.&lt;init&gt;(Expression.java:4)
	at asg06.Expression.&lt;init&gt;(Expression.java:4)
	at asg06.Expression.&lt;init&gt;(Expression.java:4)
	at asg06.Expression.&lt;init&gt;(Expression.java:4)
	at asg06.Expression.&lt;init&gt;(Expression.java:4)
	at asg06.Expression.&lt;init&gt;(Expression.java:4)
	at asg06.Expression.&lt;init&gt;(Expression.java:4)
	at asg06.Expression.&lt;init&gt;(Expression.java:4)
</error>
  </testcase>
  <testcase classname="asg06.TestExpression" name="testMultiplicationEvaluate" time="0.03">
    <error type="java.lang.StackOverflowError">java.lang.StackOverflowError
	at asg06.Expression.&lt;init&gt;(Expression.java:4)
	at asg06.Expression.&lt;init&gt;(Expression.java:4)
	at asg06.Expression.&lt;init&gt;(Expression.java:4)
	at asg06.Expression.&lt;init&gt;(Expression.java:4)
	at asg06.Expression.&lt;init&gt;(Expression.java:4)
	at asg06.Expression.&lt;init&gt;(Expression.java:4)
	at asg06.Expression.&lt;init&gt;(Expression.java:4)
	at asg06.Expression.&lt;init&gt;(Expression.java:4)
	at asg06.Expression.&lt;init&gt;(Expression.java:4)
	at asg06.Expression.&lt;init&gt;(Expression.java:4)
	at asg06.Expression.&lt;init&gt;(Expression.java:4)
	at asg06.Expression.&lt;init&gt;(Expression.java:4)
	at asg06.Expression.&lt;init&gt;(Expression.java:4)
	at asg06.Expression.&lt;init&gt;(Expression.java:4)
	at asg06.Expression.&lt;init&gt;(Expression.java:4)
	at asg06.Expression.&lt;init&gt;(Expression.java:4)
	at asg06.Expression.&lt;init&gt;(Expression.java:4)
	at asg06.Expression.&lt;init&gt;(Expression.java:4)
	at asg06.Expression.&lt;init&gt;(Expression.java:4)
	at asg06.Expression.&lt;init&gt;(Expression.java:4)
	at asg06.Expression.&lt;init&gt;(Expression.java:4)
	at asg06.Expression.&lt;init&gt;(Expression.java:4)
	at asg06.Expression.&lt;init&gt;(Expression.java:4)
	at asg06.Expression.&lt;init&gt;(Expression.java:4)
	at asg06.Expression.&lt;init&gt;(Expression.java:4)
	at asg06.Expression.&lt;init&gt;(Expression.java:4)
	at asg06.Expression.&lt;init&gt;(Expression.java:4)
	at asg06.Expression.&lt;init&gt;(Expression.java:4)
	at asg06.Expression.&lt;init&gt;(Expression.java:4)
	at asg06.Expression.&lt;init&gt;(Expression.java:4)
	at asg06.Expression.&lt;init&gt;(Expression.java:4)
	at asg06.Expression.&lt;init&gt;(Expression.java:4)
	at asg06.Expression.&lt;init&gt;(Expression.java:4)
	at asg06.Expression.&lt;init&gt;(Expression.java:4)
	at asg06.Expression.&lt;init&gt;(Expression.java:4)
	at asg06.Expression.&lt;init&gt;(Expression.java:4)
	at asg06.Expression.&lt;init&gt;(Expression.java:4)
	at asg06.Expression.&lt;init&gt;(Expression.java:4)
	at asg06.Expression.&lt;init&gt;(Expression.java:4)
	at asg06.Expression.&lt;init&gt;(Expression.java:4)
	at asg06.Expression.&lt;init&gt;(Expression.java:4)
	at asg06.Expression.&lt;init&gt;(Expression.java:4)
	at asg06.Expression.&lt;init&gt;(Expression.java:4)
	at asg06.Expression.&lt;init&gt;(Expression.java:4)
	at asg06.Expression.&lt;init&gt;(Expression.java:4)
	at asg06.Expression.&lt;init&gt;(Expression.java:4)
	at asg06.Expression.&lt;init&gt;(Expression.java:4)
	at asg06.Expression.&lt;init&gt;(Expression.java:4)
	at asg06.Expression.&lt;init&gt;(Expression.java:4)
	at asg06.Expression.&lt;init&gt;(Expression.java:4)
	at asg06.Expression.&lt;init&gt;(Expression.java:4)
	at asg06.Expression.&lt;init&gt;(Expression.java:4)
	at asg06.Expression.&lt;init&gt;(Expression.java:4)
	at asg06.Expression.&lt;init&gt;(Expression.java:4)
	at asg06.Expression.&lt;init&gt;(Expression.java:4)
	at asg06.Expression.&lt;init&gt;(Expression.java:4)
	at asg06.Expression.&lt;init&gt;(Expression.java:4)
	at asg06.Expression.&lt;init&gt;(Expression.java:4)
	at asg06.Expression.&lt;init&gt;(Expression.java:4)
	at asg06.Expression.&lt;init&gt;(Expression.java:4)
	at asg06.Expression.&lt;init&gt;(Expression.java:4)
	at asg06.Expression.&lt;init&gt;(Expression.java:4)
	at asg06.Expression.&lt;init&gt;(Expression.java:4)
	at asg06.Expression.&lt;init&gt;(Expression.java:4)
	at asg06.Expression.&lt;init&gt;(Expression.java:4)
	at asg06.Expression.&lt;init&gt;(Expression.java:4)
	at asg06.Expression.&lt;init&gt;(Expression.java:4)
	at asg06.Expression.&lt;init&gt;(Expression.java:4)
	at asg06.Expression.&lt;init&gt;(Expression.java:4)
	at asg06.Expression.&lt;init&gt;(Expression.java:4)
	at asg06.Expression.&lt;init&gt;(Expression.java:4)
	at asg06.Expression.&lt;init&gt;(Expression.java:4)
	at asg06.Expression.&lt;init&gt;(Expression.java:4)
	at asg06.Expression.&lt;init&gt;(Expression.java:4)
	at asg06.Expression.&lt;init&gt;(Expression.java:4)
	at asg06.Expression.&lt;init&gt;(Expression.java:4)
	at asg06.Expression.&lt;init&gt;(Expression.java:4)
	at asg06.Expression.&lt;init&gt;(Expression.java:4)
	at asg06.Expression.&lt;init&gt;(Expression.java:4)
	at asg06.Expression.&lt;init&gt;(Expression.java:4)
	at asg06.Expression.&lt;init&gt;(Expression.java:4)
	at asg06.Expression.&lt;init&gt;(Expression.java:4)
	at asg06.Expression.&lt;init&gt;(Expression.java:4)
	at asg06.Expression.&lt;init&gt;(Expression.java:4)
	at asg06.Expression.&lt;init&gt;(Expression.java:4)
	at asg06.Expression.&lt;init&gt;(Expression.java:4)
	at asg06.Expression.&lt;init&gt;(Expression.java:4)
	at asg06.Expression.&lt;init&gt;(Expression.java:4)
	at asg06.Expression.&lt;init&gt;(Expression.java:4)
	at asg06.Expression.&lt;init&gt;(Expression.java:4)
	at asg06.Expression.&lt;init&gt;(Expression.java:4)
	at asg06.Expression.&lt;init&gt;(Expression.java:4)
	at asg06.Expression.&lt;init&gt;(Expression.java:4)
	at asg06.Expression.&lt;init&gt;(Expression.java:4)
	at asg06.Expression.&lt;init&gt;(Expression.java:4)
	at asg06.Expression.&lt;init&gt;(Expression.java:4)
	at asg06.Expression.&lt;init&gt;(Expression.java:4)
	at asg06.Expression.&lt;init&gt;(Expression.java:4)
	at asg06.Expression.&lt;init&gt;(Expression.java:4)
	at asg06.Expression.&lt;init&gt;(Expression.java:4)
	at asg06.Expression.&lt;init&gt;(Expression.java:4)
	at asg06.Expression.&lt;init&gt;(Expression.java:4)
	at asg06.Expression.&lt;init&gt;(Expression.java:4)
	at asg06.Expression.&lt;init&gt;(Expression.java:4)
	at asg06.Expression.&lt;init&gt;(Expression.java:4)
	at asg06.Expression.&lt;init&gt;(Expression.java:4)
	at asg06.Expression.&lt;init&gt;(Expression.java:4)
	at asg06.Expression.&lt;init&gt;(Expression.java:4)
	at asg06.Expression.&lt;init&gt;(Expression.java:4)
	at asg06.Expression.&lt;init&gt;(Expression.java:4)
	at asg06.Expression.&lt;init&gt;(Expression.java:4)
	at asg06.Expression.&lt;init&gt;(Expression.java:4)
	at asg06.Expression.&lt;init&gt;(Expression.java:4)
	at asg06.Expression.&lt;init&gt;(Expression.java:4)
	at asg06.Expression.&lt;init&gt;(Expression.java:4)
	at asg06.Expression.&lt;init&gt;(Expression.java:4)
	at asg06.Expression.&lt;init&gt;(Expression.java:4)
	at asg06.Expression.&lt;init&gt;(Expression.java:4)
	at asg06.Expression.&lt;init&gt;(Expression.java:4)
	at asg06.Expression.&lt;init&gt;(Expression.java:4)
	at asg06.Expression.&lt;init&gt;(Expression.java:4)
	at asg06.Expression.&lt;init&gt;(Expression.java:4)
	at asg06.Expression.&lt;init&gt;(Expression.java:4)
	at asg06.Expression.&lt;init&gt;(Expression.java:4)
	at asg06.Expression.&lt;init&gt;(Expression.java:4)
	at asg06.Expression.&lt;init&gt;(Expression.java:4)
	at asg06.Expression.&lt;init&gt;(Expression.java:4)
	at asg06.Expression.&lt;init&gt;(Expression.java:4)
	at asg06.Expression.&lt;init&gt;(Expression.java:4)
	at asg06.Expression.&lt;init&gt;(Expression.java:4)
	at asg06.Expression.&lt;init&gt;(Expression.java:4)
	at asg06.Expression.&lt;init&gt;(Expression.java:4)
	at asg06.Expression.&lt;init&gt;(Expression.java:4)
	at asg06.Expression.&lt;init&gt;(Expression.java:4)
	at asg06.Expression.&lt;init&gt;(Expression.java:4)
	at asg06.Expression.&lt;init&gt;(Expression.java:4)
	at asg06.Expression.&lt;init&gt;(Expression.java:4)
	at asg06.Expression.&lt;init&gt;(Expression.java:4)
	at asg06.Expression.&lt;init&gt;(Expression.java:4)
	at asg06.Expression.&lt;init&gt;(Expression.java:4)
	at asg06.Expression.&lt;init&gt;(Expression.java:4)
	at asg06.Expression.&lt;init&gt;(Expression.java:4)
	at asg06.Expression.&lt;init&gt;(Expression.java:4)
	at asg06.Expression.&lt;init&gt;(Expression.java:4)
	at asg06.Expression.&lt;init&gt;(Expression.java:4)
	at asg06.Expression.&lt;init&gt;(Expression.java:4)
	at asg06.Expression.&lt;init&gt;(Expression.java:4)
	at asg06.Expression.&lt;init&gt;(Expression.java:4)
	at asg06.Expression.&lt;init&gt;(Expression.java:4)
	at asg06.Expression.&lt;init&gt;(Expression.java:4)
	at asg06.Expression.&lt;init&gt;(Expression.java:4)
	at asg06.Expression.&lt;init&gt;(Expression.java:4)
	at asg06.Expression.&lt;init&gt;(Expression.java:4)
	at asg06.Expression.&lt;init&gt;(Expression.java:4)
	at asg06.Expression.&lt;init&gt;(Expression.java:4)
	at asg06.Expression.&lt;init&gt;(Expression.java:4)
	at asg06.Expression.&lt;init&gt;(Expression.java:4)
	at asg06.Expression.&lt;init&gt;(Expression.java:4)
	at asg06.Expression.&lt;init&gt;(Expression.java:4)
	at asg06.Expression.&lt;init&gt;(Expression.java:4)
	at asg06.Expression.&lt;init&gt;(Expression.java:4)
	at asg06.Expression.&lt;init&gt;(Expression.java:4)
	at asg06.Expression.&lt;init&gt;(Expression.java:4)
	at asg06.Expression.&lt;init&gt;(Expression.java:4)
	at asg06.Expression.&lt;init&gt;(Expression.java:4)
	at asg06.Expression.&lt;init&gt;(Expression.java:4)
	at asg06.Expression.&lt;init&gt;(Expression.java:4)
	at asg06.Expression.&lt;init&gt;(Expression.java:4)
	at asg06.Expression.&lt;init&gt;(Expression.java:4)
	at asg06.Expression.&lt;init&gt;(Expression.java:4)
	at asg06.Expression.&lt;init&gt;(Expression.java:4)
	at asg06.Expression.&lt;init&gt;(Expression.java:4)
	at asg06.Expression.&lt;init&gt;(Expression.java:4)
	at asg06.Expression.&lt;init&gt;(Expression.java:4)
	at asg06.Expression.&lt;init&gt;(Expression.java:4)
	at asg06.Expression.&lt;init&gt;(Expression.java:4)
	at asg06.Expression.&lt;init&gt;(Expression.java:4)
	at asg06.Expression.&lt;init&gt;(Expression.java:4)
	at asg06.Expression.&lt;init&gt;(Expression.java:4)
	at asg06.Expression.&lt;init&gt;(Expression.java:4)
	at asg06.Expression.&lt;init&gt;(Expression.java:4)
	at asg06.Expression.&lt;init&gt;(Expression.java:4)
	at asg06.Expression.&lt;init&gt;(Expression.java:4)
	at asg06.Expression.&lt;init&gt;(Expression.java:4)
	at asg06.Expression.&lt;init&gt;(Expression.java:4)
	at asg06.Expression.&lt;init&gt;(Expression.java:4)
	at asg06.Expression.&lt;init&gt;(Expression.java:4)
	at asg06.Expression.&lt;init&gt;(Expression.java:4)
	at asg06.Expression.&lt;init&gt;(Expression.java:4)
	at asg06.Expression.&lt;init&gt;(Expression.java:4)
	at asg06.Expression.&lt;init&gt;(Expression.java:4)
	at asg06.Expression.&lt;init&gt;(Expression.java:4)
	at asg06.Expression.&lt;init&gt;(Expression.java:4)
	at asg06.Expression.&lt;init&gt;(Expression.java:4)
	at asg06.Expression.&lt;init&gt;(Expression.java:4)
	at asg06.Expression.&lt;init&gt;(Expression.java:4)
	at asg06.Expression.&lt;init&gt;(Expression.java:4)
	at asg06.Expression.&lt;init&gt;(Expression.java:4)
	at asg06.Expression.&lt;init&gt;(Expression.java:4)
	at asg06.Expression.&lt;init&gt;(Expression.java:4)
	at asg06.Expression.&lt;init&gt;(Expression.java:4)
	at asg06.Expression.&lt;init&gt;(Expression.java:4)
	at asg06.Expression.&lt;init&gt;(Expression.java:4)
	at asg06.Expression.&lt;init&gt;(Expression.java:4)
	at asg06.Expression.&lt;init&gt;(Expression.java:4)
	at asg06.Expression.&lt;init&gt;(Expression.java:4)
	at asg06.Expression.&lt;init&gt;(Expression.java:4)
	at asg06.Expression.&lt;init&gt;(Expression.java:4)
	at asg06.Expression.&lt;init&gt;(Expression.java:4)
	at asg06.Expression.&lt;init&gt;(Expression.java:4)
	at asg06.Expression.&lt;init&gt;(Expression.java:4)
	at asg06.Expression.&lt;init&gt;(Expression.java:4)
	at asg06.Expression.&lt;init&gt;(Expression.java:4)
	at asg06.Expression.&lt;init&gt;(Expression.java:4)
	at asg06.Expression.&lt;init&gt;(Expression.java:4)
	at asg06.Expression.&lt;init&gt;(Expression.java:4)
	at asg06.Expression.&lt;init&gt;(Expression.java:4)
	at asg06.Expression.&lt;init&gt;(Expression.java:4)
	at asg06.Expression.&lt;init&gt;(Expression.java:4)
	at asg06.Expression.&lt;init&gt;(Expression.java:4)
	at asg06.Expression.&lt;init&gt;(Expression.java:4)
	at asg06.Expression.&lt;init&gt;(Expression.java:4)
	at asg06.Expression.&lt;init&gt;(Expression.java:4)
	at asg06.Expression.&lt;init&gt;(Expression.java:4)
	at asg06.Expression.&lt;init&gt;(Expression.java:4)
	at asg06.Expression.&lt;init&gt;(Expression.java:4)
	at asg06.Expression.&lt;init&gt;(Expression.java:4)
	at asg06.Expression.&lt;init&gt;(Expression.java:4)
	at asg06.Expression.&lt;init&gt;(Expression.java:4)
	at asg06.Expression.&lt;init&gt;(Expression.java:4)
	at asg06.Expression.&lt;init&gt;(Expression.java:4)
	at asg06.Expression.&lt;init&gt;(Expression.java:4)
	at asg06.Expression.&lt;init&gt;(Expression.java:4)
	at asg06.Expression.&lt;init&gt;(Expression.java:4)
	at asg06.Expression.&lt;init&gt;(Expression.java:4)
	at asg06.Expression.&lt;init&gt;(Expression.java:4)
	at asg06.Expression.&lt;init&gt;(Expression.java:4)
	at asg06.Expression.&lt;init&gt;(Expression.java:4)
	at asg06.Expression.&lt;init&gt;(Expression.java:4)
	at asg06.Expression.&lt;init&gt;(Expression.java:4)
	at asg06.Expression.&lt;init&gt;(Expression.java:4)
	at asg06.Expression.&lt;init&gt;(Expression.java:4)
	at asg06.Expression.&lt;init&gt;(Expression.java:4)
	at asg06.Expression.&lt;init&gt;(Expression.java:4)
	at asg06.Expression.&lt;init&gt;(Expression.java:4)
	at asg06.Expression.&lt;init&gt;(Expression.java:4)
	at asg06.Expression.&lt;init&gt;(Expression.java:4)
	at asg06.Expression.&lt;init&gt;(Expression.java:4)
	at asg06.Expression.&lt;init&gt;(Expression.java:4)
	at asg06.Expression.&lt;init&gt;(Expression.java:4)
	at asg06.Expression.&lt;init&gt;(Expression.java:4)
	at asg06.Expression.&lt;init&gt;(Expression.java:4)
	at asg06.Expression.&lt;init&gt;(Expression.java:4)
	at asg06.Expression.&lt;init&gt;(Expression.java:4)
	at asg06.Expression.&lt;init&gt;(Expression.java:4)
	at asg06.Expression.&lt;init&gt;(Expression.java:4)
	at asg06.Expression.&lt;init&gt;(Expression.java:4)
	at asg06.Expression.&lt;init&gt;(Expression.java:4)
	at asg06.Expression.&lt;init&gt;(Expression.java:4)
	at asg06.Expression.&lt;init&gt;(Expression.java:4)
	at asg06.Expression.&lt;init&gt;(Expression.java:4)
	at asg06.Expression.&lt;init&gt;(Expression.java:4)
	at asg06.Expression.&lt;init&gt;(Expression.java:4)
	at asg06.Expression.&lt;init&gt;(Expression.java:4)
	at asg06.Expression.&lt;init&gt;(Expression.java:4)
	at asg06.Expression.&lt;init&gt;(Expression.java:4)
	at asg06.Expression.&lt;init&gt;(Expression.java:4)
	at asg06.Expression.&lt;init&gt;(Expression.java:4)
	at asg06.Expression.&lt;init&gt;(Expression.java:4)
	at asg06.Expression.&lt;init&gt;(Expression.java:4)
	at asg06.Expression.&lt;init&gt;(Expression.java:4)
	at asg06.Expression.&lt;init&gt;(Expression.java:4)
	at asg06.Expression.&lt;init&gt;(Expression.java:4)
	at asg06.Expression.&lt;init&gt;(Expression.java:4)
	at asg06.Expression.&lt;init&gt;(Expression.java:4)
	at asg06.Expression.&lt;init&gt;(Expression.java:4)
	at asg06.Expression.&lt;init&gt;(Expression.java:4)
	at asg06.Expression.&lt;init&gt;(Expression.java:4)
	at asg06.Expression.&lt;init&gt;(Expression.java:4)
	at asg06.Expression.&lt;init&gt;(Expression.java:4)
	at asg06.Expression.&lt;init&gt;(Expression.java:4)
	at asg06.Expression.&lt;init&gt;(Expression.java:4)
	at asg06.Expression.&lt;init&gt;(Expression.java:4)
	at asg06.Expression.&lt;init&gt;(Expression.java:4)
	at asg06.Expression.&lt;init&gt;(Expression.java:4)
	at asg06.Expression.&lt;init&gt;(Expression.java:4)
	at asg06.Expression.&lt;init&gt;(Expression.java:4)
	at asg06.Expression.&lt;init&gt;(Expression.java:4)
	at asg06.Expression.&lt;init&gt;(Expression.java:4)
	at asg06.Expression.&lt;init&gt;(Expression.java:4)
	at asg06.Expression.&lt;init&gt;(Expression.java:4)
	at asg06.Expression.&lt;init&gt;(Expression.java:4)
	at asg06.Expression.&lt;init&gt;(Expression.java:4)
	at asg06.Expression.&lt;init&gt;(Expression.java:4)
	at asg06.Expression.&lt;init&gt;(Expression.java:4)
	at asg06.Expression.&lt;init&gt;(Expression.java:4)
	at asg06.Expression.&lt;init&gt;(Expression.java:4)
	at asg06.Expression.&lt;init&gt;(Expression.java:4)
	at asg06.Expression.&lt;init&gt;(Expression.java:4)
	at asg06.Expression.&lt;init&gt;(Expression.java:4)
	at asg06.Expression.&lt;init&gt;(Expression.java:4)
	at asg06.Expression.&lt;init&gt;(Expression.java:4)
	at asg06.Expression.&lt;init&gt;(Expression.java:4)
	at asg06.Expression.&lt;init&gt;(Expression.java:4)
	at asg06.Expression.&lt;init&gt;(Expression.java:4)
	at asg06.Expression.&lt;init&gt;(Expression.java:4)
	at asg06.Expression.&lt;init&gt;(Expression.java:4)
	at asg06.Expression.&lt;init&gt;(Expression.java:4)
	at asg06.Expression.&lt;init&gt;(Expression.java:4)
	at asg06.Expression.&lt;init&gt;(Expression.java:4)
	at asg06.Expression.&lt;init&gt;(Expression.java:4)
	at asg06.Expression.&lt;init&gt;(Expression.java:4)
	at asg06.Expression.&lt;init&gt;(Expression.java:4)
	at asg06.Expression.&lt;init&gt;(Expression.java:4)
	at asg06.Expression.&lt;init&gt;(Expression.java:4)
	at asg06.Expression.&lt;init&gt;(Expression.java:4)
	at asg06.Expression.&lt;init&gt;(Expression.java:4)
	at asg06.Expression.&lt;init&gt;(Expression.java:4)
	at asg06.Expression.&lt;init&gt;(Expression.java:4)
	at asg06.Expression.&lt;init&gt;(Expression.java:4)
	at asg06.Expression.&lt;init&gt;(Expression.java:4)
	at asg06.Expression.&lt;init&gt;(Expression.java:4)
	at asg06.Expression.&lt;init&gt;(Expression.java:4)
	at asg06.Expression.&lt;init&gt;(Expression.java:4)
	at asg06.Expression.&lt;init&gt;(Expression.java:4)
	at asg06.Expression.&lt;init&gt;(Expression.java:4)
	at asg06.Expression.&lt;init&gt;(Expression.java:4)
	at asg06.Expression.&lt;init&gt;(Expression.java:4)
	at asg06.Expression.&lt;init&gt;(Expression.java:4)
	at asg06.Expression.&lt;init&gt;(Expression.java:4)
	at asg06.Expression.&lt;init&gt;(Expression.java:4)
	at asg06.Expression.&lt;init&gt;(Expression.java:4)
	at asg06.Expression.&lt;init&gt;(Expression.java:4)
	at asg06.Expression.&lt;init&gt;(Expression.java:4)
	at asg06.Expression.&lt;init&gt;(Expression.java:4)
	at asg06.Expression.&lt;init&gt;(Expression.java:4)
	at asg06.Expression.&lt;init&gt;(Expression.java:4)
	at asg06.Expression.&lt;init&gt;(Expression.java:4)
	at asg06.Expression.&lt;init&gt;(Expression.java:4)
	at asg06.Expression.&lt;init&gt;(Expression.java:4)
	at asg06.Expression.&lt;init&gt;(Expression.java:4)
	at asg06.Expression.&lt;init&gt;(Expression.java:4)
	at asg06.Expression.&lt;init&gt;(Expression.java:4)
	at asg06.Expression.&lt;init&gt;(Expression.java:4)
	at asg06.Expression.&lt;init&gt;(Expression.java:4)
	at asg06.Expression.&lt;init&gt;(Expression.java:4)
	at asg06.Expression.&lt;init&gt;(Expression.java:4)
	at asg06.Expression.&lt;init&gt;(Expression.java:4)
	at asg06.Expression.&lt;init&gt;(Expression.java:4)
	at asg06.Expression.&lt;init&gt;(Expression.java:4)
	at asg06.Expression.&lt;init&gt;(Expression.java:4)
	at asg06.Expression.&lt;init&gt;(Expression.java:4)
	at asg06.Expression.&lt;init&gt;(Expression.java:4)
	at asg06.Expression.&lt;init&gt;(Expression.java:4)
	at asg06.Expression.&lt;init&gt;(Expression.java:4)
	at asg06.Expression.&lt;init&gt;(Expression.java:4)
	at asg06.Expression.&lt;init&gt;(Expression.java:4)
	at asg06.Expression.&lt;init&gt;(Expression.java:4)
	at asg06.Expression.&lt;init&gt;(Expression.java:4)
	at asg06.Expression.&lt;init&gt;(Expression.java:4)
	at asg06.Expression.&lt;init&gt;(Expression.java:4)
	at asg06.Expression.&lt;init&gt;(Expression.java:4)
	at asg06.Expression.&lt;init&gt;(Expression.java:4)
	at asg06.Expression.&lt;init&gt;(Expression.java:4)
	at asg06.Expression.&lt;init&gt;(Expression.java:4)
	at asg06.Expression.&lt;init&gt;(Expression.java:4)
	at asg06.Expression.&lt;init&gt;(Expression.java:4)
	at asg06.Expression.&lt;init&gt;(Expression.java:4)
	at asg06.Expression.&lt;init&gt;(Expression.java:4)
	at asg06.Expression.&lt;init&gt;(Expression.java:4)
	at asg06.Expression.&lt;init&gt;(Expression.java:4)
	at asg06.Expression.&lt;init&gt;(Expression.java:4)
	at asg06.Expression.&lt;init&gt;(Expression.java:4)
	at asg06.Expression.&lt;init&gt;(Expression.java:4)
	at asg06.Expression.&lt;init&gt;(Expression.java:4)
	at asg06.Expression.&lt;init&gt;(Expression.java:4)
	at asg06.Expression.&lt;init&gt;(Expression.java:4)
	at asg06.Expression.&lt;init&gt;(Expression.java:4)
	at asg06.Expression.&lt;init&gt;(Expression.java:4)
	at asg06.Expression.&lt;init&gt;(Expression.java:4)
	at asg06.Expression.&lt;init&gt;(Expression.java:4)
	at asg06.Expression.&lt;init&gt;(Expression.java:4)
	at asg06.Expression.&lt;init&gt;(Expression.java:4)
	at asg06.Expression.&lt;init&gt;(Expression.java:4)
	at asg06.Expression.&lt;init&gt;(Expression.java:4)
	at asg06.Expression.&lt;init&gt;(Expression.java:4)
	at asg06.Expression.&lt;init&gt;(Expression.java:4)
	at asg06.Expression.&lt;init&gt;(Expression.java:4)
	at asg06.Expression.&lt;init&gt;(Expression.java:4)
	at asg06.Expression.&lt;init&gt;(Expression.java:4)
	at asg06.Expression.&lt;init&gt;(Expression.java:4)
	at asg06.Expression.&lt;init&gt;(Expression.java:4)
	at asg06.Expression.&lt;init&gt;(Expression.java:4)
	at asg06.Expression.&lt;init&gt;(Expression.java:4)
	at asg06.Expression.&lt;init&gt;(Expression.java:4)
	at asg06.Expression.&lt;init&gt;(Expression.java:4)
	at asg06.Expression.&lt;init&gt;(Expression.java:4)
	at asg06.Expression.&lt;init&gt;(Expression.java:4)
	at asg06.Expression.&lt;init&gt;(Expression.java:4)
	at asg06.Expression.&lt;init&gt;(Expression.java:4)
	at asg06.Expression.&lt;init&gt;(Expression.java:4)
	at asg06.Expression.&lt;init&gt;(Expression.java:4)
	at asg06.Expression.&lt;init&gt;(Expression.java:4)
	at asg06.Expression.&lt;init&gt;(Expression.java:4)
	at asg06.Expression.&lt;init&gt;(Expression.java:4)
	at asg06.Expression.&lt;init&gt;(Expression.java:4)
	at asg06.Expression.&lt;init&gt;(Expression.java:4)
	at asg06.Expression.&lt;init&gt;(Expression.java:4)
	at asg06.Expression.&lt;init&gt;(Expression.java:4)
	at asg06.Expression.&lt;init&gt;(Expression.java:4)
	at asg06.Expression.&lt;init&gt;(Expression.java:4)
	at asg06.Expression.&lt;init&gt;(Expression.java:4)
	at asg06.Expression.&lt;init&gt;(Expression.java:4)
	at asg06.Expression.&lt;init&gt;(Expression.java:4)
	at asg06.Expression.&lt;init&gt;(Expression.java:4)
	at asg06.Expression.&lt;init&gt;(Expression.java:4)
	at asg06.Expression.&lt;init&gt;(Expression.java:4)
	at asg06.Expression.&lt;init&gt;(Expression.java:4)
	at asg06.Expression.&lt;init&gt;(Expression.java:4)
	at asg06.Expression.&lt;init&gt;(Expression.java:4)
	at asg06.Expression.&lt;init&gt;(Expression.java:4)
	at asg06.Expression.&lt;init&gt;(Expression.java:4)
	at asg06.Expression.&lt;init&gt;(Expression.java:4)
	at asg06.Expression.&lt;init&gt;(Expression.java:4)
	at asg06.Expression.&lt;init&gt;(Expression.java:4)
	at asg06.Expression.&lt;init&gt;(Expression.java:4)
	at asg06.Expression.&lt;init&gt;(Expression.java:4)
	at asg06.Expression.&lt;init&gt;(Expression.java:4)
	at asg06.Expression.&lt;init&gt;(Expression.java:4)
	at asg06.Expression.&lt;init&gt;(Expression.java:4)
	at asg06.Expression.&lt;init&gt;(Expression.java:4)
	at asg06.Expression.&lt;init&gt;(Expression.java:4)
	at asg06.Expression.&lt;init&gt;(Expression.java:4)
	at asg06.Expression.&lt;init&gt;(Expression.java:4)
	at asg06.Expression.&lt;init&gt;(Expression.java:4)
	at asg06.Expression.&lt;init&gt;(Expression.java:4)
	at asg06.Expression.&lt;init&gt;(Expression.java:4)
	at asg06.Expression.&lt;init&gt;(Expression.java:4)
	at asg06.Expression.&lt;init&gt;(Expression.java:4)
	at asg06.Expression.&lt;init&gt;(Expression.java:4)
	at asg06.Expression.&lt;init&gt;(Expression.java:4)
	at asg06.Expression.&lt;init&gt;(Expression.java:4)
	at asg06.Expression.&lt;init&gt;(Expression.java:4)
	at asg06.Expression.&lt;init&gt;(Expression.java:4)
	at asg06.Expression.&lt;init&gt;(Expression.java:4)
	at asg06.Expression.&lt;init&gt;(Expression.java:4)
	at asg06.Expression.&lt;init&gt;(Expression.java:4)
	at asg06.Expression.&lt;init&gt;(Expression.java:4)
	at asg06.Expression.&lt;init&gt;(Expression.java:4)
	at asg06.Expression.&lt;init&gt;(Expression.java:4)
	at asg06.Expression.&lt;init&gt;(Expression.java:4)
	at asg06.Expression.&lt;init&gt;(Expression.java:4)
	at asg06.Expression.&lt;init&gt;(Expression.java:4)
	at asg06.Expression.&lt;init&gt;(Expression.java:4)
	at asg06.Expression.&lt;init&gt;(Expression.java:4)
	at asg06.Expression.&lt;init&gt;(Expression.java:4)
	at asg06.Expression.&lt;init&gt;(Expression.java:4)
	at asg06.Expression.&lt;init&gt;(Expression.java:4)
	at asg06.Expression.&lt;init&gt;(Expression.java:4)
	at asg06.Expression.&lt;init&gt;(Expression.java:4)
	at asg06.Expression.&lt;init&gt;(Expression.java:4)
	at asg06.Expression.&lt;init&gt;(Expression.java:4)
	at asg06.Expression.&lt;init&gt;(Expression.java:4)
	at asg06.Expression.&lt;init&gt;(Expression.java:4)
	at asg06.Expression.&lt;init&gt;(Expression.java:4)
	at asg06.Expression.&lt;init&gt;(Expression.java:4)
	at asg06.Expression.&lt;init&gt;(Expression.java:4)
	at asg06.Expression.&lt;init&gt;(Expression.java:4)
	at asg06.Expression.&lt;init&gt;(Expression.java:4)
	at asg06.Expression.&lt;init&gt;(Expression.java:4)
	at asg06.Expression.&lt;init&gt;(Expression.java:4)
	at asg06.Expression.&lt;init&gt;(Expression.java:4)
	at asg06.Expression.&lt;init&gt;(Expression.java:4)
	at asg06.Expression.&lt;init&gt;(Expression.java:4)
	at asg06.Expression.&lt;init&gt;(Expression.java:4)
	at asg06.Expression.&lt;init&gt;(Expression.java:4)
	at asg06.Expression.&lt;init&gt;(Expression.java:4)
	at asg06.Expression.&lt;init&gt;(Expression.java:4)
	at asg06.Expression.&lt;init&gt;(Expression.java:4)
	at asg06.Expression.&lt;init&gt;(Expression.java:4)
	at asg06.Expression.&lt;init&gt;(Expression.java:4)
	at asg06.Expression.&lt;init&gt;(Expression.java:4)
	at asg06.Expression.&lt;init&gt;(Expression.java:4)
	at asg06.Expression.&lt;init&gt;(Expression.java:4)
	at asg06.Expression.&lt;init&gt;(Expression.java:4)
	at asg06.Expression.&lt;init&gt;(Expression.java:4)
	at asg06.Expression.&lt;init&gt;(Expression.java:4)
	at asg06.Expression.&lt;init&gt;(Expression.java:4)
	at asg06.Expression.&lt;init&gt;(Expression.java:4)
	at asg06.Expression.&lt;init&gt;(Expression.java:4)
	at asg06.Expression.&lt;init&gt;(Expression.java:4)
	at asg06.Expression.&lt;init&gt;(Expression.java:4)
	at asg06.Expression.&lt;init&gt;(Expression.java:4)
	at asg06.Expression.&lt;init&gt;(Expression.java:4)
	at asg06.Expression.&lt;init&gt;(Expression.java:4)
	at asg06.Expression.&lt;init&gt;(Expression.java:4)
	at asg06.Expression.&lt;init&gt;(Expression.java:4)
	at asg06.Expression.&lt;init&gt;(Expression.java:4)
	at asg06.Expression.&lt;init&gt;(Expression.java:4)
	at asg06.Expression.&lt;init&gt;(Expression.java:4)
	at asg06.Expression.&lt;init&gt;(Expression.java:4)
	at asg06.Expression.&lt;init&gt;(Expression.java:4)
	at asg06.Expression.&lt;init&gt;(Expression.java:4)
	at asg06.Expression.&lt;init&gt;(Expression.java:4)
	at asg06.Expression.&lt;init&gt;(Expression.java:4)
	at asg06.Expression.&lt;init&gt;(Expression.java:4)
	at asg06.Expression.&lt;init&gt;(Expression.java:4)
	at asg06.Expression.&lt;init&gt;(Expression.java:4)
	at asg06.Expression.&lt;init&gt;(Expression.java:4)
	at asg06.Expression.&lt;init&gt;(Expression.java:4)
	at asg06.Expression.&lt;init&gt;(Expression.java:4)
	at asg06.Expression.&lt;init&gt;(Expression.java:4)
	at asg06.Expression.&lt;init&gt;(Expression.java:4)
	at asg06.Expression.&lt;init&gt;(Expression.java:4)
	at asg06.Expression.&lt;init&gt;(Expression.java:4)
	at asg06.Expression.&lt;init&gt;(Expression.java:4)
	at asg06.Expression.&lt;init&gt;(Expression.java:4)
	at asg06.Expression.&lt;init&gt;(Expression.java:4)
	at asg06.Expression.&lt;init&gt;(Expression.java:4)
	at asg06.Expression.&lt;init&gt;(Expression.java:4)
	at asg06.Expression.&lt;init&gt;(Expression.java:4)
	at asg06.Expression.&lt;init&gt;(Expression.java:4)
	at asg06.Expression.&lt;init&gt;(Expression.java:4)
	at asg06.Expression.&lt;init&gt;(Expression.java:4)
	at asg06.Expression.&lt;init&gt;(Expression.java:4)
	at asg06.Expression.&lt;init&gt;(Expression.java:4)
	at asg06.Expression.&lt;init&gt;(Expression.java:4)
	at asg06.Expression.&lt;init&gt;(Expression.java:4)
	at asg06.Expression.&lt;init&gt;(Expression.java:4)
	at asg06.Expression.&lt;init&gt;(Expression.java:4)
	at asg06.Expression.&lt;init&gt;(Expression.java:4)
	at asg06.Expression.&lt;init&gt;(Expression.java:4)
	at asg06.Expression.&lt;init&gt;(Expression.java:4)
	at asg06.Expression.&lt;init&gt;(Expression.java:4)
	at asg06.Expression.&lt;init&gt;(Expression.java:4)
	at asg06.Expression.&lt;init&gt;(Expression.java:4)
	at asg06.Expression.&lt;init&gt;(Expression.java:4)
	at asg06.Expression.&lt;init&gt;(Expression.java:4)
	at asg06.Expression.&lt;init&gt;(Expression.java:4)
	at asg06.Expression.&lt;init&gt;(Expression.java:4)
	at asg06.Expression.&lt;init&gt;(Expression.java:4)
	at asg06.Expression.&lt;init&gt;(Expression.java:4)
	at asg06.Expression.&lt;init&gt;(Expression.java:4)
	at asg06.Expression.&lt;init&gt;(Expression.java:4)
	at asg06.Expression.&lt;init&gt;(Expression.java:4)
	at asg06.Expression.&lt;init&gt;(Expression.java:4)
	at asg06.Expression.&lt;init&gt;(Expression.java:4)
	at asg06.Expression.&lt;init&gt;(Expression.java:4)
	at asg06.Expression.&lt;init&gt;(Expression.java:4)
	at asg06.Expression.&lt;init&gt;(Expression.java:4)
	at asg06.Expression.&lt;init&gt;(Expression.java:4)
	at asg06.Expression.&lt;init&gt;(Expression.java:4)
	at asg06.Expression.&lt;init&gt;(Expression.java:4)
	at asg06.Expression.&lt;init&gt;(Expression.java:4)
	at asg06.Expression.&lt;init&gt;(Expression.java:4)
	at asg06.Expression.&lt;init&gt;(Expression.java:4)
	at asg06.Expression.&lt;init&gt;(Expression.java:4)
	at asg06.Expression.&lt;init&gt;(Expression.java:4)
	at asg06.Expression.&lt;init&gt;(Expression.java:4)
	at asg06.Expression.&lt;init&gt;(Expression.java:4)
	at asg06.Expression.&lt;init&gt;(Expression.java:4)
	at asg06.Expression.&lt;init&gt;(Expression.java:4)
	at asg06.Expression.&lt;init&gt;(Expression.java:4)
	at asg06.Expression.&lt;init&gt;(Expression.java:4)
	at asg06.Expression.&lt;init&gt;(Expression.java:4)
	at asg06.Expression.&lt;init&gt;(Expression.java:4)
	at asg06.Expression.&lt;init&gt;(Expression.java:4)
	at asg06.Expression.&lt;init&gt;(Expression.java:4)
	at asg06.Expression.&lt;init&gt;(Expression.java:4)
	at asg06.Expression.&lt;init&gt;(Expression.java:4)
	at asg06.Expression.&lt;init&gt;(Expression.java:4)
	at asg06.Expression.&lt;init&gt;(Expression.java:4)
	at asg06.Expression.&lt;init&gt;(Expression.java:4)
	at asg06.Expression.&lt;init&gt;(Expression.java:4)
	at asg06.Expression.&lt;init&gt;(Expression.java:4)
	at asg06.Expression.&lt;init&gt;(Expression.java:4)
	at asg06.Expression.&lt;init&gt;(Expression.java:4)
	at asg06.Expression.&lt;init&gt;(Expression.java:4)
	at asg06.Expression.&lt;init&gt;(Expression.java:4)
	at asg06.Expression.&lt;init&gt;(Expression.java:4)
	at asg06.Expression.&lt;init&gt;(Expression.java:4)
	at asg06.Expression.&lt;init&gt;(Expression.java:4)
	at asg06.Expression.&lt;init&gt;(Expression.java:4)
	at asg06.Expression.&lt;init&gt;(Expression.java:4)
	at asg06.Expression.&lt;init&gt;(Expression.java:4)
	at asg06.Expression.&lt;init&gt;(Expression.java:4)
	at asg06.Expression.&lt;init&gt;(Expression.java:4)
	at asg06.Expression.&lt;init&gt;(Expression.java:4)
	at asg06.Expression.&lt;init&gt;(Expression.java:4)
	at asg06.Expression.&lt;init&gt;(Expression.java:4)
	at asg06.Expression.&lt;init&gt;(Expression.java:4)
	at asg06.Expression.&lt;init&gt;(Expression.java:4)
	at asg06.Expression.&lt;init&gt;(Expression.java:4)
	at asg06.Expression.&lt;init&gt;(Expression.java:4)
	at asg06.Expression.&lt;init&gt;(Expression.java:4)
	at asg06.Expression.&lt;init&gt;(Expression.java:4)
	at asg06.Expression.&lt;init&gt;(Expression.java:4)
	at asg06.Expression.&lt;init&gt;(Expression.java:4)
	at asg06.Expression.&lt;init&gt;(Expression.java:4)
	at asg06.Expression.&lt;init&gt;(Expression.java:4)
	at asg06.Expression.&lt;init&gt;(Expression.java:4)
	at asg06.Expression.&lt;init&gt;(Expression.java:4)
	at asg06.Expression.&lt;init&gt;(Expression.java:4)
	at asg06.Expression.&lt;init&gt;(Expression.java:4)
	at asg06.Expression.&lt;init&gt;(Expression.java:4)
	at asg06.Expression.&lt;init&gt;(Expression.java:4)
	at asg06.Expression.&lt;init&gt;(Expression.java:4)
	at asg06.Expression.&lt;init&gt;(Expression.java:4)
	at asg06.Expression.&lt;init&gt;(Expression.java:4)
	at asg06.Expression.&lt;init&gt;(Expression.java:4)
	at asg06.Expression.&lt;init&gt;(Expression.java:4)
	at asg06.Expression.&lt;init&gt;(Expression.java:4)
	at asg06.Expression.&lt;init&gt;(Expression.java:4)
	at asg06.Expression.&lt;init&gt;(Expression.java:4)
	at asg06.Expression.&lt;init&gt;(Expression.java:4)
	at asg06.Expression.&lt;init&gt;(Expression.java:4)
	at asg06.Expression.&lt;init&gt;(Expression.java:4)
	at asg06.Expression.&lt;init&gt;(Expression.java:4)
	at asg06.Expression.&lt;init&gt;(Expression.java:4)
	at asg06.Expression.&lt;init&gt;(Expression.java:4)
	at asg06.Expression.&lt;init&gt;(Expression.java:4)
	at asg06.Expression.&lt;init&gt;(Expression.java:4)
	at asg06.Expression.&lt;init&gt;(Expression.java:4)
	at asg06.Expression.&lt;init&gt;(Expression.java:4)
	at asg06.Expression.&lt;init&gt;(Expression.java:4)
	at asg06.Expression.&lt;init&gt;(Expression.java:4)
	at asg06.Expression.&lt;init&gt;(Expression.java:4)
	at asg06.Expression.&lt;init&gt;(Expression.java:4)
	at asg06.Expression.&lt;init&gt;(Expression.java:4)
	at asg06.Expression.&lt;init&gt;(Expression.java:4)
	at asg06.Expression.&lt;init&gt;(Expression.java:4)
	at asg06.Expression.&lt;init&gt;(Expression.java:4)
	at asg06.Expression.&lt;init&gt;(Expression.java:4)
	at asg06.Expression.&lt;init&gt;(Expression.java:4)
	at asg06.Expression.&lt;init&gt;(Expression.java:4)
	at asg06.Expression.&lt;init&gt;(Expression.java:4)
	at asg06.Expression.&lt;init&gt;(Expression.java:4)
	at asg06.Expression.&lt;init&gt;(Expression.java:4)
	at asg06.Expression.&lt;init&gt;(Expression.java:4)
	at asg06.Expression.&lt;init&gt;(Expression.java:4)
	at asg06.Expression.&lt;init&gt;(Expression.java:4)
	at asg06.Expression.&lt;init&gt;(Expression.java:4)
	at asg06.Expression.&lt;init&gt;(Expression.java:4)
	at asg06.Expression.&lt;init&gt;(Expression.java:4)
	at asg06.Expression.&lt;init&gt;(Expression.java:4)
	at asg06.Expression.&lt;init&gt;(Expression.java:4)
	at asg06.Expression.&lt;init&gt;(Expression.java:4)
	at asg06.Expression.&lt;init&gt;(Expression.java:4)
	at asg06.Expression.&lt;init&gt;(Expression.java:4)
	at asg06.Expression.&lt;init&gt;(Expression.java:4)
	at asg06.Expression.&lt;init&gt;(Expression.java:4)
	at asg06.Expression.&lt;init&gt;(Expression.java:4)
	at asg06.Expression.&lt;init&gt;(Expression.java:4)
	at asg06.Expression.&lt;init&gt;(Expression.java:4)
	at asg06.Expression.&lt;init&gt;(Expression.java:4)
	at asg06.Expression.&lt;init&gt;(Expression.java:4)
	at asg06.Expression.&lt;init&gt;(Expression.java:4)
	at asg06.Expression.&lt;init&gt;(Expression.java:4)
	at asg06.Expression.&lt;init&gt;(Expression.java:4)
	at asg06.Expression.&lt;init&gt;(Expression.java:4)
	at asg06.Expression.&lt;init&gt;(Expression.java:4)
	at asg06.Expression.&lt;init&gt;(Expression.java:4)
	at asg06.Expression.&lt;init&gt;(Expression.java:4)
	at asg06.Expression.&lt;init&gt;(Expression.java:4)
	at asg06.Expression.&lt;init&gt;(Expression.java:4)
	at asg06.Expression.&lt;init&gt;(Expression.java:4)
	at asg06.Expression.&lt;init&gt;(Expression.java:4)
	at asg06.Expression.&lt;init&gt;(Expression.java:4)
	at asg06.Expression.&lt;init&gt;(Expression.java:4)
	at asg06.Expression.&lt;init&gt;(Expression.java:4)
	at asg06.Expression.&lt;init&gt;(Expression.java:4)
	at asg06.Expression.&lt;init&gt;(Expression.java:4)
	at asg06.Expression.&lt;init&gt;(Expression.java:4)
	at asg06.Expression.&lt;init&gt;(Expression.java:4)
	at asg06.Expression.&lt;init&gt;(Expression.java:4)
	at asg06.Expression.&lt;init&gt;(Expression.java:4)
	at asg06.Expression.&lt;init&gt;(Expression.java:4)
	at asg06.Expression.&lt;init&gt;(Expression.java:4)
	at asg06.Expression.&lt;init&gt;(Expression.java:4)
	at asg06.Expression.&lt;init&gt;(Expression.java:4)
	at asg06.Expression.&lt;init&gt;(Expression.java:4)
	at asg06.Expression.&lt;init&gt;(Expression.java:4)
	at asg06.Expression.&lt;init&gt;(Expression.java:4)
	at asg06.Expression.&lt;init&gt;(Expression.java:4)
	at asg06.Expression.&lt;init&gt;(Expression.java:4)
	at asg06.Expression.&lt;init&gt;(Expression.java:4)
	at asg06.Expression.&lt;init&gt;(Expression.java:4)
	at asg06.Expression.&lt;init&gt;(Expression.java:4)
	at asg06.Expression.&lt;init&gt;(Expression.java:4)
	at asg06.Expression.&lt;init&gt;(Expression.java:4)
	at asg06.Expression.&lt;init&gt;(Expression.java:4)
	at asg06.Expression.&lt;init&gt;(Expression.java:4)
	at asg06.Expression.&lt;init&gt;(Expression.java:4)
	at asg06.Expression.&lt;init&gt;(Expression.java:4)
	at asg06.Expression.&lt;init&gt;(Expression.java:4)
	at asg06.Expression.&lt;init&gt;(Expression.java:4)
	at asg06.Expression.&lt;init&gt;(Expression.java:4)
	at asg06.Expression.&lt;init&gt;(Expression.java:4)
	at asg06.Expression.&lt;init&gt;(Expression.java:4)
	at asg06.Expression.&lt;init&gt;(Expression.java:4)
	at asg06.Expression.&lt;init&gt;(Expression.java:4)
	at asg06.Expression.&lt;init&gt;(Expression.java:4)
	at asg06.Expression.&lt;init&gt;(Expression.java:4)
	at asg06.Expression.&lt;init&gt;(Expression.java:4)
	at asg06.Expression.&lt;init&gt;(Expression.java:4)
	at asg06.Expression.&lt;init&gt;(Expression.java:4)
	at asg06.Expression.&lt;init&gt;(Expression.java:4)
	at asg06.Expression.&lt;init&gt;(Expression.java:4)
	at asg06.Expression.&lt;init&gt;(Expression.java:4)
	at asg06.Expression.&lt;init&gt;(Expression.java:4)
	at asg06.Expression.&lt;init&gt;(Expression.java:4)
	at asg06.Expression.&lt;init&gt;(Expression.java:4)
	at asg06.Expression.&lt;init&gt;(Expression.java:4)
	at asg06.Expression.&lt;init&gt;(Expression.java:4)
	at asg06.Expression.&lt;init&gt;(Expression.java:4)
	at asg06.Expression.&lt;init&gt;(Expression.java:4)
	at asg06.Expression.&lt;init&gt;(Expression.java:4)
	at asg06.Expression.&lt;init&gt;(Expression.java:4)
	at asg06.Expression.&lt;init&gt;(Expression.java:4)
	at asg06.Expression.&lt;init&gt;(Expression.java:4)
	at asg06.Expression.&lt;init&gt;(Expression.java:4)
	at asg06.Expression.&lt;init&gt;(Expression.java:4)
	at asg06.Expression.&lt;init&gt;(Expression.java:4)
	at asg06.Expression.&lt;init&gt;(Expression.java:4)
	at asg06.Expression.&lt;init&gt;(Expression.java:4)
	at asg06.Expression.&lt;init&gt;(Expression.java:4)
	at asg06.Expression.&lt;init&gt;(Expression.java:4)
	at asg06.Expression.&lt;init&gt;(Expression.java:4)
	at asg06.Expression.&lt;init&gt;(Expression.java:4)
	at asg06.Expression.&lt;init&gt;(Expression.java:4)
	at asg06.Expression.&lt;init&gt;(Expression.java:4)
	at asg06.Expression.&lt;init&gt;(Expression.java:4)
	at asg06.Expression.&lt;init&gt;(Expression.java:4)
	at asg06.Expression.&lt;init&gt;(Expression.java:4)
	at asg06.Expression.&lt;init&gt;(Expression.java:4)
	at asg06.Expression.&lt;init&gt;(Expression.java:4)
	at asg06.Expression.&lt;init&gt;(Expression.java:4)
	at asg06.Expression.&lt;init&gt;(Expression.java:4)
	at asg06.Expression.&lt;init&gt;(Expression.java:4)
	at asg06.Expression.&lt;init&gt;(Expression.java:4)
	at asg06.Expression.&lt;init&gt;(Expression.java:4)
	at asg06.Expression.&lt;init&gt;(Expression.java:4)
	at asg06.Expression.&lt;init&gt;(Expression.java:4)
	at asg06.Expression.&lt;init&gt;(Expression.java:4)
	at asg06.Expression.&lt;init&gt;(Expression.java:4)
	at asg06.Expression.&lt;init&gt;(Expression.java:4)
	at asg06.Expression.&lt;init&gt;(Expression.java:4)
	at asg06.Expression.&lt;init&gt;(Expression.java:4)
	at asg06.Expression.&lt;init&gt;(Expression.java:4)
	at asg06.Expression.&lt;init&gt;(Expression.java:4)
	at asg06.Expression.&lt;init&gt;(Expression.java:4)
	at asg06.Expression.&lt;init&gt;(Expression.java:4)
	at asg06.Expression.&lt;init&gt;(Expression.java:4)
	at asg06.Expression.&lt;init&gt;(Expression.java:4)
	at asg06.Expression.&lt;init&gt;(Expression.java:4)
	at asg06.Expression.&lt;init&gt;(Expression.java:4)
	at asg06.Expression.&lt;init&gt;(Expression.java:4)
	at asg06.Expression.&lt;init&gt;(Expression.java:4)
	at asg06.Expression.&lt;init&gt;(Expression.java:4)
	at asg06.Expression.&lt;init&gt;(Expression.java:4)
	at asg06.Expression.&lt;init&gt;(Expression.java:4)
	at asg06.Expression.&lt;init&gt;(Expression.java:4)
	at asg06.Expression.&lt;init&gt;(Expression.java:4)
	at asg06.Expression.&lt;init&gt;(Expression.java:4)
	at asg06.Expression.&lt;init&gt;(Expression.java:4)
	at asg06.Expression.&lt;init&gt;(Expression.java:4)
	at asg06.Expression.&lt;init&gt;(Expression.java:4)
	at asg06.Expression.&lt;init&gt;(Expression.java:4)
	at asg06.Expression.&lt;init&gt;(Expression.java:4)
	at asg06.Expression.&lt;init&gt;(Expression.java:4)
	at asg06.Expression.&lt;init&gt;(Expression.java:4)
	at asg06.Expression.&lt;init&gt;(Expression.java:4)
	at asg06.Expression.&lt;init&gt;(Expression.java:4)
	at asg06.Expression.&lt;init&gt;(Expression.java:4)
	at asg06.Expression.&lt;init&gt;(Expression.java:4)
	at asg06.Expression.&lt;init&gt;(Expression.java:4)
	at asg06.Expression.&lt;init&gt;(Expression.java:4)
	at asg06.Expression.&lt;init&gt;(Expression.java:4)
	at asg06.Expression.&lt;init&gt;(Expression.java:4)
	at asg06.Expression.&lt;init&gt;(Expression.java:4)
	at asg06.Expression.&lt;init&gt;(Expression.java:4)
	at asg06.Expression.&lt;init&gt;(Expression.java:4)
	at asg06.Expression.&lt;init&gt;(Expression.java:4)
	at asg06.Expression.&lt;init&gt;(Expression.java:4)
	at asg06.Expression.&lt;init&gt;(Expression.java:4)
	at asg06.Expression.&lt;init&gt;(Expression.java:4)
	at asg06.Expression.&lt;init&gt;(Expression.java:4)
	at asg06.Expression.&lt;init&gt;(Expression.java:4)
	at asg06.Expression.&lt;init&gt;(Expression.java:4)
	at asg06.Expression.&lt;init&gt;(Expression.java:4)
	at asg06.Expression.&lt;init&gt;(Expression.java:4)
	at asg06.Expression.&lt;init&gt;(Expression.java:4)
	at asg06.Expression.&lt;init&gt;(Expression.java:4)
	at asg06.Expression.&lt;init&gt;(Expression.java:4)
	at asg06.Expression.&lt;init&gt;(Expression.java:4)
	at asg06.Expression.&lt;init&gt;(Expression.java:4)
	at asg06.Expression.&lt;init&gt;(Expression.java:4)
	at asg06.Expression.&lt;init&gt;(Expression.java:4)
	at asg06.Expression.&lt;init&gt;(Expression.java:4)
	at asg06.Expression.&lt;init&gt;(Expression.java:4)
	at asg06.Expression.&lt;init&gt;(Expression.java:4)
	at asg06.Expression.&lt;init&gt;(Expression.java:4)
	at asg06.Expression.&lt;init&gt;(Expression.java:4)
	at asg06.Expression.&lt;init&gt;(Expression.java:4)
	at asg06.Expression.&lt;init&gt;(Expression.java:4)
	at asg06.Expression.&lt;init&gt;(Expression.java:4)
	at asg06.Expression.&lt;init&gt;(Expression.java:4)
	at asg06.Expression.&lt;init&gt;(Expression.java:4)
	at asg06.Expression.&lt;init&gt;(Expression.java:4)
	at asg06.Expression.&lt;init&gt;(Expression.java:4)
	at asg06.Expression.&lt;init&gt;(Expression.java:4)
	at asg06.Expression.&lt;init&gt;(Expression.java:4)
	at asg06.Expression.&lt;init&gt;(Expression.java:4)
	at asg06.Expression.&lt;init&gt;(Expression.java:4)
	at asg06.Expression.&lt;init&gt;(Expression.java:4)
	at asg06.Expression.&lt;init&gt;(Expression.java:4)
	at asg06.Expression.&lt;init&gt;(Expression.java:4)
	at asg06.Expression.&lt;init&gt;(Expression.java:4)
	at asg06.Expression.&lt;init&gt;(Expression.java:4)
	at asg06.Expression.&lt;init&gt;(Expression.java:4)
	at asg06.Expression.&lt;init&gt;(Expression.java:4)
	at asg06.Expression.&lt;init&gt;(Expression.java:4)
	at asg06.Expression.&lt;init&gt;(Expression.java:4)
	at asg06.Expression.&lt;init&gt;(Expression.java:4)
	at asg06.Expression.&lt;init&gt;(Expression.java:4)
	at asg06.Expression.&lt;init&gt;(Expression.java:4)
	at asg06.Expression.&lt;init&gt;(Expression.java:4)
	at asg06.Expression.&lt;init&gt;(Expression.java:4)
	at asg06.Expression.&lt;init&gt;(Expression.java:4)
	at asg06.Expression.&lt;init&gt;(Expression.java:4)
	at asg06.Expression.&lt;init&gt;(Expression.java:4)
	at asg06.Expression.&lt;init&gt;(Expression.java:4)
	at asg06.Expression.&lt;init&gt;(Expression.java:4)
	at asg06.Expression.&lt;init&gt;(Expression.java:4)
	at asg06.Expression.&lt;init&gt;(Expression.java:4)
	at asg06.Expression.&lt;init&gt;(Expression.java:4)
	at asg06.Expression.&lt;init&gt;(Expression.java:4)
	at asg06.Expression.&lt;init&gt;(Expression.java:4)
	at asg06.Expression.&lt;init&gt;(Expression.java:4)
	at asg06.Expression.&lt;init&gt;(Expression.java:4)
	at asg06.Expression.&lt;init&gt;(Expression.java:4)
	at asg06.Expression.&lt;init&gt;(Expression.java:4)
	at asg06.Expression.&lt;init&gt;(Expression.java:4)
	at asg06.Expression.&lt;init&gt;(Expression.java:4)
	at asg06.Expression.&lt;init&gt;(Expression.java:4)
	at asg06.Expression.&lt;init&gt;(Expression.java:4)
	at asg06.Expression.&lt;init&gt;(Expression.java:4)
	at asg06.Expression.&lt;init&gt;(Expression.java:4)
	at asg06.Expression.&lt;init&gt;(Expression.java:4)
	at asg06.Expression.&lt;init&gt;(Expression.java:4)
	at asg06.Expression.&lt;init&gt;(Expression.java:4)
	at asg06.Expression.&lt;init&gt;(Expression.java:4)
	at asg06.Expression.&lt;init&gt;(Expression.java:4)
	at asg06.Expression.&lt;init&gt;(Expression.java:4)
	at asg06.Expression.&lt;init&gt;(Expression.java:4)
	at asg06.Expression.&lt;init&gt;(Expression.java:4)
	at asg06.Expression.&lt;init&gt;(Expression.java:4)
	at asg06.Expression.&lt;init&gt;(Expression.java:4)
	at asg06.Expression.&lt;init&gt;(Expression.java:4)
	at asg06.Expression.&lt;init&gt;(Expression.java:4)
	at asg06.Expression.&lt;init&gt;(Expression.java:4)
	at asg06.Expression.&lt;init&gt;(Expression.java:4)
	at asg06.Expression.&lt;init&gt;(Expression.java:4)
	at asg06.Expression.&lt;init&gt;(Expression.java:4)
	at asg06.Expression.&lt;init&gt;(Expression.java:4)
	at asg06.Expression.&lt;init&gt;(Expression.java:4)
	at asg06.Expression.&lt;init&gt;(Expression.java:4)
	at asg06.Expression.&lt;init&gt;(Expression.java:4)
	at asg06.Expression.&lt;init&gt;(Expression.java:4)
	at asg06.Expression.&lt;init&gt;(Expression.java:4)
	at asg06.Expression.&lt;init&gt;(Expression.java:4)
	at asg06.Expression.&lt;init&gt;(Expression.java:4)
	at asg06.Expression.&lt;init&gt;(Expression.java:4)
	at asg06.Expression.&lt;init&gt;(Expression.java:4)
	at asg06.Expression.&lt;init&gt;(Expression.java:4)
	at asg06.Expression.&lt;init&gt;(Expression.java:4)
	at asg06.Expression.&lt;init&gt;(Expression.java:4)
	at asg06.Expression.&lt;init&gt;(Expression.java:4)
	at asg06.Expression.&lt;init&gt;(Expression.java:4)
	at asg06.Expression.&lt;init&gt;(Expression.java:4)
	at asg06.Expression.&lt;init&gt;(Expression.java:4)
	at asg06.Expression.&lt;init&gt;(Expression.java:4)
	at asg06.Expression.&lt;init&gt;(Expression.java:4)
	at asg06.Expression.&lt;init&gt;(Expression.java:4)
	at asg06.Expression.&lt;init&gt;(Expression.java:4)
	at asg06.Expression.&lt;init&gt;(Expression.java:4)
	at asg06.Expression.&lt;init&gt;(Expression.java:4)
	at asg06.Expression.&lt;init&gt;(Expression.java:4)
	at asg06.Expression.&lt;init&gt;(Expression.java:4)
	at asg06.Expression.&lt;init&gt;(Expression.java:4)
	at asg06.Expression.&lt;init&gt;(Expression.java:4)
	at asg06.Expression.&lt;init&gt;(Expression.java:4)
	at asg06.Expression.&lt;init&gt;(Expression.java:4)
	at asg06.Expression.&lt;init&gt;(Expression.java:4)
	at asg06.Expression.&lt;init&gt;(Expression.java:4)
	at asg06.Expression.&lt;init&gt;(Expression.java:4)
	at asg06.Expression.&lt;init&gt;(Expression.java:4)
	at asg06.Expression.&lt;init&gt;(Expression.java:4)
	at asg06.Expression.&lt;init&gt;(Expression.java:4)
	at asg06.Expression.&lt;init&gt;(Expression.java:4)
	at asg06.Expression.&lt;init&gt;(Expression.java:4)
	at asg06.Expression.&lt;init&gt;(Expression.java:4)
	at asg06.Expression.&lt;init&gt;(Expression.java:4)
	at asg06.Expression.&lt;init&gt;(Expression.java:4)
	at asg06.Expression.&lt;init&gt;(Expression.java:4)
	at asg06.Expression.&lt;init&gt;(Expression.java:4)
	at asg06.Expression.&lt;init&gt;(Expression.java:4)
	at asg06.Expression.&lt;init&gt;(Expression.java:4)
	at asg06.Expression.&lt;init&gt;(Expression.java:4)
	at asg06.Expression.&lt;init&gt;(Expression.java:4)
	at asg06.Expression.&lt;init&gt;(Expression.java:4)
	at asg06.Expression.&lt;init&gt;(Expression.java:4)
	at asg06.Expression.&lt;init&gt;(Expression.java:4)
	at asg06.Expression.&lt;init&gt;(Expression.java:4)
	at asg06.Expression.&lt;init&gt;(Expression.java:4)
	at asg06.Expression.&lt;init&gt;(Expression.java:4)
	at asg06.Expression.&lt;init&gt;(Expression.java:4)
	at asg06.Expression.&lt;init&gt;(Expression.java:4)
	at asg06.Expression.&lt;init&gt;(Expression.java:4)
	at asg06.Expression.&lt;init&gt;(Expression.java:4)
	at asg06.Expression.&lt;init&gt;(Expression.java:4)
	at asg06.Expression.&lt;init&gt;(Expression.java:4)
	at asg06.Expression.&lt;init&gt;(Expression.java:4)
	at asg06.Expression.&lt;init&gt;(Expression.java:4)
	at asg06.Expression.&lt;init&gt;(Expression.java:4)
	at asg06.Expression.&lt;init&gt;(Expression.java:4)
	at asg06.Expression.&lt;init&gt;(Expression.java:4)
	at asg06.Expression.&lt;init&gt;(Expression.java:4)
	at asg06.Expression.&lt;init&gt;(Expression.java:4)
	at asg06.Expression.&lt;init&gt;(Expression.java:4)
	at asg06.Expression.&lt;init&gt;(Expression.java:4)
	at asg06.Expression.&lt;init&gt;(Expression.java:4)
	at asg06.Expression.&lt;init&gt;(Expression.java:4)
	at asg06.Expression.&lt;init&gt;(Expression.java:4)
	at asg06.Expression.&lt;init&gt;(Expression.java:4)
	at asg06.Expression.&lt;init&gt;(Expression.java:4)
	at asg06.Expression.&lt;init&gt;(Expression.java:4)
	at asg06.Expression.&lt;init&gt;(Expression.java:4)
	at asg06.Expression.&lt;init&gt;(Expression.java:4)
	at asg06.Expression.&lt;init&gt;(Expression.java:4)
	at asg06.Expression.&lt;init&gt;(Expression.java:4)
	at asg06.Expression.&lt;init&gt;(Expression.java:4)
	at asg06.Expression.&lt;init&gt;(Expression.java:4)
	at asg06.Expression.&lt;init&gt;(Expression.java:4)
	at asg06.Expression.&lt;init&gt;(Expression.java:4)
	at asg06.Expression.&lt;init&gt;(Expression.java:4)
	at asg06.Expression.&lt;init&gt;(Expression.java:4)
	at asg06.Expression.&lt;init&gt;(Expression.java:4)
	at asg06.Expression.&lt;init&gt;(Expression.java:4)
	at asg06.Expression.&lt;init&gt;(Expression.java:4)
	at asg06.Expression.&lt;init&gt;(Expression.java:4)
	at asg06.Expression.&lt;init&gt;(Expression.java:4)
	at asg06.Expression.&lt;init&gt;(Expression.java:4)
	at asg06.Expression.&lt;init&gt;(Expression.java:4)
	at asg06.Expression.&lt;init&gt;(Expression.java:4)
	at asg06.Expression.&lt;init&gt;(Expression.java:4)
	at asg06.Expression.&lt;init&gt;(Expression.java:4)
	at asg06.Expression.&lt;init&gt;(Expression.java:4)
	at asg06.Expression.&lt;init&gt;(Expression.java:4)
	at asg06.Expression.&lt;init&gt;(Expression.java:4)
	at asg06.Expression.&lt;init&gt;(Expression.java:4)
	at asg06.Expression.&lt;init&gt;(Expression.java:4)
	at asg06.Expression.&lt;init&gt;(Expression.java:4)
	at asg06.Expression.&lt;init&gt;(Expression.java:4)
	at asg06.Expression.&lt;init&gt;(Expression.java:4)
	at asg06.Expression.&lt;init&gt;(Expression.java:4)
	at asg06.Expression.&lt;init&gt;(Expression.java:4)
	at asg06.Expression.&lt;init&gt;(Expression.java:4)
	at asg06.Expression.&lt;init&gt;(Expression.java:4)
	at asg06.Expression.&lt;init&gt;(Expression.java:4)
	at asg06.Expression.&lt;init&gt;(Expression.java:4)
	at asg06.Expression.&lt;init&gt;(Expression.java:4)
	at asg06.Expression.&lt;init&gt;(Expression.java:4)
	at asg06.Expression.&lt;init&gt;(Expression.java:4)
	at asg06.Expression.&lt;init&gt;(Expression.java:4)
	at asg06.Expression.&lt;init&gt;(Expression.java:4)
	at asg06.Expression.&lt;init&gt;(Expression.java:4)
	at asg06.Expression.&lt;init&gt;(Expression.java:4)
	at asg06.Expression.&lt;init&gt;(Expression.java:4)
	at asg06.Expression.&lt;init&gt;(Expression.java:4)
	at asg06.Expression.&lt;init&gt;(Expression.java:4)
	at asg06.Expression.&lt;init&gt;(Expression.java:4)
	at asg06.Expression.&lt;init&gt;(Expression.java:4)
	at asg06.Expression.&lt;init&gt;(Expression.java:4)
	at asg06.Expression.&lt;init&gt;(Expression.java:4)
	at asg06.Expression.&lt;init&gt;(Expression.java:4)
	at asg06.Expression.&lt;init&gt;(Expression.java:4)
	at asg06.Expression.&lt;init&gt;(Expression.java:4)
	at asg06.Expression.&lt;init&gt;(Expression.java:4)
	at asg06.Expression.&lt;init&gt;(Expression.java:4)
	at asg06.Expression.&lt;init&gt;(Expression.java:4)
	at asg06.Expression.&lt;init&gt;(Expression.java:4)
	at asg06.Expression.&lt;init&gt;(Expression.java:4)
	at asg06.Expression.&lt;init&gt;(Expression.java:4)
	at asg06.Expression.&lt;init&gt;(Expression.java:4)
	at asg06.Expression.&lt;init&gt;(Expression.java:4)
	at asg06.Expression.&lt;init&gt;(Expression.java:4)
	at asg06.Expression.&lt;init&gt;(Expression.java:4)
	at asg06.Expression.&lt;init&gt;(Expression.java:4)
	at asg06.Expression.&lt;init&gt;(Expression.java:4)
	at asg06.Expression.&lt;init&gt;(Expression.java:4)
	at asg06.Expression.&lt;init&gt;(Expression.java:4)
	at asg06.Expression.&lt;init&gt;(Expression.java:4)
	at asg06.Expression.&lt;init&gt;(Expression.java:4)
	at asg06.Expression.&lt;init&gt;(Expression.java:4)
	at asg06.Expression.&lt;init&gt;(Expression.java:4)
	at asg06.Expression.&lt;init&gt;(Expression.java:4)
	at asg06.Expression.&lt;init&gt;(Expression.java:4)
	at asg06.Expression.&lt;init&gt;(Expression.java:4)
	at asg06.Expression.&lt;init&gt;(Expression.java:4)
	at asg06.Expression.&lt;init&gt;(Expression.java:4)
	at asg06.Expression.&lt;init&gt;(Expression.java:4)
	at asg06.Expression.&lt;init&gt;(Expression.java:4)
	at asg06.Expression.&lt;init&gt;(Expression.java:4)
	at asg06.Expression.&lt;init&gt;(Expression.java:4)
	at asg06.Expression.&lt;init&gt;(Expression.java:4)
	at asg06.Expression.&lt;init&gt;(Expression.java:4)
	at asg06.Expression.&lt;init&gt;(Expression.java:4)
	at asg06.Expression.&lt;init&gt;(Expression.java:4)
	at asg06.Expression.&lt;init&gt;(Expression.java:4)
	at asg06.Expression.&lt;init&gt;(Expression.java:4)
	at asg06.Expression.&lt;init&gt;(Expression.java:4)
	at asg06.Expression.&lt;init&gt;(Expression.java:4)
	at asg06.Expression.&lt;init&gt;(Expression.java:4)
</error>
  </testcase>
  <testcase classname="asg06.TestExpression" name="testNumeralEvaluate" time="0.02">
    <error type="java.lang.StackOverflowError">java.lang.StackOverflowError
	at asg06.Expression.&lt;init&gt;(Expression.java:4)
	at asg06.Expression.&lt;init&gt;(Expression.java:4)
	at asg06.Expression.&lt;init&gt;(Expression.java:4)
	at asg06.Expression.&lt;init&gt;(Expression.java:4)
	at asg06.Expression.&lt;init&gt;(Expression.java:4)
	at asg06.Expression.&lt;init&gt;(Expression.java:4)
	at asg06.Expression.&lt;init&gt;(Expression.java:4)
	at asg06.Expression.&lt;init&gt;(Expression.java:4)
	at asg06.Expression.&lt;init&gt;(Expression.java:4)
	at asg06.Expression.&lt;init&gt;(Expression.java:4)
	at asg06.Expression.&lt;init&gt;(Expression.java:4)
	at asg06.Expression.&lt;init&gt;(Expression.java:4)
	at asg06.Expression.&lt;init&gt;(Expression.java:4)
	at asg06.Expression.&lt;init&gt;(Expression.java:4)
	at asg06.Expression.&lt;init&gt;(Expression.java:4)
	at asg06.Expression.&lt;init&gt;(Expression.java:4)
	at asg06.Expression.&lt;init&gt;(Expression.java:4)
	at asg06.Expression.&lt;init&gt;(Expression.java:4)
	at asg06.Expression.&lt;init&gt;(Expression.java:4)
	at asg06.Expression.&lt;init&gt;(Expression.java:4)
	at asg06.Expression.&lt;init&gt;(Expression.java:4)
	at asg06.Expression.&lt;init&gt;(Expression.java:4)
	at asg06.Expression.&lt;init&gt;(Expression.java:4)
	at asg06.Expression.&lt;init&gt;(Expression.java:4)
	at asg06.Expression.&lt;init&gt;(Expression.java:4)
	at asg06.Expression.&lt;init&gt;(Expression.java:4)
	at asg06.Expression.&lt;init&gt;(Expression.java:4)
	at asg06.Expression.&lt;init&gt;(Expression.java:4)
	at asg06.Expression.&lt;init&gt;(Expression.java:4)
	at asg06.Expression.&lt;init&gt;(Expression.java:4)
	at asg06.Expression.&lt;init&gt;(Expression.java:4)
	at asg06.Expression.&lt;init&gt;(Expression.java:4)
	at asg06.Expression.&lt;init&gt;(Expression.java:4)
	at asg06.Expression.&lt;init&gt;(Expression.java:4)
	at asg06.Expression.&lt;init&gt;(Expression.java:4)
	at asg06.Expression.&lt;init&gt;(Expression.java:4)
	at asg06.Expression.&lt;init&gt;(Expression.java:4)
	at asg06.Expression.&lt;init&gt;(Expression.java:4)
	at asg06.Expression.&lt;init&gt;(Expression.java:4)
	at asg06.Expression.&lt;init&gt;(Expression.java:4)
	at asg06.Expression.&lt;init&gt;(Expression.java:4)
	at asg06.Expression.&lt;init&gt;(Expression.java:4)
	at asg06.Expression.&lt;init&gt;(Expression.java:4)
	at asg06.Expression.&lt;init&gt;(Expression.java:4)
	at asg06.Expression.&lt;init&gt;(Expression.java:4)
	at asg06.Expression.&lt;init&gt;(Expression.java:4)
	at asg06.Expression.&lt;init&gt;(Expression.java:4)
	at asg06.Expression.&lt;init&gt;(Expression.java:4)
	at asg06.Expression.&lt;init&gt;(Expression.java:4)
	at asg06.Expression.&lt;init&gt;(Expression.java:4)
	at asg06.Expression.&lt;init&gt;(Expression.java:4)
	at asg06.Expression.&lt;init&gt;(Expression.java:4)
	at asg06.Expression.&lt;init&gt;(Expression.java:4)
	at asg06.Expression.&lt;init&gt;(Expression.java:4)
	at asg06.Expression.&lt;init&gt;(Expression.java:4)
	at asg06.Expression.&lt;init&gt;(Expression.java:4)
	at asg06.Expression.&lt;init&gt;(Expression.java:4)
	at asg06.Expression.&lt;init&gt;(Expression.java:4)
	at asg06.Expression.&lt;init&gt;(Expression.java:4)
	at asg06.Expression.&lt;init&gt;(Expression.java:4)
	at asg06.Expression.&lt;init&gt;(Expression.java:4)
	at asg06.Expression.&lt;init&gt;(Expression.java:4)
	at asg06.Expression.&lt;init&gt;(Expression.java:4)
	at asg06.Expression.&lt;init&gt;(Expression.java:4)
	at asg06.Expression.&lt;init&gt;(Expression.java:4)
	at asg06.Expression.&lt;init&gt;(Expression.java:4)
	at asg06.Expression.&lt;init&gt;(Expression.java:4)
	at asg06.Expression.&lt;init&gt;(Expression.java:4)
	at asg06.Expression.&lt;init&gt;(Expression.java:4)
	at asg06.Expression.&lt;init&gt;(Expression.java:4)
	at asg06.Expression.&lt;init&gt;(Expression.java:4)
	at asg06.Expression.&lt;init&gt;(Expression.java:4)
	at asg06.Expression.&lt;init&gt;(Expression.java:4)
	at asg06.Expression.&lt;init&gt;(Expression.java:4)
	at asg06.Expression.&lt;init&gt;(Expression.java:4)
	at asg06.Expression.&lt;init&gt;(Expression.java:4)
	at asg06.Expression.&lt;init&gt;(Expression.java:4)
	at asg06.Expression.&lt;init&gt;(Expression.java:4)
	at asg06.Expression.&lt;init&gt;(Expression.java:4)
	at asg06.Expression.&lt;init&gt;(Expression.java:4)
	at asg06.Expression.&lt;init&gt;(Expression.java:4)
	at asg06.Expression.&lt;init&gt;(Expression.java:4)
	at asg06.Expression.&lt;init&gt;(Expression.java:4)
	at asg06.Expression.&lt;init&gt;(Expression.java:4)
	at asg06.Expression.&lt;init&gt;(Expression.java:4)
	at asg06.Expression.&lt;init&gt;(Expression.java:4)
	at asg06.Expression.&lt;init&gt;(Expression.java:4)
	at asg06.Expression.&lt;init&gt;(Expression.java:4)
	at asg06.Expression.&lt;init&gt;(Expression.java:4)
	at asg06.Expression.&lt;init&gt;(Expression.java:4)
	at asg06.Expression.&lt;init&gt;(Expression.java:4)
	at asg06.Expression.&lt;init&gt;(Expression.java:4)
	at asg06.Expression.&lt;init&gt;(Expression.java:4)
	at asg06.Expression.&lt;init&gt;(Expression.java:4)
	at asg06.Expression.&lt;init&gt;(Expression.java:4)
	at asg06.Expression.&lt;init&gt;(Expression.java:4)
	at asg06.Expression.&lt;init&gt;(Expression.java:4)
	at asg06.Expression.&lt;init&gt;(Expression.java:4)
	at asg06.Expression.&lt;init&gt;(Expression.java:4)
	at asg06.Expression.&lt;init&gt;(Expression.java:4)
	at asg06.Expression.&lt;init&gt;(Expression.java:4)
	at asg06.Expression.&lt;init&gt;(Expression.java:4)
	at asg06.Expression.&lt;init&gt;(Expression.java:4)
	at asg06.Expression.&lt;init&gt;(Expression.java:4)
	at asg06.Expression.&lt;init&gt;(Expression.java:4)
	at asg06.Expression.&lt;init&gt;(Expression.java:4)
	at asg06.Expression.&lt;init&gt;(Expression.java:4)
	at asg06.Expression.&lt;init&gt;(Expression.java:4)
	at asg06.Expression.&lt;init&gt;(Expression.java:4)
	at asg06.Expression.&lt;init&gt;(Expression.java:4)
	at asg06.Expression.&lt;init&gt;(Expression.java:4)
	at asg06.Expression.&lt;init&gt;(Expression.java:4)
	at asg06.Expression.&lt;init&gt;(Expression.java:4)
	at asg06.Expression.&lt;init&gt;(Expression.java:4)
	at asg06.Expression.&lt;init&gt;(Expression.java:4)
	at asg06.Expression.&lt;init&gt;(Expression.java:4)
	at asg06.Expression.&lt;init&gt;(Expression.java:4)
	at asg06.Expression.&lt;init&gt;(Expression.java:4)
	at asg06.Expression.&lt;init&gt;(Expression.java:4)
	at asg06.Expression.&lt;init&gt;(Expression.java:4)
	at asg06.Expression.&lt;init&gt;(Expression.java:4)
	at asg06.Expression.&lt;init&gt;(Expression.java:4)
	at asg06.Expression.&lt;init&gt;(Expression.java:4)
	at asg06.Expression.&lt;init&gt;(Expression.java:4)
	at asg06.Expression.&lt;init&gt;(Expression.java:4)
	at asg06.Expression.&lt;init&gt;(Expression.java:4)
	at asg06.Expression.&lt;init&gt;(Expression.java:4)
	at asg06.Expression.&lt;init&gt;(Expression.java:4)
	at asg06.Expression.&lt;init&gt;(Expression.java:4)
	at asg06.Expression.&lt;init&gt;(Expression.java:4)
	at asg06.Expression.&lt;init&gt;(Expression.java:4)
	at asg06.Expression.&lt;init&gt;(Expression.java:4)
	at asg06.Expression.&lt;init&gt;(Expression.java:4)
	at asg06.Expression.&lt;init&gt;(Expression.java:4)
	at asg06.Expression.&lt;init&gt;(Expression.java:4)
	at asg06.Expression.&lt;init&gt;(Expression.java:4)
	at asg06.Expression.&lt;init&gt;(Expression.java:4)
	at asg06.Expression.&lt;init&gt;(Expression.java:4)
	at asg06.Expression.&lt;init&gt;(Expression.java:4)
	at asg06.Expression.&lt;init&gt;(Expression.java:4)
	at asg06.Expression.&lt;init&gt;(Expression.java:4)
	at asg06.Expression.&lt;init&gt;(Expression.java:4)
	at asg06.Expression.&lt;init&gt;(Expression.java:4)
	at asg06.Expression.&lt;init&gt;(Expression.java:4)
	at asg06.Expression.&lt;init&gt;(Expression.java:4)
	at asg06.Expression.&lt;init&gt;(Expression.java:4)
	at asg06.Expression.&lt;init&gt;(Expression.java:4)
	at asg06.Expression.&lt;init&gt;(Expression.java:4)
	at asg06.Expression.&lt;init&gt;(Expression.java:4)
	at asg06.Expression.&lt;init&gt;(Expression.java:4)
	at asg06.Expression.&lt;init&gt;(Expression.java:4)
	at asg06.Expression.&lt;init&gt;(Expression.java:4)
	at asg06.Expression.&lt;init&gt;(Expression.java:4)
	at asg06.Expression.&lt;init&gt;(Expression.java:4)
	at asg06.Expression.&lt;init&gt;(Expression.java:4)
	at asg06.Expression.&lt;init&gt;(Expression.java:4)
	at asg06.Expression.&lt;init&gt;(Expression.java:4)
	at asg06.Expression.&lt;init&gt;(Expression.java:4)
	at asg06.Expression.&lt;init&gt;(Expression.java:4)
	at asg06.Expression.&lt;init&gt;(Expression.java:4)
	at asg06.Expression.&lt;init&gt;(Expression.java:4)
	at asg06.Expression.&lt;init&gt;(Expression.java:4)
	at asg06.Expression.&lt;init&gt;(Expression.java:4)
	at asg06.Expression.&lt;init&gt;(Expression.java:4)
	at asg06.Expression.&lt;init&gt;(Expression.java:4)
	at asg06.Expression.&lt;init&gt;(Expression.java:4)
	at asg06.Expression.&lt;init&gt;(Expression.java:4)
	at asg06.Expression.&lt;init&gt;(Expression.java:4)
	at asg06.Expression.&lt;init&gt;(Expression.java:4)
	at asg06.Expression.&lt;init&gt;(Expression.java:4)
	at asg06.Expression.&lt;init&gt;(Expression.java:4)
	at asg06.Expression.&lt;init&gt;(Expression.java:4)
	at asg06.Expression.&lt;init&gt;(Expression.java:4)
	at asg06.Expression.&lt;init&gt;(Expression.java:4)
	at asg06.Expression.&lt;init&gt;(Expression.java:4)
	at asg06.Expression.&lt;init&gt;(Expression.java:4)
	at asg06.Expression.&lt;init&gt;(Expression.java:4)
	at asg06.Expression.&lt;init&gt;(Expression.java:4)
	at asg06.Expression.&lt;init&gt;(Expression.java:4)
	at asg06.Expression.&lt;init&gt;(Expression.java:4)
	at asg06.Expression.&lt;init&gt;(Expression.java:4)
	at asg06.Expression.&lt;init&gt;(Expression.java:4)
	at asg06.Expression.&lt;init&gt;(Expression.java:4)
	at asg06.Expression.&lt;init&gt;(Expression.java:4)
	at asg06.Expression.&lt;init&gt;(Expression.java:4)
	at asg06.Expression.&lt;init&gt;(Expression.java:4)
	at asg06.Expression.&lt;init&gt;(Expression.java:4)
	at asg06.Expression.&lt;init&gt;(Expression.java:4)
	at asg06.Expression.&lt;init&gt;(Expression.java:4)
	at asg06.Expression.&lt;init&gt;(Expression.java:4)
	at asg06.Expression.&lt;init&gt;(Expression.java:4)
	at asg06.Expression.&lt;init&gt;(Expression.java:4)
	at asg06.Expression.&lt;init&gt;(Expression.java:4)
	at asg06.Expression.&lt;init&gt;(Expression.java:4)
	at asg06.Expression.&lt;init&gt;(Expression.java:4)
	at asg06.Expression.&lt;init&gt;(Expression.java:4)
	at asg06.Expression.&lt;init&gt;(Expression.java:4)
	at asg06.Expression.&lt;init&gt;(Expression.java:4)
	at asg06.Expression.&lt;init&gt;(Expression.java:4)
	at asg06.Expression.&lt;init&gt;(Expression.java:4)
	at asg06.Expression.&lt;init&gt;(Expression.java:4)
	at asg06.Expression.&lt;init&gt;(Expression.java:4)
	at asg06.Expression.&lt;init&gt;(Expression.java:4)
	at asg06.Expression.&lt;init&gt;(Expression.java:4)
	at asg06.Expression.&lt;init&gt;(Expression.java:4)
	at asg06.Expression.&lt;init&gt;(Expression.java:4)
	at asg06.Expression.&lt;init&gt;(Expression.java:4)
	at asg06.Expression.&lt;init&gt;(Expression.java:4)
	at asg06.Expression.&lt;init&gt;(Expression.java:4)
	at asg06.Expression.&lt;init&gt;(Expression.java:4)
	at asg06.Expression.&lt;init&gt;(Expression.java:4)
	at asg06.Expression.&lt;init&gt;(Expression.java:4)
	at asg06.Expression.&lt;init&gt;(Expression.java:4)
	at asg06.Expression.&lt;init&gt;(Expression.java:4)
	at asg06.Expression.&lt;init&gt;(Expression.java:4)
	at asg06.Expression.&lt;init&gt;(Expression.java:4)
	at asg06.Expression.&lt;init&gt;(Expression.java:4)
	at asg06.Expression.&lt;init&gt;(Expression.java:4)
	at asg06.Expression.&lt;init&gt;(Expression.java:4)
	at asg06.Expression.&lt;init&gt;(Expression.java:4)
	at asg06.Expression.&lt;init&gt;(Expression.java:4)
	at asg06.Expression.&lt;init&gt;(Expression.java:4)
	at asg06.Expression.&lt;init&gt;(Expression.java:4)
	at asg06.Expression.&lt;init&gt;(Expression.java:4)
	at asg06.Expression.&lt;init&gt;(Expression.java:4)
	at asg06.Expression.&lt;init&gt;(Expression.java:4)
	at asg06.Expression.&lt;init&gt;(Expression.java:4)
	at asg06.Expression.&lt;init&gt;(Expression.java:4)
	at asg06.Expression.&lt;init&gt;(Expression.java:4)
	at asg06.Expression.&lt;init&gt;(Expression.java:4)
	at asg06.Expression.&lt;init&gt;(Expression.java:4)
	at asg06.Expression.&lt;init&gt;(Expression.java:4)
	at asg06.Expression.&lt;init&gt;(Expression.java:4)
	at asg06.Expression.&lt;init&gt;(Expression.java:4)
	at asg06.Expression.&lt;init&gt;(Expression.java:4)
	at asg06.Expression.&lt;init&gt;(Expression.java:4)
	at asg06.Expression.&lt;init&gt;(Expression.java:4)
	at asg06.Expression.&lt;init&gt;(Expression.java:4)
	at asg06.Expression.&lt;init&gt;(Expression.java:4)
	at asg06.Expression.&lt;init&gt;(Expression.java:4)
	at asg06.Expression.&lt;init&gt;(Expression.java:4)
	at asg06.Expression.&lt;init&gt;(Expression.java:4)
	at asg06.Expression.&lt;init&gt;(Expression.java:4)
	at asg06.Expression.&lt;init&gt;(Expression.java:4)
	at asg06.Expression.&lt;init&gt;(Expression.java:4)
	at asg06.Expression.&lt;init&gt;(Expression.java:4)
	at asg06.Expression.&lt;init&gt;(Expression.java:4)
	at asg06.Expression.&lt;init&gt;(Expression.java:4)
	at asg06.Expression.&lt;init&gt;(Expression.java:4)
	at asg06.Expression.&lt;init&gt;(Expression.java:4)
	at asg06.Expression.&lt;init&gt;(Expression.java:4)
	at asg06.Expression.&lt;init&gt;(Expression.java:4)
	at asg06.Expression.&lt;init&gt;(Expression.java:4)
	at asg06.Expression.&lt;init&gt;(Expression.java:4)
	at asg06.Expression.&lt;init&gt;(Expression.java:4)
	at asg06.Expression.&lt;init&gt;(Expression.java:4)
	at asg06.Expression.&lt;init&gt;(Expression.java:4)
	at asg06.Expression.&lt;init&gt;(Expression.java:4)
	at asg06.Expression.&lt;init&gt;(Expression.java:4)
	at asg06.Expression.&lt;init&gt;(Expression.java:4)
	at asg06.Expression.&lt;init&gt;(Expression.java:4)
	at asg06.Expression.&lt;init&gt;(Expression.java:4)
	at asg06.Expression.&lt;init&gt;(Expression.java:4)
	at asg06.Expression.&lt;init&gt;(Expression.java:4)
	at asg06.Expression.&lt;init&gt;(Expression.java:4)
	at asg06.Expression.&lt;init&gt;(Expression.java:4)
	at asg06.Expression.&lt;init&gt;(Expression.java:4)
	at asg06.Expression.&lt;init&gt;(Expression.java:4)
	at asg06.Expression.&lt;init&gt;(Expression.java:4)
	at asg06.Expression.&lt;init&gt;(Expression.java:4)
	at asg06.Expression.&lt;init&gt;(Expression.java:4)
	at asg06.Expression.&lt;init&gt;(Expression.java:4)
	at asg06.Expression.&lt;init&gt;(Expression.java:4)
	at asg06.Expression.&lt;init&gt;(Expression.java:4)
	at asg06.Expression.&lt;init&gt;(Expression.java:4)
	at asg06.Expression.&lt;init&gt;(Expression.java:4)
	at asg06.Expression.&lt;init&gt;(Expression.java:4)
	at asg06.Expression.&lt;init&gt;(Expression.java:4)
	at asg06.Expression.&lt;init&gt;(Expression.java:4)
	at asg06.Expression.&lt;init&gt;(Expression.java:4)
	at asg06.Expression.&lt;init&gt;(Expression.java:4)
	at asg06.Expression.&lt;init&gt;(Expression.java:4)
	at asg06.Expression.&lt;init&gt;(Expression.java:4)
	at asg06.Expression.&lt;init&gt;(Expression.java:4)
	at asg06.Expression.&lt;init&gt;(Expression.java:4)
	at asg06.Expression.&lt;init&gt;(Expression.java:4)
	at asg06.Expression.&lt;init&gt;(Expression.java:4)
	at asg06.Expression.&lt;init&gt;(Expression.java:4)
	at asg06.Expression.&lt;init&gt;(Expression.java:4)
	at asg06.Expression.&lt;init&gt;(Expression.java:4)
	at asg06.Expression.&lt;init&gt;(Expression.java:4)
	at asg06.Expression.&lt;init&gt;(Expression.java:4)
	at asg06.Expression.&lt;init&gt;(Expression.java:4)
	at asg06.Expression.&lt;init&gt;(Expression.java:4)
	at asg06.Expression.&lt;init&gt;(Expression.java:4)
	at asg06.Expression.&lt;init&gt;(Expression.java:4)
	at asg06.Expression.&lt;init&gt;(Expression.java:4)
	at asg06.Expression.&lt;init&gt;(Expression.java:4)
	at asg06.Expression.&lt;init&gt;(Expression.java:4)
	at asg06.Expression.&lt;init&gt;(Expression.java:4)
	at asg06.Expression.&lt;init&gt;(Expression.java:4)
	at asg06.Expression.&lt;init&gt;(Expression.java:4)
	at asg06.Expression.&lt;init&gt;(Expression.java:4)
	at asg06.Expression.&lt;init&gt;(Expression.java:4)
	at asg06.Expression.&lt;init&gt;(Expression.java:4)
	at asg06.Expression.&lt;init&gt;(Expression.java:4)
	at asg06.Expression.&lt;init&gt;(Expression.java:4)
	at asg06.Expression.&lt;init&gt;(Expression.java:4)
	at asg06.Expression.&lt;init&gt;(Expression.java:4)
	at asg06.Expression.&lt;init&gt;(Expression.java:4)
	at asg06.Expression.&lt;init&gt;(Expression.java:4)
	at asg06.Expression.&lt;init&gt;(Expression.java:4)
	at asg06.Expression.&lt;init&gt;(Expression.java:4)
	at asg06.Expression.&lt;init&gt;(Expression.java:4)
	at asg06.Expression.&lt;init&gt;(Expression.java:4)
	at asg06.Expression.&lt;init&gt;(Expression.java:4)
	at asg06.Expression.&lt;init&gt;(Expression.java:4)
	at asg06.Expression.&lt;init&gt;(Expression.java:4)
	at asg06.Expression.&lt;init&gt;(Expression.java:4)
	at asg06.Expression.&lt;init&gt;(Expression.java:4)
	at asg06.Expression.&lt;init&gt;(Expression.java:4)
	at asg06.Expression.&lt;init&gt;(Expression.java:4)
	at asg06.Expression.&lt;init&gt;(Expression.java:4)
	at asg06.Expression.&lt;init&gt;(Expression.java:4)
	at asg06.Expression.&lt;init&gt;(Expression.java:4)
	at asg06.Expression.&lt;init&gt;(Expression.java:4)
	at asg06.Expression.&lt;init&gt;(Expression.java:4)
	at asg06.Expression.&lt;init&gt;(Expression.java:4)
	at asg06.Expression.&lt;init&gt;(Expression.java:4)
	at asg06.Expression.&lt;init&gt;(Expression.java:4)
	at asg06.Expression.&lt;init&gt;(Expression.java:4)
	at asg06.Expression.&lt;init&gt;(Expression.java:4)
	at asg06.Expression.&lt;init&gt;(Expression.java:4)
	at asg06.Expression.&lt;init&gt;(Expression.java:4)
	at asg06.Expression.&lt;init&gt;(Expression.java:4)
	at asg06.Expression.&lt;init&gt;(Expression.java:4)
	at asg06.Expression.&lt;init&gt;(Expression.java:4)
	at asg06.Expression.&lt;init&gt;(Expression.java:4)
	at asg06.Expression.&lt;init&gt;(Expression.java:4)
	at asg06.Expression.&lt;init&gt;(Expression.java:4)
	at asg06.Expression.&lt;init&gt;(Expression.java:4)
	at asg06.Expression.&lt;init&gt;(Expression.java:4)
	at asg06.Expression.&lt;init&gt;(Expression.java:4)
	at asg06.Expression.&lt;init&gt;(Expression.java:4)
	at asg06.Expression.&lt;init&gt;(Expression.java:4)
	at asg06.Expression.&lt;init&gt;(Expression.java:4)
	at asg06.Expression.&lt;init&gt;(Expression.java:4)
	at asg06.Expression.&lt;init&gt;(Expression.java:4)
	at asg06.Expression.&lt;init&gt;(Expression.java:4)
	at asg06.Expression.&lt;init&gt;(Expression.java:4)
	at asg06.Expression.&lt;init&gt;(Expression.java:4)
	at asg06.Expression.&lt;init&gt;(Expression.java:4)
	at asg06.Expression.&lt;init&gt;(Expression.java:4)
	at asg06.Expression.&lt;init&gt;(Expression.java:4)
	at asg06.Expression.&lt;init&gt;(Expression.java:4)
	at asg06.Expression.&lt;init&gt;(Expression.java:4)
	at asg06.Expression.&lt;init&gt;(Expression.java:4)
	at asg06.Expression.&lt;init&gt;(Expression.java:4)
	at asg06.Expression.&lt;init&gt;(Expression.java:4)
	at asg06.Expression.&lt;init&gt;(Expression.java:4)
	at asg06.Expression.&lt;init&gt;(Expression.java:4)
	at asg06.Expression.&lt;init&gt;(Expression.java:4)
	at asg06.Expression.&lt;init&gt;(Expression.java:4)
	at asg06.Expression.&lt;init&gt;(Expression.java:4)
	at asg06.Expression.&lt;init&gt;(Expression.java:4)
	at asg06.Expression.&lt;init&gt;(Expression.java:4)
	at asg06.Expression.&lt;init&gt;(Expression.java:4)
	at asg06.Expression.&lt;init&gt;(Expression.java:4)
	at asg06.Expression.&lt;init&gt;(Expression.java:4)
	at asg06.Expression.&lt;init&gt;(Expression.java:4)
	at asg06.Expression.&lt;init&gt;(Expression.java:4)
	at asg06.Expression.&lt;init&gt;(Expression.java:4)
	at asg06.Expression.&lt;init&gt;(Expression.java:4)
	at asg06.Expression.&lt;init&gt;(Expression.java:4)
	at asg06.Expression.&lt;init&gt;(Expression.java:4)
	at asg06.Expression.&lt;init&gt;(Expression.java:4)
	at asg06.Expression.&lt;init&gt;(Expression.java:4)
	at asg06.Expression.&lt;init&gt;(Expression.java:4)
	at asg06.Expression.&lt;init&gt;(Expression.java:4)
	at asg06.Expression.&lt;init&gt;(Expression.java:4)
	at asg06.Expression.&lt;init&gt;(Expression.java:4)
	at asg06.Expression.&lt;init&gt;(Expression.java:4)
	at asg06.Expression.&lt;init&gt;(Expression.java:4)
	at asg06.Expression.&lt;init&gt;(Expression.java:4)
	at asg06.Expression.&lt;init&gt;(Expression.java:4)
	at asg06.Expression.&lt;init&gt;(Expression.java:4)
	at asg06.Expression.&lt;init&gt;(Expression.java:4)
	at asg06.Expression.&lt;init&gt;(Expression.java:4)
	at asg06.Expression.&lt;init&gt;(Expression.java:4)
	at asg06.Expression.&lt;init&gt;(Expression.java:4)
	at asg06.Expression.&lt;init&gt;(Expression.java:4)
	at asg06.Expression.&lt;init&gt;(Expression.java:4)
	at asg06.Expression.&lt;init&gt;(Expression.java:4)
	at asg06.Expression.&lt;init&gt;(Expression.java:4)
	at asg06.Expression.&lt;init&gt;(Expression.java:4)
	at asg06.Expression.&lt;init&gt;(Expression.java:4)
	at asg06.Expression.&lt;init&gt;(Expression.java:4)
	at asg06.Expression.&lt;init&gt;(Expression.java:4)
	at asg06.Expression.&lt;init&gt;(Expression.java:4)
	at asg06.Expression.&lt;init&gt;(Expression.java:4)
	at asg06.Expression.&lt;init&gt;(Expression.java:4)
	at asg06.Expression.&lt;init&gt;(Expression.java:4)
	at asg06.Expression.&lt;init&gt;(Expression.java:4)
	at asg06.Expression.&lt;init&gt;(Expression.java:4)
	at asg06.Expression.&lt;init&gt;(Expression.java:4)
	at asg06.Expression.&lt;init&gt;(Expression.java:4)
	at asg06.Expression.&lt;init&gt;(Expression.java:4)
	at asg06.Expression.&lt;init&gt;(Expression.java:4)
	at asg06.Expression.&lt;init&gt;(Expression.java:4)
	at asg06.Expression.&lt;init&gt;(Expression.java:4)
	at asg06.Expression.&lt;init&gt;(Expression.java:4)
	at asg06.Expression.&lt;init&gt;(Expression.java:4)
	at asg06.Expression.&lt;init&gt;(Expression.java:4)
	at asg06.Expression.&lt;init&gt;(Expression.java:4)
	at asg06.Expression.&lt;init&gt;(Expression.java:4)
	at asg06.Expression.&lt;init&gt;(Expression.java:4)
	at asg06.Expression.&lt;init&gt;(Expression.java:4)
	at asg06.Expression.&lt;init&gt;(Expression.java:4)
	at asg06.Expression.&lt;init&gt;(Expression.java:4)
	at asg06.Expression.&lt;init&gt;(Expression.java:4)
	at asg06.Expression.&lt;init&gt;(Expression.java:4)
	at asg06.Expression.&lt;init&gt;(Expression.java:4)
	at asg06.Expression.&lt;init&gt;(Expression.java:4)
	at asg06.Expression.&lt;init&gt;(Expression.java:4)
	at asg06.Expression.&lt;init&gt;(Expression.java:4)
	at asg06.Expression.&lt;init&gt;(Expression.java:4)
	at asg06.Expression.&lt;init&gt;(Expression.java:4)
	at asg06.Expression.&lt;init&gt;(Expression.java:4)
	at asg06.Expression.&lt;init&gt;(Expression.java:4)
	at asg06.Expression.&lt;init&gt;(Expression.java:4)
	at asg06.Expression.&lt;init&gt;(Expression.java:4)
	at asg06.Expression.&lt;init&gt;(Expression.java:4)
	at asg06.Expression.&lt;init&gt;(Expression.java:4)
	at asg06.Expression.&lt;init&gt;(Expression.java:4)
	at asg06.Expression.&lt;init&gt;(Expression.java:4)
	at asg06.Expression.&lt;init&gt;(Expression.java:4)
	at asg06.Expression.&lt;init&gt;(Expression.java:4)
	at asg06.Expression.&lt;init&gt;(Expression.java:4)
	at asg06.Expression.&lt;init&gt;(Expression.java:4)
	at asg06.Expression.&lt;init&gt;(Expression.java:4)
	at asg06.Expression.&lt;init&gt;(Expression.java:4)
	at asg06.Expression.&lt;init&gt;(Expression.java:4)
	at asg06.Expression.&lt;init&gt;(Expression.java:4)
	at asg06.Expression.&lt;init&gt;(Expression.java:4)
	at asg06.Expression.&lt;init&gt;(Expression.java:4)
	at asg06.Expression.&lt;init&gt;(Expression.java:4)
	at asg06.Expression.&lt;init&gt;(Expression.java:4)
	at asg06.Expression.&lt;init&gt;(Expression.java:4)
	at asg06.Expression.&lt;init&gt;(Expression.java:4)
	at asg06.Expression.&lt;init&gt;(Expression.java:4)
	at asg06.Expression.&lt;init&gt;(Expression.java:4)
	at asg06.Expression.&lt;init&gt;(Expression.java:4)
	at asg06.Expression.&lt;init&gt;(Expression.java:4)
	at asg06.Expression.&lt;init&gt;(Expression.java:4)
	at asg06.Expression.&lt;init&gt;(Expression.java:4)
	at asg06.Expression.&lt;init&gt;(Expression.java:4)
	at asg06.Expression.&lt;init&gt;(Expression.java:4)
	at asg06.Expression.&lt;init&gt;(Expression.java:4)
	at asg06.Expression.&lt;init&gt;(Expression.java:4)
	at asg06.Expression.&lt;init&gt;(Expression.java:4)
	at asg06.Expression.&lt;init&gt;(Expression.java:4)
	at asg06.Expression.&lt;init&gt;(Expression.java:4)
	at asg06.Expression.&lt;init&gt;(Expression.java:4)
	at asg06.Expression.&lt;init&gt;(Expression.java:4)
	at asg06.Expression.&lt;init&gt;(Expression.java:4)
	at asg06.Expression.&lt;init&gt;(Expression.java:4)
	at asg06.Expression.&lt;init&gt;(Expression.java:4)
	at asg06.Expression.&lt;init&gt;(Expression.java:4)
	at asg06.Expression.&lt;init&gt;(Expression.java:4)
	at asg06.Expression.&lt;init&gt;(Expression.java:4)
	at asg06.Expression.&lt;init&gt;(Expression.java:4)
	at asg06.Expression.&lt;init&gt;(Expression.java:4)
	at asg06.Expression.&lt;init&gt;(Expression.java:4)
	at asg06.Expression.&lt;init&gt;(Expression.java:4)
	at asg06.Expression.&lt;init&gt;(Expression.java:4)
	at asg06.Expression.&lt;init&gt;(Expression.java:4)
	at asg06.Expression.&lt;init&gt;(Expression.java:4)
	at asg06.Expression.&lt;init&gt;(Expression.java:4)
	at asg06.Expression.&lt;init&gt;(Expression.java:4)
	at asg06.Expression.&lt;init&gt;(Expression.java:4)
	at asg06.Expression.&lt;init&gt;(Expression.java:4)
	at asg06.Expression.&lt;init&gt;(Expression.java:4)
	at asg06.Expression.&lt;init&gt;(Expression.java:4)
	at asg06.Expression.&lt;init&gt;(Expression.java:4)
	at asg06.Expression.&lt;init&gt;(Expression.java:4)
	at asg06.Expression.&lt;init&gt;(Expression.java:4)
	at asg06.Expression.&lt;init&gt;(Expression.java:4)
	at asg06.Expression.&lt;init&gt;(Expression.java:4)
	at asg06.Expression.&lt;init&gt;(Expression.java:4)
	at asg06.Expression.&lt;init&gt;(Expression.java:4)
	at asg06.Expression.&lt;init&gt;(Expression.java:4)
	at asg06.Expression.&lt;init&gt;(Expression.java:4)
	at asg06.Expression.&lt;init&gt;(Expression.java:4)
	at asg06.Expression.&lt;init&gt;(Expression.java:4)
	at asg06.Expression.&lt;init&gt;(Expression.java:4)
	at asg06.Expression.&lt;init&gt;(Expression.java:4)
	at asg06.Expression.&lt;init&gt;(Expression.java:4)
	at asg06.Expression.&lt;init&gt;(Expression.java:4)
	at asg06.Expression.&lt;init&gt;(Expression.java:4)
	at asg06.Expression.&lt;init&gt;(Expression.java:4)
	at asg06.Expression.&lt;init&gt;(Expression.java:4)
	at asg06.Expression.&lt;init&gt;(Expression.java:4)
	at asg06.Expression.&lt;init&gt;(Expression.java:4)
	at asg06.Expression.&lt;init&gt;(Expression.java:4)
	at asg06.Expression.&lt;init&gt;(Expression.java:4)
	at asg06.Expression.&lt;init&gt;(Expression.java:4)
	at asg06.Expression.&lt;init&gt;(Expression.java:4)
	at asg06.Expression.&lt;init&gt;(Expression.java:4)
	at asg06.Expression.&lt;init&gt;(Expression.java:4)
	at asg06.Expression.&lt;init&gt;(Expression.java:4)
	at asg06.Expression.&lt;init&gt;(Expression.java:4)
	at asg06.Expression.&lt;init&gt;(Expression.java:4)
	at asg06.Expression.&lt;init&gt;(Expression.java:4)
	at asg06.Expression.&lt;init&gt;(Expression.java:4)
	at asg06.Expression.&lt;init&gt;(Expression.java:4)
	at asg06.Expression.&lt;init&gt;(Expression.java:4)
	at asg06.Expression.&lt;init&gt;(Expression.java:4)
	at asg06.Expression.&lt;init&gt;(Expression.java:4)
	at asg06.Expression.&lt;init&gt;(Expression.java:4)
	at asg06.Expression.&lt;init&gt;(Expression.java:4)
	at asg06.Expression.&lt;init&gt;(Expression.java:4)
	at asg06.Expression.&lt;init&gt;(Expression.java:4)
	at asg06.Expression.&lt;init&gt;(Expression.java:4)
	at asg06.Expression.&lt;init&gt;(Expression.java:4)
	at asg06.Expression.&lt;init&gt;(Expression.java:4)
	at asg06.Expression.&lt;init&gt;(Expression.java:4)
	at asg06.Expression.&lt;init&gt;(Expression.java:4)
	at asg06.Expression.&lt;init&gt;(Expression.java:4)
	at asg06.Expression.&lt;init&gt;(Expression.java:4)
	at asg06.Expression.&lt;init&gt;(Expression.java:4)
	at asg06.Expression.&lt;init&gt;(Expression.java:4)
	at asg06.Expression.&lt;init&gt;(Expression.java:4)
	at asg06.Expression.&lt;init&gt;(Expression.java:4)
	at asg06.Expression.&lt;init&gt;(Expression.java:4)
	at asg06.Expression.&lt;init&gt;(Expression.java:4)
	at asg06.Expression.&lt;init&gt;(Expression.java:4)
	at asg06.Expression.&lt;init&gt;(Expression.java:4)
	at asg06.Expression.&lt;init&gt;(Expression.java:4)
	at asg06.Expression.&lt;init&gt;(Expression.java:4)
	at asg06.Expression.&lt;init&gt;(Expression.java:4)
	at asg06.Expression.&lt;init&gt;(Expression.java:4)
	at asg06.Expression.&lt;init&gt;(Expression.java:4)
	at asg06.Expression.&lt;init&gt;(Expression.java:4)
	at asg06.Expression.&lt;init&gt;(Expression.java:4)
	at asg06.Expression.&lt;init&gt;(Expression.java:4)
	at asg06.Expression.&lt;init&gt;(Expression.java:4)
	at asg06.Expression.&lt;init&gt;(Expression.java:4)
	at asg06.Expression.&lt;init&gt;(Expression.java:4)
	at asg06.Expression.&lt;init&gt;(Expression.java:4)
	at asg06.Expression.&lt;init&gt;(Expression.java:4)
	at asg06.Expression.&lt;init&gt;(Expression.java:4)
	at asg06.Expression.&lt;init&gt;(Expression.java:4)
	at asg06.Expression.&lt;init&gt;(Expression.java:4)
	at asg06.Expression.&lt;init&gt;(Expression.java:4)
	at asg06.Expression.&lt;init&gt;(Expression.java:4)
	at asg06.Expression.&lt;init&gt;(Expression.java:4)
	at asg06.Expression.&lt;init&gt;(Expression.java:4)
	at asg06.Expression.&lt;init&gt;(Expression.java:4)
	at asg06.Expression.&lt;init&gt;(Expression.java:4)
	at asg06.Expression.&lt;init&gt;(Expression.java:4)
	at asg06.Expression.&lt;init&gt;(Expression.java:4)
	at asg06.Expression.&lt;init&gt;(Expression.java:4)
	at asg06.Expression.&lt;init&gt;(Expression.java:4)
	at asg06.Expression.&lt;init&gt;(Expression.java:4)
	at asg06.Expression.&lt;init&gt;(Expression.java:4)
	at asg06.Expression.&lt;init&gt;(Expression.java:4)
	at asg06.Expression.&lt;init&gt;(Expression.java:4)
	at asg06.Expression.&lt;init&gt;(Expression.java:4)
	at asg06.Expression.&lt;init&gt;(Expression.java:4)
	at asg06.Expression.&lt;init&gt;(Expression.java:4)
	at asg06.Expression.&lt;init&gt;(Expression.java:4)
	at asg06.Expression.&lt;init&gt;(Expression.java:4)
	at asg06.Expression.&lt;init&gt;(Expression.java:4)
	at asg06.Expression.&lt;init&gt;(Expression.java:4)
	at asg06.Expression.&lt;init&gt;(Expression.java:4)
	at asg06.Expression.&lt;init&gt;(Expression.java:4)
	at asg06.Expression.&lt;init&gt;(Expression.java:4)
	at asg06.Expression.&lt;init&gt;(Expression.java:4)
	at asg06.Expression.&lt;init&gt;(Expression.java:4)
	at asg06.Expression.&lt;init&gt;(Expression.java:4)
	at asg06.Expression.&lt;init&gt;(Expression.java:4)
	at asg06.Expression.&lt;init&gt;(Expression.java:4)
	at asg06.Expression.&lt;init&gt;(Expression.java:4)
	at asg06.Expression.&lt;init&gt;(Expression.java:4)
	at asg06.Expression.&lt;init&gt;(Expression.java:4)
	at asg06.Expression.&lt;init&gt;(Expression.java:4)
	at asg06.Expression.&lt;init&gt;(Expression.java:4)
	at asg06.Expression.&lt;init&gt;(Expression.java:4)
	at asg06.Expression.&lt;init&gt;(Expression.java:4)
	at asg06.Expression.&lt;init&gt;(Expression.java:4)
	at asg06.Expression.&lt;init&gt;(Expression.java:4)
	at asg06.Expression.&lt;init&gt;(Expression.java:4)
	at asg06.Expression.&lt;init&gt;(Expression.java:4)
	at asg06.Expression.&lt;init&gt;(Expression.java:4)
	at asg06.Expression.&lt;init&gt;(Expression.java:4)
	at asg06.Expression.&lt;init&gt;(Expression.java:4)
	at asg06.Expression.&lt;init&gt;(Expression.java:4)
	at asg06.Expression.&lt;init&gt;(Expression.java:4)
	at asg06.Expression.&lt;init&gt;(Expression.java:4)
	at asg06.Expression.&lt;init&gt;(Expression.java:4)
	at asg06.Expression.&lt;init&gt;(Expression.java:4)
	at asg06.Expression.&lt;init&gt;(Expression.java:4)
	at asg06.Expression.&lt;init&gt;(Expression.java:4)
	at asg06.Expression.&lt;init&gt;(Expression.java:4)
	at asg06.Expression.&lt;init&gt;(Expression.java:4)
	at asg06.Expression.&lt;init&gt;(Expression.java:4)
	at asg06.Expression.&lt;init&gt;(Expression.java:4)
	at asg06.Expression.&lt;init&gt;(Expression.java:4)
	at asg06.Expression.&lt;init&gt;(Expression.java:4)
	at asg06.Expression.&lt;init&gt;(Expression.java:4)
	at asg06.Expression.&lt;init&gt;(Expression.java:4)
	at asg06.Expression.&lt;init&gt;(Expression.java:4)
	at asg06.Expression.&lt;init&gt;(Expression.java:4)
	at asg06.Expression.&lt;init&gt;(Expression.java:4)
	at asg06.Expression.&lt;init&gt;(Expression.java:4)
	at asg06.Expression.&lt;init&gt;(Expression.java:4)
	at asg06.Expression.&lt;init&gt;(Expression.java:4)
	at asg06.Expression.&lt;init&gt;(Expression.java:4)
	at asg06.Expression.&lt;init&gt;(Expression.java:4)
	at asg06.Expression.&lt;init&gt;(Expression.java:4)
	at asg06.Expression.&lt;init&gt;(Expression.java:4)
	at asg06.Expression.&lt;init&gt;(Expression.java:4)
	at asg06.Expression.&lt;init&gt;(Expression.java:4)
	at asg06.Expression.&lt;init&gt;(Expression.java:4)
	at asg06.Expression.&lt;init&gt;(Expression.java:4)
	at asg06.Expression.&lt;init&gt;(Expression.java:4)
	at asg06.Expression.&lt;init&gt;(Expression.java:4)
	at asg06.Expression.&lt;init&gt;(Expression.java:4)
	at asg06.Expression.&lt;init&gt;(Expression.java:4)
	at asg06.Expression.&lt;init&gt;(Expression.java:4)
	at asg06.Expression.&lt;init&gt;(Expression.java:4)
	at asg06.Expression.&lt;init&gt;(Expression.java:4)
	at asg06.Expression.&lt;init&gt;(Expression.java:4)
	at asg06.Expression.&lt;init&gt;(Expression.java:4)
	at asg06.Expression.&lt;init&gt;(Expression.java:4)
	at asg06.Expression.&lt;init&gt;(Expression.java:4)
	at asg06.Expression.&lt;init&gt;(Expression.java:4)
	at asg06.Expression.&lt;init&gt;(Expression.java:4)
	at asg06.Expression.&lt;init&gt;(Expression.java:4)
	at asg06.Expression.&lt;init&gt;(Expression.java:4)
	at asg06.Expression.&lt;init&gt;(Expression.java:4)
	at asg06.Expression.&lt;init&gt;(Expression.java:4)
	at asg06.Expression.&lt;init&gt;(Expression.java:4)
	at asg06.Expression.&lt;init&gt;(Expression.java:4)
	at asg06.Expression.&lt;init&gt;(Expression.java:4)
	at asg06.Expression.&lt;init&gt;(Expression.java:4)
	at asg06.Expression.&lt;init&gt;(Expression.java:4)
	at asg06.Expression.&lt;init&gt;(Expression.java:4)
	at asg06.Expression.&lt;init&gt;(Expression.java:4)
	at asg06.Expression.&lt;init&gt;(Expression.java:4)
	at asg06.Expression.&lt;init&gt;(Expression.java:4)
	at asg06.Expression.&lt;init&gt;(Expression.java:4)
	at asg06.Expression.&lt;init&gt;(Expression.java:4)
	at asg06.Expression.&lt;init&gt;(Expression.java:4)
	at asg06.Expression.&lt;init&gt;(Expression.java:4)
	at asg06.Expression.&lt;init&gt;(Expression.java:4)
	at asg06.Expression.&lt;init&gt;(Expression.java:4)
	at asg06.Expression.&lt;init&gt;(Expression.java:4)
	at asg06.Expression.&lt;init&gt;(Expression.java:4)
	at asg06.Expression.&lt;init&gt;(Expression.java:4)
	at asg06.Expression.&lt;init&gt;(Expression.java:4)
	at asg06.Expression.&lt;init&gt;(Expression.java:4)
	at asg06.Expression.&lt;init&gt;(Expression.java:4)
	at asg06.Expression.&lt;init&gt;(Expression.java:4)
	at asg06.Expression.&lt;init&gt;(Expression.java:4)
	at asg06.Expression.&lt;init&gt;(Expression.java:4)
	at asg06.Expression.&lt;init&gt;(Expression.java:4)
	at asg06.Expression.&lt;init&gt;(Expression.java:4)
	at asg06.Expression.&lt;init&gt;(Expression.java:4)
	at asg06.Expression.&lt;init&gt;(Expression.java:4)
	at asg06.Expression.&lt;init&gt;(Expression.java:4)
	at asg06.Expression.&lt;init&gt;(Expression.java:4)
	at asg06.Expression.&lt;init&gt;(Expression.java:4)
	at asg06.Expression.&lt;init&gt;(Expression.java:4)
	at asg06.Expression.&lt;init&gt;(Expression.java:4)
	at asg06.Expression.&lt;init&gt;(Expression.java:4)
	at asg06.Expression.&lt;init&gt;(Expression.java:4)
	at asg06.Expression.&lt;init&gt;(Expression.java:4)
	at asg06.Expression.&lt;init&gt;(Expression.java:4)
	at asg06.Expression.&lt;init&gt;(Expression.java:4)
	at asg06.Expression.&lt;init&gt;(Expression.java:4)
	at asg06.Expression.&lt;init&gt;(Expression.java:4)
	at asg06.Expression.&lt;init&gt;(Expression.java:4)
	at asg06.Expression.&lt;init&gt;(Expression.java:4)
	at asg06.Expression.&lt;init&gt;(Expression.java:4)
	at asg06.Expression.&lt;init&gt;(Expression.java:4)
	at asg06.Expression.&lt;init&gt;(Expression.java:4)
	at asg06.Expression.&lt;init&gt;(Expression.java:4)
	at asg06.Expression.&lt;init&gt;(Expression.java:4)
	at asg06.Expression.&lt;init&gt;(Expression.java:4)
	at asg06.Expression.&lt;init&gt;(Expression.java:4)
	at asg06.Expression.&lt;init&gt;(Expression.java:4)
	at asg06.Expression.&lt;init&gt;(Expression.java:4)
	at asg06.Expression.&lt;init&gt;(Expression.java:4)
	at asg06.Expression.&lt;init&gt;(Expression.java:4)
	at asg06.Expression.&lt;init&gt;(Expression.java:4)
	at asg06.Expression.&lt;init&gt;(Expression.java:4)
	at asg06.Expression.&lt;init&gt;(Expression.java:4)
	at asg06.Expression.&lt;init&gt;(Expression.java:4)
	at asg06.Expression.&lt;init&gt;(Expression.java:4)
	at asg06.Expression.&lt;init&gt;(Expression.java:4)
	at asg06.Expression.&lt;init&gt;(Expression.java:4)
	at asg06.Expression.&lt;init&gt;(Expression.java:4)
	at asg06.Expression.&lt;init&gt;(Expression.java:4)
	at asg06.Expression.&lt;init&gt;(Expression.java:4)
	at asg06.Expression.&lt;init&gt;(Expression.java:4)
	at asg06.Expression.&lt;init&gt;(Expression.java:4)
	at asg06.Expression.&lt;init&gt;(Expression.java:4)
	at asg06.Expression.&lt;init&gt;(Expression.java:4)
	at asg06.Expression.&lt;init&gt;(Expression.java:4)
	at asg06.Expression.&lt;init&gt;(Expression.java:4)
	at asg06.Expression.&lt;init&gt;(Expression.java:4)
	at asg06.Expression.&lt;init&gt;(Expression.java:4)
	at asg06.Expression.&lt;init&gt;(Expression.java:4)
	at asg06.Expression.&lt;init&gt;(Expression.java:4)
	at asg06.Expression.&lt;init&gt;(Expression.java:4)
	at asg06.Expression.&lt;init&gt;(Expression.java:4)
	at asg06.Expression.&lt;init&gt;(Expression.java:4)
	at asg06.Expression.&lt;init&gt;(Expression.java:4)
	at asg06.Expression.&lt;init&gt;(Expression.java:4)
	at asg06.Expression.&lt;init&gt;(Expression.java:4)
	at asg06.Expression.&lt;init&gt;(Expression.java:4)
	at asg06.Expression.&lt;init&gt;(Expression.java:4)
	at asg06.Expression.&lt;init&gt;(Expression.java:4)
	at asg06.Expression.&lt;init&gt;(Expression.java:4)
	at asg06.Expression.&lt;init&gt;(Expression.java:4)
	at asg06.Expression.&lt;init&gt;(Expression.java:4)
	at asg06.Expression.&lt;init&gt;(Expression.java:4)
	at asg06.Expression.&lt;init&gt;(Expression.java:4)
	at asg06.Expression.&lt;init&gt;(Expression.java:4)
	at asg06.Expression.&lt;init&gt;(Expression.java:4)
	at asg06.Expression.&lt;init&gt;(Expression.java:4)
	at asg06.Expression.&lt;init&gt;(Expression.java:4)
	at asg06.Expression.&lt;init&gt;(Expression.java:4)
	at asg06.Expression.&lt;init&gt;(Expression.java:4)
	at asg06.Expression.&lt;init&gt;(Expression.java:4)
	at asg06.Expression.&lt;init&gt;(Expression.java:4)
	at asg06.Expression.&lt;init&gt;(Expression.java:4)
	at asg06.Expression.&lt;init&gt;(Expression.java:4)
	at asg06.Expression.&lt;init&gt;(Expression.java:4)
	at asg06.Expression.&lt;init&gt;(Expression.java:4)
	at asg06.Expression.&lt;init&gt;(Expression.java:4)
	at asg06.Expression.&lt;init&gt;(Expression.java:4)
	at asg06.Expression.&lt;init&gt;(Expression.java:4)
	at asg06.Expression.&lt;init&gt;(Expression.java:4)
	at asg06.Expression.&lt;init&gt;(Expression.java:4)
	at asg06.Expression.&lt;init&gt;(Expression.java:4)
	at asg06.Expression.&lt;init&gt;(Expression.java:4)
	at asg06.Expression.&lt;init&gt;(Expression.java:4)
	at asg06.Expression.&lt;init&gt;(Expression.java:4)
	at asg06.Expression.&lt;init&gt;(Expression.java:4)
	at asg06.Expression.&lt;init&gt;(Expression.java:4)
	at asg06.Expression.&lt;init&gt;(Expression.java:4)
	at asg06.Expression.&lt;init&gt;(Expression.java:4)
	at asg06.Expression.&lt;init&gt;(Expression.java:4)
	at asg06.Expression.&lt;init&gt;(Expression.java:4)
	at asg06.Expression.&lt;init&gt;(Expression.java:4)
	at asg06.Expression.&lt;init&gt;(Expression.java:4)
	at asg06.Expression.&lt;init&gt;(Expression.java:4)
	at asg06.Expression.&lt;init&gt;(Expression.java:4)
	at asg06.Expression.&lt;init&gt;(Expression.java:4)
	at asg06.Expression.&lt;init&gt;(Expression.java:4)
	at asg06.Expression.&lt;init&gt;(Expression.java:4)
	at asg06.Expression.&lt;init&gt;(Expression.java:4)
	at asg06.Expression.&lt;init&gt;(Expression.java:4)
	at asg06.Expression.&lt;init&gt;(Expression.java:4)
	at asg06.Expression.&lt;init&gt;(Expression.java:4)
	at asg06.Expression.&lt;init&gt;(Expression.java:4)
	at asg06.Expression.&lt;init&gt;(Expression.java:4)
	at asg06.Expression.&lt;init&gt;(Expression.java:4)
	at asg06.Expression.&lt;init&gt;(Expression.java:4)
	at asg06.Expression.&lt;init&gt;(Expression.java:4)
	at asg06.Expression.&lt;init&gt;(Expression.java:4)
	at asg06.Expression.&lt;init&gt;(Expression.java:4)
	at asg06.Expression.&lt;init&gt;(Expression.java:4)
	at asg06.Expression.&lt;init&gt;(Expression.java:4)
	at asg06.Expression.&lt;init&gt;(Expression.java:4)
	at asg06.Expression.&lt;init&gt;(Expression.java:4)
	at asg06.Expression.&lt;init&gt;(Expression.java:4)
	at asg06.Expression.&lt;init&gt;(Expression.java:4)
	at asg06.Expression.&lt;init&gt;(Expression.java:4)
	at asg06.Expression.&lt;init&gt;(Expression.java:4)
	at asg06.Expression.&lt;init&gt;(Expression.java:4)
	at asg06.Expression.&lt;init&gt;(Expression.java:4)
	at asg06.Expression.&lt;init&gt;(Expression.java:4)
	at asg06.Expression.&lt;init&gt;(Expression.java:4)
	at asg06.Expression.&lt;init&gt;(Expression.java:4)
	at asg06.Expression.&lt;init&gt;(Expression.java:4)
	at asg06.Expression.&lt;init&gt;(Expression.java:4)
	at asg06.Expression.&lt;init&gt;(Expression.java:4)
	at asg06.Expression.&lt;init&gt;(Expression.java:4)
	at asg06.Expression.&lt;init&gt;(Expression.java:4)
	at asg06.Expression.&lt;init&gt;(Expression.java:4)
	at asg06.Expression.&lt;init&gt;(Expression.java:4)
	at asg06.Expression.&lt;init&gt;(Expression.java:4)
	at asg06.Expression.&lt;init&gt;(Expression.java:4)
	at asg06.Expression.&lt;init&gt;(Expression.java:4)
	at asg06.Expression.&lt;init&gt;(Expression.java:4)
	at asg06.Expression.&lt;init&gt;(Expression.java:4)
	at asg06.Expression.&lt;init&gt;(Expression.java:4)
	at asg06.Expression.&lt;init&gt;(Expression.java:4)
	at asg06.Expression.&lt;init&gt;(Expression.java:4)
	at asg06.Expression.&lt;init&gt;(Expression.java:4)
	at asg06.Expression.&lt;init&gt;(Expression.java:4)
	at asg06.Expression.&lt;init&gt;(Expression.java:4)
	at asg06.Expression.&lt;init&gt;(Expression.java:4)
	at asg06.Expression.&lt;init&gt;(Expression.java:4)
	at asg06.Expression.&lt;init&gt;(Expression.java:4)
	at asg06.Expression.&lt;init&gt;(Expression.java:4)
	at asg06.Expression.&lt;init&gt;(Expression.java:4)
	at asg06.Expression.&lt;init&gt;(Expression.java:4)
	at asg06.Expression.&lt;init&gt;(Expression.java:4)
	at asg06.Expression.&lt;init&gt;(Expression.java:4)
	at asg06.Expression.&lt;init&gt;(Expression.java:4)
	at asg06.Expression.&lt;init&gt;(Expression.java:4)
	at asg06.Expression.&lt;init&gt;(Expression.java:4)
	at asg06.Expression.&lt;init&gt;(Expression.java:4)
	at asg06.Expression.&lt;init&gt;(Expression.java:4)
	at asg06.Expression.&lt;init&gt;(Expression.java:4)
	at asg06.Expression.&lt;init&gt;(Expression.java:4)
	at asg06.Expression.&lt;init&gt;(Expression.java:4)
	at asg06.Expression.&lt;init&gt;(Expression.java:4)
	at asg06.Expression.&lt;init&gt;(Expression.java:4)
	at asg06.Expression.&lt;init&gt;(Expression.java:4)
	at asg06.Expression.&lt;init&gt;(Expression.java:4)
	at asg06.Expression.&lt;init&gt;(Expression.java:4)
	at asg06.Expression.&lt;init&gt;(Expression.java:4)
	at asg06.Expression.&lt;init&gt;(Expression.java:4)
	at asg06.Expression.&lt;init&gt;(Expression.java:4)
	at asg06.Expression.&lt;init&gt;(Expression.java:4)
	at asg06.Expression.&lt;init&gt;(Expression.java:4)
	at asg06.Expression.&lt;init&gt;(Expression.java:4)
	at asg06.Expression.&lt;init&gt;(Expression.java:4)
	at asg06.Expression.&lt;init&gt;(Expression.java:4)
	at asg06.Expression.&lt;init&gt;(Expression.java:4)
	at asg06.Expression.&lt;init&gt;(Expression.java:4)
	at asg06.Expression.&lt;init&gt;(Expression.java:4)
	at asg06.Expression.&lt;init&gt;(Expression.java:4)
	at asg06.Expression.&lt;init&gt;(Expression.java:4)
	at asg06.Expression.&lt;init&gt;(Expression.java:4)
	at asg06.Expression.&lt;init&gt;(Expression.java:4)
	at asg06.Expression.&lt;init&gt;(Expression.java:4)
	at asg06.Expression.&lt;init&gt;(Expression.java:4)
	at asg06.Expression.&lt;init&gt;(Expression.java:4)
	at asg06.Expression.&lt;init&gt;(Expression.java:4)
	at asg06.Expression.&lt;init&gt;(Expression.java:4)
	at asg06.Expression.&lt;init&gt;(Expression.java:4)
	at asg06.Expression.&lt;init&gt;(Expression.java:4)
	at asg06.Expression.&lt;init&gt;(Expression.java:4)
	at asg06.Expression.&lt;init&gt;(Expression.java:4)
	at asg06.Expression.&lt;init&gt;(Expression.java:4)
	at asg06.Expression.&lt;init&gt;(Expression.java:4)
	at asg06.Expression.&lt;init&gt;(Expression.java:4)
	at asg06.Expression.&lt;init&gt;(Expression.java:4)
	at asg06.Expression.&lt;init&gt;(Expression.java:4)
	at asg06.Expression.&lt;init&gt;(Expression.java:4)
	at asg06.Expression.&lt;init&gt;(Expression.java:4)
	at asg06.Expression.&lt;init&gt;(Expression.java:4)
	at asg06.Expression.&lt;init&gt;(Expression.java:4)
	at asg06.Expression.&lt;init&gt;(Expression.java:4)
	at asg06.Expression.&lt;init&gt;(Expression.java:4)
	at asg06.Expression.&lt;init&gt;(Expression.java:4)
	at asg06.Expression.&lt;init&gt;(Expression.java:4)
	at asg06.Expression.&lt;init&gt;(Expression.java:4)
	at asg06.Expression.&lt;init&gt;(Expression.java:4)
	at asg06.Expression.&lt;init&gt;(Expression.java:4)
	at asg06.Expression.&lt;init&gt;(Expression.java:4)
	at asg06.Expression.&lt;init&gt;(Expression.java:4)
	at asg06.Expression.&lt;init&gt;(Expression.java:4)
	at asg06.Expression.&lt;init&gt;(Expression.java:4)
	at asg06.Expression.&lt;init&gt;(Expression.java:4)
	at asg06.Expression.&lt;init&gt;(Expression.java:4)
	at asg06.Expression.&lt;init&gt;(Expression.java:4)
	at asg06.Expression.&lt;init&gt;(Expression.java:4)
	at asg06.Expression.&lt;init&gt;(Expression.java:4)
	at asg06.Expression.&lt;init&gt;(Expression.java:4)
	at asg06.Expression.&lt;init&gt;(Expression.java:4)
	at asg06.Expression.&lt;init&gt;(Expression.java:4)
	at asg06.Expression.&lt;init&gt;(Expression.java:4)
	at asg06.Expression.&lt;init&gt;(Expression.java:4)
	at asg06.Expression.&lt;init&gt;(Expression.java:4)
	at asg06.Expression.&lt;init&gt;(Expression.java:4)
	at asg06.Expression.&lt;init&gt;(Expression.java:4)
	at asg06.Expression.&lt;init&gt;(Expression.java:4)
	at asg06.Expression.&lt;init&gt;(Expression.java:4)
	at asg06.Expression.&lt;init&gt;(Expression.java:4)
	at asg06.Expression.&lt;init&gt;(Expression.java:4)
	at asg06.Expression.&lt;init&gt;(Expression.java:4)
	at asg06.Expression.&lt;init&gt;(Expression.java:4)
	at asg06.Expression.&lt;init&gt;(Expression.java:4)
	at asg06.Expression.&lt;init&gt;(Expression.java:4)
	at asg06.Expression.&lt;init&gt;(Expression.java:4)
	at asg06.Expression.&lt;init&gt;(Expression.java:4)
	at asg06.Expression.&lt;init&gt;(Expression.java:4)
	at asg06.Expression.&lt;init&gt;(Expression.java:4)
	at asg06.Expression.&lt;init&gt;(Expression.java:4)
	at asg06.Expression.&lt;init&gt;(Expression.java:4)
	at asg06.Expression.&lt;init&gt;(Expression.java:4)
	at asg06.Expression.&lt;init&gt;(Expression.java:4)
	at asg06.Expression.&lt;init&gt;(Expression.java:4)
	at asg06.Expression.&lt;init&gt;(Expression.java:4)
	at asg06.Expression.&lt;init&gt;(Expression.java:4)
	at asg06.Expression.&lt;init&gt;(Expression.java:4)
	at asg06.Expression.&lt;init&gt;(Expression.java:4)
	at asg06.Expression.&lt;init&gt;(Expression.java:4)
	at asg06.Expression.&lt;init&gt;(Expression.java:4)
	at asg06.Expression.&lt;init&gt;(Expression.java:4)
	at asg06.Expression.&lt;init&gt;(Expression.java:4)
	at asg06.Expression.&lt;init&gt;(Expression.java:4)
	at asg06.Expression.&lt;init&gt;(Expression.java:4)
	at asg06.Expression.&lt;init&gt;(Expression.java:4)
	at asg06.Expression.&lt;init&gt;(Expression.java:4)
	at asg06.Expression.&lt;init&gt;(Expression.java:4)
	at asg06.Expression.&lt;init&gt;(Expression.java:4)
	at asg06.Expression.&lt;init&gt;(Expression.java:4)
	at asg06.Expression.&lt;init&gt;(Expression.java:4)
	at asg06.Expression.&lt;init&gt;(Expression.java:4)
	at asg06.Expression.&lt;init&gt;(Expression.java:4)
	at asg06.Expression.&lt;init&gt;(Expression.java:4)
	at asg06.Expression.&lt;init&gt;(Expression.java:4)
	at asg06.Expression.&lt;init&gt;(Expression.java:4)
	at asg06.Expression.&lt;init&gt;(Expression.java:4)
	at asg06.Expression.&lt;init&gt;(Expression.java:4)
	at asg06.Expression.&lt;init&gt;(Expression.java:4)
	at asg06.Expression.&lt;init&gt;(Expression.java:4)
	at asg06.Expression.&lt;init&gt;(Expression.java:4)
	at asg06.Expression.&lt;init&gt;(Expression.java:4)
	at asg06.Expression.&lt;init&gt;(Expression.java:4)
	at asg06.Expression.&lt;init&gt;(Expression.java:4)
	at asg06.Expression.&lt;init&gt;(Expression.java:4)
	at asg06.Expression.&lt;init&gt;(Expression.java:4)
	at asg06.Expression.&lt;init&gt;(Expression.java:4)
	at asg06.Expression.&lt;init&gt;(Expression.java:4)
	at asg06.Expression.&lt;init&gt;(Expression.java:4)
	at asg06.Expression.&lt;init&gt;(Expression.java:4)
	at asg06.Expression.&lt;init&gt;(Expression.java:4)
	at asg06.Expression.&lt;init&gt;(Expression.java:4)
	at asg06.Expression.&lt;init&gt;(Expression.java:4)
	at asg06.Expression.&lt;init&gt;(Expression.java:4)
	at asg06.Expression.&lt;init&gt;(Expression.java:4)
	at asg06.Expression.&lt;init&gt;(Expression.java:4)
	at asg06.Expression.&lt;init&gt;(Expression.java:4)
	at asg06.Expression.&lt;init&gt;(Expression.java:4)
	at asg06.Expression.&lt;init&gt;(Expression.java:4)
	at asg06.Expression.&lt;init&gt;(Expression.java:4)
	at asg06.Expression.&lt;init&gt;(Expression.java:4)
	at asg06.Expression.&lt;init&gt;(Expression.java:4)
	at asg06.Expression.&lt;init&gt;(Expression.java:4)
	at asg06.Expression.&lt;init&gt;(Expression.java:4)
	at asg06.Expression.&lt;init&gt;(Expression.java:4)
	at asg06.Expression.&lt;init&gt;(Expression.java:4)
	at asg06.Expression.&lt;init&gt;(Expression.java:4)
	at asg06.Expression.&lt;init&gt;(Expression.java:4)
	at asg06.Expression.&lt;init&gt;(Expression.java:4)
	at asg06.Expression.&lt;init&gt;(Expression.java:4)
	at asg06.Expression.&lt;init&gt;(Expression.java:4)
	at asg06.Expression.&lt;init&gt;(Expression.java:4)
	at asg06.Expression.&lt;init&gt;(Expression.java:4)
	at asg06.Expression.&lt;init&gt;(Expression.java:4)
	at asg06.Expression.&lt;init&gt;(Expression.java:4)
	at asg06.Expression.&lt;init&gt;(Expression.java:4)
	at asg06.Expression.&lt;init&gt;(Expression.java:4)
	at asg06.Expression.&lt;init&gt;(Expression.java:4)
	at asg06.Expression.&lt;init&gt;(Expression.java:4)
	at asg06.Expression.&lt;init&gt;(Expression.java:4)
	at asg06.Expression.&lt;init&gt;(Expression.java:4)
	at asg06.Expression.&lt;init&gt;(Expression.java:4)
	at asg06.Expression.&lt;init&gt;(Expression.java:4)
	at asg06.Expression.&lt;init&gt;(Expression.java:4)
	at asg06.Expression.&lt;init&gt;(Expression.java:4)
	at asg06.Expression.&lt;init&gt;(Expression.java:4)
	at asg06.Expression.&lt;init&gt;(Expression.java:4)
	at asg06.Expression.&lt;init&gt;(Expression.java:4)
	at asg06.Expression.&lt;init&gt;(Expression.java:4)
	at asg06.Expression.&lt;init&gt;(Expression.java:4)
	at asg06.Expression.&lt;init&gt;(Expression.java:4)
	at asg06.Expression.&lt;init&gt;(Expression.java:4)
	at asg06.Expression.&lt;init&gt;(Expression.java:4)
	at asg06.Expression.&lt;init&gt;(Expression.java:4)
	at asg06.Expression.&lt;init&gt;(Expression.java:4)
	at asg06.Expression.&lt;init&gt;(Expression.java:4)
	at asg06.Expression.&lt;init&gt;(Expression.java:4)
	at asg06.Expression.&lt;init&gt;(Expression.java:4)
	at asg06.Expression.&lt;init&gt;(Expression.java:4)
	at asg06.Expression.&lt;init&gt;(Expression.java:4)
	at asg06.Expression.&lt;init&gt;(Expression.java:4)
	at asg06.Expression.&lt;init&gt;(Expression.java:4)
	at asg06.Expression.&lt;init&gt;(Expression.java:4)
	at asg06.Expression.&lt;init&gt;(Expression.java:4)
	at asg06.Expression.&lt;init&gt;(Expression.java:4)
	at asg06.Expression.&lt;init&gt;(Expression.java:4)
	at asg06.Expression.&lt;init&gt;(Expression.java:4)
	at asg06.Expression.&lt;init&gt;(Expression.java:4)
	at asg06.Expression.&lt;init&gt;(Expression.java:4)
	at asg06.Expression.&lt;init&gt;(Expression.java:4)
	at asg06.Expression.&lt;init&gt;(Expression.java:4)
	at asg06.Expression.&lt;init&gt;(Expression.java:4)
	at asg06.Expression.&lt;init&gt;(Expression.java:4)
	at asg06.Expression.&lt;init&gt;(Expression.java:4)
	at asg06.Expression.&lt;init&gt;(Expression.java:4)
	at asg06.Expression.&lt;init&gt;(Expression.java:4)
	at asg06.Expression.&lt;init&gt;(Expression.java:4)
	at asg06.Expression.&lt;init&gt;(Expression.java:4)
	at asg06.Expression.&lt;init&gt;(Expression.java:4)
	at asg06.Expression.&lt;init&gt;(Expression.java:4)
	at asg06.Expression.&lt;init&gt;(Expression.java:4)
	at asg06.Expression.&lt;init&gt;(Expression.java:4)
	at asg06.Expression.&lt;init&gt;(Expression.java:4)
	at asg06.Expression.&lt;init&gt;(Expression.java:4)
	at asg06.Expression.&lt;init&gt;(Expression.java:4)
	at asg06.Expression.&lt;init&gt;(Expression.java:4)
	at asg06.Expression.&lt;init&gt;(Expression.java:4)
	at asg06.Expression.&lt;init&gt;(Expression.java:4)
	at asg06.Expression.&lt;init&gt;(Expression.java:4)
	at asg06.Expression.&lt;init&gt;(Expression.java:4)
	at asg06.Expression.&lt;init&gt;(Expression.java:4)
	at asg06.Expression.&lt;init&gt;(Expression.java:4)
	at asg06.Expression.&lt;init&gt;(Expression.java:4)
	at asg06.Expression.&lt;init&gt;(Expression.java:4)
	at asg06.Expression.&lt;init&gt;(Expression.java:4)
	at asg06.Expression.&lt;init&gt;(Expression.java:4)
	at asg06.Expression.&lt;init&gt;(Expression.java:4)
	at asg06.Expression.&lt;init&gt;(Expression.java:4)
	at asg06.Expression.&lt;init&gt;(Expression.java:4)
</error>
  </testcase>
  <testcase classname="asg06.TestExpression" name="testSubtractionEvaluate" time="0.017">
    <error type="java.lang.StackOverflowError">java.lang.StackOverflowError
	at asg06.Expression.&lt;init&gt;(Expression.java:4)
	at asg06.Expression.&lt;init&gt;(Expression.java:4)
	at asg06.Expression.&lt;init&gt;(Expression.java:4)
	at asg06.Expression.&lt;init&gt;(Expression.java:4)
	at asg06.Expression.&lt;init&gt;(Expression.java:4)
	at asg06.Expression.&lt;init&gt;(Expression.java:4)
	at asg06.Expression.&lt;init&gt;(Expression.java:4)
	at asg06.Expression.&lt;init&gt;(Expression.java:4)
	at asg06.Expression.&lt;init&gt;(Expression.java:4)
	at asg06.Expression.&lt;init&gt;(Expression.java:4)
	at asg06.Expression.&lt;init&gt;(Expression.java:4)
	at asg06.Expression.&lt;init&gt;(Expression.java:4)
	at asg06.Expression.&lt;init&gt;(Expression.java:4)
	at asg06.Expression.&lt;init&gt;(Expression.java:4)
	at asg06.Expression.&lt;init&gt;(Expression.java:4)
	at asg06.Expression.&lt;init&gt;(Expression.java:4)
	at asg06.Expression.&lt;init&gt;(Expression.java:4)
	at asg06.Expression.&lt;init&gt;(Expression.java:4)
	at asg06.Expression.&lt;init&gt;(Expression.java:4)
	at asg06.Expression.&lt;init&gt;(Expression.java:4)
	at asg06.Expression.&lt;init&gt;(Expression.java:4)
	at asg06.Expression.&lt;init&gt;(Expression.java:4)
	at asg06.Expression.&lt;init&gt;(Expression.java:4)
	at asg06.Expression.&lt;init&gt;(Expression.java:4)
	at asg06.Expression.&lt;init&gt;(Expression.java:4)
	at asg06.Expression.&lt;init&gt;(Expression.java:4)
	at asg06.Expression.&lt;init&gt;(Expression.java:4)
	at asg06.Expression.&lt;init&gt;(Expression.java:4)
	at asg06.Expression.&lt;init&gt;(Expression.java:4)
	at asg06.Expression.&lt;init&gt;(Expression.java:4)
	at asg06.Expression.&lt;init&gt;(Expression.java:4)
	at asg06.Expression.&lt;init&gt;(Expression.java:4)
	at asg06.Expression.&lt;init&gt;(Expression.java:4)
	at asg06.Expression.&lt;init&gt;(Expression.java:4)
	at asg06.Expression.&lt;init&gt;(Expression.java:4)
	at asg06.Expression.&lt;init&gt;(Expression.java:4)
	at asg06.Expression.&lt;init&gt;(Expression.java:4)
	at asg06.Expression.&lt;init&gt;(Expression.java:4)
	at asg06.Expression.&lt;init&gt;(Expression.java:4)
	at asg06.Expression.&lt;init&gt;(Expression.java:4)
	at asg06.Expression.&lt;init&gt;(Expression.java:4)
	at asg06.Expression.&lt;init&gt;(Expression.java:4)
	at asg06.Expression.&lt;init&gt;(Expression.java:4)
	at asg06.Expression.&lt;init&gt;(Expression.java:4)
	at asg06.Expression.&lt;init&gt;(Expression.java:4)
	at asg06.Expression.&lt;init&gt;(Expression.java:4)
	at asg06.Expression.&lt;init&gt;(Expression.java:4)
	at asg06.Expression.&lt;init&gt;(Expression.java:4)
	at asg06.Expression.&lt;init&gt;(Expression.java:4)
	at asg06.Expression.&lt;init&gt;(Expression.java:4)
	at asg06.Expression.&lt;init&gt;(Expression.java:4)
	at asg06.Expression.&lt;init&gt;(Expression.java:4)
	at asg06.Expression.&lt;init&gt;(Expression.java:4)
	at asg06.Expression.&lt;init&gt;(Expression.java:4)
	at asg06.Expression.&lt;init&gt;(Expression.java:4)
	at asg06.Expression.&lt;init&gt;(Expression.java:4)
	at asg06.Expression.&lt;init&gt;(Expression.java:4)
	at asg06.Expression.&lt;init&gt;(Expression.java:4)
	at asg06.Expression.&lt;init&gt;(Expression.java:4)
	at asg06.Expression.&lt;init&gt;(Expression.java:4)
	at asg06.Expression.&lt;init&gt;(Expression.java:4)
	at asg06.Expression.&lt;init&gt;(Expression.java:4)
	at asg06.Expression.&lt;init&gt;(Expression.java:4)
	at asg06.Expression.&lt;init&gt;(Expression.java:4)
	at asg06.Expression.&lt;init&gt;(Expression.java:4)
	at asg06.Expression.&lt;init&gt;(Expression.java:4)
	at asg06.Expression.&lt;init&gt;(Expression.java:4)
	at asg06.Expression.&lt;init&gt;(Expression.java:4)
	at asg06.Expression.&lt;init&gt;(Expression.java:4)
	at asg06.Expression.&lt;init&gt;(Expression.java:4)
	at asg06.Expression.&lt;init&gt;(Expression.java:4)
	at asg06.Expression.&lt;init&gt;(Expression.java:4)
	at asg06.Expression.&lt;init&gt;(Expression.java:4)
	at asg06.Expression.&lt;init&gt;(Expression.java:4)
	at asg06.Expression.&lt;init&gt;(Expression.java:4)
	at asg06.Expression.&lt;init&gt;(Expression.java:4)
	at asg06.Expression.&lt;init&gt;(Expression.java:4)
	at asg06.Expression.&lt;init&gt;(Expression.java:4)
	at asg06.Expression.&lt;init&gt;(Expression.java:4)
	at asg06.Expression.&lt;init&gt;(Expression.java:4)
	at asg06.Expression.&lt;init&gt;(Expression.java:4)
	at asg06.Expression.&lt;init&gt;(Expression.java:4)
	at asg06.Expression.&lt;init&gt;(Expression.java:4)
	at asg06.Expression.&lt;init&gt;(Expression.java:4)
	at asg06.Expression.&lt;init&gt;(Expression.java:4)
	at asg06.Expression.&lt;init&gt;(Expression.java:4)
	at asg06.Expression.&lt;init&gt;(Expression.java:4)
	at asg06.Expression.&lt;init&gt;(Expression.java:4)
	at asg06.Expression.&lt;init&gt;(Expression.java:4)
	at asg06.Expression.&lt;init&gt;(Expression.java:4)
	at asg06.Expression.&lt;init&gt;(Expression.java:4)
	at asg06.Expression.&lt;init&gt;(Expression.java:4)
	at asg06.Expression.&lt;init&gt;(Expression.java:4)
	at asg06.Expression.&lt;init&gt;(Expression.java:4)
	at asg06.Expression.&lt;init&gt;(Expression.java:4)
	at asg06.Expression.&lt;init&gt;(Expression.java:4)
	at asg06.Expression.&lt;init&gt;(Expression.java:4)
	at asg06.Expression.&lt;init&gt;(Expression.java:4)
	at asg06.Expression.&lt;init&gt;(Expression.java:4)
	at asg06.Expression.&lt;init&gt;(Expression.java:4)
	at asg06.Expression.&lt;init&gt;(Expression.java:4)
	at asg06.Expression.&lt;init&gt;(Expression.java:4)
	at asg06.Expression.&lt;init&gt;(Expression.java:4)
	at asg06.Expression.&lt;init&gt;(Expression.java:4)
	at asg06.Expression.&lt;init&gt;(Expression.java:4)
	at asg06.Expression.&lt;init&gt;(Expression.java:4)
	at asg06.Expression.&lt;init&gt;(Expression.java:4)
	at asg06.Expression.&lt;init&gt;(Expression.java:4)
	at asg06.Expression.&lt;init&gt;(Expression.java:4)
	at asg06.Expression.&lt;init&gt;(Expression.java:4)
	at asg06.Expression.&lt;init&gt;(Expression.java:4)
	at asg06.Expression.&lt;init&gt;(Expression.java:4)
	at asg06.Expression.&lt;init&gt;(Expression.java:4)
	at asg06.Expression.&lt;init&gt;(Expression.java:4)
	at asg06.Expression.&lt;init&gt;(Expression.java:4)
	at asg06.Expression.&lt;init&gt;(Expression.java:4)
	at asg06.Expression.&lt;init&gt;(Expression.java:4)
	at asg06.Expression.&lt;init&gt;(Expression.java:4)
	at asg06.Expression.&lt;init&gt;(Expression.java:4)
	at asg06.Expression.&lt;init&gt;(Expression.java:4)
	at asg06.Expression.&lt;init&gt;(Expression.java:4)
	at asg06.Expression.&lt;init&gt;(Expression.java:4)
	at asg06.Expression.&lt;init&gt;(Expression.java:4)
	at asg06.Expression.&lt;init&gt;(Expression.java:4)
	at asg06.Expression.&lt;init&gt;(Expression.java:4)
	at asg06.Expression.&lt;init&gt;(Expression.java:4)
	at asg06.Expression.&lt;init&gt;(Expression.java:4)
	at asg06.Expression.&lt;init&gt;(Expression.java:4)
	at asg06.Expression.&lt;init&gt;(Expression.java:4)
	at asg06.Expression.&lt;init&gt;(Expression.java:4)
	at asg06.Expression.&lt;init&gt;(Expression.java:4)
	at asg06.Expression.&lt;init&gt;(Expression.java:4)
	at asg06.Expression.&lt;init&gt;(Expression.java:4)
	at asg06.Expression.&lt;init&gt;(Expression.java:4)
	at asg06.Expression.&lt;init&gt;(Expression.java:4)
	at asg06.Expression.&lt;init&gt;(Expression.java:4)
	at asg06.Expression.&lt;init&gt;(Expression.java:4)
	at asg06.Expression.&lt;init&gt;(Expression.java:4)
	at asg06.Expression.&lt;init&gt;(Expression.java:4)
	at asg06.Expression.&lt;init&gt;(Expression.java:4)
	at asg06.Expression.&lt;init&gt;(Expression.java:4)
	at asg06.Expression.&lt;init&gt;(Expression.java:4)
	at asg06.Expression.&lt;init&gt;(Expression.java:4)
	at asg06.Expression.&lt;init&gt;(Expression.java:4)
	at asg06.Expression.&lt;init&gt;(Expression.java:4)
	at asg06.Expression.&lt;init&gt;(Expression.java:4)
	at asg06.Expression.&lt;init&gt;(Expression.java:4)
	at asg06.Expression.&lt;init&gt;(Expression.java:4)
	at asg06.Expression.&lt;init&gt;(Expression.java:4)
	at asg06.Expression.&lt;init&gt;(Expression.java:4)
	at asg06.Expression.&lt;init&gt;(Expression.java:4)
	at asg06.Expression.&lt;init&gt;(Expression.java:4)
	at asg06.Expression.&lt;init&gt;(Expression.java:4)
	at asg06.Expression.&lt;init&gt;(Expression.java:4)
	at asg06.Expression.&lt;init&gt;(Expression.java:4)
	at asg06.Expression.&lt;init&gt;(Expression.java:4)
	at asg06.Expression.&lt;init&gt;(Expression.java:4)
	at asg06.Expression.&lt;init&gt;(Expression.java:4)
	at asg06.Expression.&lt;init&gt;(Expression.java:4)
	at asg06.Expression.&lt;init&gt;(Expression.java:4)
	at asg06.Expression.&lt;init&gt;(Expression.java:4)
	at asg06.Expression.&lt;init&gt;(Expression.java:4)
	at asg06.Expression.&lt;init&gt;(Expression.java:4)
	at asg06.Expression.&lt;init&gt;(Expression.java:4)
	at asg06.Expression.&lt;init&gt;(Expression.java:4)
	at asg06.Expression.&lt;init&gt;(Expression.java:4)
	at asg06.Expression.&lt;init&gt;(Expression.java:4)
	at asg06.Expression.&lt;init&gt;(Expression.java:4)
	at asg06.Expression.&lt;init&gt;(Expression.java:4)
	at asg06.Expression.&lt;init&gt;(Expression.java:4)
	at asg06.Expression.&lt;init&gt;(Expression.java:4)
	at asg06.Expression.&lt;init&gt;(Expression.java:4)
	at asg06.Expression.&lt;init&gt;(Expression.java:4)
	at asg06.Expression.&lt;init&gt;(Expression.java:4)
	at asg06.Expression.&lt;init&gt;(Expression.java:4)
	at asg06.Expression.&lt;init&gt;(Expression.java:4)
	at asg06.Expression.&lt;init&gt;(Expression.java:4)
	at asg06.Expression.&lt;init&gt;(Expression.java:4)
	at asg06.Expression.&lt;init&gt;(Expression.java:4)
	at asg06.Expression.&lt;init&gt;(Expression.java:4)
	at asg06.Expression.&lt;init&gt;(Expression.java:4)
	at asg06.Expression.&lt;init&gt;(Expression.java:4)
	at asg06.Expression.&lt;init&gt;(Expression.java:4)
	at asg06.Expression.&lt;init&gt;(Expression.java:4)
	at asg06.Expression.&lt;init&gt;(Expression.java:4)
	at asg06.Expression.&lt;init&gt;(Expression.java:4)
	at asg06.Expression.&lt;init&gt;(Expression.java:4)
	at asg06.Expression.&lt;init&gt;(Expression.java:4)
	at asg06.Expression.&lt;init&gt;(Expression.java:4)
	at asg06.Expression.&lt;init&gt;(Expression.java:4)
	at asg06.Expression.&lt;init&gt;(Expression.java:4)
	at asg06.Expression.&lt;init&gt;(Expression.java:4)
	at asg06.Expression.&lt;init&gt;(Expression.java:4)
	at asg06.Expression.&lt;init&gt;(Expression.java:4)
	at asg06.Expression.&lt;init&gt;(Expression.java:4)
	at asg06.Expression.&lt;init&gt;(Expression.java:4)
	at asg06.Expression.&lt;init&gt;(Expression.java:4)
	at asg06.Expression.&lt;init&gt;(Expression.java:4)
	at asg06.Expression.&lt;init&gt;(Expression.java:4)
	at asg06.Expression.&lt;init&gt;(Expression.java:4)
	at asg06.Expression.&lt;init&gt;(Expression.java:4)
	at asg06.Expression.&lt;init&gt;(Expression.java:4)
	at asg06.Expression.&lt;init&gt;(Expression.java:4)
	at asg06.Expression.&lt;init&gt;(Expression.java:4)
	at asg06.Expression.&lt;init&gt;(Expression.java:4)
	at asg06.Expression.&lt;init&gt;(Expression.java:4)
	at asg06.Expression.&lt;init&gt;(Expression.java:4)
	at asg06.Expression.&lt;init&gt;(Expression.java:4)
	at asg06.Expression.&lt;init&gt;(Expression.java:4)
	at asg06.Expression.&lt;init&gt;(Expression.java:4)
	at asg06.Expression.&lt;init&gt;(Expression.java:4)
	at asg06.Expression.&lt;init&gt;(Expression.java:4)
	at asg06.Expression.&lt;init&gt;(Expression.java:4)
	at asg06.Expression.&lt;init&gt;(Expression.java:4)
	at asg06.Expression.&lt;init&gt;(Expression.java:4)
	at asg06.Expression.&lt;init&gt;(Expression.java:4)
	at asg06.Expression.&lt;init&gt;(Expression.java:4)
	at asg06.Expression.&lt;init&gt;(Expression.java:4)
	at asg06.Expression.&lt;init&gt;(Expression.java:4)
	at asg06.Expression.&lt;init&gt;(Expression.java:4)
	at asg06.Expression.&lt;init&gt;(Expression.java:4)
	at asg06.Expression.&lt;init&gt;(Expression.java:4)
	at asg06.Expression.&lt;init&gt;(Expression.java:4)
	at asg06.Expression.&lt;init&gt;(Expression.java:4)
	at asg06.Expression.&lt;init&gt;(Expression.java:4)
	at asg06.Expression.&lt;init&gt;(Expression.java:4)
	at asg06.Expression.&lt;init&gt;(Expression.java:4)
	at asg06.Expression.&lt;init&gt;(Expression.java:4)
	at asg06.Expression.&lt;init&gt;(Expression.java:4)
	at asg06.Expression.&lt;init&gt;(Expression.java:4)
	at asg06.Expression.&lt;init&gt;(Expression.java:4)
	at asg06.Expression.&lt;init&gt;(Expression.java:4)
	at asg06.Expression.&lt;init&gt;(Expression.java:4)
	at asg06.Expression.&lt;init&gt;(Expression.java:4)
	at asg06.Expression.&lt;init&gt;(Expression.java:4)
	at asg06.Expression.&lt;init&gt;(Expression.java:4)
	at asg06.Expression.&lt;init&gt;(Expression.java:4)
	at asg06.Expression.&lt;init&gt;(Expression.java:4)
	at asg06.Expression.&lt;init&gt;(Expression.java:4)
	at asg06.Expression.&lt;init&gt;(Expression.java:4)
	at asg06.Expression.&lt;init&gt;(Expression.java:4)
	at asg06.Expression.&lt;init&gt;(Expression.java:4)
	at asg06.Expression.&lt;init&gt;(Expression.java:4)
	at asg06.Expression.&lt;init&gt;(Expression.java:4)
	at asg06.Expression.&lt;init&gt;(Expression.java:4)
	at asg06.Expression.&lt;init&gt;(Expression.java:4)
	at asg06.Expression.&lt;init&gt;(Expression.java:4)
	at asg06.Expression.&lt;init&gt;(Expression.java:4)
	at asg06.Expression.&lt;init&gt;(Expression.java:4)
	at asg06.Expression.&lt;init&gt;(Expression.java:4)
	at asg06.Expression.&lt;init&gt;(Expression.java:4)
	at asg06.Expression.&lt;init&gt;(Expression.java:4)
	at asg06.Expression.&lt;init&gt;(Expression.java:4)
	at asg06.Expression.&lt;init&gt;(Expression.java:4)
	at asg06.Expression.&lt;init&gt;(Expression.java:4)
	at asg06.Expression.&lt;init&gt;(Expression.java:4)
	at asg06.Expression.&lt;init&gt;(Expression.java:4)
	at asg06.Expression.&lt;init&gt;(Expression.java:4)
	at asg06.Expression.&lt;init&gt;(Expression.java:4)
	at asg06.Expression.&lt;init&gt;(Expression.java:4)
	at asg06.Expression.&lt;init&gt;(Expression.java:4)
	at asg06.Expression.&lt;init&gt;(Expression.java:4)
	at asg06.Expression.&lt;init&gt;(Expression.java:4)
	at asg06.Expression.&lt;init&gt;(Expression.java:4)
	at asg06.Expression.&lt;init&gt;(Expression.java:4)
	at asg06.Expression.&lt;init&gt;(Expression.java:4)
	at asg06.Expression.&lt;init&gt;(Expression.java:4)
	at asg06.Expression.&lt;init&gt;(Expression.java:4)
	at asg06.Expression.&lt;init&gt;(Expression.java:4)
	at asg06.Expression.&lt;init&gt;(Expression.java:4)
	at asg06.Expression.&lt;init&gt;(Expression.java:4)
	at asg06.Expression.&lt;init&gt;(Expression.java:4)
	at asg06.Expression.&lt;init&gt;(Expression.java:4)
	at asg06.Expression.&lt;init&gt;(Expression.java:4)
	at asg06.Expression.&lt;init&gt;(Expression.java:4)
	at asg06.Expression.&lt;init&gt;(Expression.java:4)
	at asg06.Expression.&lt;init&gt;(Expression.java:4)
	at asg06.Expression.&lt;init&gt;(Expression.java:4)
	at asg06.Expression.&lt;init&gt;(Expression.java:4)
	at asg06.Expression.&lt;init&gt;(Expression.java:4)
	at asg06.Expression.&lt;init&gt;(Expression.java:4)
	at asg06.Expression.&lt;init&gt;(Expression.java:4)
	at asg06.Expression.&lt;init&gt;(Expression.java:4)
	at asg06.Expression.&lt;init&gt;(Expression.java:4)
	at asg06.Expression.&lt;init&gt;(Expression.java:4)
	at asg06.Expression.&lt;init&gt;(Expression.java:4)
	at asg06.Expression.&lt;init&gt;(Expression.java:4)
	at asg06.Expression.&lt;init&gt;(Expression.java:4)
	at asg06.Expression.&lt;init&gt;(Expression.java:4)
	at asg06.Expression.&lt;init&gt;(Expression.java:4)
	at asg06.Expression.&lt;init&gt;(Expression.java:4)
	at asg06.Expression.&lt;init&gt;(Expression.java:4)
	at asg06.Expression.&lt;init&gt;(Expression.java:4)
	at asg06.Expression.&lt;init&gt;(Expression.java:4)
	at asg06.Expression.&lt;init&gt;(Expression.java:4)
	at asg06.Expression.&lt;init&gt;(Expression.java:4)
	at asg06.Expression.&lt;init&gt;(Expression.java:4)
	at asg06.Expression.&lt;init&gt;(Expression.java:4)
	at asg06.Expression.&lt;init&gt;(Expression.java:4)
	at asg06.Expression.&lt;init&gt;(Expression.java:4)
	at asg06.Expression.&lt;init&gt;(Expression.java:4)
	at asg06.Expression.&lt;init&gt;(Expression.java:4)
	at asg06.Expression.&lt;init&gt;(Expression.java:4)
	at asg06.Expression.&lt;init&gt;(Expression.java:4)
	at asg06.Expression.&lt;init&gt;(Expression.java:4)
	at asg06.Expression.&lt;init&gt;(Expression.java:4)
	at asg06.Expression.&lt;init&gt;(Expression.java:4)
	at asg06.Expression.&lt;init&gt;(Expression.java:4)
	at asg06.Expression.&lt;init&gt;(Expression.java:4)
	at asg06.Expression.&lt;init&gt;(Expression.java:4)
	at asg06.Expression.&lt;init&gt;(Expression.java:4)
	at asg06.Expression.&lt;init&gt;(Expression.java:4)
	at asg06.Expression.&lt;init&gt;(Expression.java:4)
	at asg06.Expression.&lt;init&gt;(Expression.java:4)
	at asg06.Expression.&lt;init&gt;(Expression.java:4)
	at asg06.Expression.&lt;init&gt;(Expression.java:4)
	at asg06.Expression.&lt;init&gt;(Expression.java:4)
	at asg06.Expression.&lt;init&gt;(Expression.java:4)
	at asg06.Expression.&lt;init&gt;(Expression.java:4)
	at asg06.Expression.&lt;init&gt;(Expression.java:4)
	at asg06.Expression.&lt;init&gt;(Expression.java:4)
	at asg06.Expression.&lt;init&gt;(Expression.java:4)
	at asg06.Expression.&lt;init&gt;(Expression.java:4)
	at asg06.Expression.&lt;init&gt;(Expression.java:4)
	at asg06.Expression.&lt;init&gt;(Expression.java:4)
	at asg06.Expression.&lt;init&gt;(Expression.java:4)
	at asg06.Expression.&lt;init&gt;(Expression.java:4)
	at asg06.Expression.&lt;init&gt;(Expression.java:4)
	at asg06.Expression.&lt;init&gt;(Expression.java:4)
	at asg06.Expression.&lt;init&gt;(Expression.java:4)
	at asg06.Expression.&lt;init&gt;(Expression.java:4)
	at asg06.Expression.&lt;init&gt;(Expression.java:4)
	at asg06.Expression.&lt;init&gt;(Expression.java:4)
	at asg06.Expression.&lt;init&gt;(Expression.java:4)
	at asg06.Expression.&lt;init&gt;(Expression.java:4)
	at asg06.Expression.&lt;init&gt;(Expression.java:4)
	at asg06.Expression.&lt;init&gt;(Expression.java:4)
	at asg06.Expression.&lt;init&gt;(Expression.java:4)
	at asg06.Expression.&lt;init&gt;(Expression.java:4)
	at asg06.Expression.&lt;init&gt;(Expression.java:4)
	at asg06.Expression.&lt;init&gt;(Expression.java:4)
	at asg06.Expression.&lt;init&gt;(Expression.java:4)
	at asg06.Expression.&lt;init&gt;(Expression.java:4)
	at asg06.Expression.&lt;init&gt;(Expression.java:4)
	at asg06.Expression.&lt;init&gt;(Expression.java:4)
	at asg06.Expression.&lt;init&gt;(Expression.java:4)
	at asg06.Expression.&lt;init&gt;(Expression.java:4)
	at asg06.Expression.&lt;init&gt;(Expression.java:4)
	at asg06.Expression.&lt;init&gt;(Expression.java:4)
	at asg06.Expression.&lt;init&gt;(Expression.java:4)
	at asg06.Expression.&lt;init&gt;(Expression.java:4)
	at asg06.Expression.&lt;init&gt;(Expression.java:4)
	at asg06.Expression.&lt;init&gt;(Expression.java:4)
	at asg06.Expression.&lt;init&gt;(Expression.java:4)
	at asg06.Expression.&lt;init&gt;(Expression.java:4)
	at asg06.Expression.&lt;init&gt;(Expression.java:4)
	at asg06.Expression.&lt;init&gt;(Expression.java:4)
	at asg06.Expression.&lt;init&gt;(Expression.java:4)
	at asg06.Expression.&lt;init&gt;(Expression.java:4)
	at asg06.Expression.&lt;init&gt;(Expression.java:4)
	at asg06.Expression.&lt;init&gt;(Expression.java:4)
	at asg06.Expression.&lt;init&gt;(Expression.java:4)
	at asg06.Expression.&lt;init&gt;(Expression.java:4)
	at asg06.Expression.&lt;init&gt;(Expression.java:4)
	at asg06.Expression.&lt;init&gt;(Expression.java:4)
	at asg06.Expression.&lt;init&gt;(Expression.java:4)
	at asg06.Expression.&lt;init&gt;(Expression.java:4)
	at asg06.Expression.&lt;init&gt;(Expression.java:4)
	at asg06.Expression.&lt;init&gt;(Expression.java:4)
	at asg06.Expression.&lt;init&gt;(Expression.java:4)
	at asg06.Expression.&lt;init&gt;(Expression.java:4)
	at asg06.Expression.&lt;init&gt;(Expression.java:4)
	at asg06.Expression.&lt;init&gt;(Expression.java:4)
	at asg06.Expression.&lt;init&gt;(Expression.java:4)
	at asg06.Expression.&lt;init&gt;(Expression.java:4)
	at asg06.Expression.&lt;init&gt;(Expression.java:4)
	at asg06.Expression.&lt;init&gt;(Expression.java:4)
	at asg06.Expression.&lt;init&gt;(Expression.java:4)
	at asg06.Expression.&lt;init&gt;(Expression.java:4)
	at asg06.Expression.&lt;init&gt;(Expression.java:4)
	at asg06.Expression.&lt;init&gt;(Expression.java:4)
	at asg06.Expression.&lt;init&gt;(Expression.java:4)
	at asg06.Expression.&lt;init&gt;(Expression.java:4)
	at asg06.Expression.&lt;init&gt;(Expression.java:4)
	at asg06.Expression.&lt;init&gt;(Expression.java:4)
	at asg06.Expression.&lt;init&gt;(Expression.java:4)
	at asg06.Expression.&lt;init&gt;(Expression.java:4)
	at asg06.Expression.&lt;init&gt;(Expression.java:4)
	at asg06.Expression.&lt;init&gt;(Expression.java:4)
	at asg06.Expression.&lt;init&gt;(Expression.java:4)
	at asg06.Expression.&lt;init&gt;(Expression.java:4)
	at asg06.Expression.&lt;init&gt;(Expression.java:4)
	at asg06.Expression.&lt;init&gt;(Expression.java:4)
	at asg06.Expression.&lt;init&gt;(Expression.java:4)
	at asg06.Expression.&lt;init&gt;(Expression.java:4)
	at asg06.Expression.&lt;init&gt;(Expression.java:4)
	at asg06.Expression.&lt;init&gt;(Expression.java:4)
	at asg06.Expression.&lt;init&gt;(Expression.java:4)
	at asg06.Expression.&lt;init&gt;(Expression.java:4)
	at asg06.Expression.&lt;init&gt;(Expression.java:4)
	at asg06.Expression.&lt;init&gt;(Expression.java:4)
	at asg06.Expression.&lt;init&gt;(Expression.java:4)
	at asg06.Expression.&lt;init&gt;(Expression.java:4)
	at asg06.Expression.&lt;init&gt;(Expression.java:4)
	at asg06.Expression.&lt;init&gt;(Expression.java:4)
	at asg06.Expression.&lt;init&gt;(Expression.java:4)
	at asg06.Expression.&lt;init&gt;(Expression.java:4)
	at asg06.Expression.&lt;init&gt;(Expression.java:4)
	at asg06.Expression.&lt;init&gt;(Expression.java:4)
	at asg06.Expression.&lt;init&gt;(Expression.java:4)
	at asg06.Expression.&lt;init&gt;(Expression.java:4)
	at asg06.Expression.&lt;init&gt;(Expression.java:4)
	at asg06.Expression.&lt;init&gt;(Expression.java:4)
	at asg06.Expression.&lt;init&gt;(Expression.java:4)
	at asg06.Expression.&lt;init&gt;(Expression.java:4)
	at asg06.Expression.&lt;init&gt;(Expression.java:4)
	at asg06.Expression.&lt;init&gt;(Expression.java:4)
	at asg06.Expression.&lt;init&gt;(Expression.java:4)
	at asg06.Expression.&lt;init&gt;(Expression.java:4)
	at asg06.Expression.&lt;init&gt;(Expression.java:4)
	at asg06.Expression.&lt;init&gt;(Expression.java:4)
	at asg06.Expression.&lt;init&gt;(Expression.java:4)
	at asg06.Expression.&lt;init&gt;(Expression.java:4)
	at asg06.Expression.&lt;init&gt;(Expression.java:4)
	at asg06.Expression.&lt;init&gt;(Expression.java:4)
	at asg06.Expression.&lt;init&gt;(Expression.java:4)
	at asg06.Expression.&lt;init&gt;(Expression.java:4)
	at asg06.Expression.&lt;init&gt;(Expression.java:4)
	at asg06.Expression.&lt;init&gt;(Expression.java:4)
	at asg06.Expression.&lt;init&gt;(Expression.java:4)
	at asg06.Expression.&lt;init&gt;(Expression.java:4)
	at asg06.Expression.&lt;init&gt;(Expression.java:4)
	at asg06.Expression.&lt;init&gt;(Expression.java:4)
	at asg06.Expression.&lt;init&gt;(Expression.java:4)
	at asg06.Expression.&lt;init&gt;(Expression.java:4)
	at asg06.Expression.&lt;init&gt;(Expression.java:4)
	at asg06.Expression.&lt;init&gt;(Expression.java:4)
	at asg06.Expression.&lt;init&gt;(Expression.java:4)
	at asg06.Expression.&lt;init&gt;(Expression.java:4)
	at asg06.Expression.&lt;init&gt;(Expression.java:4)
	at asg06.Expression.&lt;init&gt;(Expression.java:4)
	at asg06.Expression.&lt;init&gt;(Expression.java:4)
	at asg06.Expression.&lt;init&gt;(Expression.java:4)
	at asg06.Expression.&lt;init&gt;(Expression.java:4)
	at asg06.Expression.&lt;init&gt;(Expression.java:4)
	at asg06.Expression.&lt;init&gt;(Expression.java:4)
	at asg06.Expression.&lt;init&gt;(Expression.java:4)
	at asg06.Expression.&lt;init&gt;(Expression.java:4)
	at asg06.Expression.&lt;init&gt;(Expression.java:4)
	at asg06.Expression.&lt;init&gt;(Expression.java:4)
	at asg06.Expression.&lt;init&gt;(Expression.java:4)
	at asg06.Expression.&lt;init&gt;(Expression.java:4)
	at asg06.Expression.&lt;init&gt;(Expression.java:4)
	at asg06.Expression.&lt;init&gt;(Expression.java:4)
	at asg06.Expression.&lt;init&gt;(Expression.java:4)
	at asg06.Expression.&lt;init&gt;(Expression.java:4)
	at asg06.Expression.&lt;init&gt;(Expression.java:4)
	at asg06.Expression.&lt;init&gt;(Expression.java:4)
	at asg06.Expression.&lt;init&gt;(Expression.java:4)
	at asg06.Expression.&lt;init&gt;(Expression.java:4)
	at asg06.Expression.&lt;init&gt;(Expression.java:4)
	at asg06.Expression.&lt;init&gt;(Expression.java:4)
	at asg06.Expression.&lt;init&gt;(Expression.java:4)
	at asg06.Expression.&lt;init&gt;(Expression.java:4)
	at asg06.Expression.&lt;init&gt;(Expression.java:4)
	at asg06.Expression.&lt;init&gt;(Expression.java:4)
	at asg06.Expression.&lt;init&gt;(Expression.java:4)
	at asg06.Expression.&lt;init&gt;(Expression.java:4)
	at asg06.Expression.&lt;init&gt;(Expression.java:4)
	at asg06.Expression.&lt;init&gt;(Expression.java:4)
	at asg06.Expression.&lt;init&gt;(Expression.java:4)
	at asg06.Expression.&lt;init&gt;(Expression.java:4)
	at asg06.Expression.&lt;init&gt;(Expression.java:4)
	at asg06.Expression.&lt;init&gt;(Expression.java:4)
	at asg06.Expression.&lt;init&gt;(Expression.java:4)
	at asg06.Expression.&lt;init&gt;(Expression.java:4)
	at asg06.Expression.&lt;init&gt;(Expression.java:4)
	at asg06.Expression.&lt;init&gt;(Expression.java:4)
	at asg06.Expression.&lt;init&gt;(Expression.java:4)
	at asg06.Expression.&lt;init&gt;(Expression.java:4)
	at asg06.Expression.&lt;init&gt;(Expression.java:4)
	at asg06.Expression.&lt;init&gt;(Expression.java:4)
	at asg06.Expression.&lt;init&gt;(Expression.java:4)
	at asg06.Expression.&lt;init&gt;(Expression.java:4)
	at asg06.Expression.&lt;init&gt;(Expression.java:4)
	at asg06.Expression.&lt;init&gt;(Expression.java:4)
	at asg06.Expression.&lt;init&gt;(Expression.java:4)
	at asg06.Expression.&lt;init&gt;(Expression.java:4)
	at asg06.Expression.&lt;init&gt;(Expression.java:4)
	at asg06.Expression.&lt;init&gt;(Expression.java:4)
	at asg06.Expression.&lt;init&gt;(Expression.java:4)
	at asg06.Expression.&lt;init&gt;(Expression.java:4)
	at asg06.Expression.&lt;init&gt;(Expression.java:4)
	at asg06.Expression.&lt;init&gt;(Expression.java:4)
	at asg06.Expression.&lt;init&gt;(Expression.java:4)
	at asg06.Expression.&lt;init&gt;(Expression.java:4)
	at asg06.Expression.&lt;init&gt;(Expression.java:4)
	at asg06.Expression.&lt;init&gt;(Expression.java:4)
	at asg06.Expression.&lt;init&gt;(Expression.java:4)
	at asg06.Expression.&lt;init&gt;(Expression.java:4)
	at asg06.Expression.&lt;init&gt;(Expression.java:4)
	at asg06.Expression.&lt;init&gt;(Expression.java:4)
	at asg06.Expression.&lt;init&gt;(Expression.java:4)
	at asg06.Expression.&lt;init&gt;(Expression.java:4)
	at asg06.Expression.&lt;init&gt;(Expression.java:4)
	at asg06.Expression.&lt;init&gt;(Expression.java:4)
	at asg06.Expression.&lt;init&gt;(Expression.java:4)
	at asg06.Expression.&lt;init&gt;(Expression.java:4)
	at asg06.Expression.&lt;init&gt;(Expression.java:4)
	at asg06.Expression.&lt;init&gt;(Expression.java:4)
	at asg06.Expression.&lt;init&gt;(Expression.java:4)
	at asg06.Expression.&lt;init&gt;(Expression.java:4)
	at asg06.Expression.&lt;init&gt;(Expression.java:4)
	at asg06.Expression.&lt;init&gt;(Expression.java:4)
	at asg06.Expression.&lt;init&gt;(Expression.java:4)
	at asg06.Expression.&lt;init&gt;(Expression.java:4)
	at asg06.Expression.&lt;init&gt;(Expression.java:4)
	at asg06.Expression.&lt;init&gt;(Expression.java:4)
	at asg06.Expression.&lt;init&gt;(Expression.java:4)
	at asg06.Expression.&lt;init&gt;(Expression.java:4)
	at asg06.Expression.&lt;init&gt;(Expression.java:4)
	at asg06.Expression.&lt;init&gt;(Expression.java:4)
	at asg06.Expression.&lt;init&gt;(Expression.java:4)
	at asg06.Expression.&lt;init&gt;(Expression.java:4)
	at asg06.Expression.&lt;init&gt;(Expression.java:4)
	at asg06.Expression.&lt;init&gt;(Expression.java:4)
	at asg06.Expression.&lt;init&gt;(Expression.java:4)
	at asg06.Expression.&lt;init&gt;(Expression.java:4)
	at asg06.Expression.&lt;init&gt;(Expression.java:4)
	at asg06.Expression.&lt;init&gt;(Expression.java:4)
	at asg06.Expression.&lt;init&gt;(Expression.java:4)
	at asg06.Expression.&lt;init&gt;(Expression.java:4)
	at asg06.Expression.&lt;init&gt;(Expression.java:4)
	at asg06.Expression.&lt;init&gt;(Expression.java:4)
	at asg06.Expression.&lt;init&gt;(Expression.java:4)
	at asg06.Expression.&lt;init&gt;(Expression.java:4)
	at asg06.Expression.&lt;init&gt;(Expression.java:4)
	at asg06.Expression.&lt;init&gt;(Expression.java:4)
	at asg06.Expression.&lt;init&gt;(Expression.java:4)
	at asg06.Expression.&lt;init&gt;(Expression.java:4)
	at asg06.Expression.&lt;init&gt;(Expression.java:4)
	at asg06.Expression.&lt;init&gt;(Expression.java:4)
	at asg06.Expression.&lt;init&gt;(Expression.java:4)
	at asg06.Expression.&lt;init&gt;(Expression.java:4)
	at asg06.Expression.&lt;init&gt;(Expression.java:4)
	at asg06.Expression.&lt;init&gt;(Expression.java:4)
	at asg06.Expression.&lt;init&gt;(Expression.java:4)
	at asg06.Expression.&lt;init&gt;(Expression.java:4)
	at asg06.Expression.&lt;init&gt;(Expression.java:4)
	at asg06.Expression.&lt;init&gt;(Expression.java:4)
	at asg06.Expression.&lt;init&gt;(Expression.java:4)
	at asg06.Expression.&lt;init&gt;(Expression.java:4)
	at asg06.Expression.&lt;init&gt;(Expression.java:4)
	at asg06.Expression.&lt;init&gt;(Expression.java:4)
	at asg06.Expression.&lt;init&gt;(Expression.java:4)
	at asg06.Expression.&lt;init&gt;(Expression.java:4)
	at asg06.Expression.&lt;init&gt;(Expression.java:4)
	at asg06.Expression.&lt;init&gt;(Expression.java:4)
	at asg06.Expression.&lt;init&gt;(Expression.java:4)
	at asg06.Expression.&lt;init&gt;(Expression.java:4)
	at asg06.Expression.&lt;init&gt;(Expression.java:4)
	at asg06.Expression.&lt;init&gt;(Expression.java:4)
	at asg06.Expression.&lt;init&gt;(Expression.java:4)
	at asg06.Expression.&lt;init&gt;(Expression.java:4)
	at asg06.Expression.&lt;init&gt;(Expression.java:4)
	at asg06.Expression.&lt;init&gt;(Expression.java:4)
	at asg06.Expression.&lt;init&gt;(Expression.java:4)
	at asg06.Expression.&lt;init&gt;(Expression.java:4)
	at asg06.Expression.&lt;init&gt;(Expression.java:4)
	at asg06.Expression.&lt;init&gt;(Expression.java:4)
	at asg06.Expression.&lt;init&gt;(Expression.java:4)
	at asg06.Expression.&lt;init&gt;(Expression.java:4)
	at asg06.Expression.&lt;init&gt;(Expression.java:4)
	at asg06.Expression.&lt;init&gt;(Expression.java:4)
	at asg06.Expression.&lt;init&gt;(Expression.java:4)
	at asg06.Expression.&lt;init&gt;(Expression.java:4)
	at asg06.Expression.&lt;init&gt;(Expression.java:4)
	at asg06.Expression.&lt;init&gt;(Expression.java:4)
	at asg06.Expression.&lt;init&gt;(Expression.java:4)
	at asg06.Expression.&lt;init&gt;(Expression.java:4)
	at asg06.Expression.&lt;init&gt;(Expression.java:4)
	at asg06.Expression.&lt;init&gt;(Expression.java:4)
	at asg06.Expression.&lt;init&gt;(Expression.java:4)
	at asg06.Expression.&lt;init&gt;(Expression.java:4)
	at asg06.Expression.&lt;init&gt;(Expression.java:4)
	at asg06.Expression.&lt;init&gt;(Expression.java:4)
	at asg06.Expression.&lt;init&gt;(Expression.java:4)
	at asg06.Expression.&lt;init&gt;(Expression.java:4)
	at asg06.Expression.&lt;init&gt;(Expression.java:4)
	at asg06.Expression.&lt;init&gt;(Expression.java:4)
	at asg06.Expression.&lt;init&gt;(Expression.java:4)
	at asg06.Expression.&lt;init&gt;(Expression.java:4)
	at asg06.Expression.&lt;init&gt;(Expression.java:4)
	at asg06.Expression.&lt;init&gt;(Expression.java:4)
	at asg06.Expression.&lt;init&gt;(Expression.java:4)
	at asg06.Expression.&lt;init&gt;(Expression.java:4)
	at asg06.Expression.&lt;init&gt;(Expression.java:4)
	at asg06.Expression.&lt;init&gt;(Expression.java:4)
	at asg06.Expression.&lt;init&gt;(Expression.java:4)
	at asg06.Expression.&lt;init&gt;(Expression.java:4)
	at asg06.Expression.&lt;init&gt;(Expression.java:4)
	at asg06.Expression.&lt;init&gt;(Expression.java:4)
	at asg06.Expression.&lt;init&gt;(Expression.java:4)
	at asg06.Expression.&lt;init&gt;(Expression.java:4)
	at asg06.Expression.&lt;init&gt;(Expression.java:4)
	at asg06.Expression.&lt;init&gt;(Expression.java:4)
	at asg06.Expression.&lt;init&gt;(Expression.java:4)
	at asg06.Expression.&lt;init&gt;(Expression.java:4)
	at asg06.Expression.&lt;init&gt;(Expression.java:4)
	at asg06.Expression.&lt;init&gt;(Expression.java:4)
	at asg06.Expression.&lt;init&gt;(Expression.java:4)
	at asg06.Expression.&lt;init&gt;(Expression.java:4)
	at asg06.Expression.&lt;init&gt;(Expression.java:4)
	at asg06.Expression.&lt;init&gt;(Expression.java:4)
	at asg06.Expression.&lt;init&gt;(Expression.java:4)
	at asg06.Expression.&lt;init&gt;(Expression.java:4)
	at asg06.Expression.&lt;init&gt;(Expression.java:4)
	at asg06.Expression.&lt;init&gt;(Expression.java:4)
	at asg06.Expression.&lt;init&gt;(Expression.java:4)
	at asg06.Expression.&lt;init&gt;(Expression.java:4)
	at asg06.Expression.&lt;init&gt;(Expression.java:4)
	at asg06.Expression.&lt;init&gt;(Expression.java:4)
	at asg06.Expression.&lt;init&gt;(Expression.java:4)
	at asg06.Expression.&lt;init&gt;(Expression.java:4)
	at asg06.Expression.&lt;init&gt;(Expression.java:4)
	at asg06.Expression.&lt;init&gt;(Expression.java:4)
	at asg06.Expression.&lt;init&gt;(Expression.java:4)
	at asg06.Expression.&lt;init&gt;(Expression.java:4)
	at asg06.Expression.&lt;init&gt;(Expression.java:4)
	at asg06.Expression.&lt;init&gt;(Expression.java:4)
	at asg06.Expression.&lt;init&gt;(Expression.java:4)
	at asg06.Expression.&lt;init&gt;(Expression.java:4)
	at asg06.Expression.&lt;init&gt;(Expression.java:4)
	at asg06.Expression.&lt;init&gt;(Expression.java:4)
	at asg06.Expression.&lt;init&gt;(Expression.java:4)
	at asg06.Expression.&lt;init&gt;(Expression.java:4)
	at asg06.Expression.&lt;init&gt;(Expression.java:4)
	at asg06.Expression.&lt;init&gt;(Expression.java:4)
	at asg06.Expression.&lt;init&gt;(Expression.java:4)
	at asg06.Expression.&lt;init&gt;(Expression.java:4)
	at asg06.Expression.&lt;init&gt;(Expression.java:4)
	at asg06.Expression.&lt;init&gt;(Expression.java:4)
	at asg06.Expression.&lt;init&gt;(Expression.java:4)
	at asg06.Expression.&lt;init&gt;(Expression.java:4)
	at asg06.Expression.&lt;init&gt;(Expression.java:4)
	at asg06.Expression.&lt;init&gt;(Expression.java:4)
	at asg06.Expression.&lt;init&gt;(Expression.java:4)
	at asg06.Expression.&lt;init&gt;(Expression.java:4)
	at asg06.Expression.&lt;init&gt;(Expression.java:4)
	at asg06.Expression.&lt;init&gt;(Expression.java:4)
	at asg06.Expression.&lt;init&gt;(Expression.java:4)
	at asg06.Expression.&lt;init&gt;(Expression.java:4)
	at asg06.Expression.&lt;init&gt;(Expression.java:4)
	at asg06.Expression.&lt;init&gt;(Expression.java:4)
	at asg06.Expression.&lt;init&gt;(Expression.java:4)
	at asg06.Expression.&lt;init&gt;(Expression.java:4)
	at asg06.Expression.&lt;init&gt;(Expression.java:4)
	at asg06.Expression.&lt;init&gt;(Expression.java:4)
	at asg06.Expression.&lt;init&gt;(Expression.java:4)
	at asg06.Expression.&lt;init&gt;(Expression.java:4)
	at asg06.Expression.&lt;init&gt;(Expression.java:4)
	at asg06.Expression.&lt;init&gt;(Expression.java:4)
	at asg06.Expression.&lt;init&gt;(Expression.java:4)
	at asg06.Expression.&lt;init&gt;(Expression.java:4)
	at asg06.Expression.&lt;init&gt;(Expression.java:4)
	at asg06.Expression.&lt;init&gt;(Expression.java:4)
	at asg06.Expression.&lt;init&gt;(Expression.java:4)
	at asg06.Expression.&lt;init&gt;(Expression.java:4)
	at asg06.Expression.&lt;init&gt;(Expression.java:4)
	at asg06.Expression.&lt;init&gt;(Expression.java:4)
	at asg06.Expression.&lt;init&gt;(Expression.java:4)
	at asg06.Expression.&lt;init&gt;(Expression.java:4)
	at asg06.Expression.&lt;init&gt;(Expression.java:4)
	at asg06.Expression.&lt;init&gt;(Expression.java:4)
	at asg06.Expression.&lt;init&gt;(Expression.java:4)
	at asg06.Expression.&lt;init&gt;(Expression.java:4)
	at asg06.Expression.&lt;init&gt;(Expression.java:4)
	at asg06.Expression.&lt;init&gt;(Expression.java:4)
	at asg06.Expression.&lt;init&gt;(Expression.java:4)
	at asg06.Expression.&lt;init&gt;(Expression.java:4)
	at asg06.Expression.&lt;init&gt;(Expression.java:4)
	at asg06.Expression.&lt;init&gt;(Expression.java:4)
	at asg06.Expression.&lt;init&gt;(Expression.java:4)
	at asg06.Expression.&lt;init&gt;(Expression.java:4)
	at asg06.Expression.&lt;init&gt;(Expression.java:4)
	at asg06.Expression.&lt;init&gt;(Expression.java:4)
	at asg06.Expression.&lt;init&gt;(Expression.java:4)
	at asg06.Expression.&lt;init&gt;(Expression.java:4)
	at asg06.Expression.&lt;init&gt;(Expression.java:4)
	at asg06.Expression.&lt;init&gt;(Expression.java:4)
	at asg06.Expression.&lt;init&gt;(Expression.java:4)
	at asg06.Expression.&lt;init&gt;(Expression.java:4)
	at asg06.Expression.&lt;init&gt;(Expression.java:4)
	at asg06.Expression.&lt;init&gt;(Expression.java:4)
	at asg06.Expression.&lt;init&gt;(Expression.java:4)
	at asg06.Expression.&lt;init&gt;(Expression.java:4)
	at asg06.Expression.&lt;init&gt;(Expression.java:4)
	at asg06.Expression.&lt;init&gt;(Expression.java:4)
	at asg06.Expression.&lt;init&gt;(Expression.java:4)
	at asg06.Expression.&lt;init&gt;(Expression.java:4)
	at asg06.Expression.&lt;init&gt;(Expression.java:4)
	at asg06.Expression.&lt;init&gt;(Expression.java:4)
	at asg06.Expression.&lt;init&gt;(Expression.java:4)
	at asg06.Expression.&lt;init&gt;(Expression.java:4)
	at asg06.Expression.&lt;init&gt;(Expression.java:4)
	at asg06.Expression.&lt;init&gt;(Expression.java:4)
	at asg06.Expression.&lt;init&gt;(Expression.java:4)
	at asg06.Expression.&lt;init&gt;(Expression.java:4)
	at asg06.Expression.&lt;init&gt;(Expression.java:4)
	at asg06.Expression.&lt;init&gt;(Expression.java:4)
	at asg06.Expression.&lt;init&gt;(Expression.java:4)
	at asg06.Expression.&lt;init&gt;(Expression.java:4)
	at asg06.Expression.&lt;init&gt;(Expression.java:4)
	at asg06.Expression.&lt;init&gt;(Expression.java:4)
	at asg06.Expression.&lt;init&gt;(Expression.java:4)
	at asg06.Expression.&lt;init&gt;(Expression.java:4)
	at asg06.Expression.&lt;init&gt;(Expression.java:4)
	at asg06.Expression.&lt;init&gt;(Expression.java:4)
	at asg06.Expression.&lt;init&gt;(Expression.java:4)
	at asg06.Expression.&lt;init&gt;(Expression.java:4)
	at asg06.Expression.&lt;init&gt;(Expression.java:4)
	at asg06.Expression.&lt;init&gt;(Expression.java:4)
	at asg06.Expression.&lt;init&gt;(Expression.java:4)
	at asg06.Expression.&lt;init&gt;(Expression.java:4)
	at asg06.Expression.&lt;init&gt;(Expression.java:4)
	at asg06.Expression.&lt;init&gt;(Expression.java:4)
	at asg06.Expression.&lt;init&gt;(Expression.java:4)
	at asg06.Expression.&lt;init&gt;(Expression.java:4)
	at asg06.Expression.&lt;init&gt;(Expression.java:4)
	at asg06.Expression.&lt;init&gt;(Expression.java:4)
	at asg06.Expression.&lt;init&gt;(Expression.java:4)
	at asg06.Expression.&lt;init&gt;(Expression.java:4)
	at asg06.Expression.&lt;init&gt;(Expression.java:4)
	at asg06.Expression.&lt;init&gt;(Expression.java:4)
	at asg06.Expression.&lt;init&gt;(Expression.java:4)
	at asg06.Expression.&lt;init&gt;(Expression.java:4)
	at asg06.Expression.&lt;init&gt;(Expression.java:4)
	at asg06.Expression.&lt;init&gt;(Expression.java:4)
	at asg06.Expression.&lt;init&gt;(Expression.java:4)
	at asg06.Expression.&lt;init&gt;(Expression.java:4)
	at asg06.Expression.&lt;init&gt;(Expression.java:4)
	at asg06.Expression.&lt;init&gt;(Expression.java:4)
	at asg06.Expression.&lt;init&gt;(Expression.java:4)
	at asg06.Expression.&lt;init&gt;(Expression.java:4)
	at asg06.Expression.&lt;init&gt;(Expression.java:4)
	at asg06.Expression.&lt;init&gt;(Expression.java:4)
	at asg06.Expression.&lt;init&gt;(Expression.java:4)
	at asg06.Expression.&lt;init&gt;(Expression.java:4)
	at asg06.Expression.&lt;init&gt;(Expression.java:4)
	at asg06.Expression.&lt;init&gt;(Expression.java:4)
	at asg06.Expression.&lt;init&gt;(Expression.java:4)
	at asg06.Expression.&lt;init&gt;(Expression.java:4)
	at asg06.Expression.&lt;init&gt;(Expression.java:4)
	at asg06.Expression.&lt;init&gt;(Expression.java:4)
	at asg06.Expression.&lt;init&gt;(Expression.java:4)
	at asg06.Expression.&lt;init&gt;(Expression.java:4)
	at asg06.Expression.&lt;init&gt;(Expression.java:4)
	at asg06.Expression.&lt;init&gt;(Expression.java:4)
	at asg06.Expression.&lt;init&gt;(Expression.java:4)
	at asg06.Expression.&lt;init&gt;(Expression.java:4)
	at asg06.Expression.&lt;init&gt;(Expression.java:4)
	at asg06.Expression.&lt;init&gt;(Expression.java:4)
	at asg06.Expression.&lt;init&gt;(Expression.java:4)
	at asg06.Expression.&lt;init&gt;(Expression.java:4)
	at asg06.Expression.&lt;init&gt;(Expression.java:4)
	at asg06.Expression.&lt;init&gt;(Expression.java:4)
	at asg06.Expression.&lt;init&gt;(Expression.java:4)
	at asg06.Expression.&lt;init&gt;(Expression.java:4)
	at asg06.Expression.&lt;init&gt;(Expression.java:4)
	at asg06.Expression.&lt;init&gt;(Expression.java:4)
	at asg06.Expression.&lt;init&gt;(Expression.java:4)
	at asg06.Expression.&lt;init&gt;(Expression.java:4)
	at asg06.Expression.&lt;init&gt;(Expression.java:4)
	at asg06.Expression.&lt;init&gt;(Expression.java:4)
	at asg06.Expression.&lt;init&gt;(Expression.java:4)
	at asg06.Expression.&lt;init&gt;(Expression.java:4)
	at asg06.Expression.&lt;init&gt;(Expression.java:4)
	at asg06.Expression.&lt;init&gt;(Expression.java:4)
	at asg06.Expression.&lt;init&gt;(Expression.java:4)
	at asg06.Expression.&lt;init&gt;(Expression.java:4)
	at asg06.Expression.&lt;init&gt;(Expression.java:4)
	at asg06.Expression.&lt;init&gt;(Expression.java:4)
	at asg06.Expression.&lt;init&gt;(Expression.java:4)
	at asg06.Expression.&lt;init&gt;(Expression.java:4)
	at asg06.Expression.&lt;init&gt;(Expression.java:4)
	at asg06.Expression.&lt;init&gt;(Expression.java:4)
	at asg06.Expression.&lt;init&gt;(Expression.java:4)
	at asg06.Expression.&lt;init&gt;(Expression.java:4)
	at asg06.Expression.&lt;init&gt;(Expression.java:4)
	at asg06.Expression.&lt;init&gt;(Expression.java:4)
	at asg06.Expression.&lt;init&gt;(Expression.java:4)
	at asg06.Expression.&lt;init&gt;(Expression.java:4)
	at asg06.Expression.&lt;init&gt;(Expression.java:4)
	at asg06.Expression.&lt;init&gt;(Expression.java:4)
	at asg06.Expression.&lt;init&gt;(Expression.java:4)
	at asg06.Expression.&lt;init&gt;(Expression.java:4)
	at asg06.Expression.&lt;init&gt;(Expression.java:4)
	at asg06.Expression.&lt;init&gt;(Expression.java:4)
	at asg06.Expression.&lt;init&gt;(Expression.java:4)
	at asg06.Expression.&lt;init&gt;(Expression.java:4)
	at asg06.Expression.&lt;init&gt;(Expression.java:4)
	at asg06.Expression.&lt;init&gt;(Expression.java:4)
	at asg06.Expression.&lt;init&gt;(Expression.java:4)
	at asg06.Expression.&lt;init&gt;(Expression.java:4)
	at asg06.Expression.&lt;init&gt;(Expression.java:4)
	at asg06.Expression.&lt;init&gt;(Expression.java:4)
	at asg06.Expression.&lt;init&gt;(Expression.java:4)
	at asg06.Expression.&lt;init&gt;(Expression.java:4)
	at asg06.Expression.&lt;init&gt;(Expression.java:4)
	at asg06.Expression.&lt;init&gt;(Expression.java:4)
	at asg06.Expression.&lt;init&gt;(Expression.java:4)
	at asg06.Expression.&lt;init&gt;(Expression.java:4)
	at asg06.Expression.&lt;init&gt;(Expression.java:4)
	at asg06.Expression.&lt;init&gt;(Expression.java:4)
	at asg06.Expression.&lt;init&gt;(Expression.java:4)
	at asg06.Expression.&lt;init&gt;(Expression.java:4)
	at asg06.Expression.&lt;init&gt;(Expression.java:4)
	at asg06.Expression.&lt;init&gt;(Expression.java:4)
	at asg06.Expression.&lt;init&gt;(Expression.java:4)
	at asg06.Expression.&lt;init&gt;(Expression.java:4)
	at asg06.Expression.&lt;init&gt;(Expression.java:4)
	at asg06.Expression.&lt;init&gt;(Expression.java:4)
	at asg06.Expression.&lt;init&gt;(Expression.java:4)
	at asg06.Expression.&lt;init&gt;(Expression.java:4)
	at asg06.Expression.&lt;init&gt;(Expression.java:4)
	at asg06.Expression.&lt;init&gt;(Expression.java:4)
	at asg06.Expression.&lt;init&gt;(Expression.java:4)
	at asg06.Expression.&lt;init&gt;(Expression.java:4)
	at asg06.Expression.&lt;init&gt;(Expression.java:4)
	at asg06.Expression.&lt;init&gt;(Expression.java:4)
	at asg06.Expression.&lt;init&gt;(Expression.java:4)
	at asg06.Expression.&lt;init&gt;(Expression.java:4)
	at asg06.Expression.&lt;init&gt;(Expression.java:4)
	at asg06.Expression.&lt;init&gt;(Expression.java:4)
	at asg06.Expression.&lt;init&gt;(Expression.java:4)
	at asg06.Expression.&lt;init&gt;(Expression.java:4)
	at asg06.Expression.&lt;init&gt;(Expression.java:4)
	at asg06.Expression.&lt;init&gt;(Expression.java:4)
	at asg06.Expression.&lt;init&gt;(Expression.java:4)
	at asg06.Expression.&lt;init&gt;(Expression.java:4)
	at asg06.Expression.&lt;init&gt;(Expression.java:4)
	at asg06.Expression.&lt;init&gt;(Expression.java:4)
	at asg06.Expression.&lt;init&gt;(Expression.java:4)
	at asg06.Expression.&lt;init&gt;(Expression.java:4)
	at asg06.Expression.&lt;init&gt;(Expression.java:4)
	at asg06.Expression.&lt;init&gt;(Expression.java:4)
	at asg06.Expression.&lt;init&gt;(Expression.java:4)
	at asg06.Expression.&lt;init&gt;(Expression.java:4)
	at asg06.Expression.&lt;init&gt;(Expression.java:4)
	at asg06.Expression.&lt;init&gt;(Expression.java:4)
	at asg06.Expression.&lt;init&gt;(Expression.java:4)
	at asg06.Expression.&lt;init&gt;(Expression.java:4)
	at asg06.Expression.&lt;init&gt;(Expression.java:4)
	at asg06.Expression.&lt;init&gt;(Expression.java:4)
	at asg06.Expression.&lt;init&gt;(Expression.java:4)
	at asg06.Expression.&lt;init&gt;(Expression.java:4)
	at asg06.Expression.&lt;init&gt;(Expression.java:4)
	at asg06.Expression.&lt;init&gt;(Expression.java:4)
	at asg06.Expression.&lt;init&gt;(Expression.java:4)
	at asg06.Expression.&lt;init&gt;(Expression.java:4)
	at asg06.Expression.&lt;init&gt;(Expression.java:4)
	at asg06.Expression.&lt;init&gt;(Expression.java:4)
	at asg06.Expression.&lt;init&gt;(Expression.java:4)
	at asg06.Expression.&lt;init&gt;(Expression.java:4)
	at asg06.Expression.&lt;init&gt;(Expression.java:4)
	at asg06.Expression.&lt;init&gt;(Expression.java:4)
	at asg06.Expression.&lt;init&gt;(Expression.java:4)
	at asg06.Expression.&lt;init&gt;(Expression.java:4)
	at asg06.Expression.&lt;init&gt;(Expression.java:4)
	at asg06.Expression.&lt;init&gt;(Expression.java:4)
	at asg06.Expression.&lt;init&gt;(Expression.java:4)
	at asg06.Expression.&lt;init&gt;(Expression.java:4)
	at asg06.Expression.&lt;init&gt;(Expression.java:4)
	at asg06.Expression.&lt;init&gt;(Expression.java:4)
	at asg06.Expression.&lt;init&gt;(Expression.java:4)
	at asg06.Expression.&lt;init&gt;(Expression.java:4)
	at asg06.Expression.&lt;init&gt;(Expression.java:4)
	at asg06.Expression.&lt;init&gt;(Expression.java:4)
	at asg06.Expression.&lt;init&gt;(Expression.java:4)
	at asg06.Expression.&lt;init&gt;(Expression.java:4)
	at asg06.Expression.&lt;init&gt;(Expression.java:4)
	at asg06.Expression.&lt;init&gt;(Expression.java:4)
	at asg06.Expression.&lt;init&gt;(Expression.java:4)
	at asg06.Expression.&lt;init&gt;(Expression.java:4)
	at asg06.Expression.&lt;init&gt;(Expression.java:4)
	at asg06.Expression.&lt;init&gt;(Expression.java:4)
	at asg06.Expression.&lt;init&gt;(Expression.java:4)
	at asg06.Expression.&lt;init&gt;(Expression.java:4)
	at asg06.Expression.&lt;init&gt;(Expression.java:4)
	at asg06.Expression.&lt;init&gt;(Expression.java:4)
	at asg06.Expression.&lt;init&gt;(Expression.java:4)
	at asg06.Expression.&lt;init&gt;(Expression.java:4)
	at asg06.Expression.&lt;init&gt;(Expression.java:4)
	at asg06.Expression.&lt;init&gt;(Expression.java:4)
	at asg06.Expression.&lt;init&gt;(Expression.java:4)
	at asg06.Expression.&lt;init&gt;(Expression.java:4)
	at asg06.Expression.&lt;init&gt;(Expression.java:4)
	at asg06.Expression.&lt;init&gt;(Expression.java:4)
	at asg06.Expression.&lt;init&gt;(Expression.java:4)
	at asg06.Expression.&lt;init&gt;(Expression.java:4)
	at asg06.Expression.&lt;init&gt;(Expression.java:4)
	at asg06.Expression.&lt;init&gt;(Expression.java:4)
	at asg06.Expression.&lt;init&gt;(Expression.java:4)
	at asg06.Expression.&lt;init&gt;(Expression.java:4)
	at asg06.Expression.&lt;init&gt;(Expression.java:4)
	at asg06.Expression.&lt;init&gt;(Expression.java:4)
	at asg06.Expression.&lt;init&gt;(Expression.java:4)
	at asg06.Expression.&lt;init&gt;(Expression.java:4)
	at asg06.Expression.&lt;init&gt;(Expression.java:4)
	at asg06.Expression.&lt;init&gt;(Expression.java:4)
	at asg06.Expression.&lt;init&gt;(Expression.java:4)
	at asg06.Expression.&lt;init&gt;(Expression.java:4)
	at asg06.Expression.&lt;init&gt;(Expression.java:4)
	at asg06.Expression.&lt;init&gt;(Expression.java:4)
	at asg06.Expression.&lt;init&gt;(Expression.java:4)
	at asg06.Expression.&lt;init&gt;(Expression.java:4)
	at asg06.Expression.&lt;init&gt;(Expression.java:4)
	at asg06.Expression.&lt;init&gt;(Expression.java:4)
	at asg06.Expression.&lt;init&gt;(Expression.java:4)
	at asg06.Expression.&lt;init&gt;(Expression.java:4)
	at asg06.Expression.&lt;init&gt;(Expression.java:4)
	at asg06.Expression.&lt;init&gt;(Expression.java:4)
	at asg06.Expression.&lt;init&gt;(Expression.java:4)
	at asg06.Expression.&lt;init&gt;(Expression.java:4)
	at asg06.Expression.&lt;init&gt;(Expression.java:4)
	at asg06.Expression.&lt;init&gt;(Expression.java:4)
	at asg06.Expression.&lt;init&gt;(Expression.java:4)
	at asg06.Expression.&lt;init&gt;(Expression.java:4)
	at asg06.Expression.&lt;init&gt;(Expression.java:4)
	at asg06.Expression.&lt;init&gt;(Expression.java:4)
	at asg06.Expression.&lt;init&gt;(Expression.java:4)
	at asg06.Expression.&lt;init&gt;(Expression.java:4)
	at asg06.Expression.&lt;init&gt;(Expression.java:4)
	at asg06.Expression.&lt;init&gt;(Expression.java:4)
	at asg06.Expression.&lt;init&gt;(Expression.java:4)
	at asg06.Expression.&lt;init&gt;(Expression.java:4)
	at asg06.Expression.&lt;init&gt;(Expression.java:4)
	at asg06.Expression.&lt;init&gt;(Expression.java:4)
	at asg06.Expression.&lt;init&gt;(Expression.java:4)
	at asg06.Expression.&lt;init&gt;(Expression.java:4)
	at asg06.Expression.&lt;init&gt;(Expression.java:4)
	at asg06.Expression.&lt;init&gt;(Expression.java:4)
	at asg06.Expression.&lt;init&gt;(Expression.java:4)
	at asg06.Expression.&lt;init&gt;(Expression.java:4)
	at asg06.Expression.&lt;init&gt;(Expression.java:4)
	at asg06.Expression.&lt;init&gt;(Expression.java:4)
	at asg06.Expression.&lt;init&gt;(Expression.java:4)
	at asg06.Expression.&lt;init&gt;(Expression.java:4)
	at asg06.Expression.&lt;init&gt;(Expression.java:4)
	at asg06.Expression.&lt;init&gt;(Expression.java:4)
	at asg06.Expression.&lt;init&gt;(Expression.java:4)
	at asg06.Expression.&lt;init&gt;(Expression.java:4)
	at asg06.Expression.&lt;init&gt;(Expression.java:4)
	at asg06.Expression.&lt;init&gt;(Expression.java:4)
	at asg06.Expression.&lt;init&gt;(Expression.java:4)
	at asg06.Expression.&lt;init&gt;(Expression.java:4)
	at asg06.Expression.&lt;init&gt;(Expression.java:4)
	at asg06.Expression.&lt;init&gt;(Expression.java:4)
	at asg06.Expression.&lt;init&gt;(Expression.java:4)
	at asg06.Expression.&lt;init&gt;(Expression.java:4)
	at asg06.Expression.&lt;init&gt;(Expression.java:4)
	at asg06.Expression.&lt;init&gt;(Expression.java:4)
	at asg06.Expression.&lt;init&gt;(Expression.java:4)
	at asg06.Expression.&lt;init&gt;(Expression.java:4)
	at asg06.Expression.&lt;init&gt;(Expression.java:4)
	at asg06.Expression.&lt;init&gt;(Expression.java:4)
	at asg06.Expression.&lt;init&gt;(Expression.java:4)
	at asg06.Expression.&lt;init&gt;(Expression.java:4)
	at asg06.Expression.&lt;init&gt;(Expression.java:4)
	at asg06.Expression.&lt;init&gt;(Expression.java:4)
	at asg06.Expression.&lt;init&gt;(Expression.java:4)
	at asg06.Expression.&lt;init&gt;(Expression.java:4)
	at asg06.Expression.&lt;init&gt;(Expression.java:4)
	at asg06.Expression.&lt;init&gt;(Expression.java:4)
	at asg06.Expression.&lt;init&gt;(Expression.java:4)
	at asg06.Expression.&lt;init&gt;(Expression.java:4)
	at asg06.Expression.&lt;init&gt;(Expression.java:4)
	at asg06.Expression.&lt;init&gt;(Expression.java:4)
	at asg06.Expression.&lt;init&gt;(Expression.java:4)
	at asg06.Expression.&lt;init&gt;(Expression.java:4)
	at asg06.Expression.&lt;init&gt;(Expression.java:4)
	at asg06.Expression.&lt;init&gt;(Expression.java:4)
	at asg06.Expression.&lt;init&gt;(Expression.java:4)
	at asg06.Expression.&lt;init&gt;(Expression.java:4)
	at asg06.Expression.&lt;init&gt;(Expression.java:4)
	at asg06.Expression.&lt;init&gt;(Expression.java:4)
	at asg06.Expression.&lt;init&gt;(Expression.java:4)
	at asg06.Expression.&lt;init&gt;(Expression.java:4)
	at asg06.Expression.&lt;init&gt;(Expression.java:4)
	at asg06.Expression.&lt;init&gt;(Expression.java:4)
	at asg06.Expression.&lt;init&gt;(Expression.java:4)
	at asg06.Expression.&lt;init&gt;(Expression.java:4)
	at asg06.Expression.&lt;init&gt;(Expression.java:4)
	at asg06.Expression.&lt;init&gt;(Expression.java:4)
	at asg06.Expression.&lt;init&gt;(Expression.java:4)
	at asg06.Expression.&lt;init&gt;(Expression.java:4)
	at asg06.Expression.&lt;init&gt;(Expression.java:4)
	at asg06.Expression.&lt;init&gt;(Expression.java:4)
	at asg06.Expression.&lt;init&gt;(Expression.java:4)
	at asg06.Expression.&lt;init&gt;(Expression.java:4)
	at asg06.Expression.&lt;init&gt;(Expression.java:4)
	at asg06.Expression.&lt;init&gt;(Expression.java:4)
	at asg06.Expression.&lt;init&gt;(Expression.java:4)
	at asg06.Expression.&lt;init&gt;(Expression.java:4)
	at asg06.Expression.&lt;init&gt;(Expression.java:4)
	at asg06.Expression.&lt;init&gt;(Expression.java:4)
	at asg06.Expression.&lt;init&gt;(Expression.java:4)
	at asg06.Expression.&lt;init&gt;(Expression.java:4)
	at asg06.Expression.&lt;init&gt;(Expression.java:4)
	at asg06.Expression.&lt;init&gt;(Expression.java:4)
	at asg06.Expression.&lt;init&gt;(Expression.java:4)
	at asg06.Expression.&lt;init&gt;(Expression.java:4)
	at asg06.Expression.&lt;init&gt;(Expression.java:4)
	at asg06.Expression.&lt;init&gt;(Expression.java:4)
	at asg06.Expression.&lt;init&gt;(Expression.java:4)
	at asg06.Expression.&lt;init&gt;(Expression.java:4)
	at asg06.Expression.&lt;init&gt;(Expression.java:4)
	at asg06.Expression.&lt;init&gt;(Expression.java:4)
	at asg06.Expression.&lt;init&gt;(Expression.java:4)
	at asg06.Expression.&lt;init&gt;(Expression.java:4)
	at asg06.Expression.&lt;init&gt;(Expression.java:4)
	at asg06.Expression.&lt;init&gt;(Expression.java:4)
	at asg06.Expression.&lt;init&gt;(Expression.java:4)
	at asg06.Expression.&lt;init&gt;(Expression.java:4)
</error>
  </testcase>
  <testcase classname="asg06.TestExpression" name="testAdditionWithParenthesesToString" time="0.031">
    <error type="java.lang.StackOverflowError">java.lang.StackOverflowError
	at asg06.Expression.&lt;init&gt;(Expression.java:4)
	at asg06.Expression.&lt;init&gt;(Expression.java:4)
	at asg06.Expression.&lt;init&gt;(Expression.java:4)
	at asg06.Expression.&lt;init&gt;(Expression.java:4)
	at asg06.Expression.&lt;init&gt;(Expression.java:4)
	at asg06.Expression.&lt;init&gt;(Expression.java:4)
	at asg06.Expression.&lt;init&gt;(Expression.java:4)
	at asg06.Expression.&lt;init&gt;(Expression.java:4)
	at asg06.Expression.&lt;init&gt;(Expression.java:4)
	at asg06.Expression.&lt;init&gt;(Expression.java:4)
	at asg06.Expression.&lt;init&gt;(Expression.java:4)
	at asg06.Expression.&lt;init&gt;(Expression.java:4)
	at asg06.Expression.&lt;init&gt;(Expression.java:4)
	at asg06.Expression.&lt;init&gt;(Expression.java:4)
	at asg06.Expression.&lt;init&gt;(Expression.java:4)
	at asg06.Expression.&lt;init&gt;(Expression.java:4)
	at asg06.Expression.&lt;init&gt;(Expression.java:4)
	at asg06.Expression.&lt;init&gt;(Expression.java:4)
	at asg06.Expression.&lt;init&gt;(Expression.java:4)
	at asg06.Expression.&lt;init&gt;(Expression.java:4)
	at asg06.Expression.&lt;init&gt;(Expression.java:4)
	at asg06.Expression.&lt;init&gt;(Expression.java:4)
	at asg06.Expression.&lt;init&gt;(Expression.java:4)
	at asg06.Expression.&lt;init&gt;(Expression.java:4)
	at asg06.Expression.&lt;init&gt;(Expression.java:4)
	at asg06.Expression.&lt;init&gt;(Expression.java:4)
	at asg06.Expression.&lt;init&gt;(Expression.java:4)
	at asg06.Expression.&lt;init&gt;(Expression.java:4)
	at asg06.Expression.&lt;init&gt;(Expression.java:4)
	at asg06.Expression.&lt;init&gt;(Expression.java:4)
	at asg06.Expression.&lt;init&gt;(Expression.java:4)
	at asg06.Expression.&lt;init&gt;(Expression.java:4)
	at asg06.Expression.&lt;init&gt;(Expression.java:4)
	at asg06.Expression.&lt;init&gt;(Expression.java:4)
	at asg06.Expression.&lt;init&gt;(Expression.java:4)
	at asg06.Expression.&lt;init&gt;(Expression.java:4)
	at asg06.Expression.&lt;init&gt;(Expression.java:4)
	at asg06.Expression.&lt;init&gt;(Expression.java:4)
	at asg06.Expression.&lt;init&gt;(Expression.java:4)
	at asg06.Expression.&lt;init&gt;(Expression.java:4)
	at asg06.Expression.&lt;init&gt;(Expression.java:4)
	at asg06.Expression.&lt;init&gt;(Expression.java:4)
	at asg06.Expression.&lt;init&gt;(Expression.java:4)
	at asg06.Expression.&lt;init&gt;(Expression.java:4)
	at asg06.Expression.&lt;init&gt;(Expression.java:4)
	at asg06.Expression.&lt;init&gt;(Expression.java:4)
	at asg06.Expression.&lt;init&gt;(Expression.java:4)
	at asg06.Expression.&lt;init&gt;(Expression.java:4)
	at asg06.Expression.&lt;init&gt;(Expression.java:4)
	at asg06.Expression.&lt;init&gt;(Expression.java:4)
	at asg06.Expression.&lt;init&gt;(Expression.java:4)
	at asg06.Expression.&lt;init&gt;(Expression.java:4)
	at asg06.Expression.&lt;init&gt;(Expression.java:4)
	at asg06.Expression.&lt;init&gt;(Expression.java:4)
	at asg06.Expression.&lt;init&gt;(Expression.java:4)
	at asg06.Expression.&lt;init&gt;(Expression.java:4)
	at asg06.Expression.&lt;init&gt;(Expression.java:4)
	at asg06.Expression.&lt;init&gt;(Expression.java:4)
	at asg06.Expression.&lt;init&gt;(Expression.java:4)
	at asg06.Expression.&lt;init&gt;(Expression.java:4)
	at asg06.Expression.&lt;init&gt;(Expression.java:4)
	at asg06.Expression.&lt;init&gt;(Expression.java:4)
	at asg06.Expression.&lt;init&gt;(Expression.java:4)
	at asg06.Expression.&lt;init&gt;(Expression.java:4)
	at asg06.Expression.&lt;init&gt;(Expression.java:4)
	at asg06.Expression.&lt;init&gt;(Expression.java:4)
	at asg06.Expression.&lt;init&gt;(Expression.java:4)
	at asg06.Expression.&lt;init&gt;(Expression.java:4)
	at asg06.Expression.&lt;init&gt;(Expression.java:4)
	at asg06.Expression.&lt;init&gt;(Expression.java:4)
	at asg06.Expression.&lt;init&gt;(Expression.java:4)
	at asg06.Expression.&lt;init&gt;(Expression.java:4)
	at asg06.Expression.&lt;init&gt;(Expression.java:4)
	at asg06.Expression.&lt;init&gt;(Expression.java:4)
	at asg06.Expression.&lt;init&gt;(Expression.java:4)
	at asg06.Expression.&lt;init&gt;(Expression.java:4)
	at asg06.Expression.&lt;init&gt;(Expression.java:4)
	at asg06.Expression.&lt;init&gt;(Expression.java:4)
	at asg06.Expression.&lt;init&gt;(Expression.java:4)
	at asg06.Expression.&lt;init&gt;(Expression.java:4)
	at asg06.Expression.&lt;init&gt;(Expression.java:4)
	at asg06.Expression.&lt;init&gt;(Expression.java:4)
	at asg06.Expression.&lt;init&gt;(Expression.java:4)
	at asg06.Expression.&lt;init&gt;(Expression.java:4)
	at asg06.Expression.&lt;init&gt;(Expression.java:4)
	at asg06.Expression.&lt;init&gt;(Expression.java:4)
	at asg06.Expression.&lt;init&gt;(Expression.java:4)
	at asg06.Expression.&lt;init&gt;(Expression.java:4)
	at asg06.Expression.&lt;init&gt;(Expression.java:4)
	at asg06.Expression.&lt;init&gt;(Expression.java:4)
	at asg06.Expression.&lt;init&gt;(Expression.java:4)
	at asg06.Expression.&lt;init&gt;(Expression.java:4)
	at asg06.Expression.&lt;init&gt;(Expression.java:4)
	at asg06.Expression.&lt;init&gt;(Expression.java:4)
	at asg06.Expression.&lt;init&gt;(Expression.java:4)
	at asg06.Expression.&lt;init&gt;(Expression.java:4)
	at asg06.Expression.&lt;init&gt;(Expression.java:4)
	at asg06.Expression.&lt;init&gt;(Expression.java:4)
	at asg06.Expression.&lt;init&gt;(Expression.java:4)
	at asg06.Expression.&lt;init&gt;(Expression.java:4)
	at asg06.Expression.&lt;init&gt;(Expression.java:4)
	at asg06.Expression.&lt;init&gt;(Expression.java:4)
	at asg06.Expression.&lt;init&gt;(Expression.java:4)
	at asg06.Expression.&lt;init&gt;(Expression.java:4)
	at asg06.Expression.&lt;init&gt;(Expression.java:4)
	at asg06.Expression.&lt;init&gt;(Expression.java:4)
	at asg06.Expression.&lt;init&gt;(Expression.java:4)
	at asg06.Expression.&lt;init&gt;(Expression.java:4)
	at asg06.Expression.&lt;init&gt;(Expression.java:4)
	at asg06.Expression.&lt;init&gt;(Expression.java:4)
	at asg06.Expression.&lt;init&gt;(Expression.java:4)
	at asg06.Expression.&lt;init&gt;(Expression.java:4)
	at asg06.Expression.&lt;init&gt;(Expression.java:4)
	at asg06.Expression.&lt;init&gt;(Expression.java:4)
	at asg06.Expression.&lt;init&gt;(Expression.java:4)
	at asg06.Expression.&lt;init&gt;(Expression.java:4)
	at asg06.Expression.&lt;init&gt;(Expression.java:4)
	at asg06.Expression.&lt;init&gt;(Expression.java:4)
	at asg06.Expression.&lt;init&gt;(Expression.java:4)
	at asg06.Expression.&lt;init&gt;(Expression.java:4)
	at asg06.Expression.&lt;init&gt;(Expression.java:4)
	at asg06.Expression.&lt;init&gt;(Expression.java:4)
	at asg06.Expression.&lt;init&gt;(Expression.java:4)
	at asg06.Expression.&lt;init&gt;(Expression.java:4)
	at asg06.Expression.&lt;init&gt;(Expression.java:4)
	at asg06.Expression.&lt;init&gt;(Expression.java:4)
	at asg06.Expression.&lt;init&gt;(Expression.java:4)
	at asg06.Expression.&lt;init&gt;(Expression.java:4)
	at asg06.Expression.&lt;init&gt;(Expression.java:4)
	at asg06.Expression.&lt;init&gt;(Expression.java:4)
	at asg06.Expression.&lt;init&gt;(Expression.java:4)
	at asg06.Expression.&lt;init&gt;(Expression.java:4)
	at asg06.Expression.&lt;init&gt;(Expression.java:4)
	at asg06.Expression.&lt;init&gt;(Expression.java:4)
	at asg06.Expression.&lt;init&gt;(Expression.java:4)
	at asg06.Expression.&lt;init&gt;(Expression.java:4)
	at asg06.Expression.&lt;init&gt;(Expression.java:4)
	at asg06.Expression.&lt;init&gt;(Expression.java:4)
	at asg06.Expression.&lt;init&gt;(Expression.java:4)
	at asg06.Expression.&lt;init&gt;(Expression.java:4)
	at asg06.Expression.&lt;init&gt;(Expression.java:4)
	at asg06.Expression.&lt;init&gt;(Expression.java:4)
	at asg06.Expression.&lt;init&gt;(Expression.java:4)
	at asg06.Expression.&lt;init&gt;(Expression.java:4)
	at asg06.Expression.&lt;init&gt;(Expression.java:4)
	at asg06.Expression.&lt;init&gt;(Expression.java:4)
	at asg06.Expression.&lt;init&gt;(Expression.java:4)
	at asg06.Expression.&lt;init&gt;(Expression.java:4)
	at asg06.Expression.&lt;init&gt;(Expression.java:4)
	at asg06.Expression.&lt;init&gt;(Expression.java:4)
	at asg06.Expression.&lt;init&gt;(Expression.java:4)
	at asg06.Expression.&lt;init&gt;(Expression.java:4)
	at asg06.Expression.&lt;init&gt;(Expression.java:4)
	at asg06.Expression.&lt;init&gt;(Expression.java:4)
	at asg06.Expression.&lt;init&gt;(Expression.java:4)
	at asg06.Expression.&lt;init&gt;(Expression.java:4)
	at asg06.Expression.&lt;init&gt;(Expression.java:4)
	at asg06.Expression.&lt;init&gt;(Expression.java:4)
	at asg06.Expression.&lt;init&gt;(Expression.java:4)
	at asg06.Expression.&lt;init&gt;(Expression.java:4)
	at asg06.Expression.&lt;init&gt;(Expression.java:4)
	at asg06.Expression.&lt;init&gt;(Expression.java:4)
	at asg06.Expression.&lt;init&gt;(Expression.java:4)
	at asg06.Expression.&lt;init&gt;(Expression.java:4)
	at asg06.Expression.&lt;init&gt;(Expression.java:4)
	at asg06.Expression.&lt;init&gt;(Expression.java:4)
	at asg06.Expression.&lt;init&gt;(Expression.java:4)
	at asg06.Expression.&lt;init&gt;(Expression.java:4)
	at asg06.Expression.&lt;init&gt;(Expression.java:4)
	at asg06.Expression.&lt;init&gt;(Expression.java:4)
	at asg06.Expression.&lt;init&gt;(Expression.java:4)
	at asg06.Expression.&lt;init&gt;(Expression.java:4)
	at asg06.Expression.&lt;init&gt;(Expression.java:4)
	at asg06.Expression.&lt;init&gt;(Expression.java:4)
	at asg06.Expression.&lt;init&gt;(Expression.java:4)
	at asg06.Expression.&lt;init&gt;(Expression.java:4)
	at asg06.Expression.&lt;init&gt;(Expression.java:4)
	at asg06.Expression.&lt;init&gt;(Expression.java:4)
	at asg06.Expression.&lt;init&gt;(Expression.java:4)
	at asg06.Expression.&lt;init&gt;(Expression.java:4)
	at asg06.Expression.&lt;init&gt;(Expression.java:4)
	at asg06.Expression.&lt;init&gt;(Expression.java:4)
	at asg06.Expression.&lt;init&gt;(Expression.java:4)
	at asg06.Expression.&lt;init&gt;(Expression.java:4)
	at asg06.Expression.&lt;init&gt;(Expression.java:4)
	at asg06.Expression.&lt;init&gt;(Expression.java:4)
	at asg06.Expression.&lt;init&gt;(Expression.java:4)
	at asg06.Expression.&lt;init&gt;(Expression.java:4)
	at asg06.Expression.&lt;init&gt;(Expression.java:4)
	at asg06.Expression.&lt;init&gt;(Expression.java:4)
	at asg06.Expression.&lt;init&gt;(Expression.java:4)
	at asg06.Expression.&lt;init&gt;(Expression.java:4)
	at asg06.Expression.&lt;init&gt;(Expression.java:4)
	at asg06.Expression.&lt;init&gt;(Expression.java:4)
	at asg06.Expression.&lt;init&gt;(Expression.java:4)
	at asg06.Expression.&lt;init&gt;(Expression.java:4)
	at asg06.Expression.&lt;init&gt;(Expression.java:4)
	at asg06.Expression.&lt;init&gt;(Expression.java:4)
	at asg06.Expression.&lt;init&gt;(Expression.java:4)
	at asg06.Expression.&lt;init&gt;(Expression.java:4)
	at asg06.Expression.&lt;init&gt;(Expression.java:4)
	at asg06.Expression.&lt;init&gt;(Expression.java:4)
	at asg06.Expression.&lt;init&gt;(Expression.java:4)
	at asg06.Expression.&lt;init&gt;(Expression.java:4)
	at asg06.Expression.&lt;init&gt;(Expression.java:4)
	at asg06.Expression.&lt;init&gt;(Expression.java:4)
	at asg06.Expression.&lt;init&gt;(Expression.java:4)
	at asg06.Expression.&lt;init&gt;(Expression.java:4)
	at asg06.Expression.&lt;init&gt;(Expression.java:4)
	at asg06.Expression.&lt;init&gt;(Expression.java:4)
	at asg06.Expression.&lt;init&gt;(Expression.java:4)
	at asg06.Expression.&lt;init&gt;(Expression.java:4)
	at asg06.Expression.&lt;init&gt;(Expression.java:4)
	at asg06.Expression.&lt;init&gt;(Expression.java:4)
	at asg06.Expression.&lt;init&gt;(Expression.java:4)
	at asg06.Expression.&lt;init&gt;(Expression.java:4)
	at asg06.Expression.&lt;init&gt;(Expression.java:4)
	at asg06.Expression.&lt;init&gt;(Expression.java:4)
	at asg06.Expression.&lt;init&gt;(Expression.java:4)
	at asg06.Expression.&lt;init&gt;(Expression.java:4)
	at asg06.Expression.&lt;init&gt;(Expression.java:4)
	at asg06.Expression.&lt;init&gt;(Expression.java:4)
	at asg06.Expression.&lt;init&gt;(Expression.java:4)
	at asg06.Expression.&lt;init&gt;(Expression.java:4)
	at asg06.Expression.&lt;init&gt;(Expression.java:4)
	at asg06.Expression.&lt;init&gt;(Expression.java:4)
	at asg06.Expression.&lt;init&gt;(Expression.java:4)
	at asg06.Expression.&lt;init&gt;(Expression.java:4)
	at asg06.Expression.&lt;init&gt;(Expression.java:4)
	at asg06.Expression.&lt;init&gt;(Expression.java:4)
	at asg06.Expression.&lt;init&gt;(Expression.java:4)
	at asg06.Expression.&lt;init&gt;(Expression.java:4)
	at asg06.Expression.&lt;init&gt;(Expression.java:4)
	at asg06.Expression.&lt;init&gt;(Expression.java:4)
	at asg06.Expression.&lt;init&gt;(Expression.java:4)
	at asg06.Expression.&lt;init&gt;(Expression.java:4)
	at asg06.Expression.&lt;init&gt;(Expression.java:4)
	at asg06.Expression.&lt;init&gt;(Expression.java:4)
	at asg06.Expression.&lt;init&gt;(Expression.java:4)
	at asg06.Expression.&lt;init&gt;(Expression.java:4)
	at asg06.Expression.&lt;init&gt;(Expression.java:4)
	at asg06.Expression.&lt;init&gt;(Expression.java:4)
	at asg06.Expression.&lt;init&gt;(Expression.java:4)
	at asg06.Expression.&lt;init&gt;(Expression.java:4)
	at asg06.Expression.&lt;init&gt;(Expression.java:4)
	at asg06.Expression.&lt;init&gt;(Expression.java:4)
	at asg06.Expression.&lt;init&gt;(Expression.java:4)
	at asg06.Expression.&lt;init&gt;(Expression.java:4)
	at asg06.Expression.&lt;init&gt;(Expression.java:4)
	at asg06.Expression.&lt;init&gt;(Expression.java:4)
	at asg06.Expression.&lt;init&gt;(Expression.java:4)
	at asg06.Expression.&lt;init&gt;(Expression.java:4)
	at asg06.Expression.&lt;init&gt;(Expression.java:4)
	at asg06.Expression.&lt;init&gt;(Expression.java:4)
	at asg06.Expression.&lt;init&gt;(Expression.java:4)
	at asg06.Expression.&lt;init&gt;(Expression.java:4)
	at asg06.Expression.&lt;init&gt;(Expression.java:4)
	at asg06.Expression.&lt;init&gt;(Expression.java:4)
	at asg06.Expression.&lt;init&gt;(Expression.java:4)
	at asg06.Expression.&lt;init&gt;(Expression.java:4)
	at asg06.Expression.&lt;init&gt;(Expression.java:4)
	at asg06.Expression.&lt;init&gt;(Expression.java:4)
	at asg06.Expression.&lt;init&gt;(Expression.java:4)
	at asg06.Expression.&lt;init&gt;(Expression.java:4)
	at asg06.Expression.&lt;init&gt;(Expression.java:4)
	at asg06.Expression.&lt;init&gt;(Expression.java:4)
	at asg06.Expression.&lt;init&gt;(Expression.java:4)
	at asg06.Expression.&lt;init&gt;(Expression.java:4)
	at asg06.Expression.&lt;init&gt;(Expression.java:4)
	at asg06.Expression.&lt;init&gt;(Expression.java:4)
	at asg06.Expression.&lt;init&gt;(Expression.java:4)
	at asg06.Expression.&lt;init&gt;(Expression.java:4)
	at asg06.Expression.&lt;init&gt;(Expression.java:4)
	at asg06.Expression.&lt;init&gt;(Expression.java:4)
	at asg06.Expression.&lt;init&gt;(Expression.java:4)
	at asg06.Expression.&lt;init&gt;(Expression.java:4)
	at asg06.Expression.&lt;init&gt;(Expression.java:4)
	at asg06.Expression.&lt;init&gt;(Expression.java:4)
	at asg06.Expression.&lt;init&gt;(Expression.java:4)
	at asg06.Expression.&lt;init&gt;(Expression.java:4)
	at asg06.Expression.&lt;init&gt;(Expression.java:4)
	at asg06.Expression.&lt;init&gt;(Expression.java:4)
	at asg06.Expression.&lt;init&gt;(Expression.java:4)
	at asg06.Expression.&lt;init&gt;(Expression.java:4)
	at asg06.Expression.&lt;init&gt;(Expression.java:4)
	at asg06.Expression.&lt;init&gt;(Expression.java:4)
	at asg06.Expression.&lt;init&gt;(Expression.java:4)
	at asg06.Expression.&lt;init&gt;(Expression.java:4)
	at asg06.Expression.&lt;init&gt;(Expression.java:4)
	at asg06.Expression.&lt;init&gt;(Expression.java:4)
	at asg06.Expression.&lt;init&gt;(Expression.java:4)
	at asg06.Expression.&lt;init&gt;(Expression.java:4)
	at asg06.Expression.&lt;init&gt;(Expression.java:4)
	at asg06.Expression.&lt;init&gt;(Expression.java:4)
	at asg06.Expression.&lt;init&gt;(Expression.java:4)
	at asg06.Expression.&lt;init&gt;(Expression.java:4)
	at asg06.Expression.&lt;init&gt;(Expression.java:4)
	at asg06.Expression.&lt;init&gt;(Expression.java:4)
	at asg06.Expression.&lt;init&gt;(Expression.java:4)
	at asg06.Expression.&lt;init&gt;(Expression.java:4)
	at asg06.Expression.&lt;init&gt;(Expression.java:4)
	at asg06.Expression.&lt;init&gt;(Expression.java:4)
	at asg06.Expression.&lt;init&gt;(Expression.java:4)
	at asg06.Expression.&lt;init&gt;(Expression.java:4)
	at asg06.Expression.&lt;init&gt;(Expression.java:4)
	at asg06.Expression.&lt;init&gt;(Expression.java:4)
	at asg06.Expression.&lt;init&gt;(Expression.java:4)
	at asg06.Expression.&lt;init&gt;(Expression.java:4)
	at asg06.Expression.&lt;init&gt;(Expression.java:4)
	at asg06.Expression.&lt;init&gt;(Expression.java:4)
	at asg06.Expression.&lt;init&gt;(Expression.java:4)
	at asg06.Expression.&lt;init&gt;(Expression.java:4)
	at asg06.Expression.&lt;init&gt;(Expression.java:4)
	at asg06.Expression.&lt;init&gt;(Expression.java:4)
	at asg06.Expression.&lt;init&gt;(Expression.java:4)
	at asg06.Expression.&lt;init&gt;(Expression.java:4)
	at asg06.Expression.&lt;init&gt;(Expression.java:4)
	at asg06.Expression.&lt;init&gt;(Expression.java:4)
	at asg06.Expression.&lt;init&gt;(Expression.java:4)
	at asg06.Expression.&lt;init&gt;(Expression.java:4)
	at asg06.Expression.&lt;init&gt;(Expression.java:4)
	at asg06.Expression.&lt;init&gt;(Expression.java:4)
	at asg06.Expression.&lt;init&gt;(Expression.java:4)
	at asg06.Expression.&lt;init&gt;(Expression.java:4)
	at asg06.Expression.&lt;init&gt;(Expression.java:4)
	at asg06.Expression.&lt;init&gt;(Expression.java:4)
	at asg06.Expression.&lt;init&gt;(Expression.java:4)
	at asg06.Expression.&lt;init&gt;(Expression.java:4)
	at asg06.Expression.&lt;init&gt;(Expression.java:4)
	at asg06.Expression.&lt;init&gt;(Expression.java:4)
	at asg06.Expression.&lt;init&gt;(Expression.java:4)
	at asg06.Expression.&lt;init&gt;(Expression.java:4)
	at asg06.Expression.&lt;init&gt;(Expression.java:4)
	at asg06.Expression.&lt;init&gt;(Expression.java:4)
	at asg06.Expression.&lt;init&gt;(Expression.java:4)
	at asg06.Expression.&lt;init&gt;(Expression.java:4)
	at asg06.Expression.&lt;init&gt;(Expression.java:4)
	at asg06.Expression.&lt;init&gt;(Expression.java:4)
	at asg06.Expression.&lt;init&gt;(Expression.java:4)
	at asg06.Expression.&lt;init&gt;(Expression.java:4)
	at asg06.Expression.&lt;init&gt;(Expression.java:4)
	at asg06.Expression.&lt;init&gt;(Expression.java:4)
	at asg06.Expression.&lt;init&gt;(Expression.java:4)
	at asg06.Expression.&lt;init&gt;(Expression.java:4)
	at asg06.Expression.&lt;init&gt;(Expression.java:4)
	at asg06.Expression.&lt;init&gt;(Expression.java:4)
	at asg06.Expression.&lt;init&gt;(Expression.java:4)
	at asg06.Expression.&lt;init&gt;(Expression.java:4)
	at asg06.Expression.&lt;init&gt;(Expression.java:4)
	at asg06.Expression.&lt;init&gt;(Expression.java:4)
	at asg06.Expression.&lt;init&gt;(Expression.java:4)
	at asg06.Expression.&lt;init&gt;(Expression.java:4)
	at asg06.Expression.&lt;init&gt;(Expression.java:4)
	at asg06.Expression.&lt;init&gt;(Expression.java:4)
	at asg06.Expression.&lt;init&gt;(Expression.java:4)
	at asg06.Expression.&lt;init&gt;(Expression.java:4)
	at asg06.Expression.&lt;init&gt;(Expression.java:4)
	at asg06.Expression.&lt;init&gt;(Expression.java:4)
	at asg06.Expression.&lt;init&gt;(Expression.java:4)
	at asg06.Expression.&lt;init&gt;(Expression.java:4)
	at asg06.Expression.&lt;init&gt;(Expression.java:4)
	at asg06.Expression.&lt;init&gt;(Expression.java:4)
	at asg06.Expression.&lt;init&gt;(Expression.java:4)
	at asg06.Expression.&lt;init&gt;(Expression.java:4)
	at asg06.Expression.&lt;init&gt;(Expression.java:4)
	at asg06.Expression.&lt;init&gt;(Expression.java:4)
	at asg06.Expression.&lt;init&gt;(Expression.java:4)
	at asg06.Expression.&lt;init&gt;(Expression.java:4)
	at asg06.Expression.&lt;init&gt;(Expression.java:4)
	at asg06.Expression.&lt;init&gt;(Expression.java:4)
	at asg06.Expression.&lt;init&gt;(Expression.java:4)
	at asg06.Expression.&lt;init&gt;(Expression.java:4)
	at asg06.Expression.&lt;init&gt;(Expression.java:4)
	at asg06.Expression.&lt;init&gt;(Expression.java:4)
	at asg06.Expression.&lt;init&gt;(Expression.java:4)
	at asg06.Expression.&lt;init&gt;(Expression.java:4)
	at asg06.Expression.&lt;init&gt;(Expression.java:4)
	at asg06.Expression.&lt;init&gt;(Expression.java:4)
	at asg06.Expression.&lt;init&gt;(Expression.java:4)
	at asg06.Expression.&lt;init&gt;(Expression.java:4)
	at asg06.Expression.&lt;init&gt;(Expression.java:4)
	at asg06.Expression.&lt;init&gt;(Expression.java:4)
	at asg06.Expression.&lt;init&gt;(Expression.java:4)
	at asg06.Expression.&lt;init&gt;(Expression.java:4)
	at asg06.Expression.&lt;init&gt;(Expression.java:4)
	at asg06.Expression.&lt;init&gt;(Expression.java:4)
	at asg06.Expression.&lt;init&gt;(Expression.java:4)
	at asg06.Expression.&lt;init&gt;(Expression.java:4)
	at asg06.Expression.&lt;init&gt;(Expression.java:4)
	at asg06.Expression.&lt;init&gt;(Expression.java:4)
	at asg06.Expression.&lt;init&gt;(Expression.java:4)
	at asg06.Expression.&lt;init&gt;(Expression.java:4)
	at asg06.Expression.&lt;init&gt;(Expression.java:4)
	at asg06.Expression.&lt;init&gt;(Expression.java:4)
	at asg06.Expression.&lt;init&gt;(Expression.java:4)
	at asg06.Expression.&lt;init&gt;(Expression.java:4)
	at asg06.Expression.&lt;init&gt;(Expression.java:4)
	at asg06.Expression.&lt;init&gt;(Expression.java:4)
	at asg06.Expression.&lt;init&gt;(Expression.java:4)
	at asg06.Expression.&lt;init&gt;(Expression.java:4)
	at asg06.Expression.&lt;init&gt;(Expression.java:4)
	at asg06.Expression.&lt;init&gt;(Expression.java:4)
	at asg06.Expression.&lt;init&gt;(Expression.java:4)
	at asg06.Expression.&lt;init&gt;(Expression.java:4)
	at asg06.Expression.&lt;init&gt;(Expression.java:4)
	at asg06.Expression.&lt;init&gt;(Expression.java:4)
	at asg06.Expression.&lt;init&gt;(Expression.java:4)
	at asg06.Expression.&lt;init&gt;(Expression.java:4)
	at asg06.Expression.&lt;init&gt;(Expression.java:4)
	at asg06.Expression.&lt;init&gt;(Expression.java:4)
	at asg06.Expression.&lt;init&gt;(Expression.java:4)
	at asg06.Expression.&lt;init&gt;(Expression.java:4)
	at asg06.Expression.&lt;init&gt;(Expression.java:4)
	at asg06.Expression.&lt;init&gt;(Expression.java:4)
	at asg06.Expression.&lt;init&gt;(Expression.java:4)
	at asg06.Expression.&lt;init&gt;(Expression.java:4)
	at asg06.Expression.&lt;init&gt;(Expression.java:4)
	at asg06.Expression.&lt;init&gt;(Expression.java:4)
	at asg06.Expression.&lt;init&gt;(Expression.java:4)
	at asg06.Expression.&lt;init&gt;(Expression.java:4)
	at asg06.Expression.&lt;init&gt;(Expression.java:4)
	at asg06.Expression.&lt;init&gt;(Expression.java:4)
	at asg06.Expression.&lt;init&gt;(Expression.java:4)
	at asg06.Expression.&lt;init&gt;(Expression.java:4)
	at asg06.Expression.&lt;init&gt;(Expression.java:4)
	at asg06.Expression.&lt;init&gt;(Expression.java:4)
	at asg06.Expression.&lt;init&gt;(Expression.java:4)
	at asg06.Expression.&lt;init&gt;(Expression.java:4)
	at asg06.Expression.&lt;init&gt;(Expression.java:4)
	at asg06.Expression.&lt;init&gt;(Expression.java:4)
	at asg06.Expression.&lt;init&gt;(Expression.java:4)
	at asg06.Expression.&lt;init&gt;(Expression.java:4)
	at asg06.Expression.&lt;init&gt;(Expression.java:4)
	at asg06.Expression.&lt;init&gt;(Expression.java:4)
	at asg06.Expression.&lt;init&gt;(Expression.java:4)
	at asg06.Expression.&lt;init&gt;(Expression.java:4)
	at asg06.Expression.&lt;init&gt;(Expression.java:4)
	at asg06.Expression.&lt;init&gt;(Expression.java:4)
	at asg06.Expression.&lt;init&gt;(Expression.java:4)
	at asg06.Expression.&lt;init&gt;(Expression.java:4)
	at asg06.Expression.&lt;init&gt;(Expression.java:4)
	at asg06.Expression.&lt;init&gt;(Expression.java:4)
	at asg06.Expression.&lt;init&gt;(Expression.java:4)
	at asg06.Expression.&lt;init&gt;(Expression.java:4)
	at asg06.Expression.&lt;init&gt;(Expression.java:4)
	at asg06.Expression.&lt;init&gt;(Expression.java:4)
	at asg06.Expression.&lt;init&gt;(Expression.java:4)
	at asg06.Expression.&lt;init&gt;(Expression.java:4)
	at asg06.Expression.&lt;init&gt;(Expression.java:4)
	at asg06.Expression.&lt;init&gt;(Expression.java:4)
	at asg06.Expression.&lt;init&gt;(Expression.java:4)
	at asg06.Expression.&lt;init&gt;(Expression.java:4)
	at asg06.Expression.&lt;init&gt;(Expression.java:4)
	at asg06.Expression.&lt;init&gt;(Expression.java:4)
	at asg06.Expression.&lt;init&gt;(Expression.java:4)
	at asg06.Expression.&lt;init&gt;(Expression.java:4)
	at asg06.Expression.&lt;init&gt;(Expression.java:4)
	at asg06.Expression.&lt;init&gt;(Expression.java:4)
	at asg06.Expression.&lt;init&gt;(Expression.java:4)
	at asg06.Expression.&lt;init&gt;(Expression.java:4)
	at asg06.Expression.&lt;init&gt;(Expression.java:4)
	at asg06.Expression.&lt;init&gt;(Expression.java:4)
	at asg06.Expression.&lt;init&gt;(Expression.java:4)
	at asg06.Expression.&lt;init&gt;(Expression.java:4)
	at asg06.Expression.&lt;init&gt;(Expression.java:4)
	at asg06.Expression.&lt;init&gt;(Expression.java:4)
	at asg06.Expression.&lt;init&gt;(Expression.java:4)
	at asg06.Expression.&lt;init&gt;(Expression.java:4)
	at asg06.Expression.&lt;init&gt;(Expression.java:4)
	at asg06.Expression.&lt;init&gt;(Expression.java:4)
	at asg06.Expression.&lt;init&gt;(Expression.java:4)
	at asg06.Expression.&lt;init&gt;(Expression.java:4)
	at asg06.Expression.&lt;init&gt;(Expression.java:4)
	at asg06.Expression.&lt;init&gt;(Expression.java:4)
	at asg06.Expression.&lt;init&gt;(Expression.java:4)
	at asg06.Expression.&lt;init&gt;(Expression.java:4)
	at asg06.Expression.&lt;init&gt;(Expression.java:4)
	at asg06.Expression.&lt;init&gt;(Expression.java:4)
	at asg06.Expression.&lt;init&gt;(Expression.java:4)
	at asg06.Expression.&lt;init&gt;(Expression.java:4)
	at asg06.Expression.&lt;init&gt;(Expression.java:4)
	at asg06.Expression.&lt;init&gt;(Expression.java:4)
	at asg06.Expression.&lt;init&gt;(Expression.java:4)
	at asg06.Expression.&lt;init&gt;(Expression.java:4)
	at asg06.Expression.&lt;init&gt;(Expression.java:4)
	at asg06.Expression.&lt;init&gt;(Expression.java:4)
	at asg06.Expression.&lt;init&gt;(Expression.java:4)
	at asg06.Expression.&lt;init&gt;(Expression.java:4)
	at asg06.Expression.&lt;init&gt;(Expression.java:4)
	at asg06.Expression.&lt;init&gt;(Expression.java:4)
	at asg06.Expression.&lt;init&gt;(Expression.java:4)
	at asg06.Expression.&lt;init&gt;(Expression.java:4)
	at asg06.Expression.&lt;init&gt;(Expression.java:4)
	at asg06.Expression.&lt;init&gt;(Expression.java:4)
	at asg06.Expression.&lt;init&gt;(Expression.java:4)
	at asg06.Expression.&lt;init&gt;(Expression.java:4)
	at asg06.Expression.&lt;init&gt;(Expression.java:4)
	at asg06.Expression.&lt;init&gt;(Expression.java:4)
	at asg06.Expression.&lt;init&gt;(Expression.java:4)
	at asg06.Expression.&lt;init&gt;(Expression.java:4)
	at asg06.Expression.&lt;init&gt;(Expression.java:4)
	at asg06.Expression.&lt;init&gt;(Expression.java:4)
	at asg06.Expression.&lt;init&gt;(Expression.java:4)
	at asg06.Expression.&lt;init&gt;(Expression.java:4)
	at asg06.Expression.&lt;init&gt;(Expression.java:4)
	at asg06.Expression.&lt;init&gt;(Expression.java:4)
	at asg06.Expression.&lt;init&gt;(Expression.java:4)
	at asg06.Expression.&lt;init&gt;(Expression.java:4)
	at asg06.Expression.&lt;init&gt;(Expression.java:4)
	at asg06.Expression.&lt;init&gt;(Expression.java:4)
	at asg06.Expression.&lt;init&gt;(Expression.java:4)
	at asg06.Expression.&lt;init&gt;(Expression.java:4)
	at asg06.Expression.&lt;init&gt;(Expression.java:4)
	at asg06.Expression.&lt;init&gt;(Expression.java:4)
	at asg06.Expression.&lt;init&gt;(Expression.java:4)
	at asg06.Expression.&lt;init&gt;(Expression.java:4)
	at asg06.Expression.&lt;init&gt;(Expression.java:4)
	at asg06.Expression.&lt;init&gt;(Expression.java:4)
	at asg06.Expression.&lt;init&gt;(Expression.java:4)
	at asg06.Expression.&lt;init&gt;(Expression.java:4)
	at asg06.Expression.&lt;init&gt;(Expression.java:4)
	at asg06.Expression.&lt;init&gt;(Expression.java:4)
	at asg06.Expression.&lt;init&gt;(Expression.java:4)
	at asg06.Expression.&lt;init&gt;(Expression.java:4)
	at asg06.Expression.&lt;init&gt;(Expression.java:4)
	at asg06.Expression.&lt;init&gt;(Expression.java:4)
	at asg06.Expression.&lt;init&gt;(Expression.java:4)
	at asg06.Expression.&lt;init&gt;(Expression.java:4)
	at asg06.Expression.&lt;init&gt;(Expression.java:4)
	at asg06.Expression.&lt;init&gt;(Expression.java:4)
	at asg06.Expression.&lt;init&gt;(Expression.java:4)
	at asg06.Expression.&lt;init&gt;(Expression.java:4)
	at asg06.Expression.&lt;init&gt;(Expression.java:4)
	at asg06.Expression.&lt;init&gt;(Expression.java:4)
	at asg06.Expression.&lt;init&gt;(Expression.java:4)
	at asg06.Expression.&lt;init&gt;(Expression.java:4)
	at asg06.Expression.&lt;init&gt;(Expression.java:4)
	at asg06.Expression.&lt;init&gt;(Expression.java:4)
	at asg06.Expression.&lt;init&gt;(Expression.java:4)
	at asg06.Expression.&lt;init&gt;(Expression.java:4)
	at asg06.Expression.&lt;init&gt;(Expression.java:4)
	at asg06.Expression.&lt;init&gt;(Expression.java:4)
	at asg06.Expression.&lt;init&gt;(Expression.java:4)
	at asg06.Expression.&lt;init&gt;(Expression.java:4)
	at asg06.Expression.&lt;init&gt;(Expression.java:4)
	at asg06.Expression.&lt;init&gt;(Expression.java:4)
	at asg06.Expression.&lt;init&gt;(Expression.java:4)
	at asg06.Expression.&lt;init&gt;(Expression.java:4)
	at asg06.Expression.&lt;init&gt;(Expression.java:4)
	at asg06.Expression.&lt;init&gt;(Expression.java:4)
	at asg06.Expression.&lt;init&gt;(Expression.java:4)
	at asg06.Expression.&lt;init&gt;(Expression.java:4)
	at asg06.Expression.&lt;init&gt;(Expression.java:4)
	at asg06.Expression.&lt;init&gt;(Expression.java:4)
	at asg06.Expression.&lt;init&gt;(Expression.java:4)
	at asg06.Expression.&lt;init&gt;(Expression.java:4)
	at asg06.Expression.&lt;init&gt;(Expression.java:4)
	at asg06.Expression.&lt;init&gt;(Expression.java:4)
	at asg06.Expression.&lt;init&gt;(Expression.java:4)
	at asg06.Expression.&lt;init&gt;(Expression.java:4)
	at asg06.Expression.&lt;init&gt;(Expression.java:4)
	at asg06.Expression.&lt;init&gt;(Expression.java:4)
	at asg06.Expression.&lt;init&gt;(Expression.java:4)
	at asg06.Expression.&lt;init&gt;(Expression.java:4)
	at asg06.Expression.&lt;init&gt;(Expression.java:4)
	at asg06.Expression.&lt;init&gt;(Expression.java:4)
	at asg06.Expression.&lt;init&gt;(Expression.java:4)
	at asg06.Expression.&lt;init&gt;(Expression.java:4)
	at asg06.Expression.&lt;init&gt;(Expression.java:4)
	at asg06.Expression.&lt;init&gt;(Expression.java:4)
	at asg06.Expression.&lt;init&gt;(Expression.java:4)
	at asg06.Expression.&lt;init&gt;(Expression.java:4)
	at asg06.Expression.&lt;init&gt;(Expression.java:4)
	at asg06.Expression.&lt;init&gt;(Expression.java:4)
	at asg06.Expression.&lt;init&gt;(Expression.java:4)
	at asg06.Expression.&lt;init&gt;(Expression.java:4)
	at asg06.Expression.&lt;init&gt;(Expression.java:4)
	at asg06.Expression.&lt;init&gt;(Expression.java:4)
	at asg06.Expression.&lt;init&gt;(Expression.java:4)
	at asg06.Expression.&lt;init&gt;(Expression.java:4)
	at asg06.Expression.&lt;init&gt;(Expression.java:4)
	at asg06.Expression.&lt;init&gt;(Expression.java:4)
	at asg06.Expression.&lt;init&gt;(Expression.java:4)
	at asg06.Expression.&lt;init&gt;(Expression.java:4)
	at asg06.Expression.&lt;init&gt;(Expression.java:4)
	at asg06.Expression.&lt;init&gt;(Expression.java:4)
	at asg06.Expression.&lt;init&gt;(Expression.java:4)
	at asg06.Expression.&lt;init&gt;(Expression.java:4)
	at asg06.Expression.&lt;init&gt;(Expression.java:4)
	at asg06.Expression.&lt;init&gt;(Expression.java:4)
	at asg06.Expression.&lt;init&gt;(Expression.java:4)
	at asg06.Expression.&lt;init&gt;(Expression.java:4)
	at asg06.Expression.&lt;init&gt;(Expression.java:4)
	at asg06.Expression.&lt;init&gt;(Expression.java:4)
	at asg06.Expression.&lt;init&gt;(Expression.java:4)
	at asg06.Expression.&lt;init&gt;(Expression.java:4)
	at asg06.Expression.&lt;init&gt;(Expression.java:4)
	at asg06.Expression.&lt;init&gt;(Expression.java:4)
	at asg06.Expression.&lt;init&gt;(Expression.java:4)
	at asg06.Expression.&lt;init&gt;(Expression.java:4)
	at asg06.Expression.&lt;init&gt;(Expression.java:4)
	at asg06.Expression.&lt;init&gt;(Expression.java:4)
	at asg06.Expression.&lt;init&gt;(Expression.java:4)
	at asg06.Expression.&lt;init&gt;(Expression.java:4)
	at asg06.Expression.&lt;init&gt;(Expression.java:4)
	at asg06.Expression.&lt;init&gt;(Expression.java:4)
	at asg06.Expression.&lt;init&gt;(Expression.java:4)
	at asg06.Expression.&lt;init&gt;(Expression.java:4)
	at asg06.Expression.&lt;init&gt;(Expression.java:4)
	at asg06.Expression.&lt;init&gt;(Expression.java:4)
	at asg06.Expression.&lt;init&gt;(Expression.java:4)
	at asg06.Expression.&lt;init&gt;(Expression.java:4)
	at asg06.Expression.&lt;init&gt;(Expression.java:4)
	at asg06.Expression.&lt;init&gt;(Expression.java:4)
	at asg06.Expression.&lt;init&gt;(Expression.java:4)
	at asg06.Expression.&lt;init&gt;(Expression.java:4)
	at asg06.Expression.&lt;init&gt;(Expression.java:4)
	at asg06.Expression.&lt;init&gt;(Expression.java:4)
	at asg06.Expression.&lt;init&gt;(Expression.java:4)
	at asg06.Expression.&lt;init&gt;(Expression.java:4)
	at asg06.Expression.&lt;init&gt;(Expression.java:4)
	at asg06.Expression.&lt;init&gt;(Expression.java:4)
	at asg06.Expression.&lt;init&gt;(Expression.java:4)
	at asg06.Expression.&lt;init&gt;(Expression.java:4)
	at asg06.Expression.&lt;init&gt;(Expression.java:4)
	at asg06.Expression.&lt;init&gt;(Expression.java:4)
	at asg06.Expression.&lt;init&gt;(Expression.java:4)
	at asg06.Expression.&lt;init&gt;(Expression.java:4)
	at asg06.Expression.&lt;init&gt;(Expression.java:4)
	at asg06.Expression.&lt;init&gt;(Expression.java:4)
	at asg06.Expression.&lt;init&gt;(Expression.java:4)
	at asg06.Expression.&lt;init&gt;(Expression.java:4)
	at asg06.Expression.&lt;init&gt;(Expression.java:4)
	at asg06.Expression.&lt;init&gt;(Expression.java:4)
	at asg06.Expression.&lt;init&gt;(Expression.java:4)
	at asg06.Expression.&lt;init&gt;(Expression.java:4)
	at asg06.Expression.&lt;init&gt;(Expression.java:4)
	at asg06.Expression.&lt;init&gt;(Expression.java:4)
	at asg06.Expression.&lt;init&gt;(Expression.java:4)
	at asg06.Expression.&lt;init&gt;(Expression.java:4)
	at asg06.Expression.&lt;init&gt;(Expression.java:4)
	at asg06.Expression.&lt;init&gt;(Expression.java:4)
	at asg06.Expression.&lt;init&gt;(Expression.java:4)
	at asg06.Expression.&lt;init&gt;(Expression.java:4)
	at asg06.Expression.&lt;init&gt;(Expression.java:4)
	at asg06.Expression.&lt;init&gt;(Expression.java:4)
	at asg06.Expression.&lt;init&gt;(Expression.java:4)
	at asg06.Expression.&lt;init&gt;(Expression.java:4)
	at asg06.Expression.&lt;init&gt;(Expression.java:4)
	at asg06.Expression.&lt;init&gt;(Expression.java:4)
	at asg06.Expression.&lt;init&gt;(Expression.java:4)
	at asg06.Expression.&lt;init&gt;(Expression.java:4)
	at asg06.Expression.&lt;init&gt;(Expression.java:4)
	at asg06.Expression.&lt;init&gt;(Expression.java:4)
	at asg06.Expression.&lt;init&gt;(Expression.java:4)
	at asg06.Expression.&lt;init&gt;(Expression.java:4)
	at asg06.Expression.&lt;init&gt;(Expression.java:4)
	at asg06.Expression.&lt;init&gt;(Expression.java:4)
	at asg06.Expression.&lt;init&gt;(Expression.java:4)
	at asg06.Expression.&lt;init&gt;(Expression.java:4)
	at asg06.Expression.&lt;init&gt;(Expression.java:4)
	at asg06.Expression.&lt;init&gt;(Expression.java:4)
	at asg06.Expression.&lt;init&gt;(Expression.java:4)
	at asg06.Expression.&lt;init&gt;(Expression.java:4)
	at asg06.Expression.&lt;init&gt;(Expression.java:4)
	at asg06.Expression.&lt;init&gt;(Expression.java:4)
	at asg06.Expression.&lt;init&gt;(Expression.java:4)
	at asg06.Expression.&lt;init&gt;(Expression.java:4)
	at asg06.Expression.&lt;init&gt;(Expression.java:4)
	at asg06.Expression.&lt;init&gt;(Expression.java:4)
	at asg06.Expression.&lt;init&gt;(Expression.java:4)
	at asg06.Expression.&lt;init&gt;(Expression.java:4)
	at asg06.Expression.&lt;init&gt;(Expression.java:4)
	at asg06.Expression.&lt;init&gt;(Expression.java:4)
	at asg06.Expression.&lt;init&gt;(Expression.java:4)
	at asg06.Expression.&lt;init&gt;(Expression.java:4)
	at asg06.Expression.&lt;init&gt;(Expression.java:4)
	at asg06.Expression.&lt;init&gt;(Expression.java:4)
	at asg06.Expression.&lt;init&gt;(Expression.java:4)
	at asg06.Expression.&lt;init&gt;(Expression.java:4)
	at asg06.Expression.&lt;init&gt;(Expression.java:4)
	at asg06.Expression.&lt;init&gt;(Expression.java:4)
	at asg06.Expression.&lt;init&gt;(Expression.java:4)
	at asg06.Expression.&lt;init&gt;(Expression.java:4)
	at asg06.Expression.&lt;init&gt;(Expression.java:4)
	at asg06.Expression.&lt;init&gt;(Expression.java:4)
	at asg06.Expression.&lt;init&gt;(Expression.java:4)
	at asg06.Expression.&lt;init&gt;(Expression.java:4)
	at asg06.Expression.&lt;init&gt;(Expression.java:4)
	at asg06.Expression.&lt;init&gt;(Expression.java:4)
	at asg06.Expression.&lt;init&gt;(Expression.java:4)
	at asg06.Expression.&lt;init&gt;(Expression.java:4)
	at asg06.Expression.&lt;init&gt;(Expression.java:4)
	at asg06.Expression.&lt;init&gt;(Expression.java:4)
	at asg06.Expression.&lt;init&gt;(Expression.java:4)
	at asg06.Expression.&lt;init&gt;(Expression.java:4)
	at asg06.Expression.&lt;init&gt;(Expression.java:4)
	at asg06.Expression.&lt;init&gt;(Expression.java:4)
	at asg06.Expression.&lt;init&gt;(Expression.java:4)
	at asg06.Expression.&lt;init&gt;(Expression.java:4)
	at asg06.Expression.&lt;init&gt;(Expression.java:4)
	at asg06.Expression.&lt;init&gt;(Expression.java:4)
	at asg06.Expression.&lt;init&gt;(Expression.java:4)
	at asg06.Expression.&lt;init&gt;(Expression.java:4)
	at asg06.Expression.&lt;init&gt;(Expression.java:4)
	at asg06.Expression.&lt;init&gt;(Expression.java:4)
	at asg06.Expression.&lt;init&gt;(Expression.java:4)
	at asg06.Expression.&lt;init&gt;(Expression.java:4)
	at asg06.Expression.&lt;init&gt;(Expression.java:4)
	at asg06.Expression.&lt;init&gt;(Expression.java:4)
	at asg06.Expression.&lt;init&gt;(Expression.java:4)
	at asg06.Expression.&lt;init&gt;(Expression.java:4)
	at asg06.Expression.&lt;init&gt;(Expression.java:4)
	at asg06.Expression.&lt;init&gt;(Expression.java:4)
	at asg06.Expression.&lt;init&gt;(Expression.java:4)
	at asg06.Expression.&lt;init&gt;(Expression.java:4)
	at asg06.Expression.&lt;init&gt;(Expression.java:4)
	at asg06.Expression.&lt;init&gt;(Expression.java:4)
	at asg06.Expression.&lt;init&gt;(Expression.java:4)
	at asg06.Expression.&lt;init&gt;(Expression.java:4)
	at asg06.Expression.&lt;init&gt;(Expression.java:4)
	at asg06.Expression.&lt;init&gt;(Expression.java:4)
	at asg06.Expression.&lt;init&gt;(Expression.java:4)
	at asg06.Expression.&lt;init&gt;(Expression.java:4)
	at asg06.Expression.&lt;init&gt;(Expression.java:4)
	at asg06.Expression.&lt;init&gt;(Expression.java:4)
	at asg06.Expression.&lt;init&gt;(Expression.java:4)
	at asg06.Expression.&lt;init&gt;(Expression.java:4)
	at asg06.Expression.&lt;init&gt;(Expression.java:4)
	at asg06.Expression.&lt;init&gt;(Expression.java:4)
	at asg06.Expression.&lt;init&gt;(Expression.java:4)
	at asg06.Expression.&lt;init&gt;(Expression.java:4)
	at asg06.Expression.&lt;init&gt;(Expression.java:4)
	at asg06.Expression.&lt;init&gt;(Expression.java:4)
	at asg06.Expression.&lt;init&gt;(Expression.java:4)
	at asg06.Expression.&lt;init&gt;(Expression.java:4)
	at asg06.Expression.&lt;init&gt;(Expression.java:4)
	at asg06.Expression.&lt;init&gt;(Expression.java:4)
	at asg06.Expression.&lt;init&gt;(Expression.java:4)
	at asg06.Expression.&lt;init&gt;(Expression.java:4)
	at asg06.Expression.&lt;init&gt;(Expression.java:4)
	at asg06.Expression.&lt;init&gt;(Expression.java:4)
	at asg06.Expression.&lt;init&gt;(Expression.java:4)
	at asg06.Expression.&lt;init&gt;(Expression.java:4)
	at asg06.Expression.&lt;init&gt;(Expression.java:4)
	at asg06.Expression.&lt;init&gt;(Expression.java:4)
	at asg06.Expression.&lt;init&gt;(Expression.java:4)
	at asg06.Expression.&lt;init&gt;(Expression.java:4)
	at asg06.Expression.&lt;init&gt;(Expression.java:4)
	at asg06.Expression.&lt;init&gt;(Expression.java:4)
	at asg06.Expression.&lt;init&gt;(Expression.java:4)
	at asg06.Expression.&lt;init&gt;(Expression.java:4)
	at asg06.Expression.&lt;init&gt;(Expression.java:4)
	at asg06.Expression.&lt;init&gt;(Expression.java:4)
	at asg06.Expression.&lt;init&gt;(Expression.java:4)
	at asg06.Expression.&lt;init&gt;(Expression.java:4)
	at asg06.Expression.&lt;init&gt;(Expression.java:4)
	at asg06.Expression.&lt;init&gt;(Expression.java:4)
	at asg06.Expression.&lt;init&gt;(Expression.java:4)
	at asg06.Expression.&lt;init&gt;(Expression.java:4)
	at asg06.Expression.&lt;init&gt;(Expression.java:4)
	at asg06.Expression.&lt;init&gt;(Expression.java:4)
	at asg06.Expression.&lt;init&gt;(Expression.java:4)
	at asg06.Expression.&lt;init&gt;(Expression.java:4)
	at asg06.Expression.&lt;init&gt;(Expression.java:4)
	at asg06.Expression.&lt;init&gt;(Expression.java:4)
	at asg06.Expression.&lt;init&gt;(Expression.java:4)
	at asg06.Expression.&lt;init&gt;(Expression.java:4)
	at asg06.Expression.&lt;init&gt;(Expression.java:4)
	at asg06.Expression.&lt;init&gt;(Expression.java:4)
	at asg06.Expression.&lt;init&gt;(Expression.java:4)
	at asg06.Expression.&lt;init&gt;(Expression.java:4)
	at asg06.Expression.&lt;init&gt;(Expression.java:4)
	at asg06.Expression.&lt;init&gt;(Expression.java:4)
	at asg06.Expression.&lt;init&gt;(Expression.java:4)
	at asg06.Expression.&lt;init&gt;(Expression.java:4)
	at asg06.Expression.&lt;init&gt;(Expression.java:4)
	at asg06.Expression.&lt;init&gt;(Expression.java:4)
	at asg06.Expression.&lt;init&gt;(Expression.java:4)
	at asg06.Expression.&lt;init&gt;(Expression.java:4)
	at asg06.Expression.&lt;init&gt;(Expression.java:4)
	at asg06.Expression.&lt;init&gt;(Expression.java:4)
	at asg06.Expression.&lt;init&gt;(Expression.java:4)
	at asg06.Expression.&lt;init&gt;(Expression.java:4)
	at asg06.Expression.&lt;init&gt;(Expression.java:4)
	at asg06.Expression.&lt;init&gt;(Expression.java:4)
	at asg06.Expression.&lt;init&gt;(Expression.java:4)
	at asg06.Expression.&lt;init&gt;(Expression.java:4)
	at asg06.Expression.&lt;init&gt;(Expression.java:4)
	at asg06.Expression.&lt;init&gt;(Expression.java:4)
	at asg06.Expression.&lt;init&gt;(Expression.java:4)
	at asg06.Expression.&lt;init&gt;(Expression.java:4)
	at asg06.Expression.&lt;init&gt;(Expression.java:4)
	at asg06.Expression.&lt;init&gt;(Expression.java:4)
	at asg06.Expression.&lt;init&gt;(Expression.java:4)
	at asg06.Expression.&lt;init&gt;(Expression.java:4)
	at asg06.Expression.&lt;init&gt;(Expression.java:4)
	at asg06.Expression.&lt;init&gt;(Expression.java:4)
	at asg06.Expression.&lt;init&gt;(Expression.java:4)
	at asg06.Expression.&lt;init&gt;(Expression.java:4)
	at asg06.Expression.&lt;init&gt;(Expression.java:4)
	at asg06.Expression.&lt;init&gt;(Expression.java:4)
	at asg06.Expression.&lt;init&gt;(Expression.java:4)
	at asg06.Expression.&lt;init&gt;(Expression.java:4)
	at asg06.Expression.&lt;init&gt;(Expression.java:4)
	at asg06.Expression.&lt;init&gt;(Expression.java:4)
	at asg06.Expression.&lt;init&gt;(Expression.java:4)
	at asg06.Expression.&lt;init&gt;(Expression.java:4)
	at asg06.Expression.&lt;init&gt;(Expression.java:4)
	at asg06.Expression.&lt;init&gt;(Expression.java:4)
	at asg06.Expression.&lt;init&gt;(Expression.java:4)
	at asg06.Expression.&lt;init&gt;(Expression.java:4)
	at asg06.Expression.&lt;init&gt;(Expression.java:4)
	at asg06.Expression.&lt;init&gt;(Expression.java:4)
	at asg06.Expression.&lt;init&gt;(Expression.java:4)
	at asg06.Expression.&lt;init&gt;(Expression.java:4)
	at asg06.Expression.&lt;init&gt;(Expression.java:4)
	at asg06.Expression.&lt;init&gt;(Expression.java:4)
	at asg06.Expression.&lt;init&gt;(Expression.java:4)
	at asg06.Expression.&lt;init&gt;(Expression.java:4)
	at asg06.Expression.&lt;init&gt;(Expression.java:4)
	at asg06.Expression.&lt;init&gt;(Expression.java:4)
	at asg06.Expression.&lt;init&gt;(Expression.java:4)
	at asg06.Expression.&lt;init&gt;(Expression.java:4)
	at asg06.Expression.&lt;init&gt;(Expression.java:4)
	at asg06.Expression.&lt;init&gt;(Expression.java:4)
	at asg06.Expression.&lt;init&gt;(Expression.java:4)
	at asg06.Expression.&lt;init&gt;(Expression.java:4)
	at asg06.Expression.&lt;init&gt;(Expression.java:4)
	at asg06.Expression.&lt;init&gt;(Expression.java:4)
	at asg06.Expression.&lt;init&gt;(Expression.java:4)
	at asg06.Expression.&lt;init&gt;(Expression.java:4)
	at asg06.Expression.&lt;init&gt;(Expression.java:4)
	at asg06.Expression.&lt;init&gt;(Expression.java:4)
	at asg06.Expression.&lt;init&gt;(Expression.java:4)
	at asg06.Expression.&lt;init&gt;(Expression.java:4)
	at asg06.Expression.&lt;init&gt;(Expression.java:4)
	at asg06.Expression.&lt;init&gt;(Expression.java:4)
	at asg06.Expression.&lt;init&gt;(Expression.java:4)
	at asg06.Expression.&lt;init&gt;(Expression.java:4)
	at asg06.Expression.&lt;init&gt;(Expression.java:4)
	at asg06.Expression.&lt;init&gt;(Expression.java:4)
	at asg06.Expression.&lt;init&gt;(Expression.java:4)
	at asg06.Expression.&lt;init&gt;(Expression.java:4)
	at asg06.Expression.&lt;init&gt;(Expression.java:4)
	at asg06.Expression.&lt;init&gt;(Expression.java:4)
	at asg06.Expression.&lt;init&gt;(Expression.java:4)
	at asg06.Expression.&lt;init&gt;(Expression.java:4)
	at asg06.Expression.&lt;init&gt;(Expression.java:4)
	at asg06.Expression.&lt;init&gt;(Expression.java:4)
	at asg06.Expression.&lt;init&gt;(Expression.java:4)
	at asg06.Expression.&lt;init&gt;(Expression.java:4)
	at asg06.Expression.&lt;init&gt;(Expression.java:4)
	at asg06.Expression.&lt;init&gt;(Expression.java:4)
	at asg06.Expression.&lt;init&gt;(Expression.java:4)
	at asg06.Expression.&lt;init&gt;(Expression.java:4)
	at asg06.Expression.&lt;init&gt;(Expression.java:4)
	at asg06.Expression.&lt;init&gt;(Expression.java:4)
	at asg06.Expression.&lt;init&gt;(Expression.java:4)
	at asg06.Expression.&lt;init&gt;(Expression.java:4)
	at asg06.Expression.&lt;init&gt;(Expression.java:4)
	at asg06.Expression.&lt;init&gt;(Expression.java:4)
	at asg06.Expression.&lt;init&gt;(Expression.java:4)
	at asg06.Expression.&lt;init&gt;(Expression.java:4)
	at asg06.Expression.&lt;init&gt;(Expression.java:4)
	at asg06.Expression.&lt;init&gt;(Expression.java:4)
	at asg06.Expression.&lt;init&gt;(Expression.java:4)
	at asg06.Expression.&lt;init&gt;(Expression.java:4)
	at asg06.Expression.&lt;init&gt;(Expression.java:4)
	at asg06.Expression.&lt;init&gt;(Expression.java:4)
	at asg06.Expression.&lt;init&gt;(Expression.java:4)
	at asg06.Expression.&lt;init&gt;(Expression.java:4)
	at asg06.Expression.&lt;init&gt;(Expression.java:4)
	at asg06.Expression.&lt;init&gt;(Expression.java:4)
	at asg06.Expression.&lt;init&gt;(Expression.java:4)
	at asg06.Expression.&lt;init&gt;(Expression.java:4)
	at asg06.Expression.&lt;init&gt;(Expression.java:4)
	at asg06.Expression.&lt;init&gt;(Expression.java:4)
	at asg06.Expression.&lt;init&gt;(Expression.java:4)
	at asg06.Expression.&lt;init&gt;(Expression.java:4)
	at asg06.Expression.&lt;init&gt;(Expression.java:4)
	at asg06.Expression.&lt;init&gt;(Expression.java:4)
	at asg06.Expression.&lt;init&gt;(Expression.java:4)
	at asg06.Expression.&lt;init&gt;(Expression.java:4)
	at asg06.Expression.&lt;init&gt;(Expression.java:4)
	at asg06.Expression.&lt;init&gt;(Expression.java:4)
	at asg06.Expression.&lt;init&gt;(Expression.java:4)
	at asg06.Expression.&lt;init&gt;(Expression.java:4)
	at asg06.Expression.&lt;init&gt;(Expression.java:4)
	at asg06.Expression.&lt;init&gt;(Expression.java:4)
	at asg06.Expression.&lt;init&gt;(Expression.java:4)
	at asg06.Expression.&lt;init&gt;(Expression.java:4)
	at asg06.Expression.&lt;init&gt;(Expression.java:4)
	at asg06.Expression.&lt;init&gt;(Expression.java:4)
	at asg06.Expression.&lt;init&gt;(Expression.java:4)
	at asg06.Expression.&lt;init&gt;(Expression.java:4)
	at asg06.Expression.&lt;init&gt;(Expression.java:4)
	at asg06.Expression.&lt;init&gt;(Expression.java:4)
	at asg06.Expression.&lt;init&gt;(Expression.java:4)
	at asg06.Expression.&lt;init&gt;(Expression.java:4)
	at asg06.Expression.&lt;init&gt;(Expression.java:4)
	at asg06.Expression.&lt;init&gt;(Expression.java:4)
	at asg06.Expression.&lt;init&gt;(Expression.java:4)
	at asg06.Expression.&lt;init&gt;(Expression.java:4)
	at asg06.Expression.&lt;init&gt;(Expression.java:4)
	at asg06.Expression.&lt;init&gt;(Expression.java:4)
	at asg06.Expression.&lt;init&gt;(Expression.java:4)
	at asg06.Expression.&lt;init&gt;(Expression.java:4)
	at asg06.Expression.&lt;init&gt;(Expression.java:4)
	at asg06.Expression.&lt;init&gt;(Expression.java:4)
	at asg06.Expression.&lt;init&gt;(Expression.java:4)
	at asg06.Expression.&lt;init&gt;(Expression.java:4)
	at asg06.Expression.&lt;init&gt;(Expression.java:4)
	at asg06.Expression.&lt;init&gt;(Expression.java:4)
	at asg06.Expression.&lt;init&gt;(Expression.java:4)
	at asg06.Expression.&lt;init&gt;(Expression.java:4)
	at asg06.Expression.&lt;init&gt;(Expression.java:4)
	at asg06.Expression.&lt;init&gt;(Expression.java:4)
	at asg06.Expression.&lt;init&gt;(Expression.java:4)
	at asg06.Expression.&lt;init&gt;(Expression.java:4)
	at asg06.Expression.&lt;init&gt;(Expression.java:4)
	at asg06.Expression.&lt;init&gt;(Expression.java:4)
	at asg06.Expression.&lt;init&gt;(Expression.java:4)
	at asg06.Expression.&lt;init&gt;(Expression.java:4)
	at asg06.Expression.&lt;init&gt;(Expression.java:4)
	at asg06.Expression.&lt;init&gt;(Expression.java:4)
	at asg06.Expression.&lt;init&gt;(Expression.java:4)
	at asg06.Expression.&lt;init&gt;(Expression.java:4)
	at asg06.Expression.&lt;init&gt;(Expression.java:4)
	at asg06.Expression.&lt;init&gt;(Expression.java:4)
	at asg06.Expression.&lt;init&gt;(Expression.java:4)
	at asg06.Expression.&lt;init&gt;(Expression.java:4)
	at asg06.Expression.&lt;init&gt;(Expression.java:4)
	at asg06.Expression.&lt;init&gt;(Expression.java:4)
	at asg06.Expression.&lt;init&gt;(Expression.java:4)
	at asg06.Expression.&lt;init&gt;(Expression.java:4)
	at asg06.Expression.&lt;init&gt;(Expression.java:4)
	at asg06.Expression.&lt;init&gt;(Expression.java:4)
	at asg06.Expression.&lt;init&gt;(Expression.java:4)
	at asg06.Expression.&lt;init&gt;(Expression.java:4)
	at asg06.Expression.&lt;init&gt;(Expression.java:4)
	at asg06.Expression.&lt;init&gt;(Expression.java:4)
	at asg06.Expression.&lt;init&gt;(Expression.java:4)
	at asg06.Expression.&lt;init&gt;(Expression.java:4)
	at asg06.Expression.&lt;init&gt;(Expression.java:4)
	at asg06.Expression.&lt;init&gt;(Expression.java:4)
	at asg06.Expression.&lt;init&gt;(Expression.java:4)
	at asg06.Expression.&lt;init&gt;(Expression.java:4)
	at asg06.Expression.&lt;init&gt;(Expression.java:4)
	at asg06.Expression.&lt;init&gt;(Expression.java:4)
	at asg06.Expression.&lt;init&gt;(Expression.java:4)
	at asg06.Expression.&lt;init&gt;(Expression.java:4)
	at asg06.Expression.&lt;init&gt;(Expression.java:4)
	at asg06.Expression.&lt;init&gt;(Expression.java:4)
	at asg06.Expression.&lt;init&gt;(Expression.java:4)
	at asg06.Expression.&lt;init&gt;(Expression.java:4)
	at asg06.Expression.&lt;init&gt;(Expression.java:4)
	at asg06.Expression.&lt;init&gt;(Expression.java:4)
	at asg06.Expression.&lt;init&gt;(Expression.java:4)
	at asg06.Expression.&lt;init&gt;(Expression.java:4)
	at asg06.Expression.&lt;init&gt;(Expression.java:4)
	at asg06.Expression.&lt;init&gt;(Expression.java:4)
	at asg06.Expression.&lt;init&gt;(Expression.java:4)
	at asg06.Expression.&lt;init&gt;(Expression.java:4)
	at asg06.Expression.&lt;init&gt;(Expression.java:4)
	at asg06.Expression.&lt;init&gt;(Expression.java:4)
	at asg06.Expression.&lt;init&gt;(Expression.java:4)
	at asg06.Expression.&lt;init&gt;(Expression.java:4)
	at asg06.Expression.&lt;init&gt;(Expression.java:4)
	at asg06.Expression.&lt;init&gt;(Expression.java:4)
	at asg06.Expression.&lt;init&gt;(Expression.java:4)
	at asg06.Expression.&lt;init&gt;(Expression.java:4)
	at asg06.Expression.&lt;init&gt;(Expression.java:4)
	at asg06.Expression.&lt;init&gt;(Expression.java:4)
	at asg06.Expression.&lt;init&gt;(Expression.java:4)
	at asg06.Expression.&lt;init&gt;(Expression.java:4)
	at asg06.Expression.&lt;init&gt;(Expression.java:4)
	at asg06.Expression.&lt;init&gt;(Expression.java:4)
	at asg06.Expression.&lt;init&gt;(Expression.java:4)
	at asg06.Expression.&lt;init&gt;(Expression.java:4)
	at asg06.Expression.&lt;init&gt;(Expression.java:4)
	at asg06.Expression.&lt;init&gt;(Expression.java:4)
	at asg06.Expression.&lt;init&gt;(Expression.java:4)
	at asg06.Expression.&lt;init&gt;(Expression.java:4)
	at asg06.Expression.&lt;init&gt;(Expression.java:4)
	at asg06.Expression.&lt;init&gt;(Expression.java:4)
	at asg06.Expression.&lt;init&gt;(Expression.java:4)
	at asg06.Expression.&lt;init&gt;(Expression.java:4)
	at asg06.Expression.&lt;init&gt;(Expression.java:4)
	at asg06.Expression.&lt;init&gt;(Expression.java:4)
	at asg06.Expression.&lt;init&gt;(Expression.java:4)
	at asg06.Expression.&lt;init&gt;(Expression.java:4)
	at asg06.Expression.&lt;init&gt;(Expression.java:4)
	at asg06.Expression.&lt;init&gt;(Expression.java:4)
	at asg06.Expression.&lt;init&gt;(Expression.java:4)
	at asg06.Expression.&lt;init&gt;(Expression.java:4)
	at asg06.Expression.&lt;init&gt;(Expression.java:4)
	at asg06.Expression.&lt;init&gt;(Expression.java:4)
	at asg06.Expression.&lt;init&gt;(Expression.java:4)
	at asg06.Expression.&lt;init&gt;(Expression.java:4)
	at asg06.Expression.&lt;init&gt;(Expression.java:4)
	at asg06.Expression.&lt;init&gt;(Expression.java:4)
	at asg06.Expression.&lt;init&gt;(Expression.java:4)
	at asg06.Expression.&lt;init&gt;(Expression.java:4)
	at asg06.Expression.&lt;init&gt;(Expression.java:4)
	at asg06.Expression.&lt;init&gt;(Expression.java:4)
	at asg06.Expression.&lt;init&gt;(Expression.java:4)
	at asg06.Expression.&lt;init&gt;(Expression.java:4)
	at asg06.Expression.&lt;init&gt;(Expression.java:4)
	at asg06.Expression.&lt;init&gt;(Expression.java:4)
	at asg06.Expression.&lt;init&gt;(Expression.java:4)
	at asg06.Expression.&lt;init&gt;(Expression.java:4)
	at asg06.Expression.&lt;init&gt;(Expression.java:4)
	at asg06.Expression.&lt;init&gt;(Expression.java:4)
	at asg06.Expression.&lt;init&gt;(Expression.java:4)
	at asg06.Expression.&lt;init&gt;(Expression.java:4)
	at asg06.Expression.&lt;init&gt;(Expression.java:4)
	at asg06.Expression.&lt;init&gt;(Expression.java:4)
	at asg06.Expression.&lt;init&gt;(Expression.java:4)
	at asg06.Expression.&lt;init&gt;(Expression.java:4)
	at asg06.Expression.&lt;init&gt;(Expression.java:4)
	at asg06.Expression.&lt;init&gt;(Expression.java:4)
	at asg06.Expression.&lt;init&gt;(Expression.java:4)
	at asg06.Expression.&lt;init&gt;(Expression.java:4)
</error>
  </testcase>
  <testcase classname="asg06.TestExpression" name="testAdditionToString" time="0.019">
    <error type="java.lang.StackOverflowError">java.lang.StackOverflowError
	at asg06.Expression.&lt;init&gt;(Expression.java:4)
	at asg06.Expression.&lt;init&gt;(Expression.java:4)
	at asg06.Expression.&lt;init&gt;(Expression.java:4)
	at asg06.Expression.&lt;init&gt;(Expression.java:4)
	at asg06.Expression.&lt;init&gt;(Expression.java:4)
	at asg06.Expression.&lt;init&gt;(Expression.java:4)
	at asg06.Expression.&lt;init&gt;(Expression.java:4)
	at asg06.Expression.&lt;init&gt;(Expression.java:4)
	at asg06.Expression.&lt;init&gt;(Expression.java:4)
	at asg06.Expression.&lt;init&gt;(Expression.java:4)
	at asg06.Expression.&lt;init&gt;(Expression.java:4)
	at asg06.Expression.&lt;init&gt;(Expression.java:4)
	at asg06.Expression.&lt;init&gt;(Expression.java:4)
	at asg06.Expression.&lt;init&gt;(Expression.java:4)
	at asg06.Expression.&lt;init&gt;(Expression.java:4)
	at asg06.Expression.&lt;init&gt;(Expression.java:4)
	at asg06.Expression.&lt;init&gt;(Expression.java:4)
	at asg06.Expression.&lt;init&gt;(Expression.java:4)
	at asg06.Expression.&lt;init&gt;(Expression.java:4)
	at asg06.Expression.&lt;init&gt;(Expression.java:4)
	at asg06.Expression.&lt;init&gt;(Expression.java:4)
	at asg06.Expression.&lt;init&gt;(Expression.java:4)
	at asg06.Expression.&lt;init&gt;(Expression.java:4)
	at asg06.Expression.&lt;init&gt;(Expression.java:4)
	at asg06.Expression.&lt;init&gt;(Expression.java:4)
	at asg06.Expression.&lt;init&gt;(Expression.java:4)
	at asg06.Expression.&lt;init&gt;(Expression.java:4)
	at asg06.Expression.&lt;init&gt;(Expression.java:4)
	at asg06.Expression.&lt;init&gt;(Expression.java:4)
	at asg06.Expression.&lt;init&gt;(Expression.java:4)
	at asg06.Expression.&lt;init&gt;(Expression.java:4)
	at asg06.Expression.&lt;init&gt;(Expression.java:4)
	at asg06.Expression.&lt;init&gt;(Expression.java:4)
	at asg06.Expression.&lt;init&gt;(Expression.java:4)
	at asg06.Expression.&lt;init&gt;(Expression.java:4)
	at asg06.Expression.&lt;init&gt;(Expression.java:4)
	at asg06.Expression.&lt;init&gt;(Expression.java:4)
	at asg06.Expression.&lt;init&gt;(Expression.java:4)
	at asg06.Expression.&lt;init&gt;(Expression.java:4)
	at asg06.Expression.&lt;init&gt;(Expression.java:4)
	at asg06.Expression.&lt;init&gt;(Expression.java:4)
	at asg06.Expression.&lt;init&gt;(Expression.java:4)
	at asg06.Expression.&lt;init&gt;(Expression.java:4)
	at asg06.Expression.&lt;init&gt;(Expression.java:4)
	at asg06.Expression.&lt;init&gt;(Expression.java:4)
	at asg06.Expression.&lt;init&gt;(Expression.java:4)
	at asg06.Expression.&lt;init&gt;(Expression.java:4)
	at asg06.Expression.&lt;init&gt;(Expression.java:4)
	at asg06.Expression.&lt;init&gt;(Expression.java:4)
	at asg06.Expression.&lt;init&gt;(Expression.java:4)
	at asg06.Expression.&lt;init&gt;(Expression.java:4)
	at asg06.Expression.&lt;init&gt;(Expression.java:4)
	at asg06.Expression.&lt;init&gt;(Expression.java:4)
	at asg06.Expression.&lt;init&gt;(Expression.java:4)
	at asg06.Expression.&lt;init&gt;(Expression.java:4)
	at asg06.Expression.&lt;init&gt;(Expression.java:4)
	at asg06.Expression.&lt;init&gt;(Expression.java:4)
	at asg06.Expression.&lt;init&gt;(Expression.java:4)
	at asg06.Expression.&lt;init&gt;(Expression.java:4)
	at asg06.Expression.&lt;init&gt;(Expression.java:4)
	at asg06.Expression.&lt;init&gt;(Expression.java:4)
	at asg06.Expression.&lt;init&gt;(Expression.java:4)
	at asg06.Expression.&lt;init&gt;(Expression.java:4)
	at asg06.Expression.&lt;init&gt;(Expression.java:4)
	at asg06.Expression.&lt;init&gt;(Expression.java:4)
	at asg06.Expression.&lt;init&gt;(Expression.java:4)
	at asg06.Expression.&lt;init&gt;(Expression.java:4)
	at asg06.Expression.&lt;init&gt;(Expression.java:4)
	at asg06.Expression.&lt;init&gt;(Expression.java:4)
	at asg06.Expression.&lt;init&gt;(Expression.java:4)
	at asg06.Expression.&lt;init&gt;(Expression.java:4)
	at asg06.Expression.&lt;init&gt;(Expression.java:4)
	at asg06.Expression.&lt;init&gt;(Expression.java:4)
	at asg06.Expression.&lt;init&gt;(Expression.java:4)
	at asg06.Expression.&lt;init&gt;(Expression.java:4)
	at asg06.Expression.&lt;init&gt;(Expression.java:4)
	at asg06.Expression.&lt;init&gt;(Expression.java:4)
	at asg06.Expression.&lt;init&gt;(Expression.java:4)
	at asg06.Expression.&lt;init&gt;(Expression.java:4)
	at asg06.Expression.&lt;init&gt;(Expression.java:4)
	at asg06.Expression.&lt;init&gt;(Expression.java:4)
	at asg06.Expression.&lt;init&gt;(Expression.java:4)
	at asg06.Expression.&lt;init&gt;(Expression.java:4)
	at asg06.Expression.&lt;init&gt;(Expression.java:4)
	at asg06.Expression.&lt;init&gt;(Expression.java:4)
	at asg06.Expression.&lt;init&gt;(Expression.java:4)
	at asg06.Expression.&lt;init&gt;(Expression.java:4)
	at asg06.Expression.&lt;init&gt;(Expression.java:4)
	at asg06.Expression.&lt;init&gt;(Expression.java:4)
	at asg06.Expression.&lt;init&gt;(Expression.java:4)
	at asg06.Expression.&lt;init&gt;(Expression.java:4)
	at asg06.Expression.&lt;init&gt;(Expression.java:4)
	at asg06.Expression.&lt;init&gt;(Expression.java:4)
	at asg06.Expression.&lt;init&gt;(Expression.java:4)
	at asg06.Expression.&lt;init&gt;(Expression.java:4)
	at asg06.Expression.&lt;init&gt;(Expression.java:4)
	at asg06.Expression.&lt;init&gt;(Expression.java:4)
	at asg06.Expression.&lt;init&gt;(Expression.java:4)
	at asg06.Expression.&lt;init&gt;(Expression.java:4)
	at asg06.Expression.&lt;init&gt;(Expression.java:4)
	at asg06.Expression.&lt;init&gt;(Expression.java:4)
	at asg06.Expression.&lt;init&gt;(Expression.java:4)
	at asg06.Expression.&lt;init&gt;(Expression.java:4)
	at asg06.Expression.&lt;init&gt;(Expression.java:4)
	at asg06.Expression.&lt;init&gt;(Expression.java:4)
	at asg06.Expression.&lt;init&gt;(Expression.java:4)
	at asg06.Expression.&lt;init&gt;(Expression.java:4)
	at asg06.Expression.&lt;init&gt;(Expression.java:4)
	at asg06.Expression.&lt;init&gt;(Expression.java:4)
	at asg06.Expression.&lt;init&gt;(Expression.java:4)
	at asg06.Expression.&lt;init&gt;(Expression.java:4)
	at asg06.Expression.&lt;init&gt;(Expression.java:4)
	at asg06.Expression.&lt;init&gt;(Expression.java:4)
	at asg06.Expression.&lt;init&gt;(Expression.java:4)
	at asg06.Expression.&lt;init&gt;(Expression.java:4)
	at asg06.Expression.&lt;init&gt;(Expression.java:4)
	at asg06.Expression.&lt;init&gt;(Expression.java:4)
	at asg06.Expression.&lt;init&gt;(Expression.java:4)
	at asg06.Expression.&lt;init&gt;(Expression.java:4)
	at asg06.Expression.&lt;init&gt;(Expression.java:4)
	at asg06.Expression.&lt;init&gt;(Expression.java:4)
	at asg06.Expression.&lt;init&gt;(Expression.java:4)
	at asg06.Expression.&lt;init&gt;(Expression.java:4)
	at asg06.Expression.&lt;init&gt;(Expression.java:4)
	at asg06.Expression.&lt;init&gt;(Expression.java:4)
	at asg06.Expression.&lt;init&gt;(Expression.java:4)
	at asg06.Expression.&lt;init&gt;(Expression.java:4)
	at asg06.Expression.&lt;init&gt;(Expression.java:4)
	at asg06.Expression.&lt;init&gt;(Expression.java:4)
	at asg06.Expression.&lt;init&gt;(Expression.java:4)
	at asg06.Expression.&lt;init&gt;(Expression.java:4)
	at asg06.Expression.&lt;init&gt;(Expression.java:4)
	at asg06.Expression.&lt;init&gt;(Expression.java:4)
	at asg06.Expression.&lt;init&gt;(Expression.java:4)
	at asg06.Expression.&lt;init&gt;(Expression.java:4)
	at asg06.Expression.&lt;init&gt;(Expression.java:4)
	at asg06.Expression.&lt;init&gt;(Expression.java:4)
	at asg06.Expression.&lt;init&gt;(Expression.java:4)
	at asg06.Expression.&lt;init&gt;(Expression.java:4)
	at asg06.Expression.&lt;init&gt;(Expression.java:4)
	at asg06.Expression.&lt;init&gt;(Expression.java:4)
	at asg06.Expression.&lt;init&gt;(Expression.java:4)
	at asg06.Expression.&lt;init&gt;(Expression.java:4)
	at asg06.Expression.&lt;init&gt;(Expression.java:4)
	at asg06.Expression.&lt;init&gt;(Expression.java:4)
	at asg06.Expression.&lt;init&gt;(Expression.java:4)
	at asg06.Expression.&lt;init&gt;(Expression.java:4)
	at asg06.Expression.&lt;init&gt;(Expression.java:4)
	at asg06.Expression.&lt;init&gt;(Expression.java:4)
	at asg06.Expression.&lt;init&gt;(Expression.java:4)
	at asg06.Expression.&lt;init&gt;(Expression.java:4)
	at asg06.Expression.&lt;init&gt;(Expression.java:4)
	at asg06.Expression.&lt;init&gt;(Expression.java:4)
	at asg06.Expression.&lt;init&gt;(Expression.java:4)
	at asg06.Expression.&lt;init&gt;(Expression.java:4)
	at asg06.Expression.&lt;init&gt;(Expression.java:4)
	at asg06.Expression.&lt;init&gt;(Expression.java:4)
	at asg06.Expression.&lt;init&gt;(Expression.java:4)
	at asg06.Expression.&lt;init&gt;(Expression.java:4)
	at asg06.Expression.&lt;init&gt;(Expression.java:4)
	at asg06.Expression.&lt;init&gt;(Expression.java:4)
	at asg06.Expression.&lt;init&gt;(Expression.java:4)
	at asg06.Expression.&lt;init&gt;(Expression.java:4)
	at asg06.Expression.&lt;init&gt;(Expression.java:4)
	at asg06.Expression.&lt;init&gt;(Expression.java:4)
	at asg06.Expression.&lt;init&gt;(Expression.java:4)
	at asg06.Expression.&lt;init&gt;(Expression.java:4)
	at asg06.Expression.&lt;init&gt;(Expression.java:4)
	at asg06.Expression.&lt;init&gt;(Expression.java:4)
	at asg06.Expression.&lt;init&gt;(Expression.java:4)
	at asg06.Expression.&lt;init&gt;(Expression.java:4)
	at asg06.Expression.&lt;init&gt;(Expression.java:4)
	at asg06.Expression.&lt;init&gt;(Expression.java:4)
	at asg06.Expression.&lt;init&gt;(Expression.java:4)
	at asg06.Expression.&lt;init&gt;(Expression.java:4)
	at asg06.Expression.&lt;init&gt;(Expression.java:4)
	at asg06.Expression.&lt;init&gt;(Expression.java:4)
	at asg06.Expression.&lt;init&gt;(Expression.java:4)
	at asg06.Expression.&lt;init&gt;(Expression.java:4)
	at asg06.Expression.&lt;init&gt;(Expression.java:4)
	at asg06.Expression.&lt;init&gt;(Expression.java:4)
	at asg06.Expression.&lt;init&gt;(Expression.java:4)
	at asg06.Expression.&lt;init&gt;(Expression.java:4)
	at asg06.Expression.&lt;init&gt;(Expression.java:4)
	at asg06.Expression.&lt;init&gt;(Expression.java:4)
	at asg06.Expression.&lt;init&gt;(Expression.java:4)
	at asg06.Expression.&lt;init&gt;(Expression.java:4)
	at asg06.Expression.&lt;init&gt;(Expression.java:4)
	at asg06.Expression.&lt;init&gt;(Expression.java:4)
	at asg06.Expression.&lt;init&gt;(Expression.java:4)
	at asg06.Expression.&lt;init&gt;(Expression.java:4)
	at asg06.Expression.&lt;init&gt;(Expression.java:4)
	at asg06.Expression.&lt;init&gt;(Expression.java:4)
	at asg06.Expression.&lt;init&gt;(Expression.java:4)
	at asg06.Expression.&lt;init&gt;(Expression.java:4)
	at asg06.Expression.&lt;init&gt;(Expression.java:4)
	at asg06.Expression.&lt;init&gt;(Expression.java:4)
	at asg06.Expression.&lt;init&gt;(Expression.java:4)
	at asg06.Expression.&lt;init&gt;(Expression.java:4)
	at asg06.Expression.&lt;init&gt;(Expression.java:4)
	at asg06.Expression.&lt;init&gt;(Expression.java:4)
	at asg06.Expression.&lt;init&gt;(Expression.java:4)
	at asg06.Expression.&lt;init&gt;(Expression.java:4)
	at asg06.Expression.&lt;init&gt;(Expression.java:4)
	at asg06.Expression.&lt;init&gt;(Expression.java:4)
	at asg06.Expression.&lt;init&gt;(Expression.java:4)
	at asg06.Expression.&lt;init&gt;(Expression.java:4)
	at asg06.Expression.&lt;init&gt;(Expression.java:4)
	at asg06.Expression.&lt;init&gt;(Expression.java:4)
	at asg06.Expression.&lt;init&gt;(Expression.java:4)
	at asg06.Expression.&lt;init&gt;(Expression.java:4)
	at asg06.Expression.&lt;init&gt;(Expression.java:4)
	at asg06.Expression.&lt;init&gt;(Expression.java:4)
	at asg06.Expression.&lt;init&gt;(Expression.java:4)
	at asg06.Expression.&lt;init&gt;(Expression.java:4)
	at asg06.Expression.&lt;init&gt;(Expression.java:4)
	at asg06.Expression.&lt;init&gt;(Expression.java:4)
	at asg06.Expression.&lt;init&gt;(Expression.java:4)
	at asg06.Expression.&lt;init&gt;(Expression.java:4)
	at asg06.Expression.&lt;init&gt;(Expression.java:4)
	at asg06.Expression.&lt;init&gt;(Expression.java:4)
	at asg06.Expression.&lt;init&gt;(Expression.java:4)
	at asg06.Expression.&lt;init&gt;(Expression.java:4)
	at asg06.Expression.&lt;init&gt;(Expression.java:4)
	at asg06.Expression.&lt;init&gt;(Expression.java:4)
	at asg06.Expression.&lt;init&gt;(Expression.java:4)
	at asg06.Expression.&lt;init&gt;(Expression.java:4)
	at asg06.Expression.&lt;init&gt;(Expression.java:4)
	at asg06.Expression.&lt;init&gt;(Expression.java:4)
	at asg06.Expression.&lt;init&gt;(Expression.java:4)
	at asg06.Expression.&lt;init&gt;(Expression.java:4)
	at asg06.Expression.&lt;init&gt;(Expression.java:4)
	at asg06.Expression.&lt;init&gt;(Expression.java:4)
	at asg06.Expression.&lt;init&gt;(Expression.java:4)
	at asg06.Expression.&lt;init&gt;(Expression.java:4)
	at asg06.Expression.&lt;init&gt;(Expression.java:4)
	at asg06.Expression.&lt;init&gt;(Expression.java:4)
	at asg06.Expression.&lt;init&gt;(Expression.java:4)
	at asg06.Expression.&lt;init&gt;(Expression.java:4)
	at asg06.Expression.&lt;init&gt;(Expression.java:4)
	at asg06.Expression.&lt;init&gt;(Expression.java:4)
	at asg06.Expression.&lt;init&gt;(Expression.java:4)
	at asg06.Expression.&lt;init&gt;(Expression.java:4)
	at asg06.Expression.&lt;init&gt;(Expression.java:4)
	at asg06.Expression.&lt;init&gt;(Expression.java:4)
	at asg06.Expression.&lt;init&gt;(Expression.java:4)
	at asg06.Expression.&lt;init&gt;(Expression.java:4)
	at asg06.Expression.&lt;init&gt;(Expression.java:4)
	at asg06.Expression.&lt;init&gt;(Expression.java:4)
	at asg06.Expression.&lt;init&gt;(Expression.java:4)
	at asg06.Expression.&lt;init&gt;(Expression.java:4)
	at asg06.Expression.&lt;init&gt;(Expression.java:4)
	at asg06.Expression.&lt;init&gt;(Expression.java:4)
	at asg06.Expression.&lt;init&gt;(Expression.java:4)
	at asg06.Expression.&lt;init&gt;(Expression.java:4)
	at asg06.Expression.&lt;init&gt;(Expression.java:4)
	at asg06.Expression.&lt;init&gt;(Expression.java:4)
	at asg06.Expression.&lt;init&gt;(Expression.java:4)
	at asg06.Expression.&lt;init&gt;(Expression.java:4)
	at asg06.Expression.&lt;init&gt;(Expression.java:4)
	at asg06.Expression.&lt;init&gt;(Expression.java:4)
	at asg06.Expression.&lt;init&gt;(Expression.java:4)
	at asg06.Expression.&lt;init&gt;(Expression.java:4)
	at asg06.Expression.&lt;init&gt;(Expression.java:4)
	at asg06.Expression.&lt;init&gt;(Expression.java:4)
	at asg06.Expression.&lt;init&gt;(Expression.java:4)
	at asg06.Expression.&lt;init&gt;(Expression.java:4)
	at asg06.Expression.&lt;init&gt;(Expression.java:4)
	at asg06.Expression.&lt;init&gt;(Expression.java:4)
	at asg06.Expression.&lt;init&gt;(Expression.java:4)
	at asg06.Expression.&lt;init&gt;(Expression.java:4)
	at asg06.Expression.&lt;init&gt;(Expression.java:4)
	at asg06.Expression.&lt;init&gt;(Expression.java:4)
	at asg06.Expression.&lt;init&gt;(Expression.java:4)
	at asg06.Expression.&lt;init&gt;(Expression.java:4)
	at asg06.Expression.&lt;init&gt;(Expression.java:4)
	at asg06.Expression.&lt;init&gt;(Expression.java:4)
	at asg06.Expression.&lt;init&gt;(Expression.java:4)
	at asg06.Expression.&lt;init&gt;(Expression.java:4)
	at asg06.Expression.&lt;init&gt;(Expression.java:4)
	at asg06.Expression.&lt;init&gt;(Expression.java:4)
	at asg06.Expression.&lt;init&gt;(Expression.java:4)
	at asg06.Expression.&lt;init&gt;(Expression.java:4)
	at asg06.Expression.&lt;init&gt;(Expression.java:4)
	at asg06.Expression.&lt;init&gt;(Expression.java:4)
	at asg06.Expression.&lt;init&gt;(Expression.java:4)
	at asg06.Expression.&lt;init&gt;(Expression.java:4)
	at asg06.Expression.&lt;init&gt;(Expression.java:4)
	at asg06.Expression.&lt;init&gt;(Expression.java:4)
	at asg06.Expression.&lt;init&gt;(Expression.java:4)
	at asg06.Expression.&lt;init&gt;(Expression.java:4)
	at asg06.Expression.&lt;init&gt;(Expression.java:4)
	at asg06.Expression.&lt;init&gt;(Expression.java:4)
	at asg06.Expression.&lt;init&gt;(Expression.java:4)
	at asg06.Expression.&lt;init&gt;(Expression.java:4)
	at asg06.Expression.&lt;init&gt;(Expression.java:4)
	at asg06.Expression.&lt;init&gt;(Expression.java:4)
	at asg06.Expression.&lt;init&gt;(Expression.java:4)
	at asg06.Expression.&lt;init&gt;(Expression.java:4)
	at asg06.Expression.&lt;init&gt;(Expression.java:4)
	at asg06.Expression.&lt;init&gt;(Expression.java:4)
	at asg06.Expression.&lt;init&gt;(Expression.java:4)
	at asg06.Expression.&lt;init&gt;(Expression.java:4)
	at asg06.Expression.&lt;init&gt;(Expression.java:4)
	at asg06.Expression.&lt;init&gt;(Expression.java:4)
	at asg06.Expression.&lt;init&gt;(Expression.java:4)
	at asg06.Expression.&lt;init&gt;(Expression.java:4)
	at asg06.Expression.&lt;init&gt;(Expression.java:4)
	at asg06.Expression.&lt;init&gt;(Expression.java:4)
	at asg06.Expression.&lt;init&gt;(Expression.java:4)
	at asg06.Expression.&lt;init&gt;(Expression.java:4)
	at asg06.Expression.&lt;init&gt;(Expression.java:4)
	at asg06.Expression.&lt;init&gt;(Expression.java:4)
	at asg06.Expression.&lt;init&gt;(Expression.java:4)
	at asg06.Expression.&lt;init&gt;(Expression.java:4)
	at asg06.Expression.&lt;init&gt;(Expression.java:4)
	at asg06.Expression.&lt;init&gt;(Expression.java:4)
	at asg06.Expression.&lt;init&gt;(Expression.java:4)
	at asg06.Expression.&lt;init&gt;(Expression.java:4)
	at asg06.Expression.&lt;init&gt;(Expression.java:4)
	at asg06.Expression.&lt;init&gt;(Expression.java:4)
	at asg06.Expression.&lt;init&gt;(Expression.java:4)
	at asg06.Expression.&lt;init&gt;(Expression.java:4)
	at asg06.Expression.&lt;init&gt;(Expression.java:4)
	at asg06.Expression.&lt;init&gt;(Expression.java:4)
	at asg06.Expression.&lt;init&gt;(Expression.java:4)
	at asg06.Expression.&lt;init&gt;(Expression.java:4)
	at asg06.Expression.&lt;init&gt;(Expression.java:4)
	at asg06.Expression.&lt;init&gt;(Expression.java:4)
	at asg06.Expression.&lt;init&gt;(Expression.java:4)
	at asg06.Expression.&lt;init&gt;(Expression.java:4)
	at asg06.Expression.&lt;init&gt;(Expression.java:4)
	at asg06.Expression.&lt;init&gt;(Expression.java:4)
	at asg06.Expression.&lt;init&gt;(Expression.java:4)
	at asg06.Expression.&lt;init&gt;(Expression.java:4)
	at asg06.Expression.&lt;init&gt;(Expression.java:4)
	at asg06.Expression.&lt;init&gt;(Expression.java:4)
	at asg06.Expression.&lt;init&gt;(Expression.java:4)
	at asg06.Expression.&lt;init&gt;(Expression.java:4)
	at asg06.Expression.&lt;init&gt;(Expression.java:4)
	at asg06.Expression.&lt;init&gt;(Expression.java:4)
	at asg06.Expression.&lt;init&gt;(Expression.java:4)
	at asg06.Expression.&lt;init&gt;(Expression.java:4)
	at asg06.Expression.&lt;init&gt;(Expression.java:4)
	at asg06.Expression.&lt;init&gt;(Expression.java:4)
	at asg06.Expression.&lt;init&gt;(Expression.java:4)
	at asg06.Expression.&lt;init&gt;(Expression.java:4)
	at asg06.Expression.&lt;init&gt;(Expression.java:4)
	at asg06.Expression.&lt;init&gt;(Expression.java:4)
	at asg06.Expression.&lt;init&gt;(Expression.java:4)
	at asg06.Expression.&lt;init&gt;(Expression.java:4)
	at asg06.Expression.&lt;init&gt;(Expression.java:4)
	at asg06.Expression.&lt;init&gt;(Expression.java:4)
	at asg06.Expression.&lt;init&gt;(Expression.java:4)
	at asg06.Expression.&lt;init&gt;(Expression.java:4)
	at asg06.Expression.&lt;init&gt;(Expression.java:4)
	at asg06.Expression.&lt;init&gt;(Expression.java:4)
	at asg06.Expression.&lt;init&gt;(Expression.java:4)
	at asg06.Expression.&lt;init&gt;(Expression.java:4)
	at asg06.Expression.&lt;init&gt;(Expression.java:4)
	at asg06.Expression.&lt;init&gt;(Expression.java:4)
	at asg06.Expression.&lt;init&gt;(Expression.java:4)
	at asg06.Expression.&lt;init&gt;(Expression.java:4)
	at asg06.Expression.&lt;init&gt;(Expression.java:4)
	at asg06.Expression.&lt;init&gt;(Expression.java:4)
	at asg06.Expression.&lt;init&gt;(Expression.java:4)
	at asg06.Expression.&lt;init&gt;(Expression.java:4)
	at asg06.Expression.&lt;init&gt;(Expression.java:4)
	at asg06.Expression.&lt;init&gt;(Expression.java:4)
	at asg06.Expression.&lt;init&gt;(Expression.java:4)
	at asg06.Expression.&lt;init&gt;(Expression.java:4)
	at asg06.Expression.&lt;init&gt;(Expression.java:4)
	at asg06.Expression.&lt;init&gt;(Expression.java:4)
	at asg06.Expression.&lt;init&gt;(Expression.java:4)
	at asg06.Expression.&lt;init&gt;(Expression.java:4)
	at asg06.Expression.&lt;init&gt;(Expression.java:4)
	at asg06.Expression.&lt;init&gt;(Expression.java:4)
	at asg06.Expression.&lt;init&gt;(Expression.java:4)
	at asg06.Expression.&lt;init&gt;(Expression.java:4)
	at asg06.Expression.&lt;init&gt;(Expression.java:4)
	at asg06.Expression.&lt;init&gt;(Expression.java:4)
	at asg06.Expression.&lt;init&gt;(Expression.java:4)
	at asg06.Expression.&lt;init&gt;(Expression.java:4)
	at asg06.Expression.&lt;init&gt;(Expression.java:4)
	at asg06.Expression.&lt;init&gt;(Expression.java:4)
	at asg06.Expression.&lt;init&gt;(Expression.java:4)
	at asg06.Expression.&lt;init&gt;(Expression.java:4)
	at asg06.Expression.&lt;init&gt;(Expression.java:4)
	at asg06.Expression.&lt;init&gt;(Expression.java:4)
	at asg06.Expression.&lt;init&gt;(Expression.java:4)
	at asg06.Expression.&lt;init&gt;(Expression.java:4)
	at asg06.Expression.&lt;init&gt;(Expression.java:4)
	at asg06.Expression.&lt;init&gt;(Expression.java:4)
	at asg06.Expression.&lt;init&gt;(Expression.java:4)
	at asg06.Expression.&lt;init&gt;(Expression.java:4)
	at asg06.Expression.&lt;init&gt;(Expression.java:4)
	at asg06.Expression.&lt;init&gt;(Expression.java:4)
	at asg06.Expression.&lt;init&gt;(Expression.java:4)
	at asg06.Expression.&lt;init&gt;(Expression.java:4)
	at asg06.Expression.&lt;init&gt;(Expression.java:4)
	at asg06.Expression.&lt;init&gt;(Expression.java:4)
	at asg06.Expression.&lt;init&gt;(Expression.java:4)
	at asg06.Expression.&lt;init&gt;(Expression.java:4)
	at asg06.Expression.&lt;init&gt;(Expression.java:4)
	at asg06.Expression.&lt;init&gt;(Expression.java:4)
	at asg06.Expression.&lt;init&gt;(Expression.java:4)
	at asg06.Expression.&lt;init&gt;(Expression.java:4)
	at asg06.Expression.&lt;init&gt;(Expression.java:4)
	at asg06.Expression.&lt;init&gt;(Expression.java:4)
	at asg06.Expression.&lt;init&gt;(Expression.java:4)
	at asg06.Expression.&lt;init&gt;(Expression.java:4)
	at asg06.Expression.&lt;init&gt;(Expression.java:4)
	at asg06.Expression.&lt;init&gt;(Expression.java:4)
	at asg06.Expression.&lt;init&gt;(Expression.java:4)
	at asg06.Expression.&lt;init&gt;(Expression.java:4)
	at asg06.Expression.&lt;init&gt;(Expression.java:4)
	at asg06.Expression.&lt;init&gt;(Expression.java:4)
	at asg06.Expression.&lt;init&gt;(Expression.java:4)
	at asg06.Expression.&lt;init&gt;(Expression.java:4)
	at asg06.Expression.&lt;init&gt;(Expression.java:4)
	at asg06.Expression.&lt;init&gt;(Expression.java:4)
	at asg06.Expression.&lt;init&gt;(Expression.java:4)
	at asg06.Expression.&lt;init&gt;(Expression.java:4)
	at asg06.Expression.&lt;init&gt;(Expression.java:4)
	at asg06.Expression.&lt;init&gt;(Expression.java:4)
	at asg06.Expression.&lt;init&gt;(Expression.java:4)
	at asg06.Expression.&lt;init&gt;(Expression.java:4)
	at asg06.Expression.&lt;init&gt;(Expression.java:4)
	at asg06.Expression.&lt;init&gt;(Expression.java:4)
	at asg06.Expression.&lt;init&gt;(Expression.java:4)
	at asg06.Expression.&lt;init&gt;(Expression.java:4)
	at asg06.Expression.&lt;init&gt;(Expression.java:4)
	at asg06.Expression.&lt;init&gt;(Expression.java:4)
	at asg06.Expression.&lt;init&gt;(Expression.java:4)
	at asg06.Expression.&lt;init&gt;(Expression.java:4)
	at asg06.Expression.&lt;init&gt;(Expression.java:4)
	at asg06.Expression.&lt;init&gt;(Expression.java:4)
	at asg06.Expression.&lt;init&gt;(Expression.java:4)
	at asg06.Expression.&lt;init&gt;(Expression.java:4)
	at asg06.Expression.&lt;init&gt;(Expression.java:4)
	at asg06.Expression.&lt;init&gt;(Expression.java:4)
	at asg06.Expression.&lt;init&gt;(Expression.java:4)
	at asg06.Expression.&lt;init&gt;(Expression.java:4)
	at asg06.Expression.&lt;init&gt;(Expression.java:4)
	at asg06.Expression.&lt;init&gt;(Expression.java:4)
	at asg06.Expression.&lt;init&gt;(Expression.java:4)
	at asg06.Expression.&lt;init&gt;(Expression.java:4)
	at asg06.Expression.&lt;init&gt;(Expression.java:4)
	at asg06.Expression.&lt;init&gt;(Expression.java:4)
	at asg06.Expression.&lt;init&gt;(Expression.java:4)
	at asg06.Expression.&lt;init&gt;(Expression.java:4)
	at asg06.Expression.&lt;init&gt;(Expression.java:4)
	at asg06.Expression.&lt;init&gt;(Expression.java:4)
	at asg06.Expression.&lt;init&gt;(Expression.java:4)
	at asg06.Expression.&lt;init&gt;(Expression.java:4)
	at asg06.Expression.&lt;init&gt;(Expression.java:4)
	at asg06.Expression.&lt;init&gt;(Expression.java:4)
	at asg06.Expression.&lt;init&gt;(Expression.java:4)
	at asg06.Expression.&lt;init&gt;(Expression.java:4)
	at asg06.Expression.&lt;init&gt;(Expression.java:4)
	at asg06.Expression.&lt;init&gt;(Expression.java:4)
	at asg06.Expression.&lt;init&gt;(Expression.java:4)
	at asg06.Expression.&lt;init&gt;(Expression.java:4)
	at asg06.Expression.&lt;init&gt;(Expression.java:4)
	at asg06.Expression.&lt;init&gt;(Expression.java:4)
	at asg06.Expression.&lt;init&gt;(Expression.java:4)
	at asg06.Expression.&lt;init&gt;(Expression.java:4)
	at asg06.Expression.&lt;init&gt;(Expression.java:4)
	at asg06.Expression.&lt;init&gt;(Expression.java:4)
	at asg06.Expression.&lt;init&gt;(Expression.java:4)
	at asg06.Expression.&lt;init&gt;(Expression.java:4)
	at asg06.Expression.&lt;init&gt;(Expression.java:4)
	at asg06.Expression.&lt;init&gt;(Expression.java:4)
	at asg06.Expression.&lt;init&gt;(Expression.java:4)
	at asg06.Expression.&lt;init&gt;(Expression.java:4)
	at asg06.Expression.&lt;init&gt;(Expression.java:4)
	at asg06.Expression.&lt;init&gt;(Expression.java:4)
	at asg06.Expression.&lt;init&gt;(Expression.java:4)
	at asg06.Expression.&lt;init&gt;(Expression.java:4)
	at asg06.Expression.&lt;init&gt;(Expression.java:4)
	at asg06.Expression.&lt;init&gt;(Expression.java:4)
	at asg06.Expression.&lt;init&gt;(Expression.java:4)
	at asg06.Expression.&lt;init&gt;(Expression.java:4)
	at asg06.Expression.&lt;init&gt;(Expression.java:4)
	at asg06.Expression.&lt;init&gt;(Expression.java:4)
	at asg06.Expression.&lt;init&gt;(Expression.java:4)
	at asg06.Expression.&lt;init&gt;(Expression.java:4)
	at asg06.Expression.&lt;init&gt;(Expression.java:4)
	at asg06.Expression.&lt;init&gt;(Expression.java:4)
	at asg06.Expression.&lt;init&gt;(Expression.java:4)
	at asg06.Expression.&lt;init&gt;(Expression.java:4)
	at asg06.Expression.&lt;init&gt;(Expression.java:4)
	at asg06.Expression.&lt;init&gt;(Expression.java:4)
	at asg06.Expression.&lt;init&gt;(Expression.java:4)
	at asg06.Expression.&lt;init&gt;(Expression.java:4)
	at asg06.Expression.&lt;init&gt;(Expression.java:4)
	at asg06.Expression.&lt;init&gt;(Expression.java:4)
	at asg06.Expression.&lt;init&gt;(Expression.java:4)
	at asg06.Expression.&lt;init&gt;(Expression.java:4)
	at asg06.Expression.&lt;init&gt;(Expression.java:4)
	at asg06.Expression.&lt;init&gt;(Expression.java:4)
	at asg06.Expression.&lt;init&gt;(Expression.java:4)
	at asg06.Expression.&lt;init&gt;(Expression.java:4)
	at asg06.Expression.&lt;init&gt;(Expression.java:4)
	at asg06.Expression.&lt;init&gt;(Expression.java:4)
	at asg06.Expression.&lt;init&gt;(Expression.java:4)
	at asg06.Expression.&lt;init&gt;(Expression.java:4)
	at asg06.Expression.&lt;init&gt;(Expression.java:4)
	at asg06.Expression.&lt;init&gt;(Expression.java:4)
	at asg06.Expression.&lt;init&gt;(Expression.java:4)
	at asg06.Expression.&lt;init&gt;(Expression.java:4)
	at asg06.Expression.&lt;init&gt;(Expression.java:4)
	at asg06.Expression.&lt;init&gt;(Expression.java:4)
	at asg06.Expression.&lt;init&gt;(Expression.java:4)
	at asg06.Expression.&lt;init&gt;(Expression.java:4)
	at asg06.Expression.&lt;init&gt;(Expression.java:4)
	at asg06.Expression.&lt;init&gt;(Expression.java:4)
	at asg06.Expression.&lt;init&gt;(Expression.java:4)
	at asg06.Expression.&lt;init&gt;(Expression.java:4)
	at asg06.Expression.&lt;init&gt;(Expression.java:4)
	at asg06.Expression.&lt;init&gt;(Expression.java:4)
	at asg06.Expression.&lt;init&gt;(Expression.java:4)
	at asg06.Expression.&lt;init&gt;(Expression.java:4)
	at asg06.Expression.&lt;init&gt;(Expression.java:4)
	at asg06.Expression.&lt;init&gt;(Expression.java:4)
	at asg06.Expression.&lt;init&gt;(Expression.java:4)
	at asg06.Expression.&lt;init&gt;(Expression.java:4)
	at asg06.Expression.&lt;init&gt;(Expression.java:4)
	at asg06.Expression.&lt;init&gt;(Expression.java:4)
	at asg06.Expression.&lt;init&gt;(Expression.java:4)
	at asg06.Expression.&lt;init&gt;(Expression.java:4)
	at asg06.Expression.&lt;init&gt;(Expression.java:4)
	at asg06.Expression.&lt;init&gt;(Expression.java:4)
	at asg06.Expression.&lt;init&gt;(Expression.java:4)
	at asg06.Expression.&lt;init&gt;(Expression.java:4)
	at asg06.Expression.&lt;init&gt;(Expression.java:4)
	at asg06.Expression.&lt;init&gt;(Expression.java:4)
	at asg06.Expression.&lt;init&gt;(Expression.java:4)
	at asg06.Expression.&lt;init&gt;(Expression.java:4)
	at asg06.Expression.&lt;init&gt;(Expression.java:4)
	at asg06.Expression.&lt;init&gt;(Expression.java:4)
	at asg06.Expression.&lt;init&gt;(Expression.java:4)
	at asg06.Expression.&lt;init&gt;(Expression.java:4)
	at asg06.Expression.&lt;init&gt;(Expression.java:4)
	at asg06.Expression.&lt;init&gt;(Expression.java:4)
	at asg06.Expression.&lt;init&gt;(Expression.java:4)
	at asg06.Expression.&lt;init&gt;(Expression.java:4)
	at asg06.Expression.&lt;init&gt;(Expression.java:4)
	at asg06.Expression.&lt;init&gt;(Expression.java:4)
	at asg06.Expression.&lt;init&gt;(Expression.java:4)
	at asg06.Expression.&lt;init&gt;(Expression.java:4)
	at asg06.Expression.&lt;init&gt;(Expression.java:4)
	at asg06.Expression.&lt;init&gt;(Expression.java:4)
	at asg06.Expression.&lt;init&gt;(Expression.java:4)
	at asg06.Expression.&lt;init&gt;(Expression.java:4)
	at asg06.Expression.&lt;init&gt;(Expression.java:4)
	at asg06.Expression.&lt;init&gt;(Expression.java:4)
	at asg06.Expression.&lt;init&gt;(Expression.java:4)
	at asg06.Expression.&lt;init&gt;(Expression.java:4)
	at asg06.Expression.&lt;init&gt;(Expression.java:4)
	at asg06.Expression.&lt;init&gt;(Expression.java:4)
	at asg06.Expression.&lt;init&gt;(Expression.java:4)
	at asg06.Expression.&lt;init&gt;(Expression.java:4)
	at asg06.Expression.&lt;init&gt;(Expression.java:4)
	at asg06.Expression.&lt;init&gt;(Expression.java:4)
	at asg06.Expression.&lt;init&gt;(Expression.java:4)
	at asg06.Expression.&lt;init&gt;(Expression.java:4)
	at asg06.Expression.&lt;init&gt;(Expression.java:4)
	at asg06.Expression.&lt;init&gt;(Expression.java:4)
	at asg06.Expression.&lt;init&gt;(Expression.java:4)
	at asg06.Expression.&lt;init&gt;(Expression.java:4)
	at asg06.Expression.&lt;init&gt;(Expression.java:4)
	at asg06.Expression.&lt;init&gt;(Expression.java:4)
	at asg06.Expression.&lt;init&gt;(Expression.java:4)
	at asg06.Expression.&lt;init&gt;(Expression.java:4)
	at asg06.Expression.&lt;init&gt;(Expression.java:4)
	at asg06.Expression.&lt;init&gt;(Expression.java:4)
	at asg06.Expression.&lt;init&gt;(Expression.java:4)
	at asg06.Expression.&lt;init&gt;(Expression.java:4)
	at asg06.Expression.&lt;init&gt;(Expression.java:4)
	at asg06.Expression.&lt;init&gt;(Expression.java:4)
	at asg06.Expression.&lt;init&gt;(Expression.java:4)
	at asg06.Expression.&lt;init&gt;(Expression.java:4)
	at asg06.Expression.&lt;init&gt;(Expression.java:4)
	at asg06.Expression.&lt;init&gt;(Expression.java:4)
	at asg06.Expression.&lt;init&gt;(Expression.java:4)
	at asg06.Expression.&lt;init&gt;(Expression.java:4)
	at asg06.Expression.&lt;init&gt;(Expression.java:4)
	at asg06.Expression.&lt;init&gt;(Expression.java:4)
	at asg06.Expression.&lt;init&gt;(Expression.java:4)
	at asg06.Expression.&lt;init&gt;(Expression.java:4)
	at asg06.Expression.&lt;init&gt;(Expression.java:4)
	at asg06.Expression.&lt;init&gt;(Expression.java:4)
	at asg06.Expression.&lt;init&gt;(Expression.java:4)
	at asg06.Expression.&lt;init&gt;(Expression.java:4)
	at asg06.Expression.&lt;init&gt;(Expression.java:4)
	at asg06.Expression.&lt;init&gt;(Expression.java:4)
	at asg06.Expression.&lt;init&gt;(Expression.java:4)
	at asg06.Expression.&lt;init&gt;(Expression.java:4)
	at asg06.Expression.&lt;init&gt;(Expression.java:4)
	at asg06.Expression.&lt;init&gt;(Expression.java:4)
	at asg06.Expression.&lt;init&gt;(Expression.java:4)
	at asg06.Expression.&lt;init&gt;(Expression.java:4)
	at asg06.Expression.&lt;init&gt;(Expression.java:4)
	at asg06.Expression.&lt;init&gt;(Expression.java:4)
	at asg06.Expression.&lt;init&gt;(Expression.java:4)
	at asg06.Expression.&lt;init&gt;(Expression.java:4)
	at asg06.Expression.&lt;init&gt;(Expression.java:4)
	at asg06.Expression.&lt;init&gt;(Expression.java:4)
	at asg06.Expression.&lt;init&gt;(Expression.java:4)
	at asg06.Expression.&lt;init&gt;(Expression.java:4)
	at asg06.Expression.&lt;init&gt;(Expression.java:4)
	at asg06.Expression.&lt;init&gt;(Expression.java:4)
	at asg06.Expression.&lt;init&gt;(Expression.java:4)
	at asg06.Expression.&lt;init&gt;(Expression.java:4)
	at asg06.Expression.&lt;init&gt;(Expression.java:4)
	at asg06.Expression.&lt;init&gt;(Expression.java:4)
	at asg06.Expression.&lt;init&gt;(Expression.java:4)
	at asg06.Expression.&lt;init&gt;(Expression.java:4)
	at asg06.Expression.&lt;init&gt;(Expression.java:4)
	at asg06.Expression.&lt;init&gt;(Expression.java:4)
	at asg06.Expression.&lt;init&gt;(Expression.java:4)
	at asg06.Expression.&lt;init&gt;(Expression.java:4)
	at asg06.Expression.&lt;init&gt;(Expression.java:4)
	at asg06.Expression.&lt;init&gt;(Expression.java:4)
	at asg06.Expression.&lt;init&gt;(Expression.java:4)
	at asg06.Expression.&lt;init&gt;(Expression.java:4)
	at asg06.Expression.&lt;init&gt;(Expression.java:4)
	at asg06.Expression.&lt;init&gt;(Expression.java:4)
	at asg06.Expression.&lt;init&gt;(Expression.java:4)
	at asg06.Expression.&lt;init&gt;(Expression.java:4)
	at asg06.Expression.&lt;init&gt;(Expression.java:4)
	at asg06.Expression.&lt;init&gt;(Expression.java:4)
	at asg06.Expression.&lt;init&gt;(Expression.java:4)
	at asg06.Expression.&lt;init&gt;(Expression.java:4)
	at asg06.Expression.&lt;init&gt;(Expression.java:4)
	at asg06.Expression.&lt;init&gt;(Expression.java:4)
	at asg06.Expression.&lt;init&gt;(Expression.java:4)
	at asg06.Expression.&lt;init&gt;(Expression.java:4)
	at asg06.Expression.&lt;init&gt;(Expression.java:4)
	at asg06.Expression.&lt;init&gt;(Expression.java:4)
	at asg06.Expression.&lt;init&gt;(Expression.java:4)
	at asg06.Expression.&lt;init&gt;(Expression.java:4)
	at asg06.Expression.&lt;init&gt;(Expression.java:4)
	at asg06.Expression.&lt;init&gt;(Expression.java:4)
	at asg06.Expression.&lt;init&gt;(Expression.java:4)
	at asg06.Expression.&lt;init&gt;(Expression.java:4)
	at asg06.Expression.&lt;init&gt;(Expression.java:4)
	at asg06.Expression.&lt;init&gt;(Expression.java:4)
	at asg06.Expression.&lt;init&gt;(Expression.java:4)
	at asg06.Expression.&lt;init&gt;(Expression.java:4)
	at asg06.Expression.&lt;init&gt;(Expression.java:4)
	at asg06.Expression.&lt;init&gt;(Expression.java:4)
	at asg06.Expression.&lt;init&gt;(Expression.java:4)
	at asg06.Expression.&lt;init&gt;(Expression.java:4)
	at asg06.Expression.&lt;init&gt;(Expression.java:4)
	at asg06.Expression.&lt;init&gt;(Expression.java:4)
	at asg06.Expression.&lt;init&gt;(Expression.java:4)
	at asg06.Expression.&lt;init&gt;(Expression.java:4)
	at asg06.Expression.&lt;init&gt;(Expression.java:4)
	at asg06.Expression.&lt;init&gt;(Expression.java:4)
	at asg06.Expression.&lt;init&gt;(Expression.java:4)
	at asg06.Expression.&lt;init&gt;(Expression.java:4)
	at asg06.Expression.&lt;init&gt;(Expression.java:4)
	at asg06.Expression.&lt;init&gt;(Expression.java:4)
	at asg06.Expression.&lt;init&gt;(Expression.java:4)
	at asg06.Expression.&lt;init&gt;(Expression.java:4)
	at asg06.Expression.&lt;init&gt;(Expression.java:4)
	at asg06.Expression.&lt;init&gt;(Expression.java:4)
	at asg06.Expression.&lt;init&gt;(Expression.java:4)
	at asg06.Expression.&lt;init&gt;(Expression.java:4)
	at asg06.Expression.&lt;init&gt;(Expression.java:4)
	at asg06.Expression.&lt;init&gt;(Expression.java:4)
	at asg06.Expression.&lt;init&gt;(Expression.java:4)
	at asg06.Expression.&lt;init&gt;(Expression.java:4)
	at asg06.Expression.&lt;init&gt;(Expression.java:4)
	at asg06.Expression.&lt;init&gt;(Expression.java:4)
	at asg06.Expression.&lt;init&gt;(Expression.java:4)
	at asg06.Expression.&lt;init&gt;(Expression.java:4)
	at asg06.Expression.&lt;init&gt;(Expression.java:4)
	at asg06.Expression.&lt;init&gt;(Expression.java:4)
	at asg06.Expression.&lt;init&gt;(Expression.java:4)
	at asg06.Expression.&lt;init&gt;(Expression.java:4)
	at asg06.Expression.&lt;init&gt;(Expression.java:4)
	at asg06.Expression.&lt;init&gt;(Expression.java:4)
	at asg06.Expression.&lt;init&gt;(Expression.java:4)
	at asg06.Expression.&lt;init&gt;(Expression.java:4)
	at asg06.Expression.&lt;init&gt;(Expression.java:4)
	at asg06.Expression.&lt;init&gt;(Expression.java:4)
	at asg06.Expression.&lt;init&gt;(Expression.java:4)
	at asg06.Expression.&lt;init&gt;(Expression.java:4)
	at asg06.Expression.&lt;init&gt;(Expression.java:4)
	at asg06.Expression.&lt;init&gt;(Expression.java:4)
	at asg06.Expression.&lt;init&gt;(Expression.java:4)
	at asg06.Expression.&lt;init&gt;(Expression.java:4)
	at asg06.Expression.&lt;init&gt;(Expression.java:4)
	at asg06.Expression.&lt;init&gt;(Expression.java:4)
	at asg06.Expression.&lt;init&gt;(Expression.java:4)
	at asg06.Expression.&lt;init&gt;(Expression.java:4)
	at asg06.Expression.&lt;init&gt;(Expression.java:4)
	at asg06.Expression.&lt;init&gt;(Expression.java:4)
	at asg06.Expression.&lt;init&gt;(Expression.java:4)
	at asg06.Expression.&lt;init&gt;(Expression.java:4)
	at asg06.Expression.&lt;init&gt;(Expression.java:4)
	at asg06.Expression.&lt;init&gt;(Expression.java:4)
	at asg06.Expression.&lt;init&gt;(Expression.java:4)
	at asg06.Expression.&lt;init&gt;(Expression.java:4)
	at asg06.Expression.&lt;init&gt;(Expression.java:4)
	at asg06.Expression.&lt;init&gt;(Expression.java:4)
	at asg06.Expression.&lt;init&gt;(Expression.java:4)
	at asg06.Expression.&lt;init&gt;(Expression.java:4)
	at asg06.Expression.&lt;init&gt;(Expression.java:4)
	at asg06.Expression.&lt;init&gt;(Expression.java:4)
	at asg06.Expression.&lt;init&gt;(Expression.java:4)
	at asg06.Expression.&lt;init&gt;(Expression.java:4)
	at asg06.Expression.&lt;init&gt;(Expression.java:4)
	at asg06.Expression.&lt;init&gt;(Expression.java:4)
	at asg06.Expression.&lt;init&gt;(Expression.java:4)
	at asg06.Expression.&lt;init&gt;(Expression.java:4)
	at asg06.Expression.&lt;init&gt;(Expression.java:4)
	at asg06.Expression.&lt;init&gt;(Expression.java:4)
	at asg06.Expression.&lt;init&gt;(Expression.java:4)
	at asg06.Expression.&lt;init&gt;(Expression.java:4)
	at asg06.Expression.&lt;init&gt;(Expression.java:4)
	at asg06.Expression.&lt;init&gt;(Expression.java:4)
	at asg06.Expression.&lt;init&gt;(Expression.java:4)
	at asg06.Expression.&lt;init&gt;(Expression.java:4)
	at asg06.Expression.&lt;init&gt;(Expression.java:4)
	at asg06.Expression.&lt;init&gt;(Expression.java:4)
	at asg06.Expression.&lt;init&gt;(Expression.java:4)
	at asg06.Expression.&lt;init&gt;(Expression.java:4)
	at asg06.Expression.&lt;init&gt;(Expression.java:4)
	at asg06.Expression.&lt;init&gt;(Expression.java:4)
	at asg06.Expression.&lt;init&gt;(Expression.java:4)
	at asg06.Expression.&lt;init&gt;(Expression.java:4)
	at asg06.Expression.&lt;init&gt;(Expression.java:4)
	at asg06.Expression.&lt;init&gt;(Expression.java:4)
	at asg06.Expression.&lt;init&gt;(Expression.java:4)
	at asg06.Expression.&lt;init&gt;(Expression.java:4)
	at asg06.Expression.&lt;init&gt;(Expression.java:4)
	at asg06.Expression.&lt;init&gt;(Expression.java:4)
	at asg06.Expression.&lt;init&gt;(Expression.java:4)
	at asg06.Expression.&lt;init&gt;(Expression.java:4)
	at asg06.Expression.&lt;init&gt;(Expression.java:4)
	at asg06.Expression.&lt;init&gt;(Expression.java:4)
	at asg06.Expression.&lt;init&gt;(Expression.java:4)
	at asg06.Expression.&lt;init&gt;(Expression.java:4)
	at asg06.Expression.&lt;init&gt;(Expression.java:4)
	at asg06.Expression.&lt;init&gt;(Expression.java:4)
	at asg06.Expression.&lt;init&gt;(Expression.java:4)
	at asg06.Expression.&lt;init&gt;(Expression.java:4)
	at asg06.Expression.&lt;init&gt;(Expression.java:4)
	at asg06.Expression.&lt;init&gt;(Expression.java:4)
	at asg06.Expression.&lt;init&gt;(Expression.java:4)
	at asg06.Expression.&lt;init&gt;(Expression.java:4)
	at asg06.Expression.&lt;init&gt;(Expression.java:4)
	at asg06.Expression.&lt;init&gt;(Expression.java:4)
	at asg06.Expression.&lt;init&gt;(Expression.java:4)
	at asg06.Expression.&lt;init&gt;(Expression.java:4)
	at asg06.Expression.&lt;init&gt;(Expression.java:4)
	at asg06.Expression.&lt;init&gt;(Expression.java:4)
	at asg06.Expression.&lt;init&gt;(Expression.java:4)
	at asg06.Expression.&lt;init&gt;(Expression.java:4)
	at asg06.Expression.&lt;init&gt;(Expression.java:4)
	at asg06.Expression.&lt;init&gt;(Expression.java:4)
	at asg06.Expression.&lt;init&gt;(Expression.java:4)
	at asg06.Expression.&lt;init&gt;(Expression.java:4)
	at asg06.Expression.&lt;init&gt;(Expression.java:4)
	at asg06.Expression.&lt;init&gt;(Expression.java:4)
	at asg06.Expression.&lt;init&gt;(Expression.java:4)
	at asg06.Expression.&lt;init&gt;(Expression.java:4)
	at asg06.Expression.&lt;init&gt;(Expression.java:4)
	at asg06.Expression.&lt;init&gt;(Expression.java:4)
	at asg06.Expression.&lt;init&gt;(Expression.java:4)
	at asg06.Expression.&lt;init&gt;(Expression.java:4)
	at asg06.Expression.&lt;init&gt;(Expression.java:4)
	at asg06.Expression.&lt;init&gt;(Expression.java:4)
	at asg06.Expression.&lt;init&gt;(Expression.java:4)
	at asg06.Expression.&lt;init&gt;(Expression.java:4)
	at asg06.Expression.&lt;init&gt;(Expression.java:4)
	at asg06.Expression.&lt;init&gt;(Expression.java:4)
	at asg06.Expression.&lt;init&gt;(Expression.java:4)
	at asg06.Expression.&lt;init&gt;(Expression.java:4)
	at asg06.Expression.&lt;init&gt;(Expression.java:4)
	at asg06.Expression.&lt;init&gt;(Expression.java:4)
	at asg06.Expression.&lt;init&gt;(Expression.java:4)
	at asg06.Expression.&lt;init&gt;(Expression.java:4)
	at asg06.Expression.&lt;init&gt;(Expression.java:4)
	at asg06.Expression.&lt;init&gt;(Expression.java:4)
	at asg06.Expression.&lt;init&gt;(Expression.java:4)
	at asg06.Expression.&lt;init&gt;(Expression.java:4)
	at asg06.Expression.&lt;init&gt;(Expression.java:4)
	at asg06.Expression.&lt;init&gt;(Expression.java:4)
	at asg06.Expression.&lt;init&gt;(Expression.java:4)
	at asg06.Expression.&lt;init&gt;(Expression.java:4)
	at asg06.Expression.&lt;init&gt;(Expression.java:4)
	at asg06.Expression.&lt;init&gt;(Expression.java:4)
	at asg06.Expression.&lt;init&gt;(Expression.java:4)
	at asg06.Expression.&lt;init&gt;(Expression.java:4)
	at asg06.Expression.&lt;init&gt;(Expression.java:4)
	at asg06.Expression.&lt;init&gt;(Expression.java:4)
	at asg06.Expression.&lt;init&gt;(Expression.java:4)
	at asg06.Expression.&lt;init&gt;(Expression.java:4)
	at asg06.Expression.&lt;init&gt;(Expression.java:4)
	at asg06.Expression.&lt;init&gt;(Expression.java:4)
	at asg06.Expression.&lt;init&gt;(Expression.java:4)
	at asg06.Expression.&lt;init&gt;(Expression.java:4)
	at asg06.Expression.&lt;init&gt;(Expression.java:4)
	at asg06.Expression.&lt;init&gt;(Expression.java:4)
	at asg06.Expression.&lt;init&gt;(Expression.java:4)
	at asg06.Expression.&lt;init&gt;(Expression.java:4)
	at asg06.Expression.&lt;init&gt;(Expression.java:4)
	at asg06.Expression.&lt;init&gt;(Expression.java:4)
	at asg06.Expression.&lt;init&gt;(Expression.java:4)
	at asg06.Expression.&lt;init&gt;(Expression.java:4)
	at asg06.Expression.&lt;init&gt;(Expression.java:4)
	at asg06.Expression.&lt;init&gt;(Expression.java:4)
	at asg06.Expression.&lt;init&gt;(Expression.java:4)
	at asg06.Expression.&lt;init&gt;(Expression.java:4)
	at asg06.Expression.&lt;init&gt;(Expression.java:4)
	at asg06.Expression.&lt;init&gt;(Expression.java:4)
	at asg06.Expression.&lt;init&gt;(Expression.java:4)
	at asg06.Expression.&lt;init&gt;(Expression.java:4)
	at asg06.Expression.&lt;init&gt;(Expression.java:4)
	at asg06.Expression.&lt;init&gt;(Expression.java:4)
	at asg06.Expression.&lt;init&gt;(Expression.java:4)
	at asg06.Expression.&lt;init&gt;(Expression.java:4)
	at asg06.Expression.&lt;init&gt;(Expression.java:4)
	at asg06.Expression.&lt;init&gt;(Expression.java:4)
	at asg06.Expression.&lt;init&gt;(Expression.java:4)
	at asg06.Expression.&lt;init&gt;(Expression.java:4)
	at asg06.Expression.&lt;init&gt;(Expression.java:4)
	at asg06.Expression.&lt;init&gt;(Expression.java:4)
	at asg06.Expression.&lt;init&gt;(Expression.java:4)
	at asg06.Expression.&lt;init&gt;(Expression.java:4)
	at asg06.Expression.&lt;init&gt;(Expression.java:4)
	at asg06.Expression.&lt;init&gt;(Expression.java:4)
	at asg06.Expression.&lt;init&gt;(Expression.java:4)
	at asg06.Expression.&lt;init&gt;(Expression.java:4)
	at asg06.Expression.&lt;init&gt;(Expression.java:4)
	at asg06.Expression.&lt;init&gt;(Expression.java:4)
	at asg06.Expression.&lt;init&gt;(Expression.java:4)
	at asg06.Expression.&lt;init&gt;(Expression.java:4)
	at asg06.Expression.&lt;init&gt;(Expression.java:4)
	at asg06.Expression.&lt;init&gt;(Expression.java:4)
	at asg06.Expression.&lt;init&gt;(Expression.java:4)
	at asg06.Expression.&lt;init&gt;(Expression.java:4)
	at asg06.Expression.&lt;init&gt;(Expression.java:4)
	at asg06.Expression.&lt;init&gt;(Expression.java:4)
	at asg06.Expression.&lt;init&gt;(Expression.java:4)
	at asg06.Expression.&lt;init&gt;(Expression.java:4)
	at asg06.Expression.&lt;init&gt;(Expression.java:4)
	at asg06.Expression.&lt;init&gt;(Expression.java:4)
	at asg06.Expression.&lt;init&gt;(Expression.java:4)
	at asg06.Expression.&lt;init&gt;(Expression.java:4)
	at asg06.Expression.&lt;init&gt;(Expression.java:4)
	at asg06.Expression.&lt;init&gt;(Expression.java:4)
	at asg06.Expression.&lt;init&gt;(Expression.java:4)
	at asg06.Expression.&lt;init&gt;(Expression.java:4)
	at asg06.Expression.&lt;init&gt;(Expression.java:4)
	at asg06.Expression.&lt;init&gt;(Expression.java:4)
	at asg06.Expression.&lt;init&gt;(Expression.java:4)
	at asg06.Expression.&lt;init&gt;(Expression.java:4)
	at asg06.Expression.&lt;init&gt;(Expression.java:4)
	at asg06.Expression.&lt;init&gt;(Expression.java:4)
	at asg06.Expression.&lt;init&gt;(Expression.java:4)
	at asg06.Expression.&lt;init&gt;(Expression.java:4)
	at asg06.Expression.&lt;init&gt;(Expression.java:4)
	at asg06.Expression.&lt;init&gt;(Expression.java:4)
	at asg06.Expression.&lt;init&gt;(Expression.java:4)
	at asg06.Expression.&lt;init&gt;(Expression.java:4)
	at asg06.Expression.&lt;init&gt;(Expression.java:4)
	at asg06.Expression.&lt;init&gt;(Expression.java:4)
	at asg06.Expression.&lt;init&gt;(Expression.java:4)
	at asg06.Expression.&lt;init&gt;(Expression.java:4)
	at asg06.Expression.&lt;init&gt;(Expression.java:4)
	at asg06.Expression.&lt;init&gt;(Expression.java:4)
	at asg06.Expression.&lt;init&gt;(Expression.java:4)
	at asg06.Expression.&lt;init&gt;(Expression.java:4)
	at asg06.Expression.&lt;init&gt;(Expression.java:4)
	at asg06.Expression.&lt;init&gt;(Expression.java:4)
	at asg06.Expression.&lt;init&gt;(Expression.java:4)
	at asg06.Expression.&lt;init&gt;(Expression.java:4)
	at asg06.Expression.&lt;init&gt;(Expression.java:4)
	at asg06.Expression.&lt;init&gt;(Expression.java:4)
	at asg06.Expression.&lt;init&gt;(Expression.java:4)
	at asg06.Expression.&lt;init&gt;(Expression.java:4)
	at asg06.Expression.&lt;init&gt;(Expression.java:4)
	at asg06.Expression.&lt;init&gt;(Expression.java:4)
	at asg06.Expression.&lt;init&gt;(Expression.java:4)
	at asg06.Expression.&lt;init&gt;(Expression.java:4)
	at asg06.Expression.&lt;init&gt;(Expression.java:4)
	at asg06.Expression.&lt;init&gt;(Expression.java:4)
	at asg06.Expression.&lt;init&gt;(Expression.java:4)
	at asg06.Expression.&lt;init&gt;(Expression.java:4)
	at asg06.Expression.&lt;init&gt;(Expression.java:4)
	at asg06.Expression.&lt;init&gt;(Expression.java:4)
	at asg06.Expression.&lt;init&gt;(Expression.java:4)
	at asg06.Expression.&lt;init&gt;(Expression.java:4)
	at asg06.Expression.&lt;init&gt;(Expression.java:4)
	at asg06.Expression.&lt;init&gt;(Expression.java:4)
	at asg06.Expression.&lt;init&gt;(Expression.java:4)
	at asg06.Expression.&lt;init&gt;(Expression.java:4)
	at asg06.Expression.&lt;init&gt;(Expression.java:4)
	at asg06.Expression.&lt;init&gt;(Expression.java:4)
	at asg06.Expression.&lt;init&gt;(Expression.java:4)
	at asg06.Expression.&lt;init&gt;(Expression.java:4)
	at asg06.Expression.&lt;init&gt;(Expression.java:4)
	at asg06.Expression.&lt;init&gt;(Expression.java:4)
	at asg06.Expression.&lt;init&gt;(Expression.java:4)
	at asg06.Expression.&lt;init&gt;(Expression.java:4)
	at asg06.Expression.&lt;init&gt;(Expression.java:4)
	at asg06.Expression.&lt;init&gt;(Expression.java:4)
	at asg06.Expression.&lt;init&gt;(Expression.java:4)
	at asg06.Expression.&lt;init&gt;(Expression.java:4)
	at asg06.Expression.&lt;init&gt;(Expression.java:4)
	at asg06.Expression.&lt;init&gt;(Expression.java:4)
	at asg06.Expression.&lt;init&gt;(Expression.java:4)
	at asg06.Expression.&lt;init&gt;(Expression.java:4)
	at asg06.Expression.&lt;init&gt;(Expression.java:4)
	at asg06.Expression.&lt;init&gt;(Expression.java:4)
	at asg06.Expression.&lt;init&gt;(Expression.java:4)
	at asg06.Expression.&lt;init&gt;(Expression.java:4)
	at asg06.Expression.&lt;init&gt;(Expression.java:4)
	at asg06.Expression.&lt;init&gt;(Expression.java:4)
	at asg06.Expression.&lt;init&gt;(Expression.java:4)
	at asg06.Expression.&lt;init&gt;(Expression.java:4)
	at asg06.Expression.&lt;init&gt;(Expression.java:4)
	at asg06.Expression.&lt;init&gt;(Expression.java:4)
	at asg06.Expression.&lt;init&gt;(Expression.java:4)
	at asg06.Expression.&lt;init&gt;(Expression.java:4)
	at asg06.Expression.&lt;init&gt;(Expression.java:4)
	at asg06.Expression.&lt;init&gt;(Expression.java:4)
	at asg06.Expression.&lt;init&gt;(Expression.java:4)
	at asg06.Expression.&lt;init&gt;(Expression.java:4)
	at asg06.Expression.&lt;init&gt;(Expression.java:4)
	at asg06.Expression.&lt;init&gt;(Expression.java:4)
	at asg06.Expression.&lt;init&gt;(Expression.java:4)
	at asg06.Expression.&lt;init&gt;(Expression.java:4)
	at asg06.Expression.&lt;init&gt;(Expression.java:4)
	at asg06.Expression.&lt;init&gt;(Expression.java:4)
	at asg06.Expression.&lt;init&gt;(Expression.java:4)
	at asg06.Expression.&lt;init&gt;(Expression.java:4)
	at asg06.Expression.&lt;init&gt;(Expression.java:4)
	at asg06.Expression.&lt;init&gt;(Expression.java:4)
	at asg06.Expression.&lt;init&gt;(Expression.java:4)
	at asg06.Expression.&lt;init&gt;(Expression.java:4)
	at asg06.Expression.&lt;init&gt;(Expression.java:4)
	at asg06.Expression.&lt;init&gt;(Expression.java:4)
	at asg06.Expression.&lt;init&gt;(Expression.java:4)
	at asg06.Expression.&lt;init&gt;(Expression.java:4)
	at asg06.Expression.&lt;init&gt;(Expression.java:4)
	at asg06.Expression.&lt;init&gt;(Expression.java:4)
	at asg06.Expression.&lt;init&gt;(Expression.java:4)
	at asg06.Expression.&lt;init&gt;(Expression.java:4)
	at asg06.Expression.&lt;init&gt;(Expression.java:4)
	at asg06.Expression.&lt;init&gt;(Expression.java:4)
	at asg06.Expression.&lt;init&gt;(Expression.java:4)
	at asg06.Expression.&lt;init&gt;(Expression.java:4)
	at asg06.Expression.&lt;init&gt;(Expression.java:4)
	at asg06.Expression.&lt;init&gt;(Expression.java:4)
	at asg06.Expression.&lt;init&gt;(Expression.java:4)
	at asg06.Expression.&lt;init&gt;(Expression.java:4)
	at asg06.Expression.&lt;init&gt;(Expression.java:4)
	at asg06.Expression.&lt;init&gt;(Expression.java:4)
	at asg06.Expression.&lt;init&gt;(Expression.java:4)
	at asg06.Expression.&lt;init&gt;(Expression.java:4)
	at asg06.Expression.&lt;init&gt;(Expression.java:4)
	at asg06.Expression.&lt;init&gt;(Expression.java:4)
	at asg06.Expression.&lt;init&gt;(Expression.java:4)
	at asg06.Expression.&lt;init&gt;(Expression.java:4)
	at asg06.Expression.&lt;init&gt;(Expression.java:4)
	at asg06.Expression.&lt;init&gt;(Expression.java:4)
	at asg06.Expression.&lt;init&gt;(Expression.java:4)
	at asg06.Expression.&lt;init&gt;(Expression.java:4)
	at asg06.Expression.&lt;init&gt;(Expression.java:4)
	at asg06.Expression.&lt;init&gt;(Expression.java:4)
	at asg06.Expression.&lt;init&gt;(Expression.java:4)
	at asg06.Expression.&lt;init&gt;(Expression.java:4)
	at asg06.Expression.&lt;init&gt;(Expression.java:4)
	at asg06.Expression.&lt;init&gt;(Expression.java:4)
	at asg06.Expression.&lt;init&gt;(Expression.java:4)
	at asg06.Expression.&lt;init&gt;(Expression.java:4)
	at asg06.Expression.&lt;init&gt;(Expression.java:4)
	at asg06.Expression.&lt;init&gt;(Expression.java:4)
	at asg06.Expression.&lt;init&gt;(Expression.java:4)
	at asg06.Expression.&lt;init&gt;(Expression.java:4)
	at asg06.Expression.&lt;init&gt;(Expression.java:4)
	at asg06.Expression.&lt;init&gt;(Expression.java:4)
	at asg06.Expression.&lt;init&gt;(Expression.java:4)
	at asg06.Expression.&lt;init&gt;(Expression.java:4)
	at asg06.Expression.&lt;init&gt;(Expression.java:4)
	at asg06.Expression.&lt;init&gt;(Expression.java:4)
	at asg06.Expression.&lt;init&gt;(Expression.java:4)
	at asg06.Expression.&lt;init&gt;(Expression.java:4)
	at asg06.Expression.&lt;init&gt;(Expression.java:4)
	at asg06.Expression.&lt;init&gt;(Expression.java:4)
	at asg06.Expression.&lt;init&gt;(Expression.java:4)
	at asg06.Expression.&lt;init&gt;(Expression.java:4)
	at asg06.Expression.&lt;init&gt;(Expression.java:4)
	at asg06.Expression.&lt;init&gt;(Expression.java:4)
	at asg06.Expression.&lt;init&gt;(Expression.java:4)
	at asg06.Expression.&lt;init&gt;(Expression.java:4)
	at asg06.Expression.&lt;init&gt;(Expression.java:4)
	at asg06.Expression.&lt;init&gt;(Expression.java:4)
	at asg06.Expression.&lt;init&gt;(Expression.java:4)
	at asg06.Expression.&lt;init&gt;(Expression.java:4)
	at asg06.Expression.&lt;init&gt;(Expression.java:4)
	at asg06.Expression.&lt;init&gt;(Expression.java:4)
	at asg06.Expression.&lt;init&gt;(Expression.java:4)
	at asg06.Expression.&lt;init&gt;(Expression.java:4)
	at asg06.Expression.&lt;init&gt;(Expression.java:4)
	at asg06.Expression.&lt;init&gt;(Expression.java:4)
	at asg06.Expression.&lt;init&gt;(Expression.java:4)
	at asg06.Expression.&lt;init&gt;(Expression.java:4)
	at asg06.Expression.&lt;init&gt;(Expression.java:4)
	at asg06.Expression.&lt;init&gt;(Expression.java:4)
	at asg06.Expression.&lt;init&gt;(Expression.java:4)
	at asg06.Expression.&lt;init&gt;(Expression.java:4)
	at asg06.Expression.&lt;init&gt;(Expression.java:4)
	at asg06.Expression.&lt;init&gt;(Expression.java:4)
	at asg06.Expression.&lt;init&gt;(Expression.java:4)
	at asg06.Expression.&lt;init&gt;(Expression.java:4)
	at asg06.Expression.&lt;init&gt;(Expression.java:4)
</error>
  </testcase>
  <testcase classname="asg06.TestExpression" name="testSubtractionWithParenthesesToString" time="0.008">
    <error type="java.lang.StackOverflowError">java.lang.StackOverflowError
	at asg06.Expression.&lt;init&gt;(Expression.java:4)
	at asg06.Expression.&lt;init&gt;(Expression.java:4)
	at asg06.Expression.&lt;init&gt;(Expression.java:4)
	at asg06.Expression.&lt;init&gt;(Expression.java:4)
	at asg06.Expression.&lt;init&gt;(Expression.java:4)
	at asg06.Expression.&lt;init&gt;(Expression.java:4)
	at asg06.Expression.&lt;init&gt;(Expression.java:4)
	at asg06.Expression.&lt;init&gt;(Expression.java:4)
	at asg06.Expression.&lt;init&gt;(Expression.java:4)
	at asg06.Expression.&lt;init&gt;(Expression.java:4)
	at asg06.Expression.&lt;init&gt;(Expression.java:4)
	at asg06.Expression.&lt;init&gt;(Expression.java:4)
	at asg06.Expression.&lt;init&gt;(Expression.java:4)
	at asg06.Expression.&lt;init&gt;(Expression.java:4)
	at asg06.Expression.&lt;init&gt;(Expression.java:4)
	at asg06.Expression.&lt;init&gt;(Expression.java:4)
	at asg06.Expression.&lt;init&gt;(Expression.java:4)
	at asg06.Expression.&lt;init&gt;(Expression.java:4)
	at asg06.Expression.&lt;init&gt;(Expression.java:4)
	at asg06.Expression.&lt;init&gt;(Expression.java:4)
	at asg06.Expression.&lt;init&gt;(Expression.java:4)
	at asg06.Expression.&lt;init&gt;(Expression.java:4)
	at asg06.Expression.&lt;init&gt;(Expression.java:4)
	at asg06.Expression.&lt;init&gt;(Expression.java:4)
	at asg06.Expression.&lt;init&gt;(Expression.java:4)
	at asg06.Expression.&lt;init&gt;(Expression.java:4)
	at asg06.Expression.&lt;init&gt;(Expression.java:4)
	at asg06.Expression.&lt;init&gt;(Expression.java:4)
	at asg06.Expression.&lt;init&gt;(Expression.java:4)
	at asg06.Expression.&lt;init&gt;(Expression.java:4)
	at asg06.Expression.&lt;init&gt;(Expression.java:4)
	at asg06.Expression.&lt;init&gt;(Expression.java:4)
	at asg06.Expression.&lt;init&gt;(Expression.java:4)
	at asg06.Expression.&lt;init&gt;(Expression.java:4)
	at asg06.Expression.&lt;init&gt;(Expression.java:4)
	at asg06.Expression.&lt;init&gt;(Expression.java:4)
	at asg06.Expression.&lt;init&gt;(Expression.java:4)
	at asg06.Expression.&lt;init&gt;(Expression.java:4)
	at asg06.Expression.&lt;init&gt;(Expression.java:4)
	at asg06.Expression.&lt;init&gt;(Expression.java:4)
	at asg06.Expression.&lt;init&gt;(Expression.java:4)
	at asg06.Expression.&lt;init&gt;(Expression.java:4)
	at asg06.Expression.&lt;init&gt;(Expression.java:4)
	at asg06.Expression.&lt;init&gt;(Expression.java:4)
	at asg06.Expression.&lt;init&gt;(Expression.java:4)
	at asg06.Expression.&lt;init&gt;(Expression.java:4)
	at asg06.Expression.&lt;init&gt;(Expression.java:4)
	at asg06.Expression.&lt;init&gt;(Expression.java:4)
	at asg06.Expression.&lt;init&gt;(Expression.java:4)
	at asg06.Expression.&lt;init&gt;(Expression.java:4)
	at asg06.Expression.&lt;init&gt;(Expression.java:4)
	at asg06.Expression.&lt;init&gt;(Expression.java:4)
	at asg06.Expression.&lt;init&gt;(Expression.java:4)
	at asg06.Expression.&lt;init&gt;(Expression.java:4)
	at asg06.Expression.&lt;init&gt;(Expression.java:4)
	at asg06.Expression.&lt;init&gt;(Expression.java:4)
	at asg06.Expression.&lt;init&gt;(Expression.java:4)
	at asg06.Expression.&lt;init&gt;(Expression.java:4)
	at asg06.Expression.&lt;init&gt;(Expression.java:4)
	at asg06.Expression.&lt;init&gt;(Expression.java:4)
	at asg06.Expression.&lt;init&gt;(Expression.java:4)
	at asg06.Expression.&lt;init&gt;(Expression.java:4)
	at asg06.Expression.&lt;init&gt;(Expression.java:4)
	at asg06.Expression.&lt;init&gt;(Expression.java:4)
	at asg06.Expression.&lt;init&gt;(Expression.java:4)
	at asg06.Expression.&lt;init&gt;(Expression.java:4)
	at asg06.Expression.&lt;init&gt;(Expression.java:4)
	at asg06.Expression.&lt;init&gt;(Expression.java:4)
	at asg06.Expression.&lt;init&gt;(Expression.java:4)
	at asg06.Expression.&lt;init&gt;(Expression.java:4)
	at asg06.Expression.&lt;init&gt;(Expression.java:4)
	at asg06.Expression.&lt;init&gt;(Expression.java:4)
	at asg06.Expression.&lt;init&gt;(Expression.java:4)
	at asg06.Expression.&lt;init&gt;(Expression.java:4)
	at asg06.Expression.&lt;init&gt;(Expression.java:4)
	at asg06.Expression.&lt;init&gt;(Expression.java:4)
	at asg06.Expression.&lt;init&gt;(Expression.java:4)
	at asg06.Expression.&lt;init&gt;(Expression.java:4)
	at asg06.Expression.&lt;init&gt;(Expression.java:4)
	at asg06.Expression.&lt;init&gt;(Expression.java:4)
	at asg06.Expression.&lt;init&gt;(Expression.java:4)
	at asg06.Expression.&lt;init&gt;(Expression.java:4)
	at asg06.Expression.&lt;init&gt;(Expression.java:4)
	at asg06.Expression.&lt;init&gt;(Expression.java:4)
	at asg06.Expression.&lt;init&gt;(Expression.java:4)
	at asg06.Expression.&lt;init&gt;(Expression.java:4)
	at asg06.Expression.&lt;init&gt;(Expression.java:4)
	at asg06.Expression.&lt;init&gt;(Expression.java:4)
	at asg06.Expression.&lt;init&gt;(Expression.java:4)
	at asg06.Expression.&lt;init&gt;(Expression.java:4)
	at asg06.Expression.&lt;init&gt;(Expression.java:4)
	at asg06.Expression.&lt;init&gt;(Expression.java:4)
	at asg06.Expression.&lt;init&gt;(Expression.java:4)
	at asg06.Expression.&lt;init&gt;(Expression.java:4)
	at asg06.Expression.&lt;init&gt;(Expression.java:4)
	at asg06.Expression.&lt;init&gt;(Expression.java:4)
	at asg06.Expression.&lt;init&gt;(Expression.java:4)
	at asg06.Expression.&lt;init&gt;(Expression.java:4)
	at asg06.Expression.&lt;init&gt;(Expression.java:4)
	at asg06.Expression.&lt;init&gt;(Expression.java:4)
	at asg06.Expression.&lt;init&gt;(Expression.java:4)
	at asg06.Expression.&lt;init&gt;(Expression.java:4)
	at asg06.Expression.&lt;init&gt;(Expression.java:4)
	at asg06.Expression.&lt;init&gt;(Expression.java:4)
	at asg06.Expression.&lt;init&gt;(Expression.java:4)
	at asg06.Expression.&lt;init&gt;(Expression.java:4)
	at asg06.Expression.&lt;init&gt;(Expression.java:4)
	at asg06.Expression.&lt;init&gt;(Expression.java:4)
	at asg06.Expression.&lt;init&gt;(Expression.java:4)
	at asg06.Expression.&lt;init&gt;(Expression.java:4)
	at asg06.Expression.&lt;init&gt;(Expression.java:4)
	at asg06.Expression.&lt;init&gt;(Expression.java:4)
	at asg06.Expression.&lt;init&gt;(Expression.java:4)
	at asg06.Expression.&lt;init&gt;(Expression.java:4)
	at asg06.Expression.&lt;init&gt;(Expression.java:4)
	at asg06.Expression.&lt;init&gt;(Expression.java:4)
	at asg06.Expression.&lt;init&gt;(Expression.java:4)
	at asg06.Expression.&lt;init&gt;(Expression.java:4)
	at asg06.Expression.&lt;init&gt;(Expression.java:4)
	at asg06.Expression.&lt;init&gt;(Expression.java:4)
	at asg06.Expression.&lt;init&gt;(Expression.java:4)
	at asg06.Expression.&lt;init&gt;(Expression.java:4)
	at asg06.Expression.&lt;init&gt;(Expression.java:4)
	at asg06.Expression.&lt;init&gt;(Expression.java:4)
	at asg06.Expression.&lt;init&gt;(Expression.java:4)
	at asg06.Expression.&lt;init&gt;(Expression.java:4)
	at asg06.Expression.&lt;init&gt;(Expression.java:4)
	at asg06.Expression.&lt;init&gt;(Expression.java:4)
	at asg06.Expression.&lt;init&gt;(Expression.java:4)
	at asg06.Expression.&lt;init&gt;(Expression.java:4)
	at asg06.Expression.&lt;init&gt;(Expression.java:4)
	at asg06.Expression.&lt;init&gt;(Expression.java:4)
	at asg06.Expression.&lt;init&gt;(Expression.java:4)
	at asg06.Expression.&lt;init&gt;(Expression.java:4)
	at asg06.Expression.&lt;init&gt;(Expression.java:4)
	at asg06.Expression.&lt;init&gt;(Expression.java:4)
	at asg06.Expression.&lt;init&gt;(Expression.java:4)
	at asg06.Expression.&lt;init&gt;(Expression.java:4)
	at asg06.Expression.&lt;init&gt;(Expression.java:4)
	at asg06.Expression.&lt;init&gt;(Expression.java:4)
	at asg06.Expression.&lt;init&gt;(Expression.java:4)
	at asg06.Expression.&lt;init&gt;(Expression.java:4)
	at asg06.Expression.&lt;init&gt;(Expression.java:4)
	at asg06.Expression.&lt;init&gt;(Expression.java:4)
	at asg06.Expression.&lt;init&gt;(Expression.java:4)
	at asg06.Expression.&lt;init&gt;(Expression.java:4)
	at asg06.Expression.&lt;init&gt;(Expression.java:4)
	at asg06.Expression.&lt;init&gt;(Expression.java:4)
	at asg06.Expression.&lt;init&gt;(Expression.java:4)
	at asg06.Expression.&lt;init&gt;(Expression.java:4)
	at asg06.Expression.&lt;init&gt;(Expression.java:4)
	at asg06.Expression.&lt;init&gt;(Expression.java:4)
	at asg06.Expression.&lt;init&gt;(Expression.java:4)
	at asg06.Expression.&lt;init&gt;(Expression.java:4)
	at asg06.Expression.&lt;init&gt;(Expression.java:4)
	at asg06.Expression.&lt;init&gt;(Expression.java:4)
	at asg06.Expression.&lt;init&gt;(Expression.java:4)
	at asg06.Expression.&lt;init&gt;(Expression.java:4)
	at asg06.Expression.&lt;init&gt;(Expression.java:4)
	at asg06.Expression.&lt;init&gt;(Expression.java:4)
	at asg06.Expression.&lt;init&gt;(Expression.java:4)
	at asg06.Expression.&lt;init&gt;(Expression.java:4)
	at asg06.Expression.&lt;init&gt;(Expression.java:4)
	at asg06.Expression.&lt;init&gt;(Expression.java:4)
	at asg06.Expression.&lt;init&gt;(Expression.java:4)
	at asg06.Expression.&lt;init&gt;(Expression.java:4)
	at asg06.Expression.&lt;init&gt;(Expression.java:4)
	at asg06.Expression.&lt;init&gt;(Expression.java:4)
	at asg06.Expression.&lt;init&gt;(Expression.java:4)
	at asg06.Expression.&lt;init&gt;(Expression.java:4)
	at asg06.Expression.&lt;init&gt;(Expression.java:4)
	at asg06.Expression.&lt;init&gt;(Expression.java:4)
	at asg06.Expression.&lt;init&gt;(Expression.java:4)
	at asg06.Expression.&lt;init&gt;(Expression.java:4)
	at asg06.Expression.&lt;init&gt;(Expression.java:4)
	at asg06.Expression.&lt;init&gt;(Expression.java:4)
	at asg06.Expression.&lt;init&gt;(Expression.java:4)
	at asg06.Expression.&lt;init&gt;(Expression.java:4)
	at asg06.Expression.&lt;init&gt;(Expression.java:4)
	at asg06.Expression.&lt;init&gt;(Expression.java:4)
	at asg06.Expression.&lt;init&gt;(Expression.java:4)
	at asg06.Expression.&lt;init&gt;(Expression.java:4)
	at asg06.Expression.&lt;init&gt;(Expression.java:4)
	at asg06.Expression.&lt;init&gt;(Expression.java:4)
	at asg06.Expression.&lt;init&gt;(Expression.java:4)
	at asg06.Expression.&lt;init&gt;(Expression.java:4)
	at asg06.Expression.&lt;init&gt;(Expression.java:4)
	at asg06.Expression.&lt;init&gt;(Expression.java:4)
	at asg06.Expression.&lt;init&gt;(Expression.java:4)
	at asg06.Expression.&lt;init&gt;(Expression.java:4)
	at asg06.Expression.&lt;init&gt;(Expression.java:4)
	at asg06.Expression.&lt;init&gt;(Expression.java:4)
	at asg06.Expression.&lt;init&gt;(Expression.java:4)
	at asg06.Expression.&lt;init&gt;(Expression.java:4)
	at asg06.Expression.&lt;init&gt;(Expression.java:4)
	at asg06.Expression.&lt;init&gt;(Expression.java:4)
	at asg06.Expression.&lt;init&gt;(Expression.java:4)
	at asg06.Expression.&lt;init&gt;(Expression.java:4)
	at asg06.Expression.&lt;init&gt;(Expression.java:4)
	at asg06.Expression.&lt;init&gt;(Expression.java:4)
	at asg06.Expression.&lt;init&gt;(Expression.java:4)
	at asg06.Expression.&lt;init&gt;(Expression.java:4)
	at asg06.Expression.&lt;init&gt;(Expression.java:4)
	at asg06.Expression.&lt;init&gt;(Expression.java:4)
	at asg06.Expression.&lt;init&gt;(Expression.java:4)
	at asg06.Expression.&lt;init&gt;(Expression.java:4)
	at asg06.Expression.&lt;init&gt;(Expression.java:4)
	at asg06.Expression.&lt;init&gt;(Expression.java:4)
	at asg06.Expression.&lt;init&gt;(Expression.java:4)
	at asg06.Expression.&lt;init&gt;(Expression.java:4)
	at asg06.Expression.&lt;init&gt;(Expression.java:4)
	at asg06.Expression.&lt;init&gt;(Expression.java:4)
	at asg06.Expression.&lt;init&gt;(Expression.java:4)
	at asg06.Expression.&lt;init&gt;(Expression.java:4)
	at asg06.Expression.&lt;init&gt;(Expression.java:4)
	at asg06.Expression.&lt;init&gt;(Expression.java:4)
	at asg06.Expression.&lt;init&gt;(Expression.java:4)
	at asg06.Expression.&lt;init&gt;(Expression.java:4)
	at asg06.Expression.&lt;init&gt;(Expression.java:4)
	at asg06.Expression.&lt;init&gt;(Expression.java:4)
	at asg06.Expression.&lt;init&gt;(Expression.java:4)
	at asg06.Expression.&lt;init&gt;(Expression.java:4)
	at asg06.Expression.&lt;init&gt;(Expression.java:4)
	at asg06.Expression.&lt;init&gt;(Expression.java:4)
	at asg06.Expression.&lt;init&gt;(Expression.java:4)
	at asg06.Expression.&lt;init&gt;(Expression.java:4)
	at asg06.Expression.&lt;init&gt;(Expression.java:4)
	at asg06.Expression.&lt;init&gt;(Expression.java:4)
	at asg06.Expression.&lt;init&gt;(Expression.java:4)
	at asg06.Expression.&lt;init&gt;(Expression.java:4)
	at asg06.Expression.&lt;init&gt;(Expression.java:4)
	at asg06.Expression.&lt;init&gt;(Expression.java:4)
	at asg06.Expression.&lt;init&gt;(Expression.java:4)
	at asg06.Expression.&lt;init&gt;(Expression.java:4)
	at asg06.Expression.&lt;init&gt;(Expression.java:4)
	at asg06.Expression.&lt;init&gt;(Expression.java:4)
	at asg06.Expression.&lt;init&gt;(Expression.java:4)
	at asg06.Expression.&lt;init&gt;(Expression.java:4)
	at asg06.Expression.&lt;init&gt;(Expression.java:4)
	at asg06.Expression.&lt;init&gt;(Expression.java:4)
	at asg06.Expression.&lt;init&gt;(Expression.java:4)
	at asg06.Expression.&lt;init&gt;(Expression.java:4)
	at asg06.Expression.&lt;init&gt;(Expression.java:4)
	at asg06.Expression.&lt;init&gt;(Expression.java:4)
	at asg06.Expression.&lt;init&gt;(Expression.java:4)
	at asg06.Expression.&lt;init&gt;(Expression.java:4)
	at asg06.Expression.&lt;init&gt;(Expression.java:4)
	at asg06.Expression.&lt;init&gt;(Expression.java:4)
	at asg06.Expression.&lt;init&gt;(Expression.java:4)
	at asg06.Expression.&lt;init&gt;(Expression.java:4)
	at asg06.Expression.&lt;init&gt;(Expression.java:4)
	at asg06.Expression.&lt;init&gt;(Expression.java:4)
	at asg06.Expression.&lt;init&gt;(Expression.java:4)
	at asg06.Expression.&lt;init&gt;(Expression.java:4)
	at asg06.Expression.&lt;init&gt;(Expression.java:4)
	at asg06.Expression.&lt;init&gt;(Expression.java:4)
	at asg06.Expression.&lt;init&gt;(Expression.java:4)
	at asg06.Expression.&lt;init&gt;(Expression.java:4)
	at asg06.Expression.&lt;init&gt;(Expression.java:4)
	at asg06.Expression.&lt;init&gt;(Expression.java:4)
	at asg06.Expression.&lt;init&gt;(Expression.java:4)
	at asg06.Expression.&lt;init&gt;(Expression.java:4)
	at asg06.Expression.&lt;init&gt;(Expression.java:4)
	at asg06.Expression.&lt;init&gt;(Expression.java:4)
	at asg06.Expression.&lt;init&gt;(Expression.java:4)
	at asg06.Expression.&lt;init&gt;(Expression.java:4)
	at asg06.Expression.&lt;init&gt;(Expression.java:4)
	at asg06.Expression.&lt;init&gt;(Expression.java:4)
	at asg06.Expression.&lt;init&gt;(Expression.java:4)
	at asg06.Expression.&lt;init&gt;(Expression.java:4)
	at asg06.Expression.&lt;init&gt;(Expression.java:4)
	at asg06.Expression.&lt;init&gt;(Expression.java:4)
	at asg06.Expression.&lt;init&gt;(Expression.java:4)
	at asg06.Expression.&lt;init&gt;(Expression.java:4)
	at asg06.Expression.&lt;init&gt;(Expression.java:4)
	at asg06.Expression.&lt;init&gt;(Expression.java:4)
	at asg06.Expression.&lt;init&gt;(Expression.java:4)
	at asg06.Expression.&lt;init&gt;(Expression.java:4)
	at asg06.Expression.&lt;init&gt;(Expression.java:4)
	at asg06.Expression.&lt;init&gt;(Expression.java:4)
	at asg06.Expression.&lt;init&gt;(Expression.java:4)
	at asg06.Expression.&lt;init&gt;(Expression.java:4)
	at asg06.Expression.&lt;init&gt;(Expression.java:4)
	at asg06.Expression.&lt;init&gt;(Expression.java:4)
	at asg06.Expression.&lt;init&gt;(Expression.java:4)
	at asg06.Expression.&lt;init&gt;(Expression.java:4)
	at asg06.Expression.&lt;init&gt;(Expression.java:4)
	at asg06.Expression.&lt;init&gt;(Expression.java:4)
	at asg06.Expression.&lt;init&gt;(Expression.java:4)
	at asg06.Expression.&lt;init&gt;(Expression.java:4)
	at asg06.Expression.&lt;init&gt;(Expression.java:4)
	at asg06.Expression.&lt;init&gt;(Expression.java:4)
	at asg06.Expression.&lt;init&gt;(Expression.java:4)
	at asg06.Expression.&lt;init&gt;(Expression.java:4)
	at asg06.Expression.&lt;init&gt;(Expression.java:4)
	at asg06.Expression.&lt;init&gt;(Expression.java:4)
	at asg06.Expression.&lt;init&gt;(Expression.java:4)
	at asg06.Expression.&lt;init&gt;(Expression.java:4)
	at asg06.Expression.&lt;init&gt;(Expression.java:4)
	at asg06.Expression.&lt;init&gt;(Expression.java:4)
	at asg06.Expression.&lt;init&gt;(Expression.java:4)
	at asg06.Expression.&lt;init&gt;(Expression.java:4)
	at asg06.Expression.&lt;init&gt;(Expression.java:4)
	at asg06.Expression.&lt;init&gt;(Expression.java:4)
	at asg06.Expression.&lt;init&gt;(Expression.java:4)
	at asg06.Expression.&lt;init&gt;(Expression.java:4)
	at asg06.Expression.&lt;init&gt;(Expression.java:4)
	at asg06.Expression.&lt;init&gt;(Expression.java:4)
	at asg06.Expression.&lt;init&gt;(Expression.java:4)
	at asg06.Expression.&lt;init&gt;(Expression.java:4)
	at asg06.Expression.&lt;init&gt;(Expression.java:4)
	at asg06.Expression.&lt;init&gt;(Expression.java:4)
	at asg06.Expression.&lt;init&gt;(Expression.java:4)
	at asg06.Expression.&lt;init&gt;(Expression.java:4)
	at asg06.Expression.&lt;init&gt;(Expression.java:4)
	at asg06.Expression.&lt;init&gt;(Expression.java:4)
	at asg06.Expression.&lt;init&gt;(Expression.java:4)
	at asg06.Expression.&lt;init&gt;(Expression.java:4)
	at asg06.Expression.&lt;init&gt;(Expression.java:4)
	at asg06.Expression.&lt;init&gt;(Expression.java:4)
	at asg06.Expression.&lt;init&gt;(Expression.java:4)
	at asg06.Expression.&lt;init&gt;(Expression.java:4)
	at asg06.Expression.&lt;init&gt;(Expression.java:4)
	at asg06.Expression.&lt;init&gt;(Expression.java:4)
	at asg06.Expression.&lt;init&gt;(Expression.java:4)
	at asg06.Expression.&lt;init&gt;(Expression.java:4)
	at asg06.Expression.&lt;init&gt;(Expression.java:4)
	at asg06.Expression.&lt;init&gt;(Expression.java:4)
	at asg06.Expression.&lt;init&gt;(Expression.java:4)
	at asg06.Expression.&lt;init&gt;(Expression.java:4)
	at asg06.Expression.&lt;init&gt;(Expression.java:4)
	at asg06.Expression.&lt;init&gt;(Expression.java:4)
	at asg06.Expression.&lt;init&gt;(Expression.java:4)
	at asg06.Expression.&lt;init&gt;(Expression.java:4)
	at asg06.Expression.&lt;init&gt;(Expression.java:4)
	at asg06.Expression.&lt;init&gt;(Expression.java:4)
	at asg06.Expression.&lt;init&gt;(Expression.java:4)
	at asg06.Expression.&lt;init&gt;(Expression.java:4)
	at asg06.Expression.&lt;init&gt;(Expression.java:4)
	at asg06.Expression.&lt;init&gt;(Expression.java:4)
	at asg06.Expression.&lt;init&gt;(Expression.java:4)
	at asg06.Expression.&lt;init&gt;(Expression.java:4)
	at asg06.Expression.&lt;init&gt;(Expression.java:4)
	at asg06.Expression.&lt;init&gt;(Expression.java:4)
	at asg06.Expression.&lt;init&gt;(Expression.java:4)
	at asg06.Expression.&lt;init&gt;(Expression.java:4)
	at asg06.Expression.&lt;init&gt;(Expression.java:4)
	at asg06.Expression.&lt;init&gt;(Expression.java:4)
	at asg06.Expression.&lt;init&gt;(Expression.java:4)
	at asg06.Expression.&lt;init&gt;(Expression.java:4)
	at asg06.Expression.&lt;init&gt;(Expression.java:4)
	at asg06.Expression.&lt;init&gt;(Expression.java:4)
	at asg06.Expression.&lt;init&gt;(Expression.java:4)
	at asg06.Expression.&lt;init&gt;(Expression.java:4)
	at asg06.Expression.&lt;init&gt;(Expression.java:4)
	at asg06.Expression.&lt;init&gt;(Expression.java:4)
	at asg06.Expression.&lt;init&gt;(Expression.java:4)
	at asg06.Expression.&lt;init&gt;(Expression.java:4)
	at asg06.Expression.&lt;init&gt;(Expression.java:4)
	at asg06.Expression.&lt;init&gt;(Expression.java:4)
	at asg06.Expression.&lt;init&gt;(Expression.java:4)
	at asg06.Expression.&lt;init&gt;(Expression.java:4)
	at asg06.Expression.&lt;init&gt;(Expression.java:4)
	at asg06.Expression.&lt;init&gt;(Expression.java:4)
	at asg06.Expression.&lt;init&gt;(Expression.java:4)
	at asg06.Expression.&lt;init&gt;(Expression.java:4)
	at asg06.Expression.&lt;init&gt;(Expression.java:4)
	at asg06.Expression.&lt;init&gt;(Expression.java:4)
	at asg06.Expression.&lt;init&gt;(Expression.java:4)
	at asg06.Expression.&lt;init&gt;(Expression.java:4)
	at asg06.Expression.&lt;init&gt;(Expression.java:4)
	at asg06.Expression.&lt;init&gt;(Expression.java:4)
	at asg06.Expression.&lt;init&gt;(Expression.java:4)
	at asg06.Expression.&lt;init&gt;(Expression.java:4)
	at asg06.Expression.&lt;init&gt;(Expression.java:4)
	at asg06.Expression.&lt;init&gt;(Expression.java:4)
	at asg06.Expression.&lt;init&gt;(Expression.java:4)
	at asg06.Expression.&lt;init&gt;(Expression.java:4)
	at asg06.Expression.&lt;init&gt;(Expression.java:4)
	at asg06.Expression.&lt;init&gt;(Expression.java:4)
	at asg06.Expression.&lt;init&gt;(Expression.java:4)
	at asg06.Expression.&lt;init&gt;(Expression.java:4)
	at asg06.Expression.&lt;init&gt;(Expression.java:4)
	at asg06.Expression.&lt;init&gt;(Expression.java:4)
	at asg06.Expression.&lt;init&gt;(Expression.java:4)
	at asg06.Expression.&lt;init&gt;(Expression.java:4)
	at asg06.Expression.&lt;init&gt;(Expression.java:4)
	at asg06.Expression.&lt;init&gt;(Expression.java:4)
	at asg06.Expression.&lt;init&gt;(Expression.java:4)
	at asg06.Expression.&lt;init&gt;(Expression.java:4)
	at asg06.Expression.&lt;init&gt;(Expression.java:4)
	at asg06.Expression.&lt;init&gt;(Expression.java:4)
	at asg06.Expression.&lt;init&gt;(Expression.java:4)
	at asg06.Expression.&lt;init&gt;(Expression.java:4)
	at asg06.Expression.&lt;init&gt;(Expression.java:4)
	at asg06.Expression.&lt;init&gt;(Expression.java:4)
	at asg06.Expression.&lt;init&gt;(Expression.java:4)
	at asg06.Expression.&lt;init&gt;(Expression.java:4)
	at asg06.Expression.&lt;init&gt;(Expression.java:4)
	at asg06.Expression.&lt;init&gt;(Expression.java:4)
	at asg06.Expression.&lt;init&gt;(Expression.java:4)
	at asg06.Expression.&lt;init&gt;(Expression.java:4)
	at asg06.Expression.&lt;init&gt;(Expression.java:4)
	at asg06.Expression.&lt;init&gt;(Expression.java:4)
	at asg06.Expression.&lt;init&gt;(Expression.java:4)
	at asg06.Expression.&lt;init&gt;(Expression.java:4)
	at asg06.Expression.&lt;init&gt;(Expression.java:4)
	at asg06.Expression.&lt;init&gt;(Expression.java:4)
	at asg06.Expression.&lt;init&gt;(Expression.java:4)
	at asg06.Expression.&lt;init&gt;(Expression.java:4)
	at asg06.Expression.&lt;init&gt;(Expression.java:4)
	at asg06.Expression.&lt;init&gt;(Expression.java:4)
	at asg06.Expression.&lt;init&gt;(Expression.java:4)
	at asg06.Expression.&lt;init&gt;(Expression.java:4)
	at asg06.Expression.&lt;init&gt;(Expression.java:4)
	at asg06.Expression.&lt;init&gt;(Expression.java:4)
	at asg06.Expression.&lt;init&gt;(Expression.java:4)
	at asg06.Expression.&lt;init&gt;(Expression.java:4)
	at asg06.Expression.&lt;init&gt;(Expression.java:4)
	at asg06.Expression.&lt;init&gt;(Expression.java:4)
	at asg06.Expression.&lt;init&gt;(Expression.java:4)
	at asg06.Expression.&lt;init&gt;(Expression.java:4)
	at asg06.Expression.&lt;init&gt;(Expression.java:4)
	at asg06.Expression.&lt;init&gt;(Expression.java:4)
	at asg06.Expression.&lt;init&gt;(Expression.java:4)
	at asg06.Expression.&lt;init&gt;(Expression.java:4)
	at asg06.Expression.&lt;init&gt;(Expression.java:4)
	at asg06.Expression.&lt;init&gt;(Expression.java:4)
	at asg06.Expression.&lt;init&gt;(Expression.java:4)
	at asg06.Expression.&lt;init&gt;(Expression.java:4)
	at asg06.Expression.&lt;init&gt;(Expression.java:4)
	at asg06.Expression.&lt;init&gt;(Expression.java:4)
	at asg06.Expression.&lt;init&gt;(Expression.java:4)
	at asg06.Expression.&lt;init&gt;(Expression.java:4)
	at asg06.Expression.&lt;init&gt;(Expression.java:4)
	at asg06.Expression.&lt;init&gt;(Expression.java:4)
	at asg06.Expression.&lt;init&gt;(Expression.java:4)
	at asg06.Expression.&lt;init&gt;(Expression.java:4)
	at asg06.Expression.&lt;init&gt;(Expression.java:4)
	at asg06.Expression.&lt;init&gt;(Expression.java:4)
	at asg06.Expression.&lt;init&gt;(Expression.java:4)
	at asg06.Expression.&lt;init&gt;(Expression.java:4)
	at asg06.Expression.&lt;init&gt;(Expression.java:4)
	at asg06.Expression.&lt;init&gt;(Expression.java:4)
	at asg06.Expression.&lt;init&gt;(Expression.java:4)
	at asg06.Expression.&lt;init&gt;(Expression.java:4)
	at asg06.Expression.&lt;init&gt;(Expression.java:4)
	at asg06.Expression.&lt;init&gt;(Expression.java:4)
	at asg06.Expression.&lt;init&gt;(Expression.java:4)
	at asg06.Expression.&lt;init&gt;(Expression.java:4)
	at asg06.Expression.&lt;init&gt;(Expression.java:4)
	at asg06.Expression.&lt;init&gt;(Expression.java:4)
	at asg06.Expression.&lt;init&gt;(Expression.java:4)
	at asg06.Expression.&lt;init&gt;(Expression.java:4)
	at asg06.Expression.&lt;init&gt;(Expression.java:4)
	at asg06.Expression.&lt;init&gt;(Expression.java:4)
	at asg06.Expression.&lt;init&gt;(Expression.java:4)
	at asg06.Expression.&lt;init&gt;(Expression.java:4)
	at asg06.Expression.&lt;init&gt;(Expression.java:4)
	at asg06.Expression.&lt;init&gt;(Expression.java:4)
	at asg06.Expression.&lt;init&gt;(Expression.java:4)
	at asg06.Expression.&lt;init&gt;(Expression.java:4)
	at asg06.Expression.&lt;init&gt;(Expression.java:4)
	at asg06.Expression.&lt;init&gt;(Expression.java:4)
	at asg06.Expression.&lt;init&gt;(Expression.java:4)
	at asg06.Expression.&lt;init&gt;(Expression.java:4)
	at asg06.Expression.&lt;init&gt;(Expression.java:4)
	at asg06.Expression.&lt;init&gt;(Expression.java:4)
	at asg06.Expression.&lt;init&gt;(Expression.java:4)
	at asg06.Expression.&lt;init&gt;(Expression.java:4)
	at asg06.Expression.&lt;init&gt;(Expression.java:4)
	at asg06.Expression.&lt;init&gt;(Expression.java:4)
	at asg06.Expression.&lt;init&gt;(Expression.java:4)
	at asg06.Expression.&lt;init&gt;(Expression.java:4)
	at asg06.Expression.&lt;init&gt;(Expression.java:4)
	at asg06.Expression.&lt;init&gt;(Expression.java:4)
	at asg06.Expression.&lt;init&gt;(Expression.java:4)
	at asg06.Expression.&lt;init&gt;(Expression.java:4)
	at asg06.Expression.&lt;init&gt;(Expression.java:4)
	at asg06.Expression.&lt;init&gt;(Expression.java:4)
	at asg06.Expression.&lt;init&gt;(Expression.java:4)
	at asg06.Expression.&lt;init&gt;(Expression.java:4)
	at asg06.Expression.&lt;init&gt;(Expression.java:4)
	at asg06.Expression.&lt;init&gt;(Expression.java:4)
	at asg06.Expression.&lt;init&gt;(Expression.java:4)
	at asg06.Expression.&lt;init&gt;(Expression.java:4)
	at asg06.Expression.&lt;init&gt;(Expression.java:4)
	at asg06.Expression.&lt;init&gt;(Expression.java:4)
	at asg06.Expression.&lt;init&gt;(Expression.java:4)
	at asg06.Expression.&lt;init&gt;(Expression.java:4)
	at asg06.Expression.&lt;init&gt;(Expression.java:4)
	at asg06.Expression.&lt;init&gt;(Expression.java:4)
	at asg06.Expression.&lt;init&gt;(Expression.java:4)
	at asg06.Expression.&lt;init&gt;(Expression.java:4)
	at asg06.Expression.&lt;init&gt;(Expression.java:4)
	at asg06.Expression.&lt;init&gt;(Expression.java:4)
	at asg06.Expression.&lt;init&gt;(Expression.java:4)
	at asg06.Expression.&lt;init&gt;(Expression.java:4)
	at asg06.Expression.&lt;init&gt;(Expression.java:4)
	at asg06.Expression.&lt;init&gt;(Expression.java:4)
	at asg06.Expression.&lt;init&gt;(Expression.java:4)
	at asg06.Expression.&lt;init&gt;(Expression.java:4)
	at asg06.Expression.&lt;init&gt;(Expression.java:4)
	at asg06.Expression.&lt;init&gt;(Expression.java:4)
	at asg06.Expression.&lt;init&gt;(Expression.java:4)
	at asg06.Expression.&lt;init&gt;(Expression.java:4)
	at asg06.Expression.&lt;init&gt;(Expression.java:4)
	at asg06.Expression.&lt;init&gt;(Expression.java:4)
	at asg06.Expression.&lt;init&gt;(Expression.java:4)
	at asg06.Expression.&lt;init&gt;(Expression.java:4)
	at asg06.Expression.&lt;init&gt;(Expression.java:4)
	at asg06.Expression.&lt;init&gt;(Expression.java:4)
	at asg06.Expression.&lt;init&gt;(Expression.java:4)
	at asg06.Expression.&lt;init&gt;(Expression.java:4)
	at asg06.Expression.&lt;init&gt;(Expression.java:4)
	at asg06.Expression.&lt;init&gt;(Expression.java:4)
	at asg06.Expression.&lt;init&gt;(Expression.java:4)
	at asg06.Expression.&lt;init&gt;(Expression.java:4)
	at asg06.Expression.&lt;init&gt;(Expression.java:4)
	at asg06.Expression.&lt;init&gt;(Expression.java:4)
	at asg06.Expression.&lt;init&gt;(Expression.java:4)
	at asg06.Expression.&lt;init&gt;(Expression.java:4)
	at asg06.Expression.&lt;init&gt;(Expression.java:4)
	at asg06.Expression.&lt;init&gt;(Expression.java:4)
	at asg06.Expression.&lt;init&gt;(Expression.java:4)
	at asg06.Expression.&lt;init&gt;(Expression.java:4)
	at asg06.Expression.&lt;init&gt;(Expression.java:4)
	at asg06.Expression.&lt;init&gt;(Expression.java:4)
	at asg06.Expression.&lt;init&gt;(Expression.java:4)
	at asg06.Expression.&lt;init&gt;(Expression.java:4)
	at asg06.Expression.&lt;init&gt;(Expression.java:4)
	at asg06.Expression.&lt;init&gt;(Expression.java:4)
	at asg06.Expression.&lt;init&gt;(Expression.java:4)
	at asg06.Expression.&lt;init&gt;(Expression.java:4)
	at asg06.Expression.&lt;init&gt;(Expression.java:4)
	at asg06.Expression.&lt;init&gt;(Expression.java:4)
	at asg06.Expression.&lt;init&gt;(Expression.java:4)
	at asg06.Expression.&lt;init&gt;(Expression.java:4)
	at asg06.Expression.&lt;init&gt;(Expression.java:4)
	at asg06.Expression.&lt;init&gt;(Expression.java:4)
	at asg06.Expression.&lt;init&gt;(Expression.java:4)
	at asg06.Expression.&lt;init&gt;(Expression.java:4)
	at asg06.Expression.&lt;init&gt;(Expression.java:4)
	at asg06.Expression.&lt;init&gt;(Expression.java:4)
	at asg06.Expression.&lt;init&gt;(Expression.java:4)
	at asg06.Expression.&lt;init&gt;(Expression.java:4)
	at asg06.Expression.&lt;init&gt;(Expression.java:4)
	at asg06.Expression.&lt;init&gt;(Expression.java:4)
	at asg06.Expression.&lt;init&gt;(Expression.java:4)
	at asg06.Expression.&lt;init&gt;(Expression.java:4)
	at asg06.Expression.&lt;init&gt;(Expression.java:4)
	at asg06.Expression.&lt;init&gt;(Expression.java:4)
	at asg06.Expression.&lt;init&gt;(Expression.java:4)
	at asg06.Expression.&lt;init&gt;(Expression.java:4)
	at asg06.Expression.&lt;init&gt;(Expression.java:4)
	at asg06.Expression.&lt;init&gt;(Expression.java:4)
	at asg06.Expression.&lt;init&gt;(Expression.java:4)
	at asg06.Expression.&lt;init&gt;(Expression.java:4)
	at asg06.Expression.&lt;init&gt;(Expression.java:4)
	at asg06.Expression.&lt;init&gt;(Expression.java:4)
	at asg06.Expression.&lt;init&gt;(Expression.java:4)
	at asg06.Expression.&lt;init&gt;(Expression.java:4)
	at asg06.Expression.&lt;init&gt;(Expression.java:4)
	at asg06.Expression.&lt;init&gt;(Expression.java:4)
	at asg06.Expression.&lt;init&gt;(Expression.java:4)
	at asg06.Expression.&lt;init&gt;(Expression.java:4)
	at asg06.Expression.&lt;init&gt;(Expression.java:4)
	at asg06.Expression.&lt;init&gt;(Expression.java:4)
	at asg06.Expression.&lt;init&gt;(Expression.java:4)
	at asg06.Expression.&lt;init&gt;(Expression.java:4)
	at asg06.Expression.&lt;init&gt;(Expression.java:4)
	at asg06.Expression.&lt;init&gt;(Expression.java:4)
	at asg06.Expression.&lt;init&gt;(Expression.java:4)
	at asg06.Expression.&lt;init&gt;(Expression.java:4)
	at asg06.Expression.&lt;init&gt;(Expression.java:4)
	at asg06.Expression.&lt;init&gt;(Expression.java:4)
	at asg06.Expression.&lt;init&gt;(Expression.java:4)
	at asg06.Expression.&lt;init&gt;(Expression.java:4)
	at asg06.Expression.&lt;init&gt;(Expression.java:4)
	at asg06.Expression.&lt;init&gt;(Expression.java:4)
	at asg06.Expression.&lt;init&gt;(Expression.java:4)
	at asg06.Expression.&lt;init&gt;(Expression.java:4)
	at asg06.Expression.&lt;init&gt;(Expression.java:4)
	at asg06.Expression.&lt;init&gt;(Expression.java:4)
	at asg06.Expression.&lt;init&gt;(Expression.java:4)
	at asg06.Expression.&lt;init&gt;(Expression.java:4)
	at asg06.Expression.&lt;init&gt;(Expression.java:4)
	at asg06.Expression.&lt;init&gt;(Expression.java:4)
	at asg06.Expression.&lt;init&gt;(Expression.java:4)
	at asg06.Expression.&lt;init&gt;(Expression.java:4)
	at asg06.Expression.&lt;init&gt;(Expression.java:4)
	at asg06.Expression.&lt;init&gt;(Expression.java:4)
	at asg06.Expression.&lt;init&gt;(Expression.java:4)
	at asg06.Expression.&lt;init&gt;(Expression.java:4)
	at asg06.Expression.&lt;init&gt;(Expression.java:4)
	at asg06.Expression.&lt;init&gt;(Expression.java:4)
	at asg06.Expression.&lt;init&gt;(Expression.java:4)
	at asg06.Expression.&lt;init&gt;(Expression.java:4)
	at asg06.Expression.&lt;init&gt;(Expression.java:4)
	at asg06.Expression.&lt;init&gt;(Expression.java:4)
	at asg06.Expression.&lt;init&gt;(Expression.java:4)
	at asg06.Expression.&lt;init&gt;(Expression.java:4)
	at asg06.Expression.&lt;init&gt;(Expression.java:4)
	at asg06.Expression.&lt;init&gt;(Expression.java:4)
	at asg06.Expression.&lt;init&gt;(Expression.java:4)
	at asg06.Expression.&lt;init&gt;(Expression.java:4)
	at asg06.Expression.&lt;init&gt;(Expression.java:4)
	at asg06.Expression.&lt;init&gt;(Expression.java:4)
	at asg06.Expression.&lt;init&gt;(Expression.java:4)
	at asg06.Expression.&lt;init&gt;(Expression.java:4)
	at asg06.Expression.&lt;init&gt;(Expression.java:4)
	at asg06.Expression.&lt;init&gt;(Expression.java:4)
	at asg06.Expression.&lt;init&gt;(Expression.java:4)
	at asg06.Expression.&lt;init&gt;(Expression.java:4)
	at asg06.Expression.&lt;init&gt;(Expression.java:4)
	at asg06.Expression.&lt;init&gt;(Expression.java:4)
	at asg06.Expression.&lt;init&gt;(Expression.java:4)
	at asg06.Expression.&lt;init&gt;(Expression.java:4)
	at asg06.Expression.&lt;init&gt;(Expression.java:4)
	at asg06.Expression.&lt;init&gt;(Expression.java:4)
	at asg06.Expression.&lt;init&gt;(Expression.java:4)
	at asg06.Expression.&lt;init&gt;(Expression.java:4)
	at asg06.Expression.&lt;init&gt;(Expression.java:4)
	at asg06.Expression.&lt;init&gt;(Expression.java:4)
	at asg06.Expression.&lt;init&gt;(Expression.java:4)
	at asg06.Expression.&lt;init&gt;(Expression.java:4)
	at asg06.Expression.&lt;init&gt;(Expression.java:4)
	at asg06.Expression.&lt;init&gt;(Expression.java:4)
	at asg06.Expression.&lt;init&gt;(Expression.java:4)
	at asg06.Expression.&lt;init&gt;(Expression.java:4)
	at asg06.Expression.&lt;init&gt;(Expression.java:4)
	at asg06.Expression.&lt;init&gt;(Expression.java:4)
	at asg06.Expression.&lt;init&gt;(Expression.java:4)
	at asg06.Expression.&lt;init&gt;(Expression.java:4)
	at asg06.Expression.&lt;init&gt;(Expression.java:4)
	at asg06.Expression.&lt;init&gt;(Expression.java:4)
	at asg06.Expression.&lt;init&gt;(Expression.java:4)
	at asg06.Expression.&lt;init&gt;(Expression.java:4)
	at asg06.Expression.&lt;init&gt;(Expression.java:4)
	at asg06.Expression.&lt;init&gt;(Expression.java:4)
	at asg06.Expression.&lt;init&gt;(Expression.java:4)
	at asg06.Expression.&lt;init&gt;(Expression.java:4)
	at asg06.Expression.&lt;init&gt;(Expression.java:4)
	at asg06.Expression.&lt;init&gt;(Expression.java:4)
	at asg06.Expression.&lt;init&gt;(Expression.java:4)
	at asg06.Expression.&lt;init&gt;(Expression.java:4)
	at asg06.Expression.&lt;init&gt;(Expression.java:4)
	at asg06.Expression.&lt;init&gt;(Expression.java:4)
	at asg06.Expression.&lt;init&gt;(Expression.java:4)
	at asg06.Expression.&lt;init&gt;(Expression.java:4)
	at asg06.Expression.&lt;init&gt;(Expression.java:4)
	at asg06.Expression.&lt;init&gt;(Expression.java:4)
	at asg06.Expression.&lt;init&gt;(Expression.java:4)
	at asg06.Expression.&lt;init&gt;(Expression.java:4)
	at asg06.Expression.&lt;init&gt;(Expression.java:4)
	at asg06.Expression.&lt;init&gt;(Expression.java:4)
	at asg06.Expression.&lt;init&gt;(Expression.java:4)
	at asg06.Expression.&lt;init&gt;(Expression.java:4)
	at asg06.Expression.&lt;init&gt;(Expression.java:4)
	at asg06.Expression.&lt;init&gt;(Expression.java:4)
	at asg06.Expression.&lt;init&gt;(Expression.java:4)
	at asg06.Expression.&lt;init&gt;(Expression.java:4)
	at asg06.Expression.&lt;init&gt;(Expression.java:4)
	at asg06.Expression.&lt;init&gt;(Expression.java:4)
	at asg06.Expression.&lt;init&gt;(Expression.java:4)
	at asg06.Expression.&lt;init&gt;(Expression.java:4)
	at asg06.Expression.&lt;init&gt;(Expression.java:4)
	at asg06.Expression.&lt;init&gt;(Expression.java:4)
	at asg06.Expression.&lt;init&gt;(Expression.java:4)
	at asg06.Expression.&lt;init&gt;(Expression.java:4)
	at asg06.Expression.&lt;init&gt;(Expression.java:4)
	at asg06.Expression.&lt;init&gt;(Expression.java:4)
	at asg06.Expression.&lt;init&gt;(Expression.java:4)
	at asg06.Expression.&lt;init&gt;(Expression.java:4)
	at asg06.Expression.&lt;init&gt;(Expression.java:4)
	at asg06.Expression.&lt;init&gt;(Expression.java:4)
	at asg06.Expression.&lt;init&gt;(Expression.java:4)
	at asg06.Expression.&lt;init&gt;(Expression.java:4)
	at asg06.Expression.&lt;init&gt;(Expression.java:4)
	at asg06.Expression.&lt;init&gt;(Expression.java:4)
	at asg06.Expression.&lt;init&gt;(Expression.java:4)
	at asg06.Expression.&lt;init&gt;(Expression.java:4)
	at asg06.Expression.&lt;init&gt;(Expression.java:4)
	at asg06.Expression.&lt;init&gt;(Expression.java:4)
	at asg06.Expression.&lt;init&gt;(Expression.java:4)
	at asg06.Expression.&lt;init&gt;(Expression.java:4)
	at asg06.Expression.&lt;init&gt;(Expression.java:4)
	at asg06.Expression.&lt;init&gt;(Expression.java:4)
	at asg06.Expression.&lt;init&gt;(Expression.java:4)
	at asg06.Expression.&lt;init&gt;(Expression.java:4)
	at asg06.Expression.&lt;init&gt;(Expression.java:4)
	at asg06.Expression.&lt;init&gt;(Expression.java:4)
	at asg06.Expression.&lt;init&gt;(Expression.java:4)
	at asg06.Expression.&lt;init&gt;(Expression.java:4)
	at asg06.Expression.&lt;init&gt;(Expression.java:4)
	at asg06.Expression.&lt;init&gt;(Expression.java:4)
	at asg06.Expression.&lt;init&gt;(Expression.java:4)
	at asg06.Expression.&lt;init&gt;(Expression.java:4)
	at asg06.Expression.&lt;init&gt;(Expression.java:4)
	at asg06.Expression.&lt;init&gt;(Expression.java:4)
	at asg06.Expression.&lt;init&gt;(Expression.java:4)
	at asg06.Expression.&lt;init&gt;(Expression.java:4)
	at asg06.Expression.&lt;init&gt;(Expression.java:4)
	at asg06.Expression.&lt;init&gt;(Expression.java:4)
	at asg06.Expression.&lt;init&gt;(Expression.java:4)
	at asg06.Expression.&lt;init&gt;(Expression.java:4)
	at asg06.Expression.&lt;init&gt;(Expression.java:4)
	at asg06.Expression.&lt;init&gt;(Expression.java:4)
	at asg06.Expression.&lt;init&gt;(Expression.java:4)
	at asg06.Expression.&lt;init&gt;(Expression.java:4)
	at asg06.Expression.&lt;init&gt;(Expression.java:4)
	at asg06.Expression.&lt;init&gt;(Expression.java:4)
	at asg06.Expression.&lt;init&gt;(Expression.java:4)
	at asg06.Expression.&lt;init&gt;(Expression.java:4)
	at asg06.Expression.&lt;init&gt;(Expression.java:4)
	at asg06.Expression.&lt;init&gt;(Expression.java:4)
	at asg06.Expression.&lt;init&gt;(Expression.java:4)
	at asg06.Expression.&lt;init&gt;(Expression.java:4)
	at asg06.Expression.&lt;init&gt;(Expression.java:4)
	at asg06.Expression.&lt;init&gt;(Expression.java:4)
	at asg06.Expression.&lt;init&gt;(Expression.java:4)
	at asg06.Expression.&lt;init&gt;(Expression.java:4)
	at asg06.Expression.&lt;init&gt;(Expression.java:4)
	at asg06.Expression.&lt;init&gt;(Expression.java:4)
	at asg06.Expression.&lt;init&gt;(Expression.java:4)
	at asg06.Expression.&lt;init&gt;(Expression.java:4)
	at asg06.Expression.&lt;init&gt;(Expression.java:4)
	at asg06.Expression.&lt;init&gt;(Expression.java:4)
	at asg06.Expression.&lt;init&gt;(Expression.java:4)
	at asg06.Expression.&lt;init&gt;(Expression.java:4)
	at asg06.Expression.&lt;init&gt;(Expression.java:4)
	at asg06.Expression.&lt;init&gt;(Expression.java:4)
	at asg06.Expression.&lt;init&gt;(Expression.java:4)
	at asg06.Expression.&lt;init&gt;(Expression.java:4)
	at asg06.Expression.&lt;init&gt;(Expression.java:4)
	at asg06.Expression.&lt;init&gt;(Expression.java:4)
	at asg06.Expression.&lt;init&gt;(Expression.java:4)
	at asg06.Expression.&lt;init&gt;(Expression.java:4)
	at asg06.Expression.&lt;init&gt;(Expression.java:4)
	at asg06.Expression.&lt;init&gt;(Expression.java:4)
	at asg06.Expression.&lt;init&gt;(Expression.java:4)
	at asg06.Expression.&lt;init&gt;(Expression.java:4)
	at asg06.Expression.&lt;init&gt;(Expression.java:4)
	at asg06.Expression.&lt;init&gt;(Expression.java:4)
	at asg06.Expression.&lt;init&gt;(Expression.java:4)
	at asg06.Expression.&lt;init&gt;(Expression.java:4)
	at asg06.Expression.&lt;init&gt;(Expression.java:4)
	at asg06.Expression.&lt;init&gt;(Expression.java:4)
	at asg06.Expression.&lt;init&gt;(Expression.java:4)
	at asg06.Expression.&lt;init&gt;(Expression.java:4)
	at asg06.Expression.&lt;init&gt;(Expression.java:4)
	at asg06.Expression.&lt;init&gt;(Expression.java:4)
	at asg06.Expression.&lt;init&gt;(Expression.java:4)
	at asg06.Expression.&lt;init&gt;(Expression.java:4)
	at asg06.Expression.&lt;init&gt;(Expression.java:4)
	at asg06.Expression.&lt;init&gt;(Expression.java:4)
	at asg06.Expression.&lt;init&gt;(Expression.java:4)
	at asg06.Expression.&lt;init&gt;(Expression.java:4)
	at asg06.Expression.&lt;init&gt;(Expression.java:4)
	at asg06.Expression.&lt;init&gt;(Expression.java:4)
	at asg06.Expression.&lt;init&gt;(Expression.java:4)
	at asg06.Expression.&lt;init&gt;(Expression.java:4)
	at asg06.Expression.&lt;init&gt;(Expression.java:4)
	at asg06.Expression.&lt;init&gt;(Expression.java:4)
	at asg06.Expression.&lt;init&gt;(Expression.java:4)
	at asg06.Expression.&lt;init&gt;(Expression.java:4)
	at asg06.Expression.&lt;init&gt;(Expression.java:4)
	at asg06.Expression.&lt;init&gt;(Expression.java:4)
	at asg06.Expression.&lt;init&gt;(Expression.java:4)
	at asg06.Expression.&lt;init&gt;(Expression.java:4)
	at asg06.Expression.&lt;init&gt;(Expression.java:4)
	at asg06.Expression.&lt;init&gt;(Expression.java:4)
	at asg06.Expression.&lt;init&gt;(Expression.java:4)
	at asg06.Expression.&lt;init&gt;(Expression.java:4)
	at asg06.Expression.&lt;init&gt;(Expression.java:4)
	at asg06.Expression.&lt;init&gt;(Expression.java:4)
	at asg06.Expression.&lt;init&gt;(Expression.java:4)
	at asg06.Expression.&lt;init&gt;(Expression.java:4)
	at asg06.Expression.&lt;init&gt;(Expression.java:4)
	at asg06.Expression.&lt;init&gt;(Expression.java:4)
	at asg06.Expression.&lt;init&gt;(Expression.java:4)
	at asg06.Expression.&lt;init&gt;(Expression.java:4)
	at asg06.Expression.&lt;init&gt;(Expression.java:4)
	at asg06.Expression.&lt;init&gt;(Expression.java:4)
	at asg06.Expression.&lt;init&gt;(Expression.java:4)
	at asg06.Expression.&lt;init&gt;(Expression.java:4)
	at asg06.Expression.&lt;init&gt;(Expression.java:4)
	at asg06.Expression.&lt;init&gt;(Expression.java:4)
	at asg06.Expression.&lt;init&gt;(Expression.java:4)
	at asg06.Expression.&lt;init&gt;(Expression.java:4)
	at asg06.Expression.&lt;init&gt;(Expression.java:4)
	at asg06.Expression.&lt;init&gt;(Expression.java:4)
	at asg06.Expression.&lt;init&gt;(Expression.java:4)
	at asg06.Expression.&lt;init&gt;(Expression.java:4)
	at asg06.Expression.&lt;init&gt;(Expression.java:4)
	at asg06.Expression.&lt;init&gt;(Expression.java:4)
	at asg06.Expression.&lt;init&gt;(Expression.java:4)
	at asg06.Expression.&lt;init&gt;(Expression.java:4)
	at asg06.Expression.&lt;init&gt;(Expression.java:4)
	at asg06.Expression.&lt;init&gt;(Expression.java:4)
	at asg06.Expression.&lt;init&gt;(Expression.java:4)
	at asg06.Expression.&lt;init&gt;(Expression.java:4)
	at asg06.Expression.&lt;init&gt;(Expression.java:4)
	at asg06.Expression.&lt;init&gt;(Expression.java:4)
	at asg06.Expression.&lt;init&gt;(Expression.java:4)
	at asg06.Expression.&lt;init&gt;(Expression.java:4)
	at asg06.Expression.&lt;init&gt;(Expression.java:4)
	at asg06.Expression.&lt;init&gt;(Expression.java:4)
	at asg06.Expression.&lt;init&gt;(Expression.java:4)
	at asg06.Expression.&lt;init&gt;(Expression.java:4)
	at asg06.Expression.&lt;init&gt;(Expression.java:4)
	at asg06.Expression.&lt;init&gt;(Expression.java:4)
	at asg06.Expression.&lt;init&gt;(Expression.java:4)
	at asg06.Expression.&lt;init&gt;(Expression.java:4)
	at asg06.Expression.&lt;init&gt;(Expression.java:4)
	at asg06.Expression.&lt;init&gt;(Expression.java:4)
	at asg06.Expression.&lt;init&gt;(Expression.java:4)
	at asg06.Expression.&lt;init&gt;(Expression.java:4)
	at asg06.Expression.&lt;init&gt;(Expression.java:4)
	at asg06.Expression.&lt;init&gt;(Expression.java:4)
	at asg06.Expression.&lt;init&gt;(Expression.java:4)
	at asg06.Expression.&lt;init&gt;(Expression.java:4)
	at asg06.Expression.&lt;init&gt;(Expression.java:4)
	at asg06.Expression.&lt;init&gt;(Expression.java:4)
	at asg06.Expression.&lt;init&gt;(Expression.java:4)
	at asg06.Expression.&lt;init&gt;(Expression.java:4)
	at asg06.Expression.&lt;init&gt;(Expression.java:4)
	at asg06.Expression.&lt;init&gt;(Expression.java:4)
	at asg06.Expression.&lt;init&gt;(Expression.java:4)
	at asg06.Expression.&lt;init&gt;(Expression.java:4)
	at asg06.Expression.&lt;init&gt;(Expression.java:4)
	at asg06.Expression.&lt;init&gt;(Expression.java:4)
	at asg06.Expression.&lt;init&gt;(Expression.java:4)
	at asg06.Expression.&lt;init&gt;(Expression.java:4)
	at asg06.Expression.&lt;init&gt;(Expression.java:4)
	at asg06.Expression.&lt;init&gt;(Expression.java:4)
	at asg06.Expression.&lt;init&gt;(Expression.java:4)
	at asg06.Expression.&lt;init&gt;(Expression.java:4)
	at asg06.Expression.&lt;init&gt;(Expression.java:4)
	at asg06.Expression.&lt;init&gt;(Expression.java:4)
	at asg06.Expression.&lt;init&gt;(Expression.java:4)
	at asg06.Expression.&lt;init&gt;(Expression.java:4)
	at asg06.Expression.&lt;init&gt;(Expression.java:4)
	at asg06.Expression.&lt;init&gt;(Expression.java:4)
	at asg06.Expression.&lt;init&gt;(Expression.java:4)
	at asg06.Expression.&lt;init&gt;(Expression.java:4)
	at asg06.Expression.&lt;init&gt;(Expression.java:4)
	at asg06.Expression.&lt;init&gt;(Expression.java:4)
	at asg06.Expression.&lt;init&gt;(Expression.java:4)
	at asg06.Expression.&lt;init&gt;(Expression.java:4)
	at asg06.Expression.&lt;init&gt;(Expression.java:4)
	at asg06.Expression.&lt;init&gt;(Expression.java:4)
	at asg06.Expression.&lt;init&gt;(Expression.java:4)
	at asg06.Expression.&lt;init&gt;(Expression.java:4)
	at asg06.Expression.&lt;init&gt;(Expression.java:4)
	at asg06.Expression.&lt;init&gt;(Expression.java:4)
	at asg06.Expression.&lt;init&gt;(Expression.java:4)
	at asg06.Expression.&lt;init&gt;(Expression.java:4)
	at asg06.Expression.&lt;init&gt;(Expression.java:4)
	at asg06.Expression.&lt;init&gt;(Expression.java:4)
	at asg06.Expression.&lt;init&gt;(Expression.java:4)
	at asg06.Expression.&lt;init&gt;(Expression.java:4)
	at asg06.Expression.&lt;init&gt;(Expression.java:4)
	at asg06.Expression.&lt;init&gt;(Expression.java:4)
	at asg06.Expression.&lt;init&gt;(Expression.java:4)
	at asg06.Expression.&lt;init&gt;(Expression.java:4)
	at asg06.Expression.&lt;init&gt;(Expression.java:4)
	at asg06.Expression.&lt;init&gt;(Expression.java:4)
	at asg06.Expression.&lt;init&gt;(Expression.java:4)
	at asg06.Expression.&lt;init&gt;(Expression.java:4)
	at asg06.Expression.&lt;init&gt;(Expression.java:4)
	at asg06.Expression.&lt;init&gt;(Expression.java:4)
	at asg06.Expression.&lt;init&gt;(Expression.java:4)
	at asg06.Expression.&lt;init&gt;(Expression.java:4)
	at asg06.Expression.&lt;init&gt;(Expression.java:4)
	at asg06.Expression.&lt;init&gt;(Expression.java:4)
	at asg06.Expression.&lt;init&gt;(Expression.java:4)
	at asg06.Expression.&lt;init&gt;(Expression.java:4)
	at asg06.Expression.&lt;init&gt;(Expression.java:4)
	at asg06.Expression.&lt;init&gt;(Expression.java:4)
	at asg06.Expression.&lt;init&gt;(Expression.java:4)
	at asg06.Expression.&lt;init&gt;(Expression.java:4)
	at asg06.Expression.&lt;init&gt;(Expression.java:4)
	at asg06.Expression.&lt;init&gt;(Expression.java:4)
	at asg06.Expression.&lt;init&gt;(Expression.java:4)
	at asg06.Expression.&lt;init&gt;(Expression.java:4)
	at asg06.Expression.&lt;init&gt;(Expression.java:4)
	at asg06.Expression.&lt;init&gt;(Expression.java:4)
	at asg06.Expression.&lt;init&gt;(Expression.java:4)
	at asg06.Expression.&lt;init&gt;(Expression.java:4)
	at asg06.Expression.&lt;init&gt;(Expression.java:4)
	at asg06.Expression.&lt;init&gt;(Expression.java:4)
	at asg06.Expression.&lt;init&gt;(Expression.java:4)
	at asg06.Expression.&lt;init&gt;(Expression.java:4)
	at asg06.Expression.&lt;init&gt;(Expression.java:4)
	at asg06.Expression.&lt;init&gt;(Expression.java:4)
	at asg06.Expression.&lt;init&gt;(Expression.java:4)
	at asg06.Expression.&lt;init&gt;(Expression.java:4)
	at asg06.Expression.&lt;init&gt;(Expression.java:4)
	at asg06.Expression.&lt;init&gt;(Expression.java:4)
	at asg06.Expression.&lt;init&gt;(Expression.java:4)
	at asg06.Expression.&lt;init&gt;(Expression.java:4)
	at asg06.Expression.&lt;init&gt;(Expression.java:4)
	at asg06.Expression.&lt;init&gt;(Expression.java:4)
	at asg06.Expression.&lt;init&gt;(Expression.java:4)
	at asg06.Expression.&lt;init&gt;(Expression.java:4)
	at asg06.Expression.&lt;init&gt;(Expression.java:4)
	at asg06.Expression.&lt;init&gt;(Expression.java:4)
	at asg06.Expression.&lt;init&gt;(Expression.java:4)
	at asg06.Expression.&lt;init&gt;(Expression.java:4)
	at asg06.Expression.&lt;init&gt;(Expression.java:4)
	at asg06.Expression.&lt;init&gt;(Expression.java:4)
	at asg06.Expression.&lt;init&gt;(Expression.java:4)
	at asg06.Expression.&lt;init&gt;(Expression.java:4)
	at asg06.Expression.&lt;init&gt;(Expression.java:4)
	at asg06.Expression.&lt;init&gt;(Expression.java:4)
	at asg06.Expression.&lt;init&gt;(Expression.java:4)
	at asg06.Expression.&lt;init&gt;(Expression.java:4)
	at asg06.Expression.&lt;init&gt;(Expression.java:4)
	at asg06.Expression.&lt;init&gt;(Expression.java:4)
	at asg06.Expression.&lt;init&gt;(Expression.java:4)
	at asg06.Expression.&lt;init&gt;(Expression.java:4)
	at asg06.Expression.&lt;init&gt;(Expression.java:4)
	at asg06.Expression.&lt;init&gt;(Expression.java:4)
	at asg06.Expression.&lt;init&gt;(Expression.java:4)
	at asg06.Expression.&lt;init&gt;(Expression.java:4)
	at asg06.Expression.&lt;init&gt;(Expression.java:4)
	at asg06.Expression.&lt;init&gt;(Expression.java:4)
	at asg06.Expression.&lt;init&gt;(Expression.java:4)
	at asg06.Expression.&lt;init&gt;(Expression.java:4)
	at asg06.Expression.&lt;init&gt;(Expression.java:4)
	at asg06.Expression.&lt;init&gt;(Expression.java:4)
	at asg06.Expression.&lt;init&gt;(Expression.java:4)
	at asg06.Expression.&lt;init&gt;(Expression.java:4)
	at asg06.Expression.&lt;init&gt;(Expression.java:4)
	at asg06.Expression.&lt;init&gt;(Expression.java:4)
	at asg06.Expression.&lt;init&gt;(Expression.java:4)
	at asg06.Expression.&lt;init&gt;(Expression.java:4)
	at asg06.Expression.&lt;init&gt;(Expression.java:4)
	at asg06.Expression.&lt;init&gt;(Expression.java:4)
	at asg06.Expression.&lt;init&gt;(Expression.java:4)
	at asg06.Expression.&lt;init&gt;(Expression.java:4)
	at asg06.Expression.&lt;init&gt;(Expression.java:4)
	at asg06.Expression.&lt;init&gt;(Expression.java:4)
	at asg06.Expression.&lt;init&gt;(Expression.java:4)
	at asg06.Expression.&lt;init&gt;(Expression.java:4)
	at asg06.Expression.&lt;init&gt;(Expression.java:4)
	at asg06.Expression.&lt;init&gt;(Expression.java:4)
	at asg06.Expression.&lt;init&gt;(Expression.java:4)
	at asg06.Expression.&lt;init&gt;(Expression.java:4)
	at asg06.Expression.&lt;init&gt;(Expression.java:4)
	at asg06.Expression.&lt;init&gt;(Expression.java:4)
	at asg06.Expression.&lt;init&gt;(Expression.java:4)
	at asg06.Expression.&lt;init&gt;(Expression.java:4)
	at asg06.Expression.&lt;init&gt;(Expression.java:4)
	at asg06.Expression.&lt;init&gt;(Expression.java:4)
	at asg06.Expression.&lt;init&gt;(Expression.java:4)
	at asg06.Expression.&lt;init&gt;(Expression.java:4)
	at asg06.Expression.&lt;init&gt;(Expression.java:4)
	at asg06.Expression.&lt;init&gt;(Expression.java:4)
	at asg06.Expression.&lt;init&gt;(Expression.java:4)
	at asg06.Expression.&lt;init&gt;(Expression.java:4)
	at asg06.Expression.&lt;init&gt;(Expression.java:4)
	at asg06.Expression.&lt;init&gt;(Expression.java:4)
	at asg06.Expression.&lt;init&gt;(Expression.java:4)
	at asg06.Expression.&lt;init&gt;(Expression.java:4)
	at asg06.Expression.&lt;init&gt;(Expression.java:4)
	at asg06.Expression.&lt;init&gt;(Expression.java:4)
	at asg06.Expression.&lt;init&gt;(Expression.java:4)
	at asg06.Expression.&lt;init&gt;(Expression.java:4)
	at asg06.Expression.&lt;init&gt;(Expression.java:4)
	at asg06.Expression.&lt;init&gt;(Expression.java:4)
	at asg06.Expression.&lt;init&gt;(Expression.java:4)
	at asg06.Expression.&lt;init&gt;(Expression.java:4)
	at asg06.Expression.&lt;init&gt;(Expression.java:4)
	at asg06.Expression.&lt;init&gt;(Expression.java:4)
	at asg06.Expression.&lt;init&gt;(Expression.java:4)
	at asg06.Expression.&lt;init&gt;(Expression.java:4)
	at asg06.Expression.&lt;init&gt;(Expression.java:4)
	at asg06.Expression.&lt;init&gt;(Expression.java:4)
	at asg06.Expression.&lt;init&gt;(Expression.java:4)
	at asg06.Expression.&lt;init&gt;(Expression.java:4)
	at asg06.Expression.&lt;init&gt;(Expression.java:4)
	at asg06.Expression.&lt;init&gt;(Expression.java:4)
	at asg06.Expression.&lt;init&gt;(Expression.java:4)
	at asg06.Expression.&lt;init&gt;(Expression.java:4)
	at asg06.Expression.&lt;init&gt;(Expression.java:4)
	at asg06.Expression.&lt;init&gt;(Expression.java:4)
	at asg06.Expression.&lt;init&gt;(Expression.java:4)
	at asg06.Expression.&lt;init&gt;(Expression.java:4)
	at asg06.Expression.&lt;init&gt;(Expression.java:4)
	at asg06.Expression.&lt;init&gt;(Expression.java:4)
	at asg06.Expression.&lt;init&gt;(Expression.java:4)
	at asg06.Expression.&lt;init&gt;(Expression.java:4)
	at asg06.Expression.&lt;init&gt;(Expression.java:4)
	at asg06.Expression.&lt;init&gt;(Expression.java:4)
	at asg06.Expression.&lt;init&gt;(Expression.java:4)
	at asg06.Expression.&lt;init&gt;(Expression.java:4)
	at asg06.Expression.&lt;init&gt;(Expression.java:4)
	at asg06.Expression.&lt;init&gt;(Expression.java:4)
	at asg06.Expression.&lt;init&gt;(Expression.java:4)
	at asg06.Expression.&lt;init&gt;(Expression.java:4)
	at asg06.Expression.&lt;init&gt;(Expression.java:4)
	at asg06.Expression.&lt;init&gt;(Expression.java:4)
	at asg06.Expression.&lt;init&gt;(Expression.java:4)
	at asg06.Expression.&lt;init&gt;(Expression.java:4)
	at asg06.Expression.&lt;init&gt;(Expression.java:4)
	at asg06.Expression.&lt;init&gt;(Expression.java:4)
	at asg06.Expression.&lt;init&gt;(Expression.java:4)
	at asg06.Expression.&lt;init&gt;(Expression.java:4)
	at asg06.Expression.&lt;init&gt;(Expression.java:4)
	at asg06.Expression.&lt;init&gt;(Expression.java:4)
	at asg06.Expression.&lt;init&gt;(Expression.java:4)
	at asg06.Expression.&lt;init&gt;(Expression.java:4)
	at asg06.Expression.&lt;init&gt;(Expression.java:4)
	at asg06.Expression.&lt;init&gt;(Expression.java:4)
	at asg06.Expression.&lt;init&gt;(Expression.java:4)
	at asg06.Expression.&lt;init&gt;(Expression.java:4)
	at asg06.Expression.&lt;init&gt;(Expression.java:4)
	at asg06.Expression.&lt;init&gt;(Expression.java:4)
	at asg06.Expression.&lt;init&gt;(Expression.java:4)
	at asg06.Expression.&lt;init&gt;(Expression.java:4)
	at asg06.Expression.&lt;init&gt;(Expression.java:4)
	at asg06.Expression.&lt;init&gt;(Expression.java:4)
</error>
  </testcase>
  <testcase classname="asg06.TestExpression" name="testSquareToString" time="0.016">
    <error type="java.lang.StackOverflowError">java.lang.StackOverflowError
	at asg06.Expression.&lt;init&gt;(Expression.java:4)
	at asg06.Expression.&lt;init&gt;(Expression.java:4)
	at asg06.Expression.&lt;init&gt;(Expression.java:4)
	at asg06.Expression.&lt;init&gt;(Expression.java:4)
	at asg06.Expression.&lt;init&gt;(Expression.java:4)
	at asg06.Expression.&lt;init&gt;(Expression.java:4)
	at asg06.Expression.&lt;init&gt;(Expression.java:4)
	at asg06.Expression.&lt;init&gt;(Expression.java:4)
	at asg06.Expression.&lt;init&gt;(Expression.java:4)
	at asg06.Expression.&lt;init&gt;(Expression.java:4)
	at asg06.Expression.&lt;init&gt;(Expression.java:4)
	at asg06.Expression.&lt;init&gt;(Expression.java:4)
	at asg06.Expression.&lt;init&gt;(Expression.java:4)
	at asg06.Expression.&lt;init&gt;(Expression.java:4)
	at asg06.Expression.&lt;init&gt;(Expression.java:4)
	at asg06.Expression.&lt;init&gt;(Expression.java:4)
	at asg06.Expression.&lt;init&gt;(Expression.java:4)
	at asg06.Expression.&lt;init&gt;(Expression.java:4)
	at asg06.Expression.&lt;init&gt;(Expression.java:4)
	at asg06.Expression.&lt;init&gt;(Expression.java:4)
	at asg06.Expression.&lt;init&gt;(Expression.java:4)
	at asg06.Expression.&lt;init&gt;(Expression.java:4)
	at asg06.Expression.&lt;init&gt;(Expression.java:4)
	at asg06.Expression.&lt;init&gt;(Expression.java:4)
	at asg06.Expression.&lt;init&gt;(Expression.java:4)
	at asg06.Expression.&lt;init&gt;(Expression.java:4)
	at asg06.Expression.&lt;init&gt;(Expression.java:4)
	at asg06.Expression.&lt;init&gt;(Expression.java:4)
	at asg06.Expression.&lt;init&gt;(Expression.java:4)
	at asg06.Expression.&lt;init&gt;(Expression.java:4)
	at asg06.Expression.&lt;init&gt;(Expression.java:4)
	at asg06.Expression.&lt;init&gt;(Expression.java:4)
	at asg06.Expression.&lt;init&gt;(Expression.java:4)
	at asg06.Expression.&lt;init&gt;(Expression.java:4)
	at asg06.Expression.&lt;init&gt;(Expression.java:4)
	at asg06.Expression.&lt;init&gt;(Expression.java:4)
	at asg06.Expression.&lt;init&gt;(Expression.java:4)
	at asg06.Expression.&lt;init&gt;(Expression.java:4)
	at asg06.Expression.&lt;init&gt;(Expression.java:4)
	at asg06.Expression.&lt;init&gt;(Expression.java:4)
	at asg06.Expression.&lt;init&gt;(Expression.java:4)
	at asg06.Expression.&lt;init&gt;(Expression.java:4)
	at asg06.Expression.&lt;init&gt;(Expression.java:4)
	at asg06.Expression.&lt;init&gt;(Expression.java:4)
	at asg06.Expression.&lt;init&gt;(Expression.java:4)
	at asg06.Expression.&lt;init&gt;(Expression.java:4)
	at asg06.Expression.&lt;init&gt;(Expression.java:4)
	at asg06.Expression.&lt;init&gt;(Expression.java:4)
	at asg06.Expression.&lt;init&gt;(Expression.java:4)
	at asg06.Expression.&lt;init&gt;(Expression.java:4)
	at asg06.Expression.&lt;init&gt;(Expression.java:4)
	at asg06.Expression.&lt;init&gt;(Expression.java:4)
	at asg06.Expression.&lt;init&gt;(Expression.java:4)
	at asg06.Expression.&lt;init&gt;(Expression.java:4)
	at asg06.Expression.&lt;init&gt;(Expression.java:4)
	at asg06.Expression.&lt;init&gt;(Expression.java:4)
	at asg06.Expression.&lt;init&gt;(Expression.java:4)
	at asg06.Expression.&lt;init&gt;(Expression.java:4)
	at asg06.Expression.&lt;init&gt;(Expression.java:4)
	at asg06.Expression.&lt;init&gt;(Expression.java:4)
	at asg06.Expression.&lt;init&gt;(Expression.java:4)
	at asg06.Expression.&lt;init&gt;(Expression.java:4)
	at asg06.Expression.&lt;init&gt;(Expression.java:4)
	at asg06.Expression.&lt;init&gt;(Expression.java:4)
	at asg06.Expression.&lt;init&gt;(Expression.java:4)
	at asg06.Expression.&lt;init&gt;(Expression.java:4)
	at asg06.Expression.&lt;init&gt;(Expression.java:4)
	at asg06.Expression.&lt;init&gt;(Expression.java:4)
	at asg06.Expression.&lt;init&gt;(Expression.java:4)
	at asg06.Expression.&lt;init&gt;(Expression.java:4)
	at asg06.Expression.&lt;init&gt;(Expression.java:4)
	at asg06.Expression.&lt;init&gt;(Expression.java:4)
	at asg06.Expression.&lt;init&gt;(Expression.java:4)
	at asg06.Expression.&lt;init&gt;(Expression.java:4)
	at asg06.Expression.&lt;init&gt;(Expression.java:4)
	at asg06.Expression.&lt;init&gt;(Expression.java:4)
	at asg06.Expression.&lt;init&gt;(Expression.java:4)
	at asg06.Expression.&lt;init&gt;(Expression.java:4)
	at asg06.Expression.&lt;init&gt;(Expression.java:4)
	at asg06.Expression.&lt;init&gt;(Expression.java:4)
	at asg06.Expression.&lt;init&gt;(Expression.java:4)
	at asg06.Expression.&lt;init&gt;(Expression.java:4)
	at asg06.Expression.&lt;init&gt;(Expression.java:4)
	at asg06.Expression.&lt;init&gt;(Expression.java:4)
	at asg06.Expression.&lt;init&gt;(Expression.java:4)
	at asg06.Expression.&lt;init&gt;(Expression.java:4)
	at asg06.Expression.&lt;init&gt;(Expression.java:4)
	at asg06.Expression.&lt;init&gt;(Expression.java:4)
	at asg06.Expression.&lt;init&gt;(Expression.java:4)
	at asg06.Expression.&lt;init&gt;(Expression.java:4)
	at asg06.Expression.&lt;init&gt;(Expression.java:4)
	at asg06.Expression.&lt;init&gt;(Expression.java:4)
	at asg06.Expression.&lt;init&gt;(Expression.java:4)
	at asg06.Expression.&lt;init&gt;(Expression.java:4)
	at asg06.Expression.&lt;init&gt;(Expression.java:4)
	at asg06.Expression.&lt;init&gt;(Expression.java:4)
	at asg06.Expression.&lt;init&gt;(Expression.java:4)
	at asg06.Expression.&lt;init&gt;(Expression.java:4)
	at asg06.Expression.&lt;init&gt;(Expression.java:4)
	at asg06.Expression.&lt;init&gt;(Expression.java:4)
	at asg06.Expression.&lt;init&gt;(Expression.java:4)
	at asg06.Expression.&lt;init&gt;(Expression.java:4)
	at asg06.Expression.&lt;init&gt;(Expression.java:4)
	at asg06.Expression.&lt;init&gt;(Expression.java:4)
	at asg06.Expression.&lt;init&gt;(Expression.java:4)
	at asg06.Expression.&lt;init&gt;(Expression.java:4)
	at asg06.Expression.&lt;init&gt;(Expression.java:4)
	at asg06.Expression.&lt;init&gt;(Expression.java:4)
	at asg06.Expression.&lt;init&gt;(Expression.java:4)
	at asg06.Expression.&lt;init&gt;(Expression.java:4)
	at asg06.Expression.&lt;init&gt;(Expression.java:4)
	at asg06.Expression.&lt;init&gt;(Expression.java:4)
	at asg06.Expression.&lt;init&gt;(Expression.java:4)
	at asg06.Expression.&lt;init&gt;(Expression.java:4)
	at asg06.Expression.&lt;init&gt;(Expression.java:4)
	at asg06.Expression.&lt;init&gt;(Expression.java:4)
	at asg06.Expression.&lt;init&gt;(Expression.java:4)
	at asg06.Expression.&lt;init&gt;(Expression.java:4)
	at asg06.Expression.&lt;init&gt;(Expression.java:4)
	at asg06.Expression.&lt;init&gt;(Expression.java:4)
	at asg06.Expression.&lt;init&gt;(Expression.java:4)
	at asg06.Expression.&lt;init&gt;(Expression.java:4)
	at asg06.Expression.&lt;init&gt;(Expression.java:4)
	at asg06.Expression.&lt;init&gt;(Expression.java:4)
	at asg06.Expression.&lt;init&gt;(Expression.java:4)
	at asg06.Expression.&lt;init&gt;(Expression.java:4)
	at asg06.Expression.&lt;init&gt;(Expression.java:4)
	at asg06.Expression.&lt;init&gt;(Expression.java:4)
	at asg06.Expression.&lt;init&gt;(Expression.java:4)
	at asg06.Expression.&lt;init&gt;(Expression.java:4)
	at asg06.Expression.&lt;init&gt;(Expression.java:4)
	at asg06.Expression.&lt;init&gt;(Expression.java:4)
	at asg06.Expression.&lt;init&gt;(Expression.java:4)
	at asg06.Expression.&lt;init&gt;(Expression.java:4)
	at asg06.Expression.&lt;init&gt;(Expression.java:4)
	at asg06.Expression.&lt;init&gt;(Expression.java:4)
	at asg06.Expression.&lt;init&gt;(Expression.java:4)
	at asg06.Expression.&lt;init&gt;(Expression.java:4)
	at asg06.Expression.&lt;init&gt;(Expression.java:4)
	at asg06.Expression.&lt;init&gt;(Expression.java:4)
	at asg06.Expression.&lt;init&gt;(Expression.java:4)
	at asg06.Expression.&lt;init&gt;(Expression.java:4)
	at asg06.Expression.&lt;init&gt;(Expression.java:4)
	at asg06.Expression.&lt;init&gt;(Expression.java:4)
	at asg06.Expression.&lt;init&gt;(Expression.java:4)
	at asg06.Expression.&lt;init&gt;(Expression.java:4)
	at asg06.Expression.&lt;init&gt;(Expression.java:4)
	at asg06.Expression.&lt;init&gt;(Expression.java:4)
	at asg06.Expression.&lt;init&gt;(Expression.java:4)
	at asg06.Expression.&lt;init&gt;(Expression.java:4)
	at asg06.Expression.&lt;init&gt;(Expression.java:4)
	at asg06.Expression.&lt;init&gt;(Expression.java:4)
	at asg06.Expression.&lt;init&gt;(Expression.java:4)
	at asg06.Expression.&lt;init&gt;(Expression.java:4)
	at asg06.Expression.&lt;init&gt;(Expression.java:4)
	at asg06.Expression.&lt;init&gt;(Expression.java:4)
	at asg06.Expression.&lt;init&gt;(Expression.java:4)
	at asg06.Expression.&lt;init&gt;(Expression.java:4)
	at asg06.Expression.&lt;init&gt;(Expression.java:4)
	at asg06.Expression.&lt;init&gt;(Expression.java:4)
	at asg06.Expression.&lt;init&gt;(Expression.java:4)
	at asg06.Expression.&lt;init&gt;(Expression.java:4)
	at asg06.Expression.&lt;init&gt;(Expression.java:4)
	at asg06.Expression.&lt;init&gt;(Expression.java:4)
	at asg06.Expression.&lt;init&gt;(Expression.java:4)
	at asg06.Expression.&lt;init&gt;(Expression.java:4)
	at asg06.Expression.&lt;init&gt;(Expression.java:4)
	at asg06.Expression.&lt;init&gt;(Expression.java:4)
	at asg06.Expression.&lt;init&gt;(Expression.java:4)
	at asg06.Expression.&lt;init&gt;(Expression.java:4)
	at asg06.Expression.&lt;init&gt;(Expression.java:4)
	at asg06.Expression.&lt;init&gt;(Expression.java:4)
	at asg06.Expression.&lt;init&gt;(Expression.java:4)
	at asg06.Expression.&lt;init&gt;(Expression.java:4)
	at asg06.Expression.&lt;init&gt;(Expression.java:4)
	at asg06.Expression.&lt;init&gt;(Expression.java:4)
	at asg06.Expression.&lt;init&gt;(Expression.java:4)
	at asg06.Expression.&lt;init&gt;(Expression.java:4)
	at asg06.Expression.&lt;init&gt;(Expression.java:4)
	at asg06.Expression.&lt;init&gt;(Expression.java:4)
	at asg06.Expression.&lt;init&gt;(Expression.java:4)
	at asg06.Expression.&lt;init&gt;(Expression.java:4)
	at asg06.Expression.&lt;init&gt;(Expression.java:4)
	at asg06.Expression.&lt;init&gt;(Expression.java:4)
	at asg06.Expression.&lt;init&gt;(Expression.java:4)
	at asg06.Expression.&lt;init&gt;(Expression.java:4)
	at asg06.Expression.&lt;init&gt;(Expression.java:4)
	at asg06.Expression.&lt;init&gt;(Expression.java:4)
	at asg06.Expression.&lt;init&gt;(Expression.java:4)
	at asg06.Expression.&lt;init&gt;(Expression.java:4)
	at asg06.Expression.&lt;init&gt;(Expression.java:4)
	at asg06.Expression.&lt;init&gt;(Expression.java:4)
	at asg06.Expression.&lt;init&gt;(Expression.java:4)
	at asg06.Expression.&lt;init&gt;(Expression.java:4)
	at asg06.Expression.&lt;init&gt;(Expression.java:4)
	at asg06.Expression.&lt;init&gt;(Expression.java:4)
	at asg06.Expression.&lt;init&gt;(Expression.java:4)
	at asg06.Expression.&lt;init&gt;(Expression.java:4)
	at asg06.Expression.&lt;init&gt;(Expression.java:4)
	at asg06.Expression.&lt;init&gt;(Expression.java:4)
	at asg06.Expression.&lt;init&gt;(Expression.java:4)
	at asg06.Expression.&lt;init&gt;(Expression.java:4)
	at asg06.Expression.&lt;init&gt;(Expression.java:4)
	at asg06.Expression.&lt;init&gt;(Expression.java:4)
	at asg06.Expression.&lt;init&gt;(Expression.java:4)
	at asg06.Expression.&lt;init&gt;(Expression.java:4)
	at asg06.Expression.&lt;init&gt;(Expression.java:4)
	at asg06.Expression.&lt;init&gt;(Expression.java:4)
	at asg06.Expression.&lt;init&gt;(Expression.java:4)
	at asg06.Expression.&lt;init&gt;(Expression.java:4)
	at asg06.Expression.&lt;init&gt;(Expression.java:4)
	at asg06.Expression.&lt;init&gt;(Expression.java:4)
	at asg06.Expression.&lt;init&gt;(Expression.java:4)
	at asg06.Expression.&lt;init&gt;(Expression.java:4)
	at asg06.Expression.&lt;init&gt;(Expression.java:4)
	at asg06.Expression.&lt;init&gt;(Expression.java:4)
	at asg06.Expression.&lt;init&gt;(Expression.java:4)
	at asg06.Expression.&lt;init&gt;(Expression.java:4)
	at asg06.Expression.&lt;init&gt;(Expression.java:4)
	at asg06.Expression.&lt;init&gt;(Expression.java:4)
	at asg06.Expression.&lt;init&gt;(Expression.java:4)
	at asg06.Expression.&lt;init&gt;(Expression.java:4)
	at asg06.Expression.&lt;init&gt;(Expression.java:4)
	at asg06.Expression.&lt;init&gt;(Expression.java:4)
	at asg06.Expression.&lt;init&gt;(Expression.java:4)
	at asg06.Expression.&lt;init&gt;(Expression.java:4)
	at asg06.Expression.&lt;init&gt;(Expression.java:4)
	at asg06.Expression.&lt;init&gt;(Expression.java:4)
	at asg06.Expression.&lt;init&gt;(Expression.java:4)
	at asg06.Expression.&lt;init&gt;(Expression.java:4)
	at asg06.Expression.&lt;init&gt;(Expression.java:4)
	at asg06.Expression.&lt;init&gt;(Expression.java:4)
	at asg06.Expression.&lt;init&gt;(Expression.java:4)
	at asg06.Expression.&lt;init&gt;(Expression.java:4)
	at asg06.Expression.&lt;init&gt;(Expression.java:4)
	at asg06.Expression.&lt;init&gt;(Expression.java:4)
	at asg06.Expression.&lt;init&gt;(Expression.java:4)
	at asg06.Expression.&lt;init&gt;(Expression.java:4)
	at asg06.Expression.&lt;init&gt;(Expression.java:4)
	at asg06.Expression.&lt;init&gt;(Expression.java:4)
	at asg06.Expression.&lt;init&gt;(Expression.java:4)
	at asg06.Expression.&lt;init&gt;(Expression.java:4)
	at asg06.Expression.&lt;init&gt;(Expression.java:4)
	at asg06.Expression.&lt;init&gt;(Expression.java:4)
	at asg06.Expression.&lt;init&gt;(Expression.java:4)
	at asg06.Expression.&lt;init&gt;(Expression.java:4)
	at asg06.Expression.&lt;init&gt;(Expression.java:4)
	at asg06.Expression.&lt;init&gt;(Expression.java:4)
	at asg06.Expression.&lt;init&gt;(Expression.java:4)
	at asg06.Expression.&lt;init&gt;(Expression.java:4)
	at asg06.Expression.&lt;init&gt;(Expression.java:4)
	at asg06.Expression.&lt;init&gt;(Expression.java:4)
	at asg06.Expression.&lt;init&gt;(Expression.java:4)
	at asg06.Expression.&lt;init&gt;(Expression.java:4)
	at asg06.Expression.&lt;init&gt;(Expression.java:4)
	at asg06.Expression.&lt;init&gt;(Expression.java:4)
	at asg06.Expression.&lt;init&gt;(Expression.java:4)
	at asg06.Expression.&lt;init&gt;(Expression.java:4)
	at asg06.Expression.&lt;init&gt;(Expression.java:4)
	at asg06.Expression.&lt;init&gt;(Expression.java:4)
	at asg06.Expression.&lt;init&gt;(Expression.java:4)
	at asg06.Expression.&lt;init&gt;(Expression.java:4)
	at asg06.Expression.&lt;init&gt;(Expression.java:4)
	at asg06.Expression.&lt;init&gt;(Expression.java:4)
	at asg06.Expression.&lt;init&gt;(Expression.java:4)
	at asg06.Expression.&lt;init&gt;(Expression.java:4)
	at asg06.Expression.&lt;init&gt;(Expression.java:4)
	at asg06.Expression.&lt;init&gt;(Expression.java:4)
	at asg06.Expression.&lt;init&gt;(Expression.java:4)
	at asg06.Expression.&lt;init&gt;(Expression.java:4)
	at asg06.Expression.&lt;init&gt;(Expression.java:4)
	at asg06.Expression.&lt;init&gt;(Expression.java:4)
	at asg06.Expression.&lt;init&gt;(Expression.java:4)
	at asg06.Expression.&lt;init&gt;(Expression.java:4)
	at asg06.Expression.&lt;init&gt;(Expression.java:4)
	at asg06.Expression.&lt;init&gt;(Expression.java:4)
	at asg06.Expression.&lt;init&gt;(Expression.java:4)
	at asg06.Expression.&lt;init&gt;(Expression.java:4)
	at asg06.Expression.&lt;init&gt;(Expression.java:4)
	at asg06.Expression.&lt;init&gt;(Expression.java:4)
	at asg06.Expression.&lt;init&gt;(Expression.java:4)
	at asg06.Expression.&lt;init&gt;(Expression.java:4)
	at asg06.Expression.&lt;init&gt;(Expression.java:4)
	at asg06.Expression.&lt;init&gt;(Expression.java:4)
	at asg06.Expression.&lt;init&gt;(Expression.java:4)
	at asg06.Expression.&lt;init&gt;(Expression.java:4)
	at asg06.Expression.&lt;init&gt;(Expression.java:4)
	at asg06.Expression.&lt;init&gt;(Expression.java:4)
	at asg06.Expression.&lt;init&gt;(Expression.java:4)
	at asg06.Expression.&lt;init&gt;(Expression.java:4)
	at asg06.Expression.&lt;init&gt;(Expression.java:4)
	at asg06.Expression.&lt;init&gt;(Expression.java:4)
	at asg06.Expression.&lt;init&gt;(Expression.java:4)
	at asg06.Expression.&lt;init&gt;(Expression.java:4)
	at asg06.Expression.&lt;init&gt;(Expression.java:4)
	at asg06.Expression.&lt;init&gt;(Expression.java:4)
	at asg06.Expression.&lt;init&gt;(Expression.java:4)
	at asg06.Expression.&lt;init&gt;(Expression.java:4)
	at asg06.Expression.&lt;init&gt;(Expression.java:4)
	at asg06.Expression.&lt;init&gt;(Expression.java:4)
	at asg06.Expression.&lt;init&gt;(Expression.java:4)
	at asg06.Expression.&lt;init&gt;(Expression.java:4)
	at asg06.Expression.&lt;init&gt;(Expression.java:4)
	at asg06.Expression.&lt;init&gt;(Expression.java:4)
	at asg06.Expression.&lt;init&gt;(Expression.java:4)
	at asg06.Expression.&lt;init&gt;(Expression.java:4)
	at asg06.Expression.&lt;init&gt;(Expression.java:4)
	at asg06.Expression.&lt;init&gt;(Expression.java:4)
	at asg06.Expression.&lt;init&gt;(Expression.java:4)
	at asg06.Expression.&lt;init&gt;(Expression.java:4)
	at asg06.Expression.&lt;init&gt;(Expression.java:4)
	at asg06.Expression.&lt;init&gt;(Expression.java:4)
	at asg06.Expression.&lt;init&gt;(Expression.java:4)
	at asg06.Expression.&lt;init&gt;(Expression.java:4)
	at asg06.Expression.&lt;init&gt;(Expression.java:4)
	at asg06.Expression.&lt;init&gt;(Expression.java:4)
	at asg06.Expression.&lt;init&gt;(Expression.java:4)
	at asg06.Expression.&lt;init&gt;(Expression.java:4)
	at asg06.Expression.&lt;init&gt;(Expression.java:4)
	at asg06.Expression.&lt;init&gt;(Expression.java:4)
	at asg06.Expression.&lt;init&gt;(Expression.java:4)
	at asg06.Expression.&lt;init&gt;(Expression.java:4)
	at asg06.Expression.&lt;init&gt;(Expression.java:4)
	at asg06.Expression.&lt;init&gt;(Expression.java:4)
	at asg06.Expression.&lt;init&gt;(Expression.java:4)
	at asg06.Expression.&lt;init&gt;(Expression.java:4)
	at asg06.Expression.&lt;init&gt;(Expression.java:4)
	at asg06.Expression.&lt;init&gt;(Expression.java:4)
	at asg06.Expression.&lt;init&gt;(Expression.java:4)
	at asg06.Expression.&lt;init&gt;(Expression.java:4)
	at asg06.Expression.&lt;init&gt;(Expression.java:4)
	at asg06.Expression.&lt;init&gt;(Expression.java:4)
	at asg06.Expression.&lt;init&gt;(Expression.java:4)
	at asg06.Expression.&lt;init&gt;(Expression.java:4)
	at asg06.Expression.&lt;init&gt;(Expression.java:4)
	at asg06.Expression.&lt;init&gt;(Expression.java:4)
	at asg06.Expression.&lt;init&gt;(Expression.java:4)
	at asg06.Expression.&lt;init&gt;(Expression.java:4)
	at asg06.Expression.&lt;init&gt;(Expression.java:4)
	at asg06.Expression.&lt;init&gt;(Expression.java:4)
	at asg06.Expression.&lt;init&gt;(Expression.java:4)
	at asg06.Expression.&lt;init&gt;(Expression.java:4)
	at asg06.Expression.&lt;init&gt;(Expression.java:4)
	at asg06.Expression.&lt;init&gt;(Expression.java:4)
	at asg06.Expression.&lt;init&gt;(Expression.java:4)
	at asg06.Expression.&lt;init&gt;(Expression.java:4)
	at asg06.Expression.&lt;init&gt;(Expression.java:4)
	at asg06.Expression.&lt;init&gt;(Expression.java:4)
	at asg06.Expression.&lt;init&gt;(Expression.java:4)
	at asg06.Expression.&lt;init&gt;(Expression.java:4)
	at asg06.Expression.&lt;init&gt;(Expression.java:4)
	at asg06.Expression.&lt;init&gt;(Expression.java:4)
	at asg06.Expression.&lt;init&gt;(Expression.java:4)
	at asg06.Expression.&lt;init&gt;(Expression.java:4)
	at asg06.Expression.&lt;init&gt;(Expression.java:4)
	at asg06.Expression.&lt;init&gt;(Expression.java:4)
	at asg06.Expression.&lt;init&gt;(Expression.java:4)
	at asg06.Expression.&lt;init&gt;(Expression.java:4)
	at asg06.Expression.&lt;init&gt;(Expression.java:4)
	at asg06.Expression.&lt;init&gt;(Expression.java:4)
	at asg06.Expression.&lt;init&gt;(Expression.java:4)
	at asg06.Expression.&lt;init&gt;(Expression.java:4)
	at asg06.Expression.&lt;init&gt;(Expression.java:4)
	at asg06.Expression.&lt;init&gt;(Expression.java:4)
	at asg06.Expression.&lt;init&gt;(Expression.java:4)
	at asg06.Expression.&lt;init&gt;(Expression.java:4)
	at asg06.Expression.&lt;init&gt;(Expression.java:4)
	at asg06.Expression.&lt;init&gt;(Expression.java:4)
	at asg06.Expression.&lt;init&gt;(Expression.java:4)
	at asg06.Expression.&lt;init&gt;(Expression.java:4)
	at asg06.Expression.&lt;init&gt;(Expression.java:4)
	at asg06.Expression.&lt;init&gt;(Expression.java:4)
	at asg06.Expression.&lt;init&gt;(Expression.java:4)
	at asg06.Expression.&lt;init&gt;(Expression.java:4)
	at asg06.Expression.&lt;init&gt;(Expression.java:4)
	at asg06.Expression.&lt;init&gt;(Expression.java:4)
	at asg06.Expression.&lt;init&gt;(Expression.java:4)
	at asg06.Expression.&lt;init&gt;(Expression.java:4)
	at asg06.Expression.&lt;init&gt;(Expression.java:4)
	at asg06.Expression.&lt;init&gt;(Expression.java:4)
	at asg06.Expression.&lt;init&gt;(Expression.java:4)
	at asg06.Expression.&lt;init&gt;(Expression.java:4)
	at asg06.Expression.&lt;init&gt;(Expression.java:4)
	at asg06.Expression.&lt;init&gt;(Expression.java:4)
	at asg06.Expression.&lt;init&gt;(Expression.java:4)
	at asg06.Expression.&lt;init&gt;(Expression.java:4)
	at asg06.Expression.&lt;init&gt;(Expression.java:4)
	at asg06.Expression.&lt;init&gt;(Expression.java:4)
	at asg06.Expression.&lt;init&gt;(Expression.java:4)
	at asg06.Expression.&lt;init&gt;(Expression.java:4)
	at asg06.Expression.&lt;init&gt;(Expression.java:4)
	at asg06.Expression.&lt;init&gt;(Expression.java:4)
	at asg06.Expression.&lt;init&gt;(Expression.java:4)
	at asg06.Expression.&lt;init&gt;(Expression.java:4)
	at asg06.Expression.&lt;init&gt;(Expression.java:4)
	at asg06.Expression.&lt;init&gt;(Expression.java:4)
	at asg06.Expression.&lt;init&gt;(Expression.java:4)
	at asg06.Expression.&lt;init&gt;(Expression.java:4)
	at asg06.Expression.&lt;init&gt;(Expression.java:4)
	at asg06.Expression.&lt;init&gt;(Expression.java:4)
	at asg06.Expression.&lt;init&gt;(Expression.java:4)
	at asg06.Expression.&lt;init&gt;(Expression.java:4)
	at asg06.Expression.&lt;init&gt;(Expression.java:4)
	at asg06.Expression.&lt;init&gt;(Expression.java:4)
	at asg06.Expression.&lt;init&gt;(Expression.java:4)
	at asg06.Expression.&lt;init&gt;(Expression.java:4)
	at asg06.Expression.&lt;init&gt;(Expression.java:4)
	at asg06.Expression.&lt;init&gt;(Expression.java:4)
	at asg06.Expression.&lt;init&gt;(Expression.java:4)
	at asg06.Expression.&lt;init&gt;(Expression.java:4)
	at asg06.Expression.&lt;init&gt;(Expression.java:4)
	at asg06.Expression.&lt;init&gt;(Expression.java:4)
	at asg06.Expression.&lt;init&gt;(Expression.java:4)
	at asg06.Expression.&lt;init&gt;(Expression.java:4)
	at asg06.Expression.&lt;init&gt;(Expression.java:4)
	at asg06.Expression.&lt;init&gt;(Expression.java:4)
	at asg06.Expression.&lt;init&gt;(Expression.java:4)
	at asg06.Expression.&lt;init&gt;(Expression.java:4)
	at asg06.Expression.&lt;init&gt;(Expression.java:4)
	at asg06.Expression.&lt;init&gt;(Expression.java:4)
	at asg06.Expression.&lt;init&gt;(Expression.java:4)
	at asg06.Expression.&lt;init&gt;(Expression.java:4)
	at asg06.Expression.&lt;init&gt;(Expression.java:4)
	at asg06.Expression.&lt;init&gt;(Expression.java:4)
	at asg06.Expression.&lt;init&gt;(Expression.java:4)
	at asg06.Expression.&lt;init&gt;(Expression.java:4)
	at asg06.Expression.&lt;init&gt;(Expression.java:4)
	at asg06.Expression.&lt;init&gt;(Expression.java:4)
	at asg06.Expression.&lt;init&gt;(Expression.java:4)
	at asg06.Expression.&lt;init&gt;(Expression.java:4)
	at asg06.Expression.&lt;init&gt;(Expression.java:4)
	at asg06.Expression.&lt;init&gt;(Expression.java:4)
	at asg06.Expression.&lt;init&gt;(Expression.java:4)
	at asg06.Expression.&lt;init&gt;(Expression.java:4)
	at asg06.Expression.&lt;init&gt;(Expression.java:4)
	at asg06.Expression.&lt;init&gt;(Expression.java:4)
	at asg06.Expression.&lt;init&gt;(Expression.java:4)
	at asg06.Expression.&lt;init&gt;(Expression.java:4)
	at asg06.Expression.&lt;init&gt;(Expression.java:4)
	at asg06.Expression.&lt;init&gt;(Expression.java:4)
	at asg06.Expression.&lt;init&gt;(Expression.java:4)
	at asg06.Expression.&lt;init&gt;(Expression.java:4)
	at asg06.Expression.&lt;init&gt;(Expression.java:4)
	at asg06.Expression.&lt;init&gt;(Expression.java:4)
	at asg06.Expression.&lt;init&gt;(Expression.java:4)
	at asg06.Expression.&lt;init&gt;(Expression.java:4)
	at asg06.Expression.&lt;init&gt;(Expression.java:4)
	at asg06.Expression.&lt;init&gt;(Expression.java:4)
	at asg06.Expression.&lt;init&gt;(Expression.java:4)
	at asg06.Expression.&lt;init&gt;(Expression.java:4)
	at asg06.Expression.&lt;init&gt;(Expression.java:4)
	at asg06.Expression.&lt;init&gt;(Expression.java:4)
	at asg06.Expression.&lt;init&gt;(Expression.java:4)
	at asg06.Expression.&lt;init&gt;(Expression.java:4)
	at asg06.Expression.&lt;init&gt;(Expression.java:4)
	at asg06.Expression.&lt;init&gt;(Expression.java:4)
	at asg06.Expression.&lt;init&gt;(Expression.java:4)
	at asg06.Expression.&lt;init&gt;(Expression.java:4)
	at asg06.Expression.&lt;init&gt;(Expression.java:4)
	at asg06.Expression.&lt;init&gt;(Expression.java:4)
	at asg06.Expression.&lt;init&gt;(Expression.java:4)
	at asg06.Expression.&lt;init&gt;(Expression.java:4)
	at asg06.Expression.&lt;init&gt;(Expression.java:4)
	at asg06.Expression.&lt;init&gt;(Expression.java:4)
	at asg06.Expression.&lt;init&gt;(Expression.java:4)
	at asg06.Expression.&lt;init&gt;(Expression.java:4)
	at asg06.Expression.&lt;init&gt;(Expression.java:4)
	at asg06.Expression.&lt;init&gt;(Expression.java:4)
	at asg06.Expression.&lt;init&gt;(Expression.java:4)
	at asg06.Expression.&lt;init&gt;(Expression.java:4)
	at asg06.Expression.&lt;init&gt;(Expression.java:4)
	at asg06.Expression.&lt;init&gt;(Expression.java:4)
	at asg06.Expression.&lt;init&gt;(Expression.java:4)
	at asg06.Expression.&lt;init&gt;(Expression.java:4)
	at asg06.Expression.&lt;init&gt;(Expression.java:4)
	at asg06.Expression.&lt;init&gt;(Expression.java:4)
	at asg06.Expression.&lt;init&gt;(Expression.java:4)
	at asg06.Expression.&lt;init&gt;(Expression.java:4)
	at asg06.Expression.&lt;init&gt;(Expression.java:4)
	at asg06.Expression.&lt;init&gt;(Expression.java:4)
	at asg06.Expression.&lt;init&gt;(Expression.java:4)
	at asg06.Expression.&lt;init&gt;(Expression.java:4)
	at asg06.Expression.&lt;init&gt;(Expression.java:4)
	at asg06.Expression.&lt;init&gt;(Expression.java:4)
	at asg06.Expression.&lt;init&gt;(Expression.java:4)
	at asg06.Expression.&lt;init&gt;(Expression.java:4)
	at asg06.Expression.&lt;init&gt;(Expression.java:4)
	at asg06.Expression.&lt;init&gt;(Expression.java:4)
	at asg06.Expression.&lt;init&gt;(Expression.java:4)
	at asg06.Expression.&lt;init&gt;(Expression.java:4)
	at asg06.Expression.&lt;init&gt;(Expression.java:4)
	at asg06.Expression.&lt;init&gt;(Expression.java:4)
	at asg06.Expression.&lt;init&gt;(Expression.java:4)
	at asg06.Expression.&lt;init&gt;(Expression.java:4)
	at asg06.Expression.&lt;init&gt;(Expression.java:4)
	at asg06.Expression.&lt;init&gt;(Expression.java:4)
	at asg06.Expression.&lt;init&gt;(Expression.java:4)
	at asg06.Expression.&lt;init&gt;(Expression.java:4)
	at asg06.Expression.&lt;init&gt;(Expression.java:4)
	at asg06.Expression.&lt;init&gt;(Expression.java:4)
	at asg06.Expression.&lt;init&gt;(Expression.java:4)
	at asg06.Expression.&lt;init&gt;(Expression.java:4)
	at asg06.Expression.&lt;init&gt;(Expression.java:4)
	at asg06.Expression.&lt;init&gt;(Expression.java:4)
	at asg06.Expression.&lt;init&gt;(Expression.java:4)
	at asg06.Expression.&lt;init&gt;(Expression.java:4)
	at asg06.Expression.&lt;init&gt;(Expression.java:4)
	at asg06.Expression.&lt;init&gt;(Expression.java:4)
	at asg06.Expression.&lt;init&gt;(Expression.java:4)
	at asg06.Expression.&lt;init&gt;(Expression.java:4)
	at asg06.Expression.&lt;init&gt;(Expression.java:4)
	at asg06.Expression.&lt;init&gt;(Expression.java:4)
	at asg06.Expression.&lt;init&gt;(Expression.java:4)
	at asg06.Expression.&lt;init&gt;(Expression.java:4)
	at asg06.Expression.&lt;init&gt;(Expression.java:4)
	at asg06.Expression.&lt;init&gt;(Expression.java:4)
	at asg06.Expression.&lt;init&gt;(Expression.java:4)
	at asg06.Expression.&lt;init&gt;(Expression.java:4)
	at asg06.Expression.&lt;init&gt;(Expression.java:4)
	at asg06.Expression.&lt;init&gt;(Expression.java:4)
	at asg06.Expression.&lt;init&gt;(Expression.java:4)
	at asg06.Expression.&lt;init&gt;(Expression.java:4)
	at asg06.Expression.&lt;init&gt;(Expression.java:4)
	at asg06.Expression.&lt;init&gt;(Expression.java:4)
	at asg06.Expression.&lt;init&gt;(Expression.java:4)
	at asg06.Expression.&lt;init&gt;(Expression.java:4)
	at asg06.Expression.&lt;init&gt;(Expression.java:4)
	at asg06.Expression.&lt;init&gt;(Expression.java:4)
	at asg06.Expression.&lt;init&gt;(Expression.java:4)
	at asg06.Expression.&lt;init&gt;(Expression.java:4)
	at asg06.Expression.&lt;init&gt;(Expression.java:4)
	at asg06.Expression.&lt;init&gt;(Expression.java:4)
	at asg06.Expression.&lt;init&gt;(Expression.java:4)
	at asg06.Expression.&lt;init&gt;(Expression.java:4)
	at asg06.Expression.&lt;init&gt;(Expression.java:4)
	at asg06.Expression.&lt;init&gt;(Expression.java:4)
	at asg06.Expression.&lt;init&gt;(Expression.java:4)
	at asg06.Expression.&lt;init&gt;(Expression.java:4)
	at asg06.Expression.&lt;init&gt;(Expression.java:4)
	at asg06.Expression.&lt;init&gt;(Expression.java:4)
	at asg06.Expression.&lt;init&gt;(Expression.java:4)
	at asg06.Expression.&lt;init&gt;(Expression.java:4)
	at asg06.Expression.&lt;init&gt;(Expression.java:4)
	at asg06.Expression.&lt;init&gt;(Expression.java:4)
	at asg06.Expression.&lt;init&gt;(Expression.java:4)
	at asg06.Expression.&lt;init&gt;(Expression.java:4)
	at asg06.Expression.&lt;init&gt;(Expression.java:4)
	at asg06.Expression.&lt;init&gt;(Expression.java:4)
	at asg06.Expression.&lt;init&gt;(Expression.java:4)
	at asg06.Expression.&lt;init&gt;(Expression.java:4)
	at asg06.Expression.&lt;init&gt;(Expression.java:4)
	at asg06.Expression.&lt;init&gt;(Expression.java:4)
	at asg06.Expression.&lt;init&gt;(Expression.java:4)
	at asg06.Expression.&lt;init&gt;(Expression.java:4)
	at asg06.Expression.&lt;init&gt;(Expression.java:4)
	at asg06.Expression.&lt;init&gt;(Expression.java:4)
	at asg06.Expression.&lt;init&gt;(Expression.java:4)
	at asg06.Expression.&lt;init&gt;(Expression.java:4)
	at asg06.Expression.&lt;init&gt;(Expression.java:4)
	at asg06.Expression.&lt;init&gt;(Expression.java:4)
	at asg06.Expression.&lt;init&gt;(Expression.java:4)
	at asg06.Expression.&lt;init&gt;(Expression.java:4)
	at asg06.Expression.&lt;init&gt;(Expression.java:4)
	at asg06.Expression.&lt;init&gt;(Expression.java:4)
	at asg06.Expression.&lt;init&gt;(Expression.java:4)
	at asg06.Expression.&lt;init&gt;(Expression.java:4)
	at asg06.Expression.&lt;init&gt;(Expression.java:4)
	at asg06.Expression.&lt;init&gt;(Expression.java:4)
	at asg06.Expression.&lt;init&gt;(Expression.java:4)
	at asg06.Expression.&lt;init&gt;(Expression.java:4)
	at asg06.Expression.&lt;init&gt;(Expression.java:4)
	at asg06.Expression.&lt;init&gt;(Expression.java:4)
	at asg06.Expression.&lt;init&gt;(Expression.java:4)
	at asg06.Expression.&lt;init&gt;(Expression.java:4)
	at asg06.Expression.&lt;init&gt;(Expression.java:4)
	at asg06.Expression.&lt;init&gt;(Expression.java:4)
	at asg06.Expression.&lt;init&gt;(Expression.java:4)
	at asg06.Expression.&lt;init&gt;(Expression.java:4)
	at asg06.Expression.&lt;init&gt;(Expression.java:4)
	at asg06.Expression.&lt;init&gt;(Expression.java:4)
	at asg06.Expression.&lt;init&gt;(Expression.java:4)
	at asg06.Expression.&lt;init&gt;(Expression.java:4)
	at asg06.Expression.&lt;init&gt;(Expression.java:4)
	at asg06.Expression.&lt;init&gt;(Expression.java:4)
	at asg06.Expression.&lt;init&gt;(Expression.java:4)
	at asg06.Expression.&lt;init&gt;(Expression.java:4)
	at asg06.Expression.&lt;init&gt;(Expression.java:4)
	at asg06.Expression.&lt;init&gt;(Expression.java:4)
	at asg06.Expression.&lt;init&gt;(Expression.java:4)
	at asg06.Expression.&lt;init&gt;(Expression.java:4)
	at asg06.Expression.&lt;init&gt;(Expression.java:4)
	at asg06.Expression.&lt;init&gt;(Expression.java:4)
	at asg06.Expression.&lt;init&gt;(Expression.java:4)
	at asg06.Expression.&lt;init&gt;(Expression.java:4)
	at asg06.Expression.&lt;init&gt;(Expression.java:4)
	at asg06.Expression.&lt;init&gt;(Expression.java:4)
	at asg06.Expression.&lt;init&gt;(Expression.java:4)
	at asg06.Expression.&lt;init&gt;(Expression.java:4)
	at asg06.Expression.&lt;init&gt;(Expression.java:4)
	at asg06.Expression.&lt;init&gt;(Expression.java:4)
	at asg06.Expression.&lt;init&gt;(Expression.java:4)
	at asg06.Expression.&lt;init&gt;(Expression.java:4)
	at asg06.Expression.&lt;init&gt;(Expression.java:4)
	at asg06.Expression.&lt;init&gt;(Expression.java:4)
	at asg06.Expression.&lt;init&gt;(Expression.java:4)
	at asg06.Expression.&lt;init&gt;(Expression.java:4)
	at asg06.Expression.&lt;init&gt;(Expression.java:4)
	at asg06.Expression.&lt;init&gt;(Expression.java:4)
	at asg06.Expression.&lt;init&gt;(Expression.java:4)
	at asg06.Expression.&lt;init&gt;(Expression.java:4)
	at asg06.Expression.&lt;init&gt;(Expression.java:4)
	at asg06.Expression.&lt;init&gt;(Expression.java:4)
	at asg06.Expression.&lt;init&gt;(Expression.java:4)
	at asg06.Expression.&lt;init&gt;(Expression.java:4)
	at asg06.Expression.&lt;init&gt;(Expression.java:4)
	at asg06.Expression.&lt;init&gt;(Expression.java:4)
	at asg06.Expression.&lt;init&gt;(Expression.java:4)
	at asg06.Expression.&lt;init&gt;(Expression.java:4)
	at asg06.Expression.&lt;init&gt;(Expression.java:4)
	at asg06.Expression.&lt;init&gt;(Expression.java:4)
	at asg06.Expression.&lt;init&gt;(Expression.java:4)
	at asg06.Expression.&lt;init&gt;(Expression.java:4)
	at asg06.Expression.&lt;init&gt;(Expression.java:4)
	at asg06.Expression.&lt;init&gt;(Expression.java:4)
	at asg06.Expression.&lt;init&gt;(Expression.java:4)
	at asg06.Expression.&lt;init&gt;(Expression.java:4)
	at asg06.Expression.&lt;init&gt;(Expression.java:4)
	at asg06.Expression.&lt;init&gt;(Expression.java:4)
	at asg06.Expression.&lt;init&gt;(Expression.java:4)
	at asg06.Expression.&lt;init&gt;(Expression.java:4)
	at asg06.Expression.&lt;init&gt;(Expression.java:4)
	at asg06.Expression.&lt;init&gt;(Expression.java:4)
	at asg06.Expression.&lt;init&gt;(Expression.java:4)
	at asg06.Expression.&lt;init&gt;(Expression.java:4)
	at asg06.Expression.&lt;init&gt;(Expression.java:4)
	at asg06.Expression.&lt;init&gt;(Expression.java:4)
	at asg06.Expression.&lt;init&gt;(Expression.java:4)
	at asg06.Expression.&lt;init&gt;(Expression.java:4)
	at asg06.Expression.&lt;init&gt;(Expression.java:4)
	at asg06.Expression.&lt;init&gt;(Expression.java:4)
	at asg06.Expression.&lt;init&gt;(Expression.java:4)
	at asg06.Expression.&lt;init&gt;(Expression.java:4)
	at asg06.Expression.&lt;init&gt;(Expression.java:4)
	at asg06.Expression.&lt;init&gt;(Expression.java:4)
	at asg06.Expression.&lt;init&gt;(Expression.java:4)
	at asg06.Expression.&lt;init&gt;(Expression.java:4)
	at asg06.Expression.&lt;init&gt;(Expression.java:4)
	at asg06.Expression.&lt;init&gt;(Expression.java:4)
	at asg06.Expression.&lt;init&gt;(Expression.java:4)
	at asg06.Expression.&lt;init&gt;(Expression.java:4)
	at asg06.Expression.&lt;init&gt;(Expression.java:4)
	at asg06.Expression.&lt;init&gt;(Expression.java:4)
	at asg06.Expression.&lt;init&gt;(Expression.java:4)
	at asg06.Expression.&lt;init&gt;(Expression.java:4)
	at asg06.Expression.&lt;init&gt;(Expression.java:4)
	at asg06.Expression.&lt;init&gt;(Expression.java:4)
	at asg06.Expression.&lt;init&gt;(Expression.java:4)
	at asg06.Expression.&lt;init&gt;(Expression.java:4)
	at asg06.Expression.&lt;init&gt;(Expression.java:4)
	at asg06.Expression.&lt;init&gt;(Expression.java:4)
	at asg06.Expression.&lt;init&gt;(Expression.java:4)
	at asg06.Expression.&lt;init&gt;(Expression.java:4)
	at asg06.Expression.&lt;init&gt;(Expression.java:4)
	at asg06.Expression.&lt;init&gt;(Expression.java:4)
	at asg06.Expression.&lt;init&gt;(Expression.java:4)
	at asg06.Expression.&lt;init&gt;(Expression.java:4)
	at asg06.Expression.&lt;init&gt;(Expression.java:4)
	at asg06.Expression.&lt;init&gt;(Expression.java:4)
	at asg06.Expression.&lt;init&gt;(Expression.java:4)
	at asg06.Expression.&lt;init&gt;(Expression.java:4)
	at asg06.Expression.&lt;init&gt;(Expression.java:4)
	at asg06.Expression.&lt;init&gt;(Expression.java:4)
	at asg06.Expression.&lt;init&gt;(Expression.java:4)
	at asg06.Expression.&lt;init&gt;(Expression.java:4)
	at asg06.Expression.&lt;init&gt;(Expression.java:4)
	at asg06.Expression.&lt;init&gt;(Expression.java:4)
	at asg06.Expression.&lt;init&gt;(Expression.java:4)
	at asg06.Expression.&lt;init&gt;(Expression.java:4)
	at asg06.Expression.&lt;init&gt;(Expression.java:4)
	at asg06.Expression.&lt;init&gt;(Expression.java:4)
	at asg06.Expression.&lt;init&gt;(Expression.java:4)
	at asg06.Expression.&lt;init&gt;(Expression.java:4)
	at asg06.Expression.&lt;init&gt;(Expression.java:4)
	at asg06.Expression.&lt;init&gt;(Expression.java:4)
	at asg06.Expression.&lt;init&gt;(Expression.java:4)
	at asg06.Expression.&lt;init&gt;(Expression.java:4)
	at asg06.Expression.&lt;init&gt;(Expression.java:4)
	at asg06.Expression.&lt;init&gt;(Expression.java:4)
	at asg06.Expression.&lt;init&gt;(Expression.java:4)
	at asg06.Expression.&lt;init&gt;(Expression.java:4)
	at asg06.Expression.&lt;init&gt;(Expression.java:4)
	at asg06.Expression.&lt;init&gt;(Expression.java:4)
	at asg06.Expression.&lt;init&gt;(Expression.java:4)
	at asg06.Expression.&lt;init&gt;(Expression.java:4)
	at asg06.Expression.&lt;init&gt;(Expression.java:4)
	at asg06.Expression.&lt;init&gt;(Expression.java:4)
	at asg06.Expression.&lt;init&gt;(Expression.java:4)
	at asg06.Expression.&lt;init&gt;(Expression.java:4)
	at asg06.Expression.&lt;init&gt;(Expression.java:4)
	at asg06.Expression.&lt;init&gt;(Expression.java:4)
	at asg06.Expression.&lt;init&gt;(Expression.java:4)
	at asg06.Expression.&lt;init&gt;(Expression.java:4)
	at asg06.Expression.&lt;init&gt;(Expression.java:4)
	at asg06.Expression.&lt;init&gt;(Expression.java:4)
	at asg06.Expression.&lt;init&gt;(Expression.java:4)
	at asg06.Expression.&lt;init&gt;(Expression.java:4)
	at asg06.Expression.&lt;init&gt;(Expression.java:4)
	at asg06.Expression.&lt;init&gt;(Expression.java:4)
	at asg06.Expression.&lt;init&gt;(Expression.java:4)
	at asg06.Expression.&lt;init&gt;(Expression.java:4)
	at asg06.Expression.&lt;init&gt;(Expression.java:4)
	at asg06.Expression.&lt;init&gt;(Expression.java:4)
	at asg06.Expression.&lt;init&gt;(Expression.java:4)
	at asg06.Expression.&lt;init&gt;(Expression.java:4)
	at asg06.Expression.&lt;init&gt;(Expression.java:4)
	at asg06.Expression.&lt;init&gt;(Expression.java:4)
	at asg06.Expression.&lt;init&gt;(Expression.java:4)
	at asg06.Expression.&lt;init&gt;(Expression.java:4)
	at asg06.Expression.&lt;init&gt;(Expression.java:4)
	at asg06.Expression.&lt;init&gt;(Expression.java:4)
	at asg06.Expression.&lt;init&gt;(Expression.java:4)
	at asg06.Expression.&lt;init&gt;(Expression.java:4)
	at asg06.Expression.&lt;init&gt;(Expression.java:4)
	at asg06.Expression.&lt;init&gt;(Expression.java:4)
	at asg06.Expression.&lt;init&gt;(Expression.java:4)
	at asg06.Expression.&lt;init&gt;(Expression.java:4)
	at asg06.Expression.&lt;init&gt;(Expression.java:4)
	at asg06.Expression.&lt;init&gt;(Expression.java:4)
	at asg06.Expression.&lt;init&gt;(Expression.java:4)
	at asg06.Expression.&lt;init&gt;(Expression.java:4)
	at asg06.Expression.&lt;init&gt;(Expression.java:4)
	at asg06.Expression.&lt;init&gt;(Expression.java:4)
	at asg06.Expression.&lt;init&gt;(Expression.java:4)
	at asg06.Expression.&lt;init&gt;(Expression.java:4)
	at asg06.Expression.&lt;init&gt;(Expression.java:4)
	at asg06.Expression.&lt;init&gt;(Expression.java:4)
	at asg06.Expression.&lt;init&gt;(Expression.java:4)
	at asg06.Expression.&lt;init&gt;(Expression.java:4)
	at asg06.Expression.&lt;init&gt;(Expression.java:4)
	at asg06.Expression.&lt;init&gt;(Expression.java:4)
	at asg06.Expression.&lt;init&gt;(Expression.java:4)
	at asg06.Expression.&lt;init&gt;(Expression.java:4)
	at asg06.Expression.&lt;init&gt;(Expression.java:4)
	at asg06.Expression.&lt;init&gt;(Expression.java:4)
	at asg06.Expression.&lt;init&gt;(Expression.java:4)
	at asg06.Expression.&lt;init&gt;(Expression.java:4)
	at asg06.Expression.&lt;init&gt;(Expression.java:4)
	at asg06.Expression.&lt;init&gt;(Expression.java:4)
	at asg06.Expression.&lt;init&gt;(Expression.java:4)
	at asg06.Expression.&lt;init&gt;(Expression.java:4)
	at asg06.Expression.&lt;init&gt;(Expression.java:4)
	at asg06.Expression.&lt;init&gt;(Expression.java:4)
	at asg06.Expression.&lt;init&gt;(Expression.java:4)
	at asg06.Expression.&lt;init&gt;(Expression.java:4)
	at asg06.Expression.&lt;init&gt;(Expression.java:4)
	at asg06.Expression.&lt;init&gt;(Expression.java:4)
	at asg06.Expression.&lt;init&gt;(Expression.java:4)
	at asg06.Expression.&lt;init&gt;(Expression.java:4)
	at asg06.Expression.&lt;init&gt;(Expression.java:4)
	at asg06.Expression.&lt;init&gt;(Expression.java:4)
	at asg06.Expression.&lt;init&gt;(Expression.java:4)
	at asg06.Expression.&lt;init&gt;(Expression.java:4)
	at asg06.Expression.&lt;init&gt;(Expression.java:4)
	at asg06.Expression.&lt;init&gt;(Expression.java:4)
	at asg06.Expression.&lt;init&gt;(Expression.java:4)
	at asg06.Expression.&lt;init&gt;(Expression.java:4)
	at asg06.Expression.&lt;init&gt;(Expression.java:4)
	at asg06.Expression.&lt;init&gt;(Expression.java:4)
	at asg06.Expression.&lt;init&gt;(Expression.java:4)
	at asg06.Expression.&lt;init&gt;(Expression.java:4)
	at asg06.Expression.&lt;init&gt;(Expression.java:4)
	at asg06.Expression.&lt;init&gt;(Expression.java:4)
	at asg06.Expression.&lt;init&gt;(Expression.java:4)
	at asg06.Expression.&lt;init&gt;(Expression.java:4)
	at asg06.Expression.&lt;init&gt;(Expression.java:4)
	at asg06.Expression.&lt;init&gt;(Expression.java:4)
	at asg06.Expression.&lt;init&gt;(Expression.java:4)
	at asg06.Expression.&lt;init&gt;(Expression.java:4)
	at asg06.Expression.&lt;init&gt;(Expression.java:4)
	at asg06.Expression.&lt;init&gt;(Expression.java:4)
	at asg06.Expression.&lt;init&gt;(Expression.java:4)
	at asg06.Expression.&lt;init&gt;(Expression.java:4)
	at asg06.Expression.&lt;init&gt;(Expression.java:4)
	at asg06.Expression.&lt;init&gt;(Expression.java:4)
	at asg06.Expression.&lt;init&gt;(Expression.java:4)
	at asg06.Expression.&lt;init&gt;(Expression.java:4)
	at asg06.Expression.&lt;init&gt;(Expression.java:4)
	at asg06.Expression.&lt;init&gt;(Expression.java:4)
	at asg06.Expression.&lt;init&gt;(Expression.java:4)
	at asg06.Expression.&lt;init&gt;(Expression.java:4)
	at asg06.Expression.&lt;init&gt;(Expression.java:4)
	at asg06.Expression.&lt;init&gt;(Expression.java:4)
	at asg06.Expression.&lt;init&gt;(Expression.java:4)
	at asg06.Expression.&lt;init&gt;(Expression.java:4)
	at asg06.Expression.&lt;init&gt;(Expression.java:4)
	at asg06.Expression.&lt;init&gt;(Expression.java:4)
	at asg06.Expression.&lt;init&gt;(Expression.java:4)
	at asg06.Expression.&lt;init&gt;(Expression.java:4)
	at asg06.Expression.&lt;init&gt;(Expression.java:4)
	at asg06.Expression.&lt;init&gt;(Expression.java:4)
	at asg06.Expression.&lt;init&gt;(Expression.java:4)
	at asg06.Expression.&lt;init&gt;(Expression.java:4)
	at asg06.Expression.&lt;init&gt;(Expression.java:4)
	at asg06.Expression.&lt;init&gt;(Expression.java:4)
	at asg06.Expression.&lt;init&gt;(Expression.java:4)
	at asg06.Expression.&lt;init&gt;(Expression.java:4)
	at asg06.Expression.&lt;init&gt;(Expression.java:4)
	at asg06.Expression.&lt;init&gt;(Expression.java:4)
	at asg06.Expression.&lt;init&gt;(Expression.java:4)
	at asg06.Expression.&lt;init&gt;(Expression.java:4)
	at asg06.Expression.&lt;init&gt;(Expression.java:4)
	at asg06.Expression.&lt;init&gt;(Expression.java:4)
	at asg06.Expression.&lt;init&gt;(Expression.java:4)
	at asg06.Expression.&lt;init&gt;(Expression.java:4)
	at asg06.Expression.&lt;init&gt;(Expression.java:4)
	at asg06.Expression.&lt;init&gt;(Expression.java:4)
	at asg06.Expression.&lt;init&gt;(Expression.java:4)
	at asg06.Expression.&lt;init&gt;(Expression.java:4)
	at asg06.Expression.&lt;init&gt;(Expression.java:4)
	at asg06.Expression.&lt;init&gt;(Expression.java:4)
	at asg06.Expression.&lt;init&gt;(Expression.java:4)
	at asg06.Expression.&lt;init&gt;(Expression.java:4)
	at asg06.Expression.&lt;init&gt;(Expression.java:4)
	at asg06.Expression.&lt;init&gt;(Expression.java:4)
	at asg06.Expression.&lt;init&gt;(Expression.java:4)
	at asg06.Expression.&lt;init&gt;(Expression.java:4)
	at asg06.Expression.&lt;init&gt;(Expression.java:4)
	at asg06.Expression.&lt;init&gt;(Expression.java:4)
	at asg06.Expression.&lt;init&gt;(Expression.java:4)
	at asg06.Expression.&lt;init&gt;(Expression.java:4)
	at asg06.Expression.&lt;init&gt;(Expression.java:4)
	at asg06.Expression.&lt;init&gt;(Expression.java:4)
	at asg06.Expression.&lt;init&gt;(Expression.java:4)
	at asg06.Expression.&lt;init&gt;(Expression.java:4)
	at asg06.Expression.&lt;init&gt;(Expression.java:4)
	at asg06.Expression.&lt;init&gt;(Expression.java:4)
	at asg06.Expression.&lt;init&gt;(Expression.java:4)
	at asg06.Expression.&lt;init&gt;(Expression.java:4)
	at asg06.Expression.&lt;init&gt;(Expression.java:4)
	at asg06.Expression.&lt;init&gt;(Expression.java:4)
	at asg06.Expression.&lt;init&gt;(Expression.java:4)
	at asg06.Expression.&lt;init&gt;(Expression.java:4)
	at asg06.Expression.&lt;init&gt;(Expression.java:4)
	at asg06.Expression.&lt;init&gt;(Expression.java:4)
	at asg06.Expression.&lt;init&gt;(Expression.java:4)
	at asg06.Expression.&lt;init&gt;(Expression.java:4)
	at asg06.Expression.&lt;init&gt;(Expression.java:4)
	at asg06.Expression.&lt;init&gt;(Expression.java:4)
	at asg06.Expression.&lt;init&gt;(Expression.java:4)
	at asg06.Expression.&lt;init&gt;(Expression.java:4)
	at asg06.Expression.&lt;init&gt;(Expression.java:4)
	at asg06.Expression.&lt;init&gt;(Expression.java:4)
	at asg06.Expression.&lt;init&gt;(Expression.java:4)
	at asg06.Expression.&lt;init&gt;(Expression.java:4)
	at asg06.Expression.&lt;init&gt;(Expression.java:4)
	at asg06.Expression.&lt;init&gt;(Expression.java:4)
	at asg06.Expression.&lt;init&gt;(Expression.java:4)
	at asg06.Expression.&lt;init&gt;(Expression.java:4)
	at asg06.Expression.&lt;init&gt;(Expression.java:4)
	at asg06.Expression.&lt;init&gt;(Expression.java:4)
	at asg06.Expression.&lt;init&gt;(Expression.java:4)
	at asg06.Expression.&lt;init&gt;(Expression.java:4)
	at asg06.Expression.&lt;init&gt;(Expression.java:4)
	at asg06.Expression.&lt;init&gt;(Expression.java:4)
	at asg06.Expression.&lt;init&gt;(Expression.java:4)
	at asg06.Expression.&lt;init&gt;(Expression.java:4)
	at asg06.Expression.&lt;init&gt;(Expression.java:4)
	at asg06.Expression.&lt;init&gt;(Expression.java:4)
	at asg06.Expression.&lt;init&gt;(Expression.java:4)
	at asg06.Expression.&lt;init&gt;(Expression.java:4)
	at asg06.Expression.&lt;init&gt;(Expression.java:4)
	at asg06.Expression.&lt;init&gt;(Expression.java:4)
	at asg06.Expression.&lt;init&gt;(Expression.java:4)
	at asg06.Expression.&lt;init&gt;(Expression.java:4)
	at asg06.Expression.&lt;init&gt;(Expression.java:4)
	at asg06.Expression.&lt;init&gt;(Expression.java:4)
	at asg06.Expression.&lt;init&gt;(Expression.java:4)
	at asg06.Expression.&lt;init&gt;(Expression.java:4)
	at asg06.Expression.&lt;init&gt;(Expression.java:4)
	at asg06.Expression.&lt;init&gt;(Expression.java:4)
	at asg06.Expression.&lt;init&gt;(Expression.java:4)
	at asg06.Expression.&lt;init&gt;(Expression.java:4)
	at asg06.Expression.&lt;init&gt;(Expression.java:4)
	at asg06.Expression.&lt;init&gt;(Expression.java:4)
	at asg06.Expression.&lt;init&gt;(Expression.java:4)
	at asg06.Expression.&lt;init&gt;(Expression.java:4)
	at asg06.Expression.&lt;init&gt;(Expression.java:4)
	at asg06.Expression.&lt;init&gt;(Expression.java:4)
	at asg06.Expression.&lt;init&gt;(Expression.java:4)
	at asg06.Expression.&lt;init&gt;(Expression.java:4)
	at asg06.Expression.&lt;init&gt;(Expression.java:4)
	at asg06.Expression.&lt;init&gt;(Expression.java:4)
	at asg06.Expression.&lt;init&gt;(Expression.java:4)
	at asg06.Expression.&lt;init&gt;(Expression.java:4)
	at asg06.Expression.&lt;init&gt;(Expression.java:4)
	at asg06.Expression.&lt;init&gt;(Expression.java:4)
	at asg06.Expression.&lt;init&gt;(Expression.java:4)
	at asg06.Expression.&lt;init&gt;(Expression.java:4)
	at asg06.Expression.&lt;init&gt;(Expression.java:4)
	at asg06.Expression.&lt;init&gt;(Expression.java:4)
	at asg06.Expression.&lt;init&gt;(Expression.java:4)
	at asg06.Expression.&lt;init&gt;(Expression.java:4)
	at asg06.Expression.&lt;init&gt;(Expression.java:4)
	at asg06.Expression.&lt;init&gt;(Expression.java:4)
	at asg06.Expression.&lt;init&gt;(Expression.java:4)
	at asg06.Expression.&lt;init&gt;(Expression.java:4)
	at asg06.Expression.&lt;init&gt;(Expression.java:4)
	at asg06.Expression.&lt;init&gt;(Expression.java:4)
	at asg06.Expression.&lt;init&gt;(Expression.java:4)
	at asg06.Expression.&lt;init&gt;(Expression.java:4)
	at asg06.Expression.&lt;init&gt;(Expression.java:4)
	at asg06.Expression.&lt;init&gt;(Expression.java:4)
	at asg06.Expression.&lt;init&gt;(Expression.java:4)
	at asg06.Expression.&lt;init&gt;(Expression.java:4)
	at asg06.Expression.&lt;init&gt;(Expression.java:4)
	at asg06.Expression.&lt;init&gt;(Expression.java:4)
	at asg06.Expression.&lt;init&gt;(Expression.java:4)
	at asg06.Expression.&lt;init&gt;(Expression.java:4)
	at asg06.Expression.&lt;init&gt;(Expression.java:4)
	at asg06.Expression.&lt;init&gt;(Expression.java:4)
	at asg06.Expression.&lt;init&gt;(Expression.java:4)
	at asg06.Expression.&lt;init&gt;(Expression.java:4)
	at asg06.Expression.&lt;init&gt;(Expression.java:4)
	at asg06.Expression.&lt;init&gt;(Expression.java:4)
	at asg06.Expression.&lt;init&gt;(Expression.java:4)
	at asg06.Expression.&lt;init&gt;(Expression.java:4)
	at asg06.Expression.&lt;init&gt;(Expression.java:4)
	at asg06.Expression.&lt;init&gt;(Expression.java:4)
	at asg06.Expression.&lt;init&gt;(Expression.java:4)
	at asg06.Expression.&lt;init&gt;(Expression.java:4)
	at asg06.Expression.&lt;init&gt;(Expression.java:4)
	at asg06.Expression.&lt;init&gt;(Expression.java:4)
	at asg06.Expression.&lt;init&gt;(Expression.java:4)
	at asg06.Expression.&lt;init&gt;(Expression.java:4)
	at asg06.Expression.&lt;init&gt;(Expression.java:4)
	at asg06.Expression.&lt;init&gt;(Expression.java:4)
	at asg06.Expression.&lt;init&gt;(Expression.java:4)
	at asg06.Expression.&lt;init&gt;(Expression.java:4)
	at asg06.Expression.&lt;init&gt;(Expression.java:4)
	at asg06.Expression.&lt;init&gt;(Expression.java:4)
	at asg06.Expression.&lt;init&gt;(Expression.java:4)
	at asg06.Expression.&lt;init&gt;(Expression.java:4)
	at asg06.Expression.&lt;init&gt;(Expression.java:4)
	at asg06.Expression.&lt;init&gt;(Expression.java:4)
	at asg06.Expression.&lt;init&gt;(Expression.java:4)
	at asg06.Expression.&lt;init&gt;(Expression.java:4)
	at asg06.Expression.&lt;init&gt;(Expression.java:4)
	at asg06.Expression.&lt;init&gt;(Expression.java:4)
	at asg06.Expression.&lt;init&gt;(Expression.java:4)
	at asg06.Expression.&lt;init&gt;(Expression.java:4)
	at asg06.Expression.&lt;init&gt;(Expression.java:4)
	at asg06.Expression.&lt;init&gt;(Expression.java:4)
	at asg06.Expression.&lt;init&gt;(Expression.java:4)
	at asg06.Expression.&lt;init&gt;(Expression.java:4)
	at asg06.Expression.&lt;init&gt;(Expression.java:4)
	at asg06.Expression.&lt;init&gt;(Expression.java:4)
	at asg06.Expression.&lt;init&gt;(Expression.java:4)
	at asg06.Expression.&lt;init&gt;(Expression.java:4)
	at asg06.Expression.&lt;init&gt;(Expression.java:4)
	at asg06.Expression.&lt;init&gt;(Expression.java:4)
	at asg06.Expression.&lt;init&gt;(Expression.java:4)
	at asg06.Expression.&lt;init&gt;(Expression.java:4)
	at asg06.Expression.&lt;init&gt;(Expression.java:4)
	at asg06.Expression.&lt;init&gt;(Expression.java:4)
	at asg06.Expression.&lt;init&gt;(Expression.java:4)
	at asg06.Expression.&lt;init&gt;(Expression.java:4)
	at asg06.Expression.&lt;init&gt;(Expression.java:4)
	at asg06.Expression.&lt;init&gt;(Expression.java:4)
	at asg06.Expression.&lt;init&gt;(Expression.java:4)
	at asg06.Expression.&lt;init&gt;(Expression.java:4)
	at asg06.Expression.&lt;init&gt;(Expression.java:4)
	at asg06.Expression.&lt;init&gt;(Expression.java:4)
	at asg06.Expression.&lt;init&gt;(Expression.java:4)
	at asg06.Expression.&lt;init&gt;(Expression.java:4)
	at asg06.Expression.&lt;init&gt;(Expression.java:4)
	at asg06.Expression.&lt;init&gt;(Expression.java:4)
	at asg06.Expression.&lt;init&gt;(Expression.java:4)
	at asg06.Expression.&lt;init&gt;(Expression.java:4)
	at asg06.Expression.&lt;init&gt;(Expression.java:4)
	at asg06.Expression.&lt;init&gt;(Expression.java:4)
	at asg06.Expression.&lt;init&gt;(Expression.java:4)
	at asg06.Expression.&lt;init&gt;(Expression.java:4)
	at asg06.Expression.&lt;init&gt;(Expression.java:4)
	at asg06.Expression.&lt;init&gt;(Expression.java:4)
	at asg06.Expression.&lt;init&gt;(Expression.java:4)
	at asg06.Expression.&lt;init&gt;(Expression.java:4)
	at asg06.Expression.&lt;init&gt;(Expression.java:4)
	at asg06.Expression.&lt;init&gt;(Expression.java:4)
	at asg06.Expression.&lt;init&gt;(Expression.java:4)
	at asg06.Expression.&lt;init&gt;(Expression.java:4)
	at asg06.Expression.&lt;init&gt;(Expression.java:4)
	at asg06.Expression.&lt;init&gt;(Expression.java:4)
	at asg06.Expression.&lt;init&gt;(Expression.java:4)
	at asg06.Expression.&lt;init&gt;(Expression.java:4)
	at asg06.Expression.&lt;init&gt;(Expression.java:4)
	at asg06.Expression.&lt;init&gt;(Expression.java:4)
	at asg06.Expression.&lt;init&gt;(Expression.java:4)
	at asg06.Expression.&lt;init&gt;(Expression.java:4)
	at asg06.Expression.&lt;init&gt;(Expression.java:4)
	at asg06.Expression.&lt;init&gt;(Expression.java:4)
	at asg06.Expression.&lt;init&gt;(Expression.java:4)
	at asg06.Expression.&lt;init&gt;(Expression.java:4)
	at asg06.Expression.&lt;init&gt;(Expression.java:4)
	at asg06.Expression.&lt;init&gt;(Expression.java:4)
	at asg06.Expression.&lt;init&gt;(Expression.java:4)
	at asg06.Expression.&lt;init&gt;(Expression.java:4)
	at asg06.Expression.&lt;init&gt;(Expression.java:4)
	at asg06.Expression.&lt;init&gt;(Expression.java:4)
	at asg06.Expression.&lt;init&gt;(Expression.java:4)
	at asg06.Expression.&lt;init&gt;(Expression.java:4)
	at asg06.Expression.&lt;init&gt;(Expression.java:4)
	at asg06.Expression.&lt;init&gt;(Expression.java:4)
	at asg06.Expression.&lt;init&gt;(Expression.java:4)
	at asg06.Expression.&lt;init&gt;(Expression.java:4)
	at asg06.Expression.&lt;init&gt;(Expression.java:4)
	at asg06.Expression.&lt;init&gt;(Expression.java:4)
	at asg06.Expression.&lt;init&gt;(Expression.java:4)
	at asg06.Expression.&lt;init&gt;(Expression.java:4)
	at asg06.Expression.&lt;init&gt;(Expression.java:4)
	at asg06.Expression.&lt;init&gt;(Expression.java:4)
	at asg06.Expression.&lt;init&gt;(Expression.java:4)
	at asg06.Expression.&lt;init&gt;(Expression.java:4)
	at asg06.Expression.&lt;init&gt;(Expression.java:4)
	at asg06.Expression.&lt;init&gt;(Expression.java:4)
</error>
  </testcase>
  <testcase classname="asg06.TestExpression" name="testMultiplicationToString" time="0.015">
    <error type="java.lang.StackOverflowError">java.lang.StackOverflowError
	at asg06.Expression.&lt;init&gt;(Expression.java:4)
	at asg06.Expression.&lt;init&gt;(Expression.java:4)
	at asg06.Expression.&lt;init&gt;(Expression.java:4)
	at asg06.Expression.&lt;init&gt;(Expression.java:4)
	at asg06.Expression.&lt;init&gt;(Expression.java:4)
	at asg06.Expression.&lt;init&gt;(Expression.java:4)
	at asg06.Expression.&lt;init&gt;(Expression.java:4)
	at asg06.Expression.&lt;init&gt;(Expression.java:4)
	at asg06.Expression.&lt;init&gt;(Expression.java:4)
	at asg06.Expression.&lt;init&gt;(Expression.java:4)
	at asg06.Expression.&lt;init&gt;(Expression.java:4)
	at asg06.Expression.&lt;init&gt;(Expression.java:4)
	at asg06.Expression.&lt;init&gt;(Expression.java:4)
	at asg06.Expression.&lt;init&gt;(Expression.java:4)
	at asg06.Expression.&lt;init&gt;(Expression.java:4)
	at asg06.Expression.&lt;init&gt;(Expression.java:4)
	at asg06.Expression.&lt;init&gt;(Expression.java:4)
	at asg06.Expression.&lt;init&gt;(Expression.java:4)
	at asg06.Expression.&lt;init&gt;(Expression.java:4)
	at asg06.Expression.&lt;init&gt;(Expression.java:4)
	at asg06.Expression.&lt;init&gt;(Expression.java:4)
	at asg06.Expression.&lt;init&gt;(Expression.java:4)
	at asg06.Expression.&lt;init&gt;(Expression.java:4)
	at asg06.Expression.&lt;init&gt;(Expression.java:4)
	at asg06.Expression.&lt;init&gt;(Expression.java:4)
	at asg06.Expression.&lt;init&gt;(Expression.java:4)
	at asg06.Expression.&lt;init&gt;(Expression.java:4)
	at asg06.Expression.&lt;init&gt;(Expression.java:4)
	at asg06.Expression.&lt;init&gt;(Expression.java:4)
	at asg06.Expression.&lt;init&gt;(Expression.java:4)
	at asg06.Expression.&lt;init&gt;(Expression.java:4)
	at asg06.Expression.&lt;init&gt;(Expression.java:4)
	at asg06.Expression.&lt;init&gt;(Expression.java:4)
	at asg06.Expression.&lt;init&gt;(Expression.java:4)
	at asg06.Expression.&lt;init&gt;(Expression.java:4)
	at asg06.Expression.&lt;init&gt;(Expression.java:4)
	at asg06.Expression.&lt;init&gt;(Expression.java:4)
	at asg06.Expression.&lt;init&gt;(Expression.java:4)
	at asg06.Expression.&lt;init&gt;(Expression.java:4)
	at asg06.Expression.&lt;init&gt;(Expression.java:4)
	at asg06.Expression.&lt;init&gt;(Expression.java:4)
	at asg06.Expression.&lt;init&gt;(Expression.java:4)
	at asg06.Expression.&lt;init&gt;(Expression.java:4)
	at asg06.Expression.&lt;init&gt;(Expression.java:4)
	at asg06.Expression.&lt;init&gt;(Expression.java:4)
	at asg06.Expression.&lt;init&gt;(Expression.java:4)
	at asg06.Expression.&lt;init&gt;(Expression.java:4)
	at asg06.Expression.&lt;init&gt;(Expression.java:4)
	at asg06.Expression.&lt;init&gt;(Expression.java:4)
	at asg06.Expression.&lt;init&gt;(Expression.java:4)
	at asg06.Expression.&lt;init&gt;(Expression.java:4)
	at asg06.Expression.&lt;init&gt;(Expression.java:4)
	at asg06.Expression.&lt;init&gt;(Expression.java:4)
	at asg06.Expression.&lt;init&gt;(Expression.java:4)
	at asg06.Expression.&lt;init&gt;(Expression.java:4)
	at asg06.Expression.&lt;init&gt;(Expression.java:4)
	at asg06.Expression.&lt;init&gt;(Expression.java:4)
	at asg06.Expression.&lt;init&gt;(Expression.java:4)
	at asg06.Expression.&lt;init&gt;(Expression.java:4)
	at asg06.Expression.&lt;init&gt;(Expression.java:4)
	at asg06.Expression.&lt;init&gt;(Expression.java:4)
	at asg06.Expression.&lt;init&gt;(Expression.java:4)
	at asg06.Expression.&lt;init&gt;(Expression.java:4)
	at asg06.Expression.&lt;init&gt;(Expression.java:4)
	at asg06.Expression.&lt;init&gt;(Expression.java:4)
	at asg06.Expression.&lt;init&gt;(Expression.java:4)
	at asg06.Expression.&lt;init&gt;(Expression.java:4)
	at asg06.Expression.&lt;init&gt;(Expression.java:4)
	at asg06.Expression.&lt;init&gt;(Expression.java:4)
	at asg06.Expression.&lt;init&gt;(Expression.java:4)
	at asg06.Expression.&lt;init&gt;(Expression.java:4)
	at asg06.Expression.&lt;init&gt;(Expression.java:4)
	at asg06.Expression.&lt;init&gt;(Expression.java:4)
	at asg06.Expression.&lt;init&gt;(Expression.java:4)
	at asg06.Expression.&lt;init&gt;(Expression.java:4)
	at asg06.Expression.&lt;init&gt;(Expression.java:4)
	at asg06.Expression.&lt;init&gt;(Expression.java:4)
	at asg06.Expression.&lt;init&gt;(Expression.java:4)
	at asg06.Expression.&lt;init&gt;(Expression.java:4)
	at asg06.Expression.&lt;init&gt;(Expression.java:4)
	at asg06.Expression.&lt;init&gt;(Expression.java:4)
	at asg06.Expression.&lt;init&gt;(Expression.java:4)
	at asg06.Expression.&lt;init&gt;(Expression.java:4)
	at asg06.Expression.&lt;init&gt;(Expression.java:4)
	at asg06.Expression.&lt;init&gt;(Expression.java:4)
	at asg06.Expression.&lt;init&gt;(Expression.java:4)
	at asg06.Expression.&lt;init&gt;(Expression.java:4)
	at asg06.Expression.&lt;init&gt;(Expression.java:4)
	at asg06.Expression.&lt;init&gt;(Expression.java:4)
	at asg06.Expression.&lt;init&gt;(Expression.java:4)
	at asg06.Expression.&lt;init&gt;(Expression.java:4)
	at asg06.Expression.&lt;init&gt;(Expression.java:4)
	at asg06.Expression.&lt;init&gt;(Expression.java:4)
	at asg06.Expression.&lt;init&gt;(Expression.java:4)
	at asg06.Expression.&lt;init&gt;(Expression.java:4)
	at asg06.Expression.&lt;init&gt;(Expression.java:4)
	at asg06.Expression.&lt;init&gt;(Expression.java:4)
	at asg06.Expression.&lt;init&gt;(Expression.java:4)
	at asg06.Expression.&lt;init&gt;(Expression.java:4)
	at asg06.Expression.&lt;init&gt;(Expression.java:4)
	at asg06.Expression.&lt;init&gt;(Expression.java:4)
	at asg06.Expression.&lt;init&gt;(Expression.java:4)
	at asg06.Expression.&lt;init&gt;(Expression.java:4)
	at asg06.Expression.&lt;init&gt;(Expression.java:4)
	at asg06.Expression.&lt;init&gt;(Expression.java:4)
	at asg06.Expression.&lt;init&gt;(Expression.java:4)
	at asg06.Expression.&lt;init&gt;(Expression.java:4)
	at asg06.Expression.&lt;init&gt;(Expression.java:4)
	at asg06.Expression.&lt;init&gt;(Expression.java:4)
	at asg06.Expression.&lt;init&gt;(Expression.java:4)
	at asg06.Expression.&lt;init&gt;(Expression.java:4)
	at asg06.Expression.&lt;init&gt;(Expression.java:4)
	at asg06.Expression.&lt;init&gt;(Expression.java:4)
	at asg06.Expression.&lt;init&gt;(Expression.java:4)
	at asg06.Expression.&lt;init&gt;(Expression.java:4)
	at asg06.Expression.&lt;init&gt;(Expression.java:4)
	at asg06.Expression.&lt;init&gt;(Expression.java:4)
	at asg06.Expression.&lt;init&gt;(Expression.java:4)
	at asg06.Expression.&lt;init&gt;(Expression.java:4)
	at asg06.Expression.&lt;init&gt;(Expression.java:4)
	at asg06.Expression.&lt;init&gt;(Expression.java:4)
	at asg06.Expression.&lt;init&gt;(Expression.java:4)
	at asg06.Expression.&lt;init&gt;(Expression.java:4)
	at asg06.Expression.&lt;init&gt;(Expression.java:4)
	at asg06.Expression.&lt;init&gt;(Expression.java:4)
	at asg06.Expression.&lt;init&gt;(Expression.java:4)
	at asg06.Expression.&lt;init&gt;(Expression.java:4)
	at asg06.Expression.&lt;init&gt;(Expression.java:4)
	at asg06.Expression.&lt;init&gt;(Expression.java:4)
	at asg06.Expression.&lt;init&gt;(Expression.java:4)
	at asg06.Expression.&lt;init&gt;(Expression.java:4)
	at asg06.Expression.&lt;init&gt;(Expression.java:4)
	at asg06.Expression.&lt;init&gt;(Expression.java:4)
	at asg06.Expression.&lt;init&gt;(Expression.java:4)
	at asg06.Expression.&lt;init&gt;(Expression.java:4)
	at asg06.Expression.&lt;init&gt;(Expression.java:4)
	at asg06.Expression.&lt;init&gt;(Expression.java:4)
	at asg06.Expression.&lt;init&gt;(Expression.java:4)
	at asg06.Expression.&lt;init&gt;(Expression.java:4)
	at asg06.Expression.&lt;init&gt;(Expression.java:4)
	at asg06.Expression.&lt;init&gt;(Expression.java:4)
	at asg06.Expression.&lt;init&gt;(Expression.java:4)
	at asg06.Expression.&lt;init&gt;(Expression.java:4)
	at asg06.Expression.&lt;init&gt;(Expression.java:4)
	at asg06.Expression.&lt;init&gt;(Expression.java:4)
	at asg06.Expression.&lt;init&gt;(Expression.java:4)
	at asg06.Expression.&lt;init&gt;(Expression.java:4)
	at asg06.Expression.&lt;init&gt;(Expression.java:4)
	at asg06.Expression.&lt;init&gt;(Expression.java:4)
	at asg06.Expression.&lt;init&gt;(Expression.java:4)
	at asg06.Expression.&lt;init&gt;(Expression.java:4)
	at asg06.Expression.&lt;init&gt;(Expression.java:4)
	at asg06.Expression.&lt;init&gt;(Expression.java:4)
	at asg06.Expression.&lt;init&gt;(Expression.java:4)
	at asg06.Expression.&lt;init&gt;(Expression.java:4)
	at asg06.Expression.&lt;init&gt;(Expression.java:4)
	at asg06.Expression.&lt;init&gt;(Expression.java:4)
	at asg06.Expression.&lt;init&gt;(Expression.java:4)
	at asg06.Expression.&lt;init&gt;(Expression.java:4)
	at asg06.Expression.&lt;init&gt;(Expression.java:4)
	at asg06.Expression.&lt;init&gt;(Expression.java:4)
	at asg06.Expression.&lt;init&gt;(Expression.java:4)
	at asg06.Expression.&lt;init&gt;(Expression.java:4)
	at asg06.Expression.&lt;init&gt;(Expression.java:4)
	at asg06.Expression.&lt;init&gt;(Expression.java:4)
	at asg06.Expression.&lt;init&gt;(Expression.java:4)
	at asg06.Expression.&lt;init&gt;(Expression.java:4)
	at asg06.Expression.&lt;init&gt;(Expression.java:4)
	at asg06.Expression.&lt;init&gt;(Expression.java:4)
	at asg06.Expression.&lt;init&gt;(Expression.java:4)
	at asg06.Expression.&lt;init&gt;(Expression.java:4)
	at asg06.Expression.&lt;init&gt;(Expression.java:4)
	at asg06.Expression.&lt;init&gt;(Expression.java:4)
	at asg06.Expression.&lt;init&gt;(Expression.java:4)
	at asg06.Expression.&lt;init&gt;(Expression.java:4)
	at asg06.Expression.&lt;init&gt;(Expression.java:4)
	at asg06.Expression.&lt;init&gt;(Expression.java:4)
	at asg06.Expression.&lt;init&gt;(Expression.java:4)
	at asg06.Expression.&lt;init&gt;(Expression.java:4)
	at asg06.Expression.&lt;init&gt;(Expression.java:4)
	at asg06.Expression.&lt;init&gt;(Expression.java:4)
	at asg06.Expression.&lt;init&gt;(Expression.java:4)
	at asg06.Expression.&lt;init&gt;(Expression.java:4)
	at asg06.Expression.&lt;init&gt;(Expression.java:4)
	at asg06.Expression.&lt;init&gt;(Expression.java:4)
	at asg06.Expression.&lt;init&gt;(Expression.java:4)
	at asg06.Expression.&lt;init&gt;(Expression.java:4)
	at asg06.Expression.&lt;init&gt;(Expression.java:4)
	at asg06.Expression.&lt;init&gt;(Expression.java:4)
	at asg06.Expression.&lt;init&gt;(Expression.java:4)
	at asg06.Expression.&lt;init&gt;(Expression.java:4)
	at asg06.Expression.&lt;init&gt;(Expression.java:4)
	at asg06.Expression.&lt;init&gt;(Expression.java:4)
	at asg06.Expression.&lt;init&gt;(Expression.java:4)
	at asg06.Expression.&lt;init&gt;(Expression.java:4)
	at asg06.Expression.&lt;init&gt;(Expression.java:4)
	at asg06.Expression.&lt;init&gt;(Expression.java:4)
	at asg06.Expression.&lt;init&gt;(Expression.java:4)
	at asg06.Expression.&lt;init&gt;(Expression.java:4)
	at asg06.Expression.&lt;init&gt;(Expression.java:4)
	at asg06.Expression.&lt;init&gt;(Expression.java:4)
	at asg06.Expression.&lt;init&gt;(Expression.java:4)
	at asg06.Expression.&lt;init&gt;(Expression.java:4)
	at asg06.Expression.&lt;init&gt;(Expression.java:4)
	at asg06.Expression.&lt;init&gt;(Expression.java:4)
	at asg06.Expression.&lt;init&gt;(Expression.java:4)
	at asg06.Expression.&lt;init&gt;(Expression.java:4)
	at asg06.Expression.&lt;init&gt;(Expression.java:4)
	at asg06.Expression.&lt;init&gt;(Expression.java:4)
	at asg06.Expression.&lt;init&gt;(Expression.java:4)
	at asg06.Expression.&lt;init&gt;(Expression.java:4)
	at asg06.Expression.&lt;init&gt;(Expression.java:4)
	at asg06.Expression.&lt;init&gt;(Expression.java:4)
	at asg06.Expression.&lt;init&gt;(Expression.java:4)
	at asg06.Expression.&lt;init&gt;(Expression.java:4)
	at asg06.Expression.&lt;init&gt;(Expression.java:4)
	at asg06.Expression.&lt;init&gt;(Expression.java:4)
	at asg06.Expression.&lt;init&gt;(Expression.java:4)
	at asg06.Expression.&lt;init&gt;(Expression.java:4)
	at asg06.Expression.&lt;init&gt;(Expression.java:4)
	at asg06.Expression.&lt;init&gt;(Expression.java:4)
	at asg06.Expression.&lt;init&gt;(Expression.java:4)
	at asg06.Expression.&lt;init&gt;(Expression.java:4)
	at asg06.Expression.&lt;init&gt;(Expression.java:4)
	at asg06.Expression.&lt;init&gt;(Expression.java:4)
	at asg06.Expression.&lt;init&gt;(Expression.java:4)
	at asg06.Expression.&lt;init&gt;(Expression.java:4)
	at asg06.Expression.&lt;init&gt;(Expression.java:4)
	at asg06.Expression.&lt;init&gt;(Expression.java:4)
	at asg06.Expression.&lt;init&gt;(Expression.java:4)
	at asg06.Expression.&lt;init&gt;(Expression.java:4)
	at asg06.Expression.&lt;init&gt;(Expression.java:4)
	at asg06.Expression.&lt;init&gt;(Expression.java:4)
	at asg06.Expression.&lt;init&gt;(Expression.java:4)
	at asg06.Expression.&lt;init&gt;(Expression.java:4)
	at asg06.Expression.&lt;init&gt;(Expression.java:4)
	at asg06.Expression.&lt;init&gt;(Expression.java:4)
	at asg06.Expression.&lt;init&gt;(Expression.java:4)
	at asg06.Expression.&lt;init&gt;(Expression.java:4)
	at asg06.Expression.&lt;init&gt;(Expression.java:4)
	at asg06.Expression.&lt;init&gt;(Expression.java:4)
	at asg06.Expression.&lt;init&gt;(Expression.java:4)
	at asg06.Expression.&lt;init&gt;(Expression.java:4)
	at asg06.Expression.&lt;init&gt;(Expression.java:4)
	at asg06.Expression.&lt;init&gt;(Expression.java:4)
	at asg06.Expression.&lt;init&gt;(Expression.java:4)
	at asg06.Expression.&lt;init&gt;(Expression.java:4)
	at asg06.Expression.&lt;init&gt;(Expression.java:4)
	at asg06.Expression.&lt;init&gt;(Expression.java:4)
	at asg06.Expression.&lt;init&gt;(Expression.java:4)
	at asg06.Expression.&lt;init&gt;(Expression.java:4)
	at asg06.Expression.&lt;init&gt;(Expression.java:4)
	at asg06.Expression.&lt;init&gt;(Expression.java:4)
	at asg06.Expression.&lt;init&gt;(Expression.java:4)
	at asg06.Expression.&lt;init&gt;(Expression.java:4)
	at asg06.Expression.&lt;init&gt;(Expression.java:4)
	at asg06.Expression.&lt;init&gt;(Expression.java:4)
	at asg06.Expression.&lt;init&gt;(Expression.java:4)
	at asg06.Expression.&lt;init&gt;(Expression.java:4)
	at asg06.Expression.&lt;init&gt;(Expression.java:4)
	at asg06.Expression.&lt;init&gt;(Expression.java:4)
	at asg06.Expression.&lt;init&gt;(Expression.java:4)
	at asg06.Expression.&lt;init&gt;(Expression.java:4)
	at asg06.Expression.&lt;init&gt;(Expression.java:4)
	at asg06.Expression.&lt;init&gt;(Expression.java:4)
	at asg06.Expression.&lt;init&gt;(Expression.java:4)
	at asg06.Expression.&lt;init&gt;(Expression.java:4)
	at asg06.Expression.&lt;init&gt;(Expression.java:4)
	at asg06.Expression.&lt;init&gt;(Expression.java:4)
	at asg06.Expression.&lt;init&gt;(Expression.java:4)
	at asg06.Expression.&lt;init&gt;(Expression.java:4)
	at asg06.Expression.&lt;init&gt;(Expression.java:4)
	at asg06.Expression.&lt;init&gt;(Expression.java:4)
	at asg06.Expression.&lt;init&gt;(Expression.java:4)
	at asg06.Expression.&lt;init&gt;(Expression.java:4)
	at asg06.Expression.&lt;init&gt;(Expression.java:4)
	at asg06.Expression.&lt;init&gt;(Expression.java:4)
	at asg06.Expression.&lt;init&gt;(Expression.java:4)
	at asg06.Expression.&lt;init&gt;(Expression.java:4)
	at asg06.Expression.&lt;init&gt;(Expression.java:4)
	at asg06.Expression.&lt;init&gt;(Expression.java:4)
	at asg06.Expression.&lt;init&gt;(Expression.java:4)
	at asg06.Expression.&lt;init&gt;(Expression.java:4)
	at asg06.Expression.&lt;init&gt;(Expression.java:4)
	at asg06.Expression.&lt;init&gt;(Expression.java:4)
	at asg06.Expression.&lt;init&gt;(Expression.java:4)
	at asg06.Expression.&lt;init&gt;(Expression.java:4)
	at asg06.Expression.&lt;init&gt;(Expression.java:4)
	at asg06.Expression.&lt;init&gt;(Expression.java:4)
	at asg06.Expression.&lt;init&gt;(Expression.java:4)
	at asg06.Expression.&lt;init&gt;(Expression.java:4)
	at asg06.Expression.&lt;init&gt;(Expression.java:4)
	at asg06.Expression.&lt;init&gt;(Expression.java:4)
	at asg06.Expression.&lt;init&gt;(Expression.java:4)
	at asg06.Expression.&lt;init&gt;(Expression.java:4)
	at asg06.Expression.&lt;init&gt;(Expression.java:4)
	at asg06.Expression.&lt;init&gt;(Expression.java:4)
	at asg06.Expression.&lt;init&gt;(Expression.java:4)
	at asg06.Expression.&lt;init&gt;(Expression.java:4)
	at asg06.Expression.&lt;init&gt;(Expression.java:4)
	at asg06.Expression.&lt;init&gt;(Expression.java:4)
	at asg06.Expression.&lt;init&gt;(Expression.java:4)
	at asg06.Expression.&lt;init&gt;(Expression.java:4)
	at asg06.Expression.&lt;init&gt;(Expression.java:4)
	at asg06.Expression.&lt;init&gt;(Expression.java:4)
	at asg06.Expression.&lt;init&gt;(Expression.java:4)
	at asg06.Expression.&lt;init&gt;(Expression.java:4)
	at asg06.Expression.&lt;init&gt;(Expression.java:4)
	at asg06.Expression.&lt;init&gt;(Expression.java:4)
	at asg06.Expression.&lt;init&gt;(Expression.java:4)
	at asg06.Expression.&lt;init&gt;(Expression.java:4)
	at asg06.Expression.&lt;init&gt;(Expression.java:4)
	at asg06.Expression.&lt;init&gt;(Expression.java:4)
	at asg06.Expression.&lt;init&gt;(Expression.java:4)
	at asg06.Expression.&lt;init&gt;(Expression.java:4)
	at asg06.Expression.&lt;init&gt;(Expression.java:4)
	at asg06.Expression.&lt;init&gt;(Expression.java:4)
	at asg06.Expression.&lt;init&gt;(Expression.java:4)
	at asg06.Expression.&lt;init&gt;(Expression.java:4)
	at asg06.Expression.&lt;init&gt;(Expression.java:4)
	at asg06.Expression.&lt;init&gt;(Expression.java:4)
	at asg06.Expression.&lt;init&gt;(Expression.java:4)
	at asg06.Expression.&lt;init&gt;(Expression.java:4)
	at asg06.Expression.&lt;init&gt;(Expression.java:4)
	at asg06.Expression.&lt;init&gt;(Expression.java:4)
	at asg06.Expression.&lt;init&gt;(Expression.java:4)
	at asg06.Expression.&lt;init&gt;(Expression.java:4)
	at asg06.Expression.&lt;init&gt;(Expression.java:4)
	at asg06.Expression.&lt;init&gt;(Expression.java:4)
	at asg06.Expression.&lt;init&gt;(Expression.java:4)
	at asg06.Expression.&lt;init&gt;(Expression.java:4)
	at asg06.Expression.&lt;init&gt;(Expression.java:4)
	at asg06.Expression.&lt;init&gt;(Expression.java:4)
	at asg06.Expression.&lt;init&gt;(Expression.java:4)
	at asg06.Expression.&lt;init&gt;(Expression.java:4)
	at asg06.Expression.&lt;init&gt;(Expression.java:4)
	at asg06.Expression.&lt;init&gt;(Expression.java:4)
	at asg06.Expression.&lt;init&gt;(Expression.java:4)
	at asg06.Expression.&lt;init&gt;(Expression.java:4)
	at asg06.Expression.&lt;init&gt;(Expression.java:4)
	at asg06.Expression.&lt;init&gt;(Expression.java:4)
	at asg06.Expression.&lt;init&gt;(Expression.java:4)
	at asg06.Expression.&lt;init&gt;(Expression.java:4)
	at asg06.Expression.&lt;init&gt;(Expression.java:4)
	at asg06.Expression.&lt;init&gt;(Expression.java:4)
	at asg06.Expression.&lt;init&gt;(Expression.java:4)
	at asg06.Expression.&lt;init&gt;(Expression.java:4)
	at asg06.Expression.&lt;init&gt;(Expression.java:4)
	at asg06.Expression.&lt;init&gt;(Expression.java:4)
	at asg06.Expression.&lt;init&gt;(Expression.java:4)
	at asg06.Expression.&lt;init&gt;(Expression.java:4)
	at asg06.Expression.&lt;init&gt;(Expression.java:4)
	at asg06.Expression.&lt;init&gt;(Expression.java:4)
	at asg06.Expression.&lt;init&gt;(Expression.java:4)
	at asg06.Expression.&lt;init&gt;(Expression.java:4)
	at asg06.Expression.&lt;init&gt;(Expression.java:4)
	at asg06.Expression.&lt;init&gt;(Expression.java:4)
	at asg06.Expression.&lt;init&gt;(Expression.java:4)
	at asg06.Expression.&lt;init&gt;(Expression.java:4)
	at asg06.Expression.&lt;init&gt;(Expression.java:4)
	at asg06.Expression.&lt;init&gt;(Expression.java:4)
	at asg06.Expression.&lt;init&gt;(Expression.java:4)
	at asg06.Expression.&lt;init&gt;(Expression.java:4)
	at asg06.Expression.&lt;init&gt;(Expression.java:4)
	at asg06.Expression.&lt;init&gt;(Expression.java:4)
	at asg06.Expression.&lt;init&gt;(Expression.java:4)
	at asg06.Expression.&lt;init&gt;(Expression.java:4)
	at asg06.Expression.&lt;init&gt;(Expression.java:4)
	at asg06.Expression.&lt;init&gt;(Expression.java:4)
	at asg06.Expression.&lt;init&gt;(Expression.java:4)
	at asg06.Expression.&lt;init&gt;(Expression.java:4)
	at asg06.Expression.&lt;init&gt;(Expression.java:4)
	at asg06.Expression.&lt;init&gt;(Expression.java:4)
	at asg06.Expression.&lt;init&gt;(Expression.java:4)
	at asg06.Expression.&lt;init&gt;(Expression.java:4)
	at asg06.Expression.&lt;init&gt;(Expression.java:4)
	at asg06.Expression.&lt;init&gt;(Expression.java:4)
	at asg06.Expression.&lt;init&gt;(Expression.java:4)
	at asg06.Expression.&lt;init&gt;(Expression.java:4)
	at asg06.Expression.&lt;init&gt;(Expression.java:4)
	at asg06.Expression.&lt;init&gt;(Expression.java:4)
	at asg06.Expression.&lt;init&gt;(Expression.java:4)
	at asg06.Expression.&lt;init&gt;(Expression.java:4)
	at asg06.Expression.&lt;init&gt;(Expression.java:4)
	at asg06.Expression.&lt;init&gt;(Expression.java:4)
	at asg06.Expression.&lt;init&gt;(Expression.java:4)
	at asg06.Expression.&lt;init&gt;(Expression.java:4)
	at asg06.Expression.&lt;init&gt;(Expression.java:4)
	at asg06.Expression.&lt;init&gt;(Expression.java:4)
	at asg06.Expression.&lt;init&gt;(Expression.java:4)
	at asg06.Expression.&lt;init&gt;(Expression.java:4)
	at asg06.Expression.&lt;init&gt;(Expression.java:4)
	at asg06.Expression.&lt;init&gt;(Expression.java:4)
	at asg06.Expression.&lt;init&gt;(Expression.java:4)
	at asg06.Expression.&lt;init&gt;(Expression.java:4)
	at asg06.Expression.&lt;init&gt;(Expression.java:4)
	at asg06.Expression.&lt;init&gt;(Expression.java:4)
	at asg06.Expression.&lt;init&gt;(Expression.java:4)
	at asg06.Expression.&lt;init&gt;(Expression.java:4)
	at asg06.Expression.&lt;init&gt;(Expression.java:4)
	at asg06.Expression.&lt;init&gt;(Expression.java:4)
	at asg06.Expression.&lt;init&gt;(Expression.java:4)
	at asg06.Expression.&lt;init&gt;(Expression.java:4)
	at asg06.Expression.&lt;init&gt;(Expression.java:4)
	at asg06.Expression.&lt;init&gt;(Expression.java:4)
	at asg06.Expression.&lt;init&gt;(Expression.java:4)
	at asg06.Expression.&lt;init&gt;(Expression.java:4)
	at asg06.Expression.&lt;init&gt;(Expression.java:4)
	at asg06.Expression.&lt;init&gt;(Expression.java:4)
	at asg06.Expression.&lt;init&gt;(Expression.java:4)
	at asg06.Expression.&lt;init&gt;(Expression.java:4)
	at asg06.Expression.&lt;init&gt;(Expression.java:4)
	at asg06.Expression.&lt;init&gt;(Expression.java:4)
	at asg06.Expression.&lt;init&gt;(Expression.java:4)
	at asg06.Expression.&lt;init&gt;(Expression.java:4)
	at asg06.Expression.&lt;init&gt;(Expression.java:4)
	at asg06.Expression.&lt;init&gt;(Expression.java:4)
	at asg06.Expression.&lt;init&gt;(Expression.java:4)
	at asg06.Expression.&lt;init&gt;(Expression.java:4)
	at asg06.Expression.&lt;init&gt;(Expression.java:4)
	at asg06.Expression.&lt;init&gt;(Expression.java:4)
	at asg06.Expression.&lt;init&gt;(Expression.java:4)
	at asg06.Expression.&lt;init&gt;(Expression.java:4)
	at asg06.Expression.&lt;init&gt;(Expression.java:4)
	at asg06.Expression.&lt;init&gt;(Expression.java:4)
	at asg06.Expression.&lt;init&gt;(Expression.java:4)
	at asg06.Expression.&lt;init&gt;(Expression.java:4)
	at asg06.Expression.&lt;init&gt;(Expression.java:4)
	at asg06.Expression.&lt;init&gt;(Expression.java:4)
	at asg06.Expression.&lt;init&gt;(Expression.java:4)
	at asg06.Expression.&lt;init&gt;(Expression.java:4)
	at asg06.Expression.&lt;init&gt;(Expression.java:4)
	at asg06.Expression.&lt;init&gt;(Expression.java:4)
	at asg06.Expression.&lt;init&gt;(Expression.java:4)
	at asg06.Expression.&lt;init&gt;(Expression.java:4)
	at asg06.Expression.&lt;init&gt;(Expression.java:4)
	at asg06.Expression.&lt;init&gt;(Expression.java:4)
	at asg06.Expression.&lt;init&gt;(Expression.java:4)
	at asg06.Expression.&lt;init&gt;(Expression.java:4)
	at asg06.Expression.&lt;init&gt;(Expression.java:4)
	at asg06.Expression.&lt;init&gt;(Expression.java:4)
	at asg06.Expression.&lt;init&gt;(Expression.java:4)
	at asg06.Expression.&lt;init&gt;(Expression.java:4)
	at asg06.Expression.&lt;init&gt;(Expression.java:4)
	at asg06.Expression.&lt;init&gt;(Expression.java:4)
	at asg06.Expression.&lt;init&gt;(Expression.java:4)
	at asg06.Expression.&lt;init&gt;(Expression.java:4)
	at asg06.Expression.&lt;init&gt;(Expression.java:4)
	at asg06.Expression.&lt;init&gt;(Expression.java:4)
	at asg06.Expression.&lt;init&gt;(Expression.java:4)
	at asg06.Expression.&lt;init&gt;(Expression.java:4)
	at asg06.Expression.&lt;init&gt;(Expression.java:4)
	at asg06.Expression.&lt;init&gt;(Expression.java:4)
	at asg06.Expression.&lt;init&gt;(Expression.java:4)
	at asg06.Expression.&lt;init&gt;(Expression.java:4)
	at asg06.Expression.&lt;init&gt;(Expression.java:4)
	at asg06.Expression.&lt;init&gt;(Expression.java:4)
	at asg06.Expression.&lt;init&gt;(Expression.java:4)
	at asg06.Expression.&lt;init&gt;(Expression.java:4)
	at asg06.Expression.&lt;init&gt;(Expression.java:4)
	at asg06.Expression.&lt;init&gt;(Expression.java:4)
	at asg06.Expression.&lt;init&gt;(Expression.java:4)
	at asg06.Expression.&lt;init&gt;(Expression.java:4)
	at asg06.Expression.&lt;init&gt;(Expression.java:4)
	at asg06.Expression.&lt;init&gt;(Expression.java:4)
	at asg06.Expression.&lt;init&gt;(Expression.java:4)
	at asg06.Expression.&lt;init&gt;(Expression.java:4)
	at asg06.Expression.&lt;init&gt;(Expression.java:4)
	at asg06.Expression.&lt;init&gt;(Expression.java:4)
	at asg06.Expression.&lt;init&gt;(Expression.java:4)
	at asg06.Expression.&lt;init&gt;(Expression.java:4)
	at asg06.Expression.&lt;init&gt;(Expression.java:4)
	at asg06.Expression.&lt;init&gt;(Expression.java:4)
	at asg06.Expression.&lt;init&gt;(Expression.java:4)
	at asg06.Expression.&lt;init&gt;(Expression.java:4)
	at asg06.Expression.&lt;init&gt;(Expression.java:4)
	at asg06.Expression.&lt;init&gt;(Expression.java:4)
	at asg06.Expression.&lt;init&gt;(Expression.java:4)
	at asg06.Expression.&lt;init&gt;(Expression.java:4)
	at asg06.Expression.&lt;init&gt;(Expression.java:4)
	at asg06.Expression.&lt;init&gt;(Expression.java:4)
	at asg06.Expression.&lt;init&gt;(Expression.java:4)
	at asg06.Expression.&lt;init&gt;(Expression.java:4)
	at asg06.Expression.&lt;init&gt;(Expression.java:4)
	at asg06.Expression.&lt;init&gt;(Expression.java:4)
	at asg06.Expression.&lt;init&gt;(Expression.java:4)
	at asg06.Expression.&lt;init&gt;(Expression.java:4)
	at asg06.Expression.&lt;init&gt;(Expression.java:4)
	at asg06.Expression.&lt;init&gt;(Expression.java:4)
	at asg06.Expression.&lt;init&gt;(Expression.java:4)
	at asg06.Expression.&lt;init&gt;(Expression.java:4)
	at asg06.Expression.&lt;init&gt;(Expression.java:4)
	at asg06.Expression.&lt;init&gt;(Expression.java:4)
	at asg06.Expression.&lt;init&gt;(Expression.java:4)
	at asg06.Expression.&lt;init&gt;(Expression.java:4)
	at asg06.Expression.&lt;init&gt;(Expression.java:4)
	at asg06.Expression.&lt;init&gt;(Expression.java:4)
	at asg06.Expression.&lt;init&gt;(Expression.java:4)
	at asg06.Expression.&lt;init&gt;(Expression.java:4)
	at asg06.Expression.&lt;init&gt;(Expression.java:4)
	at asg06.Expression.&lt;init&gt;(Expression.java:4)
	at asg06.Expression.&lt;init&gt;(Expression.java:4)
	at asg06.Expression.&lt;init&gt;(Expression.java:4)
	at asg06.Expression.&lt;init&gt;(Expression.java:4)
	at asg06.Expression.&lt;init&gt;(Expression.java:4)
	at asg06.Expression.&lt;init&gt;(Expression.java:4)
	at asg06.Expression.&lt;init&gt;(Expression.java:4)
	at asg06.Expression.&lt;init&gt;(Expression.java:4)
	at asg06.Expression.&lt;init&gt;(Expression.java:4)
	at asg06.Expression.&lt;init&gt;(Expression.java:4)
	at asg06.Expression.&lt;init&gt;(Expression.java:4)
	at asg06.Expression.&lt;init&gt;(Expression.java:4)
	at asg06.Expression.&lt;init&gt;(Expression.java:4)
	at asg06.Expression.&lt;init&gt;(Expression.java:4)
	at asg06.Expression.&lt;init&gt;(Expression.java:4)
	at asg06.Expression.&lt;init&gt;(Expression.java:4)
	at asg06.Expression.&lt;init&gt;(Expression.java:4)
	at asg06.Expression.&lt;init&gt;(Expression.java:4)
	at asg06.Expression.&lt;init&gt;(Expression.java:4)
	at asg06.Expression.&lt;init&gt;(Expression.java:4)
	at asg06.Expression.&lt;init&gt;(Expression.java:4)
	at asg06.Expression.&lt;init&gt;(Expression.java:4)
	at asg06.Expression.&lt;init&gt;(Expression.java:4)
	at asg06.Expression.&lt;init&gt;(Expression.java:4)
	at asg06.Expression.&lt;init&gt;(Expression.java:4)
	at asg06.Expression.&lt;init&gt;(Expression.java:4)
	at asg06.Expression.&lt;init&gt;(Expression.java:4)
	at asg06.Expression.&lt;init&gt;(Expression.java:4)
	at asg06.Expression.&lt;init&gt;(Expression.java:4)
	at asg06.Expression.&lt;init&gt;(Expression.java:4)
	at asg06.Expression.&lt;init&gt;(Expression.java:4)
	at asg06.Expression.&lt;init&gt;(Expression.java:4)
	at asg06.Expression.&lt;init&gt;(Expression.java:4)
	at asg06.Expression.&lt;init&gt;(Expression.java:4)
	at asg06.Expression.&lt;init&gt;(Expression.java:4)
	at asg06.Expression.&lt;init&gt;(Expression.java:4)
	at asg06.Expression.&lt;init&gt;(Expression.java:4)
	at asg06.Expression.&lt;init&gt;(Expression.java:4)
	at asg06.Expression.&lt;init&gt;(Expression.java:4)
	at asg06.Expression.&lt;init&gt;(Expression.java:4)
	at asg06.Expression.&lt;init&gt;(Expression.java:4)
	at asg06.Expression.&lt;init&gt;(Expression.java:4)
	at asg06.Expression.&lt;init&gt;(Expression.java:4)
	at asg06.Expression.&lt;init&gt;(Expression.java:4)
	at asg06.Expression.&lt;init&gt;(Expression.java:4)
	at asg06.Expression.&lt;init&gt;(Expression.java:4)
	at asg06.Expression.&lt;init&gt;(Expression.java:4)
	at asg06.Expression.&lt;init&gt;(Expression.java:4)
	at asg06.Expression.&lt;init&gt;(Expression.java:4)
	at asg06.Expression.&lt;init&gt;(Expression.java:4)
	at asg06.Expression.&lt;init&gt;(Expression.java:4)
	at asg06.Expression.&lt;init&gt;(Expression.java:4)
	at asg06.Expression.&lt;init&gt;(Expression.java:4)
	at asg06.Expression.&lt;init&gt;(Expression.java:4)
	at asg06.Expression.&lt;init&gt;(Expression.java:4)
	at asg06.Expression.&lt;init&gt;(Expression.java:4)
	at asg06.Expression.&lt;init&gt;(Expression.java:4)
	at asg06.Expression.&lt;init&gt;(Expression.java:4)
	at asg06.Expression.&lt;init&gt;(Expression.java:4)
	at asg06.Expression.&lt;init&gt;(Expression.java:4)
	at asg06.Expression.&lt;init&gt;(Expression.java:4)
	at asg06.Expression.&lt;init&gt;(Expression.java:4)
	at asg06.Expression.&lt;init&gt;(Expression.java:4)
	at asg06.Expression.&lt;init&gt;(Expression.java:4)
	at asg06.Expression.&lt;init&gt;(Expression.java:4)
	at asg06.Expression.&lt;init&gt;(Expression.java:4)
	at asg06.Expression.&lt;init&gt;(Expression.java:4)
	at asg06.Expression.&lt;init&gt;(Expression.java:4)
	at asg06.Expression.&lt;init&gt;(Expression.java:4)
	at asg06.Expression.&lt;init&gt;(Expression.java:4)
	at asg06.Expression.&lt;init&gt;(Expression.java:4)
	at asg06.Expression.&lt;init&gt;(Expression.java:4)
	at asg06.Expression.&lt;init&gt;(Expression.java:4)
	at asg06.Expression.&lt;init&gt;(Expression.java:4)
	at asg06.Expression.&lt;init&gt;(Expression.java:4)
	at asg06.Expression.&lt;init&gt;(Expression.java:4)
	at asg06.Expression.&lt;init&gt;(Expression.java:4)
	at asg06.Expression.&lt;init&gt;(Expression.java:4)
	at asg06.Expression.&lt;init&gt;(Expression.java:4)
	at asg06.Expression.&lt;init&gt;(Expression.java:4)
	at asg06.Expression.&lt;init&gt;(Expression.java:4)
	at asg06.Expression.&lt;init&gt;(Expression.java:4)
	at asg06.Expression.&lt;init&gt;(Expression.java:4)
	at asg06.Expression.&lt;init&gt;(Expression.java:4)
	at asg06.Expression.&lt;init&gt;(Expression.java:4)
	at asg06.Expression.&lt;init&gt;(Expression.java:4)
	at asg06.Expression.&lt;init&gt;(Expression.java:4)
	at asg06.Expression.&lt;init&gt;(Expression.java:4)
	at asg06.Expression.&lt;init&gt;(Expression.java:4)
	at asg06.Expression.&lt;init&gt;(Expression.java:4)
	at asg06.Expression.&lt;init&gt;(Expression.java:4)
	at asg06.Expression.&lt;init&gt;(Expression.java:4)
	at asg06.Expression.&lt;init&gt;(Expression.java:4)
	at asg06.Expression.&lt;init&gt;(Expression.java:4)
	at asg06.Expression.&lt;init&gt;(Expression.java:4)
	at asg06.Expression.&lt;init&gt;(Expression.java:4)
	at asg06.Expression.&lt;init&gt;(Expression.java:4)
	at asg06.Expression.&lt;init&gt;(Expression.java:4)
	at asg06.Expression.&lt;init&gt;(Expression.java:4)
	at asg06.Expression.&lt;init&gt;(Expression.java:4)
	at asg06.Expression.&lt;init&gt;(Expression.java:4)
	at asg06.Expression.&lt;init&gt;(Expression.java:4)
	at asg06.Expression.&lt;init&gt;(Expression.java:4)
	at asg06.Expression.&lt;init&gt;(Expression.java:4)
	at asg06.Expression.&lt;init&gt;(Expression.java:4)
	at asg06.Expression.&lt;init&gt;(Expression.java:4)
	at asg06.Expression.&lt;init&gt;(Expression.java:4)
	at asg06.Expression.&lt;init&gt;(Expression.java:4)
	at asg06.Expression.&lt;init&gt;(Expression.java:4)
	at asg06.Expression.&lt;init&gt;(Expression.java:4)
	at asg06.Expression.&lt;init&gt;(Expression.java:4)
	at asg06.Expression.&lt;init&gt;(Expression.java:4)
	at asg06.Expression.&lt;init&gt;(Expression.java:4)
	at asg06.Expression.&lt;init&gt;(Expression.java:4)
	at asg06.Expression.&lt;init&gt;(Expression.java:4)
	at asg06.Expression.&lt;init&gt;(Expression.java:4)
	at asg06.Expression.&lt;init&gt;(Expression.java:4)
	at asg06.Expression.&lt;init&gt;(Expression.java:4)
	at asg06.Expression.&lt;init&gt;(Expression.java:4)
	at asg06.Expression.&lt;init&gt;(Expression.java:4)
	at asg06.Expression.&lt;init&gt;(Expression.java:4)
	at asg06.Expression.&lt;init&gt;(Expression.java:4)
	at asg06.Expression.&lt;init&gt;(Expression.java:4)
	at asg06.Expression.&lt;init&gt;(Expression.java:4)
	at asg06.Expression.&lt;init&gt;(Expression.java:4)
	at asg06.Expression.&lt;init&gt;(Expression.java:4)
	at asg06.Expression.&lt;init&gt;(Expression.java:4)
	at asg06.Expression.&lt;init&gt;(Expression.java:4)
	at asg06.Expression.&lt;init&gt;(Expression.java:4)
	at asg06.Expression.&lt;init&gt;(Expression.java:4)
	at asg06.Expression.&lt;init&gt;(Expression.java:4)
	at asg06.Expression.&lt;init&gt;(Expression.java:4)
	at asg06.Expression.&lt;init&gt;(Expression.java:4)
	at asg06.Expression.&lt;init&gt;(Expression.java:4)
	at asg06.Expression.&lt;init&gt;(Expression.java:4)
	at asg06.Expression.&lt;init&gt;(Expression.java:4)
	at asg06.Expression.&lt;init&gt;(Expression.java:4)
	at asg06.Expression.&lt;init&gt;(Expression.java:4)
	at asg06.Expression.&lt;init&gt;(Expression.java:4)
	at asg06.Expression.&lt;init&gt;(Expression.java:4)
	at asg06.Expression.&lt;init&gt;(Expression.java:4)
	at asg06.Expression.&lt;init&gt;(Expression.java:4)
	at asg06.Expression.&lt;init&gt;(Expression.java:4)
	at asg06.Expression.&lt;init&gt;(Expression.java:4)
	at asg06.Expression.&lt;init&gt;(Expression.java:4)
	at asg06.Expression.&lt;init&gt;(Expression.java:4)
	at asg06.Expression.&lt;init&gt;(Expression.java:4)
	at asg06.Expression.&lt;init&gt;(Expression.java:4)
	at asg06.Expression.&lt;init&gt;(Expression.java:4)
	at asg06.Expression.&lt;init&gt;(Expression.java:4)
	at asg06.Expression.&lt;init&gt;(Expression.java:4)
	at asg06.Expression.&lt;init&gt;(Expression.java:4)
	at asg06.Expression.&lt;init&gt;(Expression.java:4)
	at asg06.Expression.&lt;init&gt;(Expression.java:4)
	at asg06.Expression.&lt;init&gt;(Expression.java:4)
	at asg06.Expression.&lt;init&gt;(Expression.java:4)
	at asg06.Expression.&lt;init&gt;(Expression.java:4)
	at asg06.Expression.&lt;init&gt;(Expression.java:4)
	at asg06.Expression.&lt;init&gt;(Expression.java:4)
	at asg06.Expression.&lt;init&gt;(Expression.java:4)
	at asg06.Expression.&lt;init&gt;(Expression.java:4)
	at asg06.Expression.&lt;init&gt;(Expression.java:4)
	at asg06.Expression.&lt;init&gt;(Expression.java:4)
	at asg06.Expression.&lt;init&gt;(Expression.java:4)
	at asg06.Expression.&lt;init&gt;(Expression.java:4)
	at asg06.Expression.&lt;init&gt;(Expression.java:4)
	at asg06.Expression.&lt;init&gt;(Expression.java:4)
	at asg06.Expression.&lt;init&gt;(Expression.java:4)
	at asg06.Expression.&lt;init&gt;(Expression.java:4)
	at asg06.Expression.&lt;init&gt;(Expression.java:4)
	at asg06.Expression.&lt;init&gt;(Expression.java:4)
	at asg06.Expression.&lt;init&gt;(Expression.java:4)
	at asg06.Expression.&lt;init&gt;(Expression.java:4)
	at asg06.Expression.&lt;init&gt;(Expression.java:4)
	at asg06.Expression.&lt;init&gt;(Expression.java:4)
	at asg06.Expression.&lt;init&gt;(Expression.java:4)
	at asg06.Expression.&lt;init&gt;(Expression.java:4)
	at asg06.Expression.&lt;init&gt;(Expression.java:4)
	at asg06.Expression.&lt;init&gt;(Expression.java:4)
	at asg06.Expression.&lt;init&gt;(Expression.java:4)
	at asg06.Expression.&lt;init&gt;(Expression.java:4)
	at asg06.Expression.&lt;init&gt;(Expression.java:4)
	at asg06.Expression.&lt;init&gt;(Expression.java:4)
	at asg06.Expression.&lt;init&gt;(Expression.java:4)
	at asg06.Expression.&lt;init&gt;(Expression.java:4)
	at asg06.Expression.&lt;init&gt;(Expression.java:4)
	at asg06.Expression.&lt;init&gt;(Expression.java:4)
	at asg06.Expression.&lt;init&gt;(Expression.java:4)
	at asg06.Expression.&lt;init&gt;(Expression.java:4)
	at asg06.Expression.&lt;init&gt;(Expression.java:4)
	at asg06.Expression.&lt;init&gt;(Expression.java:4)
	at asg06.Expression.&lt;init&gt;(Expression.java:4)
	at asg06.Expression.&lt;init&gt;(Expression.java:4)
	at asg06.Expression.&lt;init&gt;(Expression.java:4)
	at asg06.Expression.&lt;init&gt;(Expression.java:4)
	at asg06.Expression.&lt;init&gt;(Expression.java:4)
	at asg06.Expression.&lt;init&gt;(Expression.java:4)
	at asg06.Expression.&lt;init&gt;(Expression.java:4)
	at asg06.Expression.&lt;init&gt;(Expression.java:4)
	at asg06.Expression.&lt;init&gt;(Expression.java:4)
	at asg06.Expression.&lt;init&gt;(Expression.java:4)
	at asg06.Expression.&lt;init&gt;(Expression.java:4)
	at asg06.Expression.&lt;init&gt;(Expression.java:4)
	at asg06.Expression.&lt;init&gt;(Expression.java:4)
	at asg06.Expression.&lt;init&gt;(Expression.java:4)
	at asg06.Expression.&lt;init&gt;(Expression.java:4)
	at asg06.Expression.&lt;init&gt;(Expression.java:4)
	at asg06.Expression.&lt;init&gt;(Expression.java:4)
	at asg06.Expression.&lt;init&gt;(Expression.java:4)
	at asg06.Expression.&lt;init&gt;(Expression.java:4)
	at asg06.Expression.&lt;init&gt;(Expression.java:4)
	at asg06.Expression.&lt;init&gt;(Expression.java:4)
	at asg06.Expression.&lt;init&gt;(Expression.java:4)
	at asg06.Expression.&lt;init&gt;(Expression.java:4)
	at asg06.Expression.&lt;init&gt;(Expression.java:4)
	at asg06.Expression.&lt;init&gt;(Expression.java:4)
	at asg06.Expression.&lt;init&gt;(Expression.java:4)
	at asg06.Expression.&lt;init&gt;(Expression.java:4)
	at asg06.Expression.&lt;init&gt;(Expression.java:4)
	at asg06.Expression.&lt;init&gt;(Expression.java:4)
	at asg06.Expression.&lt;init&gt;(Expression.java:4)
	at asg06.Expression.&lt;init&gt;(Expression.java:4)
	at asg06.Expression.&lt;init&gt;(Expression.java:4)
	at asg06.Expression.&lt;init&gt;(Expression.java:4)
	at asg06.Expression.&lt;init&gt;(Expression.java:4)
	at asg06.Expression.&lt;init&gt;(Expression.java:4)
	at asg06.Expression.&lt;init&gt;(Expression.java:4)
	at asg06.Expression.&lt;init&gt;(Expression.java:4)
	at asg06.Expression.&lt;init&gt;(Expression.java:4)
	at asg06.Expression.&lt;init&gt;(Expression.java:4)
	at asg06.Expression.&lt;init&gt;(Expression.java:4)
	at asg06.Expression.&lt;init&gt;(Expression.java:4)
	at asg06.Expression.&lt;init&gt;(Expression.java:4)
	at asg06.Expression.&lt;init&gt;(Expression.java:4)
	at asg06.Expression.&lt;init&gt;(Expression.java:4)
	at asg06.Expression.&lt;init&gt;(Expression.java:4)
	at asg06.Expression.&lt;init&gt;(Expression.java:4)
	at asg06.Expression.&lt;init&gt;(Expression.java:4)
	at asg06.Expression.&lt;init&gt;(Expression.java:4)
	at asg06.Expression.&lt;init&gt;(Expression.java:4)
	at asg06.Expression.&lt;init&gt;(Expression.java:4)
	at asg06.Expression.&lt;init&gt;(Expression.java:4)
	at asg06.Expression.&lt;init&gt;(Expression.java:4)
	at asg06.Expression.&lt;init&gt;(Expression.java:4)
	at asg06.Expression.&lt;init&gt;(Expression.java:4)
	at asg06.Expression.&lt;init&gt;(Expression.java:4)
	at asg06.Expression.&lt;init&gt;(Expression.java:4)
	at asg06.Expression.&lt;init&gt;(Expression.java:4)
	at asg06.Expression.&lt;init&gt;(Expression.java:4)
	at asg06.Expression.&lt;init&gt;(Expression.java:4)
	at asg06.Expression.&lt;init&gt;(Expression.java:4)
	at asg06.Expression.&lt;init&gt;(Expression.java:4)
	at asg06.Expression.&lt;init&gt;(Expression.java:4)
	at asg06.Expression.&lt;init&gt;(Expression.java:4)
	at asg06.Expression.&lt;init&gt;(Expression.java:4)
	at asg06.Expression.&lt;init&gt;(Expression.java:4)
	at asg06.Expression.&lt;init&gt;(Expression.java:4)
	at asg06.Expression.&lt;init&gt;(Expression.java:4)
	at asg06.Expression.&lt;init&gt;(Expression.java:4)
	at asg06.Expression.&lt;init&gt;(Expression.java:4)
	at asg06.Expression.&lt;init&gt;(Expression.java:4)
	at asg06.Expression.&lt;init&gt;(Expression.java:4)
	at asg06.Expression.&lt;init&gt;(Expression.java:4)
	at asg06.Expression.&lt;init&gt;(Expression.java:4)
	at asg06.Expression.&lt;init&gt;(Expression.java:4)
	at asg06.Expression.&lt;init&gt;(Expression.java:4)
	at asg06.Expression.&lt;init&gt;(Expression.java:4)
	at asg06.Expression.&lt;init&gt;(Expression.java:4)
	at asg06.Expression.&lt;init&gt;(Expression.java:4)
	at asg06.Expression.&lt;init&gt;(Expression.java:4)
	at asg06.Expression.&lt;init&gt;(Expression.java:4)
	at asg06.Expression.&lt;init&gt;(Expression.java:4)
	at asg06.Expression.&lt;init&gt;(Expression.java:4)
	at asg06.Expression.&lt;init&gt;(Expression.java:4)
	at asg06.Expression.&lt;init&gt;(Expression.java:4)
	at asg06.Expression.&lt;init&gt;(Expression.java:4)
	at asg06.Expression.&lt;init&gt;(Expression.java:4)
	at asg06.Expression.&lt;init&gt;(Expression.java:4)
	at asg06.Expression.&lt;init&gt;(Expression.java:4)
	at asg06.Expression.&lt;init&gt;(Expression.java:4)
	at asg06.Expression.&lt;init&gt;(Expression.java:4)
	at asg06.Expression.&lt;init&gt;(Expression.java:4)
	at asg06.Expression.&lt;init&gt;(Expression.java:4)
	at asg06.Expression.&lt;init&gt;(Expression.java:4)
	at asg06.Expression.&lt;init&gt;(Expression.java:4)
	at asg06.Expression.&lt;init&gt;(Expression.java:4)
	at asg06.Expression.&lt;init&gt;(Expression.java:4)
	at asg06.Expression.&lt;init&gt;(Expression.java:4)
	at asg06.Expression.&lt;init&gt;(Expression.java:4)
	at asg06.Expression.&lt;init&gt;(Expression.java:4)
	at asg06.Expression.&lt;init&gt;(Expression.java:4)
	at asg06.Expression.&lt;init&gt;(Expression.java:4)
	at asg06.Expression.&lt;init&gt;(Expression.java:4)
	at asg06.Expression.&lt;init&gt;(Expression.java:4)
	at asg06.Expression.&lt;init&gt;(Expression.java:4)
	at asg06.Expression.&lt;init&gt;(Expression.java:4)
	at asg06.Expression.&lt;init&gt;(Expression.java:4)
	at asg06.Expression.&lt;init&gt;(Expression.java:4)
	at asg06.Expression.&lt;init&gt;(Expression.java:4)
	at asg06.Expression.&lt;init&gt;(Expression.java:4)
	at asg06.Expression.&lt;init&gt;(Expression.java:4)
	at asg06.Expression.&lt;init&gt;(Expression.java:4)
	at asg06.Expression.&lt;init&gt;(Expression.java:4)
	at asg06.Expression.&lt;init&gt;(Expression.java:4)
	at asg06.Expression.&lt;init&gt;(Expression.java:4)
	at asg06.Expression.&lt;init&gt;(Expression.java:4)
	at asg06.Expression.&lt;init&gt;(Expression.java:4)
	at asg06.Expression.&lt;init&gt;(Expression.java:4)
	at asg06.Expression.&lt;init&gt;(Expression.java:4)
	at asg06.Expression.&lt;init&gt;(Expression.java:4)
	at asg06.Expression.&lt;init&gt;(Expression.java:4)
	at asg06.Expression.&lt;init&gt;(Expression.java:4)
	at asg06.Expression.&lt;init&gt;(Expression.java:4)
	at asg06.Expression.&lt;init&gt;(Expression.java:4)
	at asg06.Expression.&lt;init&gt;(Expression.java:4)
	at asg06.Expression.&lt;init&gt;(Expression.java:4)
	at asg06.Expression.&lt;init&gt;(Expression.java:4)
	at asg06.Expression.&lt;init&gt;(Expression.java:4)
	at asg06.Expression.&lt;init&gt;(Expression.java:4)
	at asg06.Expression.&lt;init&gt;(Expression.java:4)
	at asg06.Expression.&lt;init&gt;(Expression.java:4)
	at asg06.Expression.&lt;init&gt;(Expression.java:4)
	at asg06.Expression.&lt;init&gt;(Expression.java:4)
	at asg06.Expression.&lt;init&gt;(Expression.java:4)
	at asg06.Expression.&lt;init&gt;(Expression.java:4)
	at asg06.Expression.&lt;init&gt;(Expression.java:4)
	at asg06.Expression.&lt;init&gt;(Expression.java:4)
	at asg06.Expression.&lt;init&gt;(Expression.java:4)
	at asg06.Expression.&lt;init&gt;(Expression.java:4)
	at asg06.Expression.&lt;init&gt;(Expression.java:4)
	at asg06.Expression.&lt;init&gt;(Expression.java:4)
	at asg06.Expression.&lt;init&gt;(Expression.java:4)
	at asg06.Expression.&lt;init&gt;(Expression.java:4)
	at asg06.Expression.&lt;init&gt;(Expression.java:4)
	at asg06.Expression.&lt;init&gt;(Expression.java:4)
	at asg06.Expression.&lt;init&gt;(Expression.java:4)
	at asg06.Expression.&lt;init&gt;(Expression.java:4)
	at asg06.Expression.&lt;init&gt;(Expression.java:4)
	at asg06.Expression.&lt;init&gt;(Expression.java:4)
	at asg06.Expression.&lt;init&gt;(Expression.java:4)
	at asg06.Expression.&lt;init&gt;(Expression.java:4)
	at asg06.Expression.&lt;init&gt;(Expression.java:4)
	at asg06.Expression.&lt;init&gt;(Expression.java:4)
	at asg06.Expression.&lt;init&gt;(Expression.java:4)
	at asg06.Expression.&lt;init&gt;(Expression.java:4)
	at asg06.Expression.&lt;init&gt;(Expression.java:4)
	at asg06.Expression.&lt;init&gt;(Expression.java:4)
	at asg06.Expression.&lt;init&gt;(Expression.java:4)
	at asg06.Expression.&lt;init&gt;(Expression.java:4)
	at asg06.Expression.&lt;init&gt;(Expression.java:4)
	at asg06.Expression.&lt;init&gt;(Expression.java:4)
	at asg06.Expression.&lt;init&gt;(Expression.java:4)
	at asg06.Expression.&lt;init&gt;(Expression.java:4)
	at asg06.Expression.&lt;init&gt;(Expression.java:4)
	at asg06.Expression.&lt;init&gt;(Expression.java:4)
	at asg06.Expression.&lt;init&gt;(Expression.java:4)
	at asg06.Expression.&lt;init&gt;(Expression.java:4)
	at asg06.Expression.&lt;init&gt;(Expression.java:4)
	at asg06.Expression.&lt;init&gt;(Expression.java:4)
	at asg06.Expression.&lt;init&gt;(Expression.java:4)
	at asg06.Expression.&lt;init&gt;(Expression.java:4)
	at asg06.Expression.&lt;init&gt;(Expression.java:4)
	at asg06.Expression.&lt;init&gt;(Expression.java:4)
	at asg06.Expression.&lt;init&gt;(Expression.java:4)
	at asg06.Expression.&lt;init&gt;(Expression.java:4)
	at asg06.Expression.&lt;init&gt;(Expression.java:4)
	at asg06.Expression.&lt;init&gt;(Expression.java:4)
	at asg06.Expression.&lt;init&gt;(Expression.java:4)
	at asg06.Expression.&lt;init&gt;(Expression.java:4)
	at asg06.Expression.&lt;init&gt;(Expression.java:4)
	at asg06.Expression.&lt;init&gt;(Expression.java:4)
	at asg06.Expression.&lt;init&gt;(Expression.java:4)
	at asg06.Expression.&lt;init&gt;(Expression.java:4)
	at asg06.Expression.&lt;init&gt;(Expression.java:4)
	at asg06.Expression.&lt;init&gt;(Expression.java:4)
	at asg06.Expression.&lt;init&gt;(Expression.java:4)
	at asg06.Expression.&lt;init&gt;(Expression.java:4)
	at asg06.Expression.&lt;init&gt;(Expression.java:4)
	at asg06.Expression.&lt;init&gt;(Expression.java:4)
	at asg06.Expression.&lt;init&gt;(Expression.java:4)
	at asg06.Expression.&lt;init&gt;(Expression.java:4)
	at asg06.Expression.&lt;init&gt;(Expression.java:4)
	at asg06.Expression.&lt;init&gt;(Expression.java:4)
	at asg06.Expression.&lt;init&gt;(Expression.java:4)
	at asg06.Expression.&lt;init&gt;(Expression.java:4)
	at asg06.Expression.&lt;init&gt;(Expression.java:4)
	at asg06.Expression.&lt;init&gt;(Expression.java:4)
	at asg06.Expression.&lt;init&gt;(Expression.java:4)
	at asg06.Expression.&lt;init&gt;(Expression.java:4)
	at asg06.Expression.&lt;init&gt;(Expression.java:4)
	at asg06.Expression.&lt;init&gt;(Expression.java:4)
	at asg06.Expression.&lt;init&gt;(Expression.java:4)
	at asg06.Expression.&lt;init&gt;(Expression.java:4)
	at asg06.Expression.&lt;init&gt;(Expression.java:4)
	at asg06.Expression.&lt;init&gt;(Expression.java:4)
	at asg06.Expression.&lt;init&gt;(Expression.java:4)
	at asg06.Expression.&lt;init&gt;(Expression.java:4)
	at asg06.Expression.&lt;init&gt;(Expression.java:4)
	at asg06.Expression.&lt;init&gt;(Expression.java:4)
	at asg06.Expression.&lt;init&gt;(Expression.java:4)
	at asg06.Expression.&lt;init&gt;(Expression.java:4)
	at asg06.Expression.&lt;init&gt;(Expression.java:4)
	at asg06.Expression.&lt;init&gt;(Expression.java:4)
	at asg06.Expression.&lt;init&gt;(Expression.java:4)
	at asg06.Expression.&lt;init&gt;(Expression.java:4)
	at asg06.Expression.&lt;init&gt;(Expression.java:4)
	at asg06.Expression.&lt;init&gt;(Expression.java:4)
	at asg06.Expression.&lt;init&gt;(Expression.java:4)
	at asg06.Expression.&lt;init&gt;(Expression.java:4)
	at asg06.Expression.&lt;init&gt;(Expression.java:4)
	at asg06.Expression.&lt;init&gt;(Expression.java:4)
	at asg06.Expression.&lt;init&gt;(Expression.java:4)
	at asg06.Expression.&lt;init&gt;(Expression.java:4)
	at asg06.Expression.&lt;init&gt;(Expression.java:4)
	at asg06.Expression.&lt;init&gt;(Expression.java:4)
	at asg06.Expression.&lt;init&gt;(Expression.java:4)
	at asg06.Expression.&lt;init&gt;(Expression.java:4)
	at asg06.Expression.&lt;init&gt;(Expression.java:4)
	at asg06.Expression.&lt;init&gt;(Expression.java:4)
	at asg06.Expression.&lt;init&gt;(Expression.java:4)
	at asg06.Expression.&lt;init&gt;(Expression.java:4)
	at asg06.Expression.&lt;init&gt;(Expression.java:4)
	at asg06.Expression.&lt;init&gt;(Expression.java:4)
	at asg06.Expression.&lt;init&gt;(Expression.java:4)
	at asg06.Expression.&lt;init&gt;(Expression.java:4)
	at asg06.Expression.&lt;init&gt;(Expression.java:4)
	at asg06.Expression.&lt;init&gt;(Expression.java:4)
	at asg06.Expression.&lt;init&gt;(Expression.java:4)
	at asg06.Expression.&lt;init&gt;(Expression.java:4)
	at asg06.Expression.&lt;init&gt;(Expression.java:4)
	at asg06.Expression.&lt;init&gt;(Expression.java:4)
	at asg06.Expression.&lt;init&gt;(Expression.java:4)
	at asg06.Expression.&lt;init&gt;(Expression.java:4)
	at asg06.Expression.&lt;init&gt;(Expression.java:4)
	at asg06.Expression.&lt;init&gt;(Expression.java:4)
	at asg06.Expression.&lt;init&gt;(Expression.java:4)
	at asg06.Expression.&lt;init&gt;(Expression.java:4)
	at asg06.Expression.&lt;init&gt;(Expression.java:4)
	at asg06.Expression.&lt;init&gt;(Expression.java:4)
	at asg06.Expression.&lt;init&gt;(Expression.java:4)
	at asg06.Expression.&lt;init&gt;(Expression.java:4)
	at asg06.Expression.&lt;init&gt;(Expression.java:4)
	at asg06.Expression.&lt;init&gt;(Expression.java:4)
	at asg06.Expression.&lt;init&gt;(Expression.java:4)
	at asg06.Expression.&lt;init&gt;(Expression.java:4)
	at asg06.Expression.&lt;init&gt;(Expression.java:4)
	at asg06.Expression.&lt;init&gt;(Expression.java:4)
	at asg06.Expression.&lt;init&gt;(Expression.java:4)
	at asg06.Expression.&lt;init&gt;(Expression.java:4)
	at asg06.Expression.&lt;init&gt;(Expression.java:4)
	at asg06.Expression.&lt;init&gt;(Expression.java:4)
	at asg06.Expression.&lt;init&gt;(Expression.java:4)
	at asg06.Expression.&lt;init&gt;(Expression.java:4)
	at asg06.Expression.&lt;init&gt;(Expression.java:4)
	at asg06.Expression.&lt;init&gt;(Expression.java:4)
	at asg06.Expression.&lt;init&gt;(Expression.java:4)
	at asg06.Expression.&lt;init&gt;(Expression.java:4)
	at asg06.Expression.&lt;init&gt;(Expression.java:4)
	at asg06.Expression.&lt;init&gt;(Expression.java:4)
	at asg06.Expression.&lt;init&gt;(Expression.java:4)
	at asg06.Expression.&lt;init&gt;(Expression.java:4)
	at asg06.Expression.&lt;init&gt;(Expression.java:4)
	at asg06.Expression.&lt;init&gt;(Expression.java:4)
	at asg06.Expression.&lt;init&gt;(Expression.java:4)
	at asg06.Expression.&lt;init&gt;(Expression.java:4)
	at asg06.Expression.&lt;init&gt;(Expression.java:4)
	at asg06.Expression.&lt;init&gt;(Expression.java:4)
	at asg06.Expression.&lt;init&gt;(Expression.java:4)
	at asg06.Expression.&lt;init&gt;(Expression.java:4)
	at asg06.Expression.&lt;init&gt;(Expression.java:4)
	at asg06.Expression.&lt;init&gt;(Expression.java:4)
	at asg06.Expression.&lt;init&gt;(Expression.java:4)
	at asg06.Expression.&lt;init&gt;(Expression.java:4)
	at asg06.Expression.&lt;init&gt;(Expression.java:4)
	at asg06.Expression.&lt;init&gt;(Expression.java:4)
	at asg06.Expression.&lt;init&gt;(Expression.java:4)
	at asg06.Expression.&lt;init&gt;(Expression.java:4)
	at asg06.Expression.&lt;init&gt;(Expression.java:4)
	at asg06.Expression.&lt;init&gt;(Expression.java:4)
	at asg06.Expression.&lt;init&gt;(Expression.java:4)
	at asg06.Expression.&lt;init&gt;(Expression.java:4)
	at asg06.Expression.&lt;init&gt;(Expression.java:4)
	at asg06.Expression.&lt;init&gt;(Expression.java:4)
	at asg06.Expression.&lt;init&gt;(Expression.java:4)
	at asg06.Expression.&lt;init&gt;(Expression.java:4)
	at asg06.Expression.&lt;init&gt;(Expression.java:4)
	at asg06.Expression.&lt;init&gt;(Expression.java:4)
	at asg06.Expression.&lt;init&gt;(Expression.java:4)
	at asg06.Expression.&lt;init&gt;(Expression.java:4)
	at asg06.Expression.&lt;init&gt;(Expression.java:4)
	at asg06.Expression.&lt;init&gt;(Expression.java:4)
	at asg06.Expression.&lt;init&gt;(Expression.java:4)
	at asg06.Expression.&lt;init&gt;(Expression.java:4)
	at asg06.Expression.&lt;init&gt;(Expression.java:4)
	at asg06.Expression.&lt;init&gt;(Expression.java:4)
	at asg06.Expression.&lt;init&gt;(Expression.java:4)
	at asg06.Expression.&lt;init&gt;(Expression.java:4)
	at asg06.Expression.&lt;init&gt;(Expression.java:4)
	at asg06.Expression.&lt;init&gt;(Expression.java:4)
	at asg06.Expression.&lt;init&gt;(Expression.java:4)
	at asg06.Expression.&lt;init&gt;(Expression.java:4)
	at asg06.Expression.&lt;init&gt;(Expression.java:4)
	at asg06.Expression.&lt;init&gt;(Expression.java:4)
	at asg06.Expression.&lt;init&gt;(Expression.java:4)
	at asg06.Expression.&lt;init&gt;(Expression.java:4)
	at asg06.Expression.&lt;init&gt;(Expression.java:4)
	at asg06.Expression.&lt;init&gt;(Expression.java:4)
	at asg06.Expression.&lt;init&gt;(Expression.java:4)
	at asg06.Expression.&lt;init&gt;(Expression.java:4)
	at asg06.Expression.&lt;init&gt;(Expression.java:4)
	at asg06.Expression.&lt;init&gt;(Expression.java:4)
	at asg06.Expression.&lt;init&gt;(Expression.java:4)
	at asg06.Expression.&lt;init&gt;(Expression.java:4)
	at asg06.Expression.&lt;init&gt;(Expression.java:4)
	at asg06.Expression.&lt;init&gt;(Expression.java:4)
	at asg06.Expression.&lt;init&gt;(Expression.java:4)
	at asg06.Expression.&lt;init&gt;(Expression.java:4)
	at asg06.Expression.&lt;init&gt;(Expression.java:4)
	at asg06.Expression.&lt;init&gt;(Expression.java:4)
	at asg06.Expression.&lt;init&gt;(Expression.java:4)
	at asg06.Expression.&lt;init&gt;(Expression.java:4)
	at asg06.Expression.&lt;init&gt;(Expression.java:4)
	at asg06.Expression.&lt;init&gt;(Expression.java:4)
	at asg06.Expression.&lt;init&gt;(Expression.java:4)
</error>
  </testcase>
  <testcase classname="asg06.TestExpression" name="testNumeralToString" time="0.012">
    <error type="java.lang.StackOverflowError">java.lang.StackOverflowError
	at asg06.Expression.&lt;init&gt;(Expression.java:4)
	at asg06.Expression.&lt;init&gt;(Expression.java:4)
	at asg06.Expression.&lt;init&gt;(Expression.java:4)
	at asg06.Expression.&lt;init&gt;(Expression.java:4)
	at asg06.Expression.&lt;init&gt;(Expression.java:4)
	at asg06.Expression.&lt;init&gt;(Expression.java:4)
	at asg06.Expression.&lt;init&gt;(Expression.java:4)
	at asg06.Expression.&lt;init&gt;(Expression.java:4)
	at asg06.Expression.&lt;init&gt;(Expression.java:4)
	at asg06.Expression.&lt;init&gt;(Expression.java:4)
	at asg06.Expression.&lt;init&gt;(Expression.java:4)
	at asg06.Expression.&lt;init&gt;(Expression.java:4)
	at asg06.Expression.&lt;init&gt;(Expression.java:4)
	at asg06.Expression.&lt;init&gt;(Expression.java:4)
	at asg06.Expression.&lt;init&gt;(Expression.java:4)
	at asg06.Expression.&lt;init&gt;(Expression.java:4)
	at asg06.Expression.&lt;init&gt;(Expression.java:4)
	at asg06.Expression.&lt;init&gt;(Expression.java:4)
	at asg06.Expression.&lt;init&gt;(Expression.java:4)
	at asg06.Expression.&lt;init&gt;(Expression.java:4)
	at asg06.Expression.&lt;init&gt;(Expression.java:4)
	at asg06.Expression.&lt;init&gt;(Expression.java:4)
	at asg06.Expression.&lt;init&gt;(Expression.java:4)
	at asg06.Expression.&lt;init&gt;(Expression.java:4)
	at asg06.Expression.&lt;init&gt;(Expression.java:4)
	at asg06.Expression.&lt;init&gt;(Expression.java:4)
	at asg06.Expression.&lt;init&gt;(Expression.java:4)
	at asg06.Expression.&lt;init&gt;(Expression.java:4)
	at asg06.Expression.&lt;init&gt;(Expression.java:4)
	at asg06.Expression.&lt;init&gt;(Expression.java:4)
	at asg06.Expression.&lt;init&gt;(Expression.java:4)
	at asg06.Expression.&lt;init&gt;(Expression.java:4)
	at asg06.Expression.&lt;init&gt;(Expression.java:4)
	at asg06.Expression.&lt;init&gt;(Expression.java:4)
	at asg06.Expression.&lt;init&gt;(Expression.java:4)
	at asg06.Expression.&lt;init&gt;(Expression.java:4)
	at asg06.Expression.&lt;init&gt;(Expression.java:4)
	at asg06.Expression.&lt;init&gt;(Expression.java:4)
	at asg06.Expression.&lt;init&gt;(Expression.java:4)
	at asg06.Expression.&lt;init&gt;(Expression.java:4)
	at asg06.Expression.&lt;init&gt;(Expression.java:4)
	at asg06.Expression.&lt;init&gt;(Expression.java:4)
	at asg06.Expression.&lt;init&gt;(Expression.java:4)
	at asg06.Expression.&lt;init&gt;(Expression.java:4)
	at asg06.Expression.&lt;init&gt;(Expression.java:4)
	at asg06.Expression.&lt;init&gt;(Expression.java:4)
	at asg06.Expression.&lt;init&gt;(Expression.java:4)
	at asg06.Expression.&lt;init&gt;(Expression.java:4)
	at asg06.Expression.&lt;init&gt;(Expression.java:4)
	at asg06.Expression.&lt;init&gt;(Expression.java:4)
	at asg06.Expression.&lt;init&gt;(Expression.java:4)
	at asg06.Expression.&lt;init&gt;(Expression.java:4)
	at asg06.Expression.&lt;init&gt;(Expression.java:4)
	at asg06.Expression.&lt;init&gt;(Expression.java:4)
	at asg06.Expression.&lt;init&gt;(Expression.java:4)
	at asg06.Expression.&lt;init&gt;(Expression.java:4)
	at asg06.Expression.&lt;init&gt;(Expression.java:4)
	at asg06.Expression.&lt;init&gt;(Expression.java:4)
	at asg06.Expression.&lt;init&gt;(Expression.java:4)
	at asg06.Expression.&lt;init&gt;(Expression.java:4)
	at asg06.Expression.&lt;init&gt;(Expression.java:4)
	at asg06.Expression.&lt;init&gt;(Expression.java:4)
	at asg06.Expression.&lt;init&gt;(Expression.java:4)
	at asg06.Expression.&lt;init&gt;(Expression.java:4)
	at asg06.Expression.&lt;init&gt;(Expression.java:4)
	at asg06.Expression.&lt;init&gt;(Expression.java:4)
	at asg06.Expression.&lt;init&gt;(Expression.java:4)
	at asg06.Expression.&lt;init&gt;(Expression.java:4)
	at asg06.Expression.&lt;init&gt;(Expression.java:4)
	at asg06.Expression.&lt;init&gt;(Expression.java:4)
	at asg06.Expression.&lt;init&gt;(Expression.java:4)
	at asg06.Expression.&lt;init&gt;(Expression.java:4)
	at asg06.Expression.&lt;init&gt;(Expression.java:4)
	at asg06.Expression.&lt;init&gt;(Expression.java:4)
	at asg06.Expression.&lt;init&gt;(Expression.java:4)
	at asg06.Expression.&lt;init&gt;(Expression.java:4)
	at asg06.Expression.&lt;init&gt;(Expression.java:4)
	at asg06.Expression.&lt;init&gt;(Expression.java:4)
	at asg06.Expression.&lt;init&gt;(Expression.java:4)
	at asg06.Expression.&lt;init&gt;(Expression.java:4)
	at asg06.Expression.&lt;init&gt;(Expression.java:4)
	at asg06.Expression.&lt;init&gt;(Expression.java:4)
	at asg06.Expression.&lt;init&gt;(Expression.java:4)
	at asg06.Expression.&lt;init&gt;(Expression.java:4)
	at asg06.Expression.&lt;init&gt;(Expression.java:4)
	at asg06.Expression.&lt;init&gt;(Expression.java:4)
	at asg06.Expression.&lt;init&gt;(Expression.java:4)
	at asg06.Expression.&lt;init&gt;(Expression.java:4)
	at asg06.Expression.&lt;init&gt;(Expression.java:4)
	at asg06.Expression.&lt;init&gt;(Expression.java:4)
	at asg06.Expression.&lt;init&gt;(Expression.java:4)
	at asg06.Expression.&lt;init&gt;(Expression.java:4)
	at asg06.Expression.&lt;init&gt;(Expression.java:4)
	at asg06.Expression.&lt;init&gt;(Expression.java:4)
	at asg06.Expression.&lt;init&gt;(Expression.java:4)
	at asg06.Expression.&lt;init&gt;(Expression.java:4)
	at asg06.Expression.&lt;init&gt;(Expression.java:4)
	at asg06.Expression.&lt;init&gt;(Expression.java:4)
	at asg06.Expression.&lt;init&gt;(Expression.java:4)
	at asg06.Expression.&lt;init&gt;(Expression.java:4)
	at asg06.Expression.&lt;init&gt;(Expression.java:4)
	at asg06.Expression.&lt;init&gt;(Expression.java:4)
	at asg06.Expression.&lt;init&gt;(Expression.java:4)
	at asg06.Expression.&lt;init&gt;(Expression.java:4)
	at asg06.Expression.&lt;init&gt;(Expression.java:4)
	at asg06.Expression.&lt;init&gt;(Expression.java:4)
	at asg06.Expression.&lt;init&gt;(Expression.java:4)
	at asg06.Expression.&lt;init&gt;(Expression.java:4)
	at asg06.Expression.&lt;init&gt;(Expression.java:4)
	at asg06.Expression.&lt;init&gt;(Expression.java:4)
	at asg06.Expression.&lt;init&gt;(Expression.java:4)
	at asg06.Expression.&lt;init&gt;(Expression.java:4)
	at asg06.Expression.&lt;init&gt;(Expression.java:4)
	at asg06.Expression.&lt;init&gt;(Expression.java:4)
	at asg06.Expression.&lt;init&gt;(Expression.java:4)
	at asg06.Expression.&lt;init&gt;(Expression.java:4)
	at asg06.Expression.&lt;init&gt;(Expression.java:4)
	at asg06.Expression.&lt;init&gt;(Expression.java:4)
	at asg06.Expression.&lt;init&gt;(Expression.java:4)
	at asg06.Expression.&lt;init&gt;(Expression.java:4)
	at asg06.Expression.&lt;init&gt;(Expression.java:4)
	at asg06.Expression.&lt;init&gt;(Expression.java:4)
	at asg06.Expression.&lt;init&gt;(Expression.java:4)
	at asg06.Expression.&lt;init&gt;(Expression.java:4)
	at asg06.Expression.&lt;init&gt;(Expression.java:4)
	at asg06.Expression.&lt;init&gt;(Expression.java:4)
	at asg06.Expression.&lt;init&gt;(Expression.java:4)
	at asg06.Expression.&lt;init&gt;(Expression.java:4)
	at asg06.Expression.&lt;init&gt;(Expression.java:4)
	at asg06.Expression.&lt;init&gt;(Expression.java:4)
	at asg06.Expression.&lt;init&gt;(Expression.java:4)
	at asg06.Expression.&lt;init&gt;(Expression.java:4)
	at asg06.Expression.&lt;init&gt;(Expression.java:4)
	at asg06.Expression.&lt;init&gt;(Expression.java:4)
	at asg06.Expression.&lt;init&gt;(Expression.java:4)
	at asg06.Expression.&lt;init&gt;(Expression.java:4)
	at asg06.Expression.&lt;init&gt;(Expression.java:4)
	at asg06.Expression.&lt;init&gt;(Expression.java:4)
	at asg06.Expression.&lt;init&gt;(Expression.java:4)
	at asg06.Expression.&lt;init&gt;(Expression.java:4)
	at asg06.Expression.&lt;init&gt;(Expression.java:4)
	at asg06.Expression.&lt;init&gt;(Expression.java:4)
	at asg06.Expression.&lt;init&gt;(Expression.java:4)
	at asg06.Expression.&lt;init&gt;(Expression.java:4)
	at asg06.Expression.&lt;init&gt;(Expression.java:4)
	at asg06.Expression.&lt;init&gt;(Expression.java:4)
	at asg06.Expression.&lt;init&gt;(Expression.java:4)
	at asg06.Expression.&lt;init&gt;(Expression.java:4)
	at asg06.Expression.&lt;init&gt;(Expression.java:4)
	at asg06.Expression.&lt;init&gt;(Expression.java:4)
	at asg06.Expression.&lt;init&gt;(Expression.java:4)
	at asg06.Expression.&lt;init&gt;(Expression.java:4)
	at asg06.Expression.&lt;init&gt;(Expression.java:4)
	at asg06.Expression.&lt;init&gt;(Expression.java:4)
	at asg06.Expression.&lt;init&gt;(Expression.java:4)
	at asg06.Expression.&lt;init&gt;(Expression.java:4)
	at asg06.Expression.&lt;init&gt;(Expression.java:4)
	at asg06.Expression.&lt;init&gt;(Expression.java:4)
	at asg06.Expression.&lt;init&gt;(Expression.java:4)
	at asg06.Expression.&lt;init&gt;(Expression.java:4)
	at asg06.Expression.&lt;init&gt;(Expression.java:4)
	at asg06.Expression.&lt;init&gt;(Expression.java:4)
	at asg06.Expression.&lt;init&gt;(Expression.java:4)
	at asg06.Expression.&lt;init&gt;(Expression.java:4)
	at asg06.Expression.&lt;init&gt;(Expression.java:4)
	at asg06.Expression.&lt;init&gt;(Expression.java:4)
	at asg06.Expression.&lt;init&gt;(Expression.java:4)
	at asg06.Expression.&lt;init&gt;(Expression.java:4)
	at asg06.Expression.&lt;init&gt;(Expression.java:4)
	at asg06.Expression.&lt;init&gt;(Expression.java:4)
	at asg06.Expression.&lt;init&gt;(Expression.java:4)
	at asg06.Expression.&lt;init&gt;(Expression.java:4)
	at asg06.Expression.&lt;init&gt;(Expression.java:4)
	at asg06.Expression.&lt;init&gt;(Expression.java:4)
	at asg06.Expression.&lt;init&gt;(Expression.java:4)
	at asg06.Expression.&lt;init&gt;(Expression.java:4)
	at asg06.Expression.&lt;init&gt;(Expression.java:4)
	at asg06.Expression.&lt;init&gt;(Expression.java:4)
	at asg06.Expression.&lt;init&gt;(Expression.java:4)
	at asg06.Expression.&lt;init&gt;(Expression.java:4)
	at asg06.Expression.&lt;init&gt;(Expression.java:4)
	at asg06.Expression.&lt;init&gt;(Expression.java:4)
	at asg06.Expression.&lt;init&gt;(Expression.java:4)
	at asg06.Expression.&lt;init&gt;(Expression.java:4)
	at asg06.Expression.&lt;init&gt;(Expression.java:4)
	at asg06.Expression.&lt;init&gt;(Expression.java:4)
	at asg06.Expression.&lt;init&gt;(Expression.java:4)
	at asg06.Expression.&lt;init&gt;(Expression.java:4)
	at asg06.Expression.&lt;init&gt;(Expression.java:4)
	at asg06.Expression.&lt;init&gt;(Expression.java:4)
	at asg06.Expression.&lt;init&gt;(Expression.java:4)
	at asg06.Expression.&lt;init&gt;(Expression.java:4)
	at asg06.Expression.&lt;init&gt;(Expression.java:4)
	at asg06.Expression.&lt;init&gt;(Expression.java:4)
	at asg06.Expression.&lt;init&gt;(Expression.java:4)
	at asg06.Expression.&lt;init&gt;(Expression.java:4)
	at asg06.Expression.&lt;init&gt;(Expression.java:4)
	at asg06.Expression.&lt;init&gt;(Expression.java:4)
	at asg06.Expression.&lt;init&gt;(Expression.java:4)
	at asg06.Expression.&lt;init&gt;(Expression.java:4)
	at asg06.Expression.&lt;init&gt;(Expression.java:4)
	at asg06.Expression.&lt;init&gt;(Expression.java:4)
	at asg06.Expression.&lt;init&gt;(Expression.java:4)
	at asg06.Expression.&lt;init&gt;(Expression.java:4)
	at asg06.Expression.&lt;init&gt;(Expression.java:4)
	at asg06.Expression.&lt;init&gt;(Expression.java:4)
	at asg06.Expression.&lt;init&gt;(Expression.java:4)
	at asg06.Expression.&lt;init&gt;(Expression.java:4)
	at asg06.Expression.&lt;init&gt;(Expression.java:4)
	at asg06.Expression.&lt;init&gt;(Expression.java:4)
	at asg06.Expression.&lt;init&gt;(Expression.java:4)
	at asg06.Expression.&lt;init&gt;(Expression.java:4)
	at asg06.Expression.&lt;init&gt;(Expression.java:4)
	at asg06.Expression.&lt;init&gt;(Expression.java:4)
	at asg06.Expression.&lt;init&gt;(Expression.java:4)
	at asg06.Expression.&lt;init&gt;(Expression.java:4)
	at asg06.Expression.&lt;init&gt;(Expression.java:4)
	at asg06.Expression.&lt;init&gt;(Expression.java:4)
	at asg06.Expression.&lt;init&gt;(Expression.java:4)
	at asg06.Expression.&lt;init&gt;(Expression.java:4)
	at asg06.Expression.&lt;init&gt;(Expression.java:4)
	at asg06.Expression.&lt;init&gt;(Expression.java:4)
	at asg06.Expression.&lt;init&gt;(Expression.java:4)
	at asg06.Expression.&lt;init&gt;(Expression.java:4)
	at asg06.Expression.&lt;init&gt;(Expression.java:4)
	at asg06.Expression.&lt;init&gt;(Expression.java:4)
	at asg06.Expression.&lt;init&gt;(Expression.java:4)
	at asg06.Expression.&lt;init&gt;(Expression.java:4)
	at asg06.Expression.&lt;init&gt;(Expression.java:4)
	at asg06.Expression.&lt;init&gt;(Expression.java:4)
	at asg06.Expression.&lt;init&gt;(Expression.java:4)
	at asg06.Expression.&lt;init&gt;(Expression.java:4)
	at asg06.Expression.&lt;init&gt;(Expression.java:4)
	at asg06.Expression.&lt;init&gt;(Expression.java:4)
	at asg06.Expression.&lt;init&gt;(Expression.java:4)
	at asg06.Expression.&lt;init&gt;(Expression.java:4)
	at asg06.Expression.&lt;init&gt;(Expression.java:4)
	at asg06.Expression.&lt;init&gt;(Expression.java:4)
	at asg06.Expression.&lt;init&gt;(Expression.java:4)
	at asg06.Expression.&lt;init&gt;(Expression.java:4)
	at asg06.Expression.&lt;init&gt;(Expression.java:4)
	at asg06.Expression.&lt;init&gt;(Expression.java:4)
	at asg06.Expression.&lt;init&gt;(Expression.java:4)
	at asg06.Expression.&lt;init&gt;(Expression.java:4)
	at asg06.Expression.&lt;init&gt;(Expression.java:4)
	at asg06.Expression.&lt;init&gt;(Expression.java:4)
	at asg06.Expression.&lt;init&gt;(Expression.java:4)
	at asg06.Expression.&lt;init&gt;(Expression.java:4)
	at asg06.Expression.&lt;init&gt;(Expression.java:4)
	at asg06.Expression.&lt;init&gt;(Expression.java:4)
	at asg06.Expression.&lt;init&gt;(Expression.java:4)
	at asg06.Expression.&lt;init&gt;(Expression.java:4)
	at asg06.Expression.&lt;init&gt;(Expression.java:4)
	at asg06.Expression.&lt;init&gt;(Expression.java:4)
	at asg06.Expression.&lt;init&gt;(Expression.java:4)
	at asg06.Expression.&lt;init&gt;(Expression.java:4)
	at asg06.Expression.&lt;init&gt;(Expression.java:4)
	at asg06.Expression.&lt;init&gt;(Expression.java:4)
	at asg06.Expression.&lt;init&gt;(Expression.java:4)
	at asg06.Expression.&lt;init&gt;(Expression.java:4)
	at asg06.Expression.&lt;init&gt;(Expression.java:4)
	at asg06.Expression.&lt;init&gt;(Expression.java:4)
	at asg06.Expression.&lt;init&gt;(Expression.java:4)
	at asg06.Expression.&lt;init&gt;(Expression.java:4)
	at asg06.Expression.&lt;init&gt;(Expression.java:4)
	at asg06.Expression.&lt;init&gt;(Expression.java:4)
	at asg06.Expression.&lt;init&gt;(Expression.java:4)
	at asg06.Expression.&lt;init&gt;(Expression.java:4)
	at asg06.Expression.&lt;init&gt;(Expression.java:4)
	at asg06.Expression.&lt;init&gt;(Expression.java:4)
	at asg06.Expression.&lt;init&gt;(Expression.java:4)
	at asg06.Expression.&lt;init&gt;(Expression.java:4)
	at asg06.Expression.&lt;init&gt;(Expression.java:4)
	at asg06.Expression.&lt;init&gt;(Expression.java:4)
	at asg06.Expression.&lt;init&gt;(Expression.java:4)
	at asg06.Expression.&lt;init&gt;(Expression.java:4)
	at asg06.Expression.&lt;init&gt;(Expression.java:4)
	at asg06.Expression.&lt;init&gt;(Expression.java:4)
	at asg06.Expression.&lt;init&gt;(Expression.java:4)
	at asg06.Expression.&lt;init&gt;(Expression.java:4)
	at asg06.Expression.&lt;init&gt;(Expression.java:4)
	at asg06.Expression.&lt;init&gt;(Expression.java:4)
	at asg06.Expression.&lt;init&gt;(Expression.java:4)
	at asg06.Expression.&lt;init&gt;(Expression.java:4)
	at asg06.Expression.&lt;init&gt;(Expression.java:4)
	at asg06.Expression.&lt;init&gt;(Expression.java:4)
	at asg06.Expression.&lt;init&gt;(Expression.java:4)
	at asg06.Expression.&lt;init&gt;(Expression.java:4)
	at asg06.Expression.&lt;init&gt;(Expression.java:4)
	at asg06.Expression.&lt;init&gt;(Expression.java:4)
	at asg06.Expression.&lt;init&gt;(Expression.java:4)
	at asg06.Expression.&lt;init&gt;(Expression.java:4)
	at asg06.Expression.&lt;init&gt;(Expression.java:4)
	at asg06.Expression.&lt;init&gt;(Expression.java:4)
	at asg06.Expression.&lt;init&gt;(Expression.java:4)
	at asg06.Expression.&lt;init&gt;(Expression.java:4)
	at asg06.Expression.&lt;init&gt;(Expression.java:4)
	at asg06.Expression.&lt;init&gt;(Expression.java:4)
	at asg06.Expression.&lt;init&gt;(Expression.java:4)
	at asg06.Expression.&lt;init&gt;(Expression.java:4)
	at asg06.Expression.&lt;init&gt;(Expression.java:4)
	at asg06.Expression.&lt;init&gt;(Expression.java:4)
	at asg06.Expression.&lt;init&gt;(Expression.java:4)
	at asg06.Expression.&lt;init&gt;(Expression.java:4)
	at asg06.Expression.&lt;init&gt;(Expression.java:4)
	at asg06.Expression.&lt;init&gt;(Expression.java:4)
	at asg06.Expression.&lt;init&gt;(Expression.java:4)
	at asg06.Expression.&lt;init&gt;(Expression.java:4)
	at asg06.Expression.&lt;init&gt;(Expression.java:4)
	at asg06.Expression.&lt;init&gt;(Expression.java:4)
	at asg06.Expression.&lt;init&gt;(Expression.java:4)
	at asg06.Expression.&lt;init&gt;(Expression.java:4)
	at asg06.Expression.&lt;init&gt;(Expression.java:4)
	at asg06.Expression.&lt;init&gt;(Expression.java:4)
	at asg06.Expression.&lt;init&gt;(Expression.java:4)
	at asg06.Expression.&lt;init&gt;(Expression.java:4)
	at asg06.Expression.&lt;init&gt;(Expression.java:4)
	at asg06.Expression.&lt;init&gt;(Expression.java:4)
	at asg06.Expression.&lt;init&gt;(Expression.java:4)
	at asg06.Expression.&lt;init&gt;(Expression.java:4)
	at asg06.Expression.&lt;init&gt;(Expression.java:4)
	at asg06.Expression.&lt;init&gt;(Expression.java:4)
	at asg06.Expression.&lt;init&gt;(Expression.java:4)
	at asg06.Expression.&lt;init&gt;(Expression.java:4)
	at asg06.Expression.&lt;init&gt;(Expression.java:4)
	at asg06.Expression.&lt;init&gt;(Expression.java:4)
	at asg06.Expression.&lt;init&gt;(Expression.java:4)
	at asg06.Expression.&lt;init&gt;(Expression.java:4)
	at asg06.Expression.&lt;init&gt;(Expression.java:4)
	at asg06.Expression.&lt;init&gt;(Expression.java:4)
	at asg06.Expression.&lt;init&gt;(Expression.java:4)
	at asg06.Expression.&lt;init&gt;(Expression.java:4)
	at asg06.Expression.&lt;init&gt;(Expression.java:4)
	at asg06.Expression.&lt;init&gt;(Expression.java:4)
	at asg06.Expression.&lt;init&gt;(Expression.java:4)
	at asg06.Expression.&lt;init&gt;(Expression.java:4)
	at asg06.Expression.&lt;init&gt;(Expression.java:4)
	at asg06.Expression.&lt;init&gt;(Expression.java:4)
	at asg06.Expression.&lt;init&gt;(Expression.java:4)
	at asg06.Expression.&lt;init&gt;(Expression.java:4)
	at asg06.Expression.&lt;init&gt;(Expression.java:4)
	at asg06.Expression.&lt;init&gt;(Expression.java:4)
	at asg06.Expression.&lt;init&gt;(Expression.java:4)
	at asg06.Expression.&lt;init&gt;(Expression.java:4)
	at asg06.Expression.&lt;init&gt;(Expression.java:4)
	at asg06.Expression.&lt;init&gt;(Expression.java:4)
	at asg06.Expression.&lt;init&gt;(Expression.java:4)
	at asg06.Expression.&lt;init&gt;(Expression.java:4)
	at asg06.Expression.&lt;init&gt;(Expression.java:4)
	at asg06.Expression.&lt;init&gt;(Expression.java:4)
	at asg06.Expression.&lt;init&gt;(Expression.java:4)
	at asg06.Expression.&lt;init&gt;(Expression.java:4)
	at asg06.Expression.&lt;init&gt;(Expression.java:4)
	at asg06.Expression.&lt;init&gt;(Expression.java:4)
	at asg06.Expression.&lt;init&gt;(Expression.java:4)
	at asg06.Expression.&lt;init&gt;(Expression.java:4)
	at asg06.Expression.&lt;init&gt;(Expression.java:4)
	at asg06.Expression.&lt;init&gt;(Expression.java:4)
	at asg06.Expression.&lt;init&gt;(Expression.java:4)
	at asg06.Expression.&lt;init&gt;(Expression.java:4)
	at asg06.Expression.&lt;init&gt;(Expression.java:4)
	at asg06.Expression.&lt;init&gt;(Expression.java:4)
	at asg06.Expression.&lt;init&gt;(Expression.java:4)
	at asg06.Expression.&lt;init&gt;(Expression.java:4)
	at asg06.Expression.&lt;init&gt;(Expression.java:4)
	at asg06.Expression.&lt;init&gt;(Expression.java:4)
	at asg06.Expression.&lt;init&gt;(Expression.java:4)
	at asg06.Expression.&lt;init&gt;(Expression.java:4)
	at asg06.Expression.&lt;init&gt;(Expression.java:4)
	at asg06.Expression.&lt;init&gt;(Expression.java:4)
	at asg06.Expression.&lt;init&gt;(Expression.java:4)
	at asg06.Expression.&lt;init&gt;(Expression.java:4)
	at asg06.Expression.&lt;init&gt;(Expression.java:4)
	at asg06.Expression.&lt;init&gt;(Expression.java:4)
	at asg06.Expression.&lt;init&gt;(Expression.java:4)
	at asg06.Expression.&lt;init&gt;(Expression.java:4)
	at asg06.Expression.&lt;init&gt;(Expression.java:4)
	at asg06.Expression.&lt;init&gt;(Expression.java:4)
	at asg06.Expression.&lt;init&gt;(Expression.java:4)
	at asg06.Expression.&lt;init&gt;(Expression.java:4)
	at asg06.Expression.&lt;init&gt;(Expression.java:4)
	at asg06.Expression.&lt;init&gt;(Expression.java:4)
	at asg06.Expression.&lt;init&gt;(Expression.java:4)
	at asg06.Expression.&lt;init&gt;(Expression.java:4)
	at asg06.Expression.&lt;init&gt;(Expression.java:4)
	at asg06.Expression.&lt;init&gt;(Expression.java:4)
	at asg06.Expression.&lt;init&gt;(Expression.java:4)
	at asg06.Expression.&lt;init&gt;(Expression.java:4)
	at asg06.Expression.&lt;init&gt;(Expression.java:4)
	at asg06.Expression.&lt;init&gt;(Expression.java:4)
	at asg06.Expression.&lt;init&gt;(Expression.java:4)
	at asg06.Expression.&lt;init&gt;(Expression.java:4)
	at asg06.Expression.&lt;init&gt;(Expression.java:4)
	at asg06.Expression.&lt;init&gt;(Expression.java:4)
	at asg06.Expression.&lt;init&gt;(Expression.java:4)
	at asg06.Expression.&lt;init&gt;(Expression.java:4)
	at asg06.Expression.&lt;init&gt;(Expression.java:4)
	at asg06.Expression.&lt;init&gt;(Expression.java:4)
	at asg06.Expression.&lt;init&gt;(Expression.java:4)
	at asg06.Expression.&lt;init&gt;(Expression.java:4)
	at asg06.Expression.&lt;init&gt;(Expression.java:4)
	at asg06.Expression.&lt;init&gt;(Expression.java:4)
	at asg06.Expression.&lt;init&gt;(Expression.java:4)
	at asg06.Expression.&lt;init&gt;(Expression.java:4)
	at asg06.Expression.&lt;init&gt;(Expression.java:4)
	at asg06.Expression.&lt;init&gt;(Expression.java:4)
	at asg06.Expression.&lt;init&gt;(Expression.java:4)
	at asg06.Expression.&lt;init&gt;(Expression.java:4)
	at asg06.Expression.&lt;init&gt;(Expression.java:4)
	at asg06.Expression.&lt;init&gt;(Expression.java:4)
	at asg06.Expression.&lt;init&gt;(Expression.java:4)
	at asg06.Expression.&lt;init&gt;(Expression.java:4)
	at asg06.Expression.&lt;init&gt;(Expression.java:4)
	at asg06.Expression.&lt;init&gt;(Expression.java:4)
	at asg06.Expression.&lt;init&gt;(Expression.java:4)
	at asg06.Expression.&lt;init&gt;(Expression.java:4)
	at asg06.Expression.&lt;init&gt;(Expression.java:4)
	at asg06.Expression.&lt;init&gt;(Expression.java:4)
	at asg06.Expression.&lt;init&gt;(Expression.java:4)
	at asg06.Expression.&lt;init&gt;(Expression.java:4)
	at asg06.Expression.&lt;init&gt;(Expression.java:4)
	at asg06.Expression.&lt;init&gt;(Expression.java:4)
	at asg06.Expression.&lt;init&gt;(Expression.java:4)
	at asg06.Expression.&lt;init&gt;(Expression.java:4)
	at asg06.Expression.&lt;init&gt;(Expression.java:4)
	at asg06.Expression.&lt;init&gt;(Expression.java:4)
	at asg06.Expression.&lt;init&gt;(Expression.java:4)
	at asg06.Expression.&lt;init&gt;(Expression.java:4)
	at asg06.Expression.&lt;init&gt;(Expression.java:4)
	at asg06.Expression.&lt;init&gt;(Expression.java:4)
	at asg06.Expression.&lt;init&gt;(Expression.java:4)
	at asg06.Expression.&lt;init&gt;(Expression.java:4)
	at asg06.Expression.&lt;init&gt;(Expression.java:4)
	at asg06.Expression.&lt;init&gt;(Expression.java:4)
	at asg06.Expression.&lt;init&gt;(Expression.java:4)
	at asg06.Expression.&lt;init&gt;(Expression.java:4)
	at asg06.Expression.&lt;init&gt;(Expression.java:4)
	at asg06.Expression.&lt;init&gt;(Expression.java:4)
	at asg06.Expression.&lt;init&gt;(Expression.java:4)
	at asg06.Expression.&lt;init&gt;(Expression.java:4)
	at asg06.Expression.&lt;init&gt;(Expression.java:4)
	at asg06.Expression.&lt;init&gt;(Expression.java:4)
	at asg06.Expression.&lt;init&gt;(Expression.java:4)
	at asg06.Expression.&lt;init&gt;(Expression.java:4)
	at asg06.Expression.&lt;init&gt;(Expression.java:4)
	at asg06.Expression.&lt;init&gt;(Expression.java:4)
	at asg06.Expression.&lt;init&gt;(Expression.java:4)
	at asg06.Expression.&lt;init&gt;(Expression.java:4)
	at asg06.Expression.&lt;init&gt;(Expression.java:4)
	at asg06.Expression.&lt;init&gt;(Expression.java:4)
	at asg06.Expression.&lt;init&gt;(Expression.java:4)
	at asg06.Expression.&lt;init&gt;(Expression.java:4)
	at asg06.Expression.&lt;init&gt;(Expression.java:4)
	at asg06.Expression.&lt;init&gt;(Expression.java:4)
	at asg06.Expression.&lt;init&gt;(Expression.java:4)
	at asg06.Expression.&lt;init&gt;(Expression.java:4)
	at asg06.Expression.&lt;init&gt;(Expression.java:4)
	at asg06.Expression.&lt;init&gt;(Expression.java:4)
	at asg06.Expression.&lt;init&gt;(Expression.java:4)
	at asg06.Expression.&lt;init&gt;(Expression.java:4)
	at asg06.Expression.&lt;init&gt;(Expression.java:4)
	at asg06.Expression.&lt;init&gt;(Expression.java:4)
	at asg06.Expression.&lt;init&gt;(Expression.java:4)
	at asg06.Expression.&lt;init&gt;(Expression.java:4)
	at asg06.Expression.&lt;init&gt;(Expression.java:4)
	at asg06.Expression.&lt;init&gt;(Expression.java:4)
	at asg06.Expression.&lt;init&gt;(Expression.java:4)
	at asg06.Expression.&lt;init&gt;(Expression.java:4)
	at asg06.Expression.&lt;init&gt;(Expression.java:4)
	at asg06.Expression.&lt;init&gt;(Expression.java:4)
	at asg06.Expression.&lt;init&gt;(Expression.java:4)
	at asg06.Expression.&lt;init&gt;(Expression.java:4)
	at asg06.Expression.&lt;init&gt;(Expression.java:4)
	at asg06.Expression.&lt;init&gt;(Expression.java:4)
	at asg06.Expression.&lt;init&gt;(Expression.java:4)
	at asg06.Expression.&lt;init&gt;(Expression.java:4)
	at asg06.Expression.&lt;init&gt;(Expression.java:4)
	at asg06.Expression.&lt;init&gt;(Expression.java:4)
	at asg06.Expression.&lt;init&gt;(Expression.java:4)
	at asg06.Expression.&lt;init&gt;(Expression.java:4)
	at asg06.Expression.&lt;init&gt;(Expression.java:4)
	at asg06.Expression.&lt;init&gt;(Expression.java:4)
	at asg06.Expression.&lt;init&gt;(Expression.java:4)
	at asg06.Expression.&lt;init&gt;(Expression.java:4)
	at asg06.Expression.&lt;init&gt;(Expression.java:4)
	at asg06.Expression.&lt;init&gt;(Expression.java:4)
	at asg06.Expression.&lt;init&gt;(Expression.java:4)
	at asg06.Expression.&lt;init&gt;(Expression.java:4)
	at asg06.Expression.&lt;init&gt;(Expression.java:4)
	at asg06.Expression.&lt;init&gt;(Expression.java:4)
	at asg06.Expression.&lt;init&gt;(Expression.java:4)
	at asg06.Expression.&lt;init&gt;(Expression.java:4)
	at asg06.Expression.&lt;init&gt;(Expression.java:4)
	at asg06.Expression.&lt;init&gt;(Expression.java:4)
	at asg06.Expression.&lt;init&gt;(Expression.java:4)
	at asg06.Expression.&lt;init&gt;(Expression.java:4)
	at asg06.Expression.&lt;init&gt;(Expression.java:4)
	at asg06.Expression.&lt;init&gt;(Expression.java:4)
	at asg06.Expression.&lt;init&gt;(Expression.java:4)
	at asg06.Expression.&lt;init&gt;(Expression.java:4)
	at asg06.Expression.&lt;init&gt;(Expression.java:4)
	at asg06.Expression.&lt;init&gt;(Expression.java:4)
	at asg06.Expression.&lt;init&gt;(Expression.java:4)
	at asg06.Expression.&lt;init&gt;(Expression.java:4)
	at asg06.Expression.&lt;init&gt;(Expression.java:4)
	at asg06.Expression.&lt;init&gt;(Expression.java:4)
	at asg06.Expression.&lt;init&gt;(Expression.java:4)
	at asg06.Expression.&lt;init&gt;(Expression.java:4)
	at asg06.Expression.&lt;init&gt;(Expression.java:4)
	at asg06.Expression.&lt;init&gt;(Expression.java:4)
	at asg06.Expression.&lt;init&gt;(Expression.java:4)
	at asg06.Expression.&lt;init&gt;(Expression.java:4)
	at asg06.Expression.&lt;init&gt;(Expression.java:4)
	at asg06.Expression.&lt;init&gt;(Expression.java:4)
	at asg06.Expression.&lt;init&gt;(Expression.java:4)
	at asg06.Expression.&lt;init&gt;(Expression.java:4)
	at asg06.Expression.&lt;init&gt;(Expression.java:4)
	at asg06.Expression.&lt;init&gt;(Expression.java:4)
	at asg06.Expression.&lt;init&gt;(Expression.java:4)
	at asg06.Expression.&lt;init&gt;(Expression.java:4)
	at asg06.Expression.&lt;init&gt;(Expression.java:4)
	at asg06.Expression.&lt;init&gt;(Expression.java:4)
	at asg06.Expression.&lt;init&gt;(Expression.java:4)
	at asg06.Expression.&lt;init&gt;(Expression.java:4)
	at asg06.Expression.&lt;init&gt;(Expression.java:4)
	at asg06.Expression.&lt;init&gt;(Expression.java:4)
	at asg06.Expression.&lt;init&gt;(Expression.java:4)
	at asg06.Expression.&lt;init&gt;(Expression.java:4)
	at asg06.Expression.&lt;init&gt;(Expression.java:4)
	at asg06.Expression.&lt;init&gt;(Expression.java:4)
	at asg06.Expression.&lt;init&gt;(Expression.java:4)
	at asg06.Expression.&lt;init&gt;(Expression.java:4)
	at asg06.Expression.&lt;init&gt;(Expression.java:4)
	at asg06.Expression.&lt;init&gt;(Expression.java:4)
	at asg06.Expression.&lt;init&gt;(Expression.java:4)
	at asg06.Expression.&lt;init&gt;(Expression.java:4)
	at asg06.Expression.&lt;init&gt;(Expression.java:4)
	at asg06.Expression.&lt;init&gt;(Expression.java:4)
	at asg06.Expression.&lt;init&gt;(Expression.java:4)
	at asg06.Expression.&lt;init&gt;(Expression.java:4)
	at asg06.Expression.&lt;init&gt;(Expression.java:4)
	at asg06.Expression.&lt;init&gt;(Expression.java:4)
	at asg06.Expression.&lt;init&gt;(Expression.java:4)
	at asg06.Expression.&lt;init&gt;(Expression.java:4)
	at asg06.Expression.&lt;init&gt;(Expression.java:4)
	at asg06.Expression.&lt;init&gt;(Expression.java:4)
	at asg06.Expression.&lt;init&gt;(Expression.java:4)
	at asg06.Expression.&lt;init&gt;(Expression.java:4)
	at asg06.Expression.&lt;init&gt;(Expression.java:4)
	at asg06.Expression.&lt;init&gt;(Expression.java:4)
	at asg06.Expression.&lt;init&gt;(Expression.java:4)
	at asg06.Expression.&lt;init&gt;(Expression.java:4)
	at asg06.Expression.&lt;init&gt;(Expression.java:4)
	at asg06.Expression.&lt;init&gt;(Expression.java:4)
	at asg06.Expression.&lt;init&gt;(Expression.java:4)
	at asg06.Expression.&lt;init&gt;(Expression.java:4)
	at asg06.Expression.&lt;init&gt;(Expression.java:4)
	at asg06.Expression.&lt;init&gt;(Expression.java:4)
	at asg06.Expression.&lt;init&gt;(Expression.java:4)
	at asg06.Expression.&lt;init&gt;(Expression.java:4)
	at asg06.Expression.&lt;init&gt;(Expression.java:4)
	at asg06.Expression.&lt;init&gt;(Expression.java:4)
	at asg06.Expression.&lt;init&gt;(Expression.java:4)
	at asg06.Expression.&lt;init&gt;(Expression.java:4)
	at asg06.Expression.&lt;init&gt;(Expression.java:4)
	at asg06.Expression.&lt;init&gt;(Expression.java:4)
	at asg06.Expression.&lt;init&gt;(Expression.java:4)
	at asg06.Expression.&lt;init&gt;(Expression.java:4)
	at asg06.Expression.&lt;init&gt;(Expression.java:4)
	at asg06.Expression.&lt;init&gt;(Expression.java:4)
	at asg06.Expression.&lt;init&gt;(Expression.java:4)
	at asg06.Expression.&lt;init&gt;(Expression.java:4)
	at asg06.Expression.&lt;init&gt;(Expression.java:4)
	at asg06.Expression.&lt;init&gt;(Expression.java:4)
	at asg06.Expression.&lt;init&gt;(Expression.java:4)
	at asg06.Expression.&lt;init&gt;(Expression.java:4)
	at asg06.Expression.&lt;init&gt;(Expression.java:4)
	at asg06.Expression.&lt;init&gt;(Expression.java:4)
	at asg06.Expression.&lt;init&gt;(Expression.java:4)
	at asg06.Expression.&lt;init&gt;(Expression.java:4)
	at asg06.Expression.&lt;init&gt;(Expression.java:4)
	at asg06.Expression.&lt;init&gt;(Expression.java:4)
	at asg06.Expression.&lt;init&gt;(Expression.java:4)
	at asg06.Expression.&lt;init&gt;(Expression.java:4)
	at asg06.Expression.&lt;init&gt;(Expression.java:4)
	at asg06.Expression.&lt;init&gt;(Expression.java:4)
	at asg06.Expression.&lt;init&gt;(Expression.java:4)
	at asg06.Expression.&lt;init&gt;(Expression.java:4)
	at asg06.Expression.&lt;init&gt;(Expression.java:4)
	at asg06.Expression.&lt;init&gt;(Expression.java:4)
	at asg06.Expression.&lt;init&gt;(Expression.java:4)
	at asg06.Expression.&lt;init&gt;(Expression.java:4)
	at asg06.Expression.&lt;init&gt;(Expression.java:4)
	at asg06.Expression.&lt;init&gt;(Expression.java:4)
	at asg06.Expression.&lt;init&gt;(Expression.java:4)
	at asg06.Expression.&lt;init&gt;(Expression.java:4)
	at asg06.Expression.&lt;init&gt;(Expression.java:4)
	at asg06.Expression.&lt;init&gt;(Expression.java:4)
	at asg06.Expression.&lt;init&gt;(Expression.java:4)
	at asg06.Expression.&lt;init&gt;(Expression.java:4)
	at asg06.Expression.&lt;init&gt;(Expression.java:4)
	at asg06.Expression.&lt;init&gt;(Expression.java:4)
	at asg06.Expression.&lt;init&gt;(Expression.java:4)
	at asg06.Expression.&lt;init&gt;(Expression.java:4)
	at asg06.Expression.&lt;init&gt;(Expression.java:4)
	at asg06.Expression.&lt;init&gt;(Expression.java:4)
	at asg06.Expression.&lt;init&gt;(Expression.java:4)
	at asg06.Expression.&lt;init&gt;(Expression.java:4)
	at asg06.Expression.&lt;init&gt;(Expression.java:4)
	at asg06.Expression.&lt;init&gt;(Expression.java:4)
	at asg06.Expression.&lt;init&gt;(Expression.java:4)
	at asg06.Expression.&lt;init&gt;(Expression.java:4)
	at asg06.Expression.&lt;init&gt;(Expression.java:4)
	at asg06.Expression.&lt;init&gt;(Expression.java:4)
	at asg06.Expression.&lt;init&gt;(Expression.java:4)
	at asg06.Expression.&lt;init&gt;(Expression.java:4)
	at asg06.Expression.&lt;init&gt;(Expression.java:4)
	at asg06.Expression.&lt;init&gt;(Expression.java:4)
	at asg06.Expression.&lt;init&gt;(Expression.java:4)
	at asg06.Expression.&lt;init&gt;(Expression.java:4)
	at asg06.Expression.&lt;init&gt;(Expression.java:4)
	at asg06.Expression.&lt;init&gt;(Expression.java:4)
	at asg06.Expression.&lt;init&gt;(Expression.java:4)
	at asg06.Expression.&lt;init&gt;(Expression.java:4)
	at asg06.Expression.&lt;init&gt;(Expression.java:4)
	at asg06.Expression.&lt;init&gt;(Expression.java:4)
	at asg06.Expression.&lt;init&gt;(Expression.java:4)
	at asg06.Expression.&lt;init&gt;(Expression.java:4)
	at asg06.Expression.&lt;init&gt;(Expression.java:4)
	at asg06.Expression.&lt;init&gt;(Expression.java:4)
	at asg06.Expression.&lt;init&gt;(Expression.java:4)
	at asg06.Expression.&lt;init&gt;(Expression.java:4)
	at asg06.Expression.&lt;init&gt;(Expression.java:4)
	at asg06.Expression.&lt;init&gt;(Expression.java:4)
	at asg06.Expression.&lt;init&gt;(Expression.java:4)
	at asg06.Expression.&lt;init&gt;(Expression.java:4)
	at asg06.Expression.&lt;init&gt;(Expression.java:4)
	at asg06.Expression.&lt;init&gt;(Expression.java:4)
	at asg06.Expression.&lt;init&gt;(Expression.java:4)
	at asg06.Expression.&lt;init&gt;(Expression.java:4)
	at asg06.Expression.&lt;init&gt;(Expression.java:4)
	at asg06.Expression.&lt;init&gt;(Expression.java:4)
	at asg06.Expression.&lt;init&gt;(Expression.java:4)
	at asg06.Expression.&lt;init&gt;(Expression.java:4)
	at asg06.Expression.&lt;init&gt;(Expression.java:4)
	at asg06.Expression.&lt;init&gt;(Expression.java:4)
	at asg06.Expression.&lt;init&gt;(Expression.java:4)
	at asg06.Expression.&lt;init&gt;(Expression.java:4)
	at asg06.Expression.&lt;init&gt;(Expression.java:4)
	at asg06.Expression.&lt;init&gt;(Expression.java:4)
	at asg06.Expression.&lt;init&gt;(Expression.java:4)
	at asg06.Expression.&lt;init&gt;(Expression.java:4)
	at asg06.Expression.&lt;init&gt;(Expression.java:4)
	at asg06.Expression.&lt;init&gt;(Expression.java:4)
	at asg06.Expression.&lt;init&gt;(Expression.java:4)
	at asg06.Expression.&lt;init&gt;(Expression.java:4)
	at asg06.Expression.&lt;init&gt;(Expression.java:4)
	at asg06.Expression.&lt;init&gt;(Expression.java:4)
	at asg06.Expression.&lt;init&gt;(Expression.java:4)
	at asg06.Expression.&lt;init&gt;(Expression.java:4)
	at asg06.Expression.&lt;init&gt;(Expression.java:4)
	at asg06.Expression.&lt;init&gt;(Expression.java:4)
	at asg06.Expression.&lt;init&gt;(Expression.java:4)
	at asg06.Expression.&lt;init&gt;(Expression.java:4)
	at asg06.Expression.&lt;init&gt;(Expression.java:4)
	at asg06.Expression.&lt;init&gt;(Expression.java:4)
	at asg06.Expression.&lt;init&gt;(Expression.java:4)
	at asg06.Expression.&lt;init&gt;(Expression.java:4)
	at asg06.Expression.&lt;init&gt;(Expression.java:4)
	at asg06.Expression.&lt;init&gt;(Expression.java:4)
	at asg06.Expression.&lt;init&gt;(Expression.java:4)
	at asg06.Expression.&lt;init&gt;(Expression.java:4)
	at asg06.Expression.&lt;init&gt;(Expression.java:4)
	at asg06.Expression.&lt;init&gt;(Expression.java:4)
	at asg06.Expression.&lt;init&gt;(Expression.java:4)
	at asg06.Expression.&lt;init&gt;(Expression.java:4)
	at asg06.Expression.&lt;init&gt;(Expression.java:4)
	at asg06.Expression.&lt;init&gt;(Expression.java:4)
	at asg06.Expression.&lt;init&gt;(Expression.java:4)
	at asg06.Expression.&lt;init&gt;(Expression.java:4)
	at asg06.Expression.&lt;init&gt;(Expression.java:4)
	at asg06.Expression.&lt;init&gt;(Expression.java:4)
	at asg06.Expression.&lt;init&gt;(Expression.java:4)
	at asg06.Expression.&lt;init&gt;(Expression.java:4)
	at asg06.Expression.&lt;init&gt;(Expression.java:4)
	at asg06.Expression.&lt;init&gt;(Expression.java:4)
	at asg06.Expression.&lt;init&gt;(Expression.java:4)
	at asg06.Expression.&lt;init&gt;(Expression.java:4)
	at asg06.Expression.&lt;init&gt;(Expression.java:4)
	at asg06.Expression.&lt;init&gt;(Expression.java:4)
	at asg06.Expression.&lt;init&gt;(Expression.java:4)
	at asg06.Expression.&lt;init&gt;(Expression.java:4)
	at asg06.Expression.&lt;init&gt;(Expression.java:4)
	at asg06.Expression.&lt;init&gt;(Expression.java:4)
	at asg06.Expression.&lt;init&gt;(Expression.java:4)
	at asg06.Expression.&lt;init&gt;(Expression.java:4)
	at asg06.Expression.&lt;init&gt;(Expression.java:4)
	at asg06.Expression.&lt;init&gt;(Expression.java:4)
	at asg06.Expression.&lt;init&gt;(Expression.java:4)
	at asg06.Expression.&lt;init&gt;(Expression.java:4)
	at asg06.Expression.&lt;init&gt;(Expression.java:4)
	at asg06.Expression.&lt;init&gt;(Expression.java:4)
	at asg06.Expression.&lt;init&gt;(Expression.java:4)
	at asg06.Expression.&lt;init&gt;(Expression.java:4)
	at asg06.Expression.&lt;init&gt;(Expression.java:4)
	at asg06.Expression.&lt;init&gt;(Expression.java:4)
	at asg06.Expression.&lt;init&gt;(Expression.java:4)
	at asg06.Expression.&lt;init&gt;(Expression.java:4)
	at asg06.Expression.&lt;init&gt;(Expression.java:4)
	at asg06.Expression.&lt;init&gt;(Expression.java:4)
	at asg06.Expression.&lt;init&gt;(Expression.java:4)
	at asg06.Expression.&lt;init&gt;(Expression.java:4)
	at asg06.Expression.&lt;init&gt;(Expression.java:4)
	at asg06.Expression.&lt;init&gt;(Expression.java:4)
	at asg06.Expression.&lt;init&gt;(Expression.java:4)
	at asg06.Expression.&lt;init&gt;(Expression.java:4)
	at asg06.Expression.&lt;init&gt;(Expression.java:4)
	at asg06.Expression.&lt;init&gt;(Expression.java:4)
	at asg06.Expression.&lt;init&gt;(Expression.java:4)
	at asg06.Expression.&lt;init&gt;(Expression.java:4)
	at asg06.Expression.&lt;init&gt;(Expression.java:4)
	at asg06.Expression.&lt;init&gt;(Expression.java:4)
	at asg06.Expression.&lt;init&gt;(Expression.java:4)
	at asg06.Expression.&lt;init&gt;(Expression.java:4)
	at asg06.Expression.&lt;init&gt;(Expression.java:4)
	at asg06.Expression.&lt;init&gt;(Expression.java:4)
	at asg06.Expression.&lt;init&gt;(Expression.java:4)
	at asg06.Expression.&lt;init&gt;(Expression.java:4)
	at asg06.Expression.&lt;init&gt;(Expression.java:4)
	at asg06.Expression.&lt;init&gt;(Expression.java:4)
	at asg06.Expression.&lt;init&gt;(Expression.java:4)
	at asg06.Expression.&lt;init&gt;(Expression.java:4)
	at asg06.Expression.&lt;init&gt;(Expression.java:4)
	at asg06.Expression.&lt;init&gt;(Expression.java:4)
	at asg06.Expression.&lt;init&gt;(Expression.java:4)
	at asg06.Expression.&lt;init&gt;(Expression.java:4)
	at asg06.Expression.&lt;init&gt;(Expression.java:4)
	at asg06.Expression.&lt;init&gt;(Expression.java:4)
	at asg06.Expression.&lt;init&gt;(Expression.java:4)
	at asg06.Expression.&lt;init&gt;(Expression.java:4)
	at asg06.Expression.&lt;init&gt;(Expression.java:4)
	at asg06.Expression.&lt;init&gt;(Expression.java:4)
	at asg06.Expression.&lt;init&gt;(Expression.java:4)
	at asg06.Expression.&lt;init&gt;(Expression.java:4)
	at asg06.Expression.&lt;init&gt;(Expression.java:4)
	at asg06.Expression.&lt;init&gt;(Expression.java:4)
	at asg06.Expression.&lt;init&gt;(Expression.java:4)
	at asg06.Expression.&lt;init&gt;(Expression.java:4)
	at asg06.Expression.&lt;init&gt;(Expression.java:4)
	at asg06.Expression.&lt;init&gt;(Expression.java:4)
	at asg06.Expression.&lt;init&gt;(Expression.java:4)
	at asg06.Expression.&lt;init&gt;(Expression.java:4)
	at asg06.Expression.&lt;init&gt;(Expression.java:4)
	at asg06.Expression.&lt;init&gt;(Expression.java:4)
	at asg06.Expression.&lt;init&gt;(Expression.java:4)
	at asg06.Expression.&lt;init&gt;(Expression.java:4)
	at asg06.Expression.&lt;init&gt;(Expression.java:4)
	at asg06.Expression.&lt;init&gt;(Expression.java:4)
	at asg06.Expression.&lt;init&gt;(Expression.java:4)
	at asg06.Expression.&lt;init&gt;(Expression.java:4)
	at asg06.Expression.&lt;init&gt;(Expression.java:4)
	at asg06.Expression.&lt;init&gt;(Expression.java:4)
	at asg06.Expression.&lt;init&gt;(Expression.java:4)
	at asg06.Expression.&lt;init&gt;(Expression.java:4)
	at asg06.Expression.&lt;init&gt;(Expression.java:4)
	at asg06.Expression.&lt;init&gt;(Expression.java:4)
	at asg06.Expression.&lt;init&gt;(Expression.java:4)
	at asg06.Expression.&lt;init&gt;(Expression.java:4)
	at asg06.Expression.&lt;init&gt;(Expression.java:4)
	at asg06.Expression.&lt;init&gt;(Expression.java:4)
	at asg06.Expression.&lt;init&gt;(Expression.java:4)
	at asg06.Expression.&lt;init&gt;(Expression.java:4)
	at asg06.Expression.&lt;init&gt;(Expression.java:4)
	at asg06.Expression.&lt;init&gt;(Expression.java:4)
	at asg06.Expression.&lt;init&gt;(Expression.java:4)
	at asg06.Expression.&lt;init&gt;(Expression.java:4)
	at asg06.Expression.&lt;init&gt;(Expression.java:4)
	at asg06.Expression.&lt;init&gt;(Expression.java:4)
	at asg06.Expression.&lt;init&gt;(Expression.java:4)
	at asg06.Expression.&lt;init&gt;(Expression.java:4)
	at asg06.Expression.&lt;init&gt;(Expression.java:4)
	at asg06.Expression.&lt;init&gt;(Expression.java:4)
	at asg06.Expression.&lt;init&gt;(Expression.java:4)
	at asg06.Expression.&lt;init&gt;(Expression.java:4)
	at asg06.Expression.&lt;init&gt;(Expression.java:4)
	at asg06.Expression.&lt;init&gt;(Expression.java:4)
	at asg06.Expression.&lt;init&gt;(Expression.java:4)
	at asg06.Expression.&lt;init&gt;(Expression.java:4)
	at asg06.Expression.&lt;init&gt;(Expression.java:4)
	at asg06.Expression.&lt;init&gt;(Expression.java:4)
	at asg06.Expression.&lt;init&gt;(Expression.java:4)
	at asg06.Expression.&lt;init&gt;(Expression.java:4)
	at asg06.Expression.&lt;init&gt;(Expression.java:4)
	at asg06.Expression.&lt;init&gt;(Expression.java:4)
	at asg06.Expression.&lt;init&gt;(Expression.java:4)
	at asg06.Expression.&lt;init&gt;(Expression.java:4)
	at asg06.Expression.&lt;init&gt;(Expression.java:4)
	at asg06.Expression.&lt;init&gt;(Expression.java:4)
	at asg06.Expression.&lt;init&gt;(Expression.java:4)
	at asg06.Expression.&lt;init&gt;(Expression.java:4)
	at asg06.Expression.&lt;init&gt;(Expression.java:4)
	at asg06.Expression.&lt;init&gt;(Expression.java:4)
	at asg06.Expression.&lt;init&gt;(Expression.java:4)
	at asg06.Expression.&lt;init&gt;(Expression.java:4)
	at asg06.Expression.&lt;init&gt;(Expression.java:4)
	at asg06.Expression.&lt;init&gt;(Expression.java:4)
	at asg06.Expression.&lt;init&gt;(Expression.java:4)
	at asg06.Expression.&lt;init&gt;(Expression.java:4)
	at asg06.Expression.&lt;init&gt;(Expression.java:4)
	at asg06.Expression.&lt;init&gt;(Expression.java:4)
	at asg06.Expression.&lt;init&gt;(Expression.java:4)
	at asg06.Expression.&lt;init&gt;(Expression.java:4)
	at asg06.Expression.&lt;init&gt;(Expression.java:4)
	at asg06.Expression.&lt;init&gt;(Expression.java:4)
	at asg06.Expression.&lt;init&gt;(Expression.java:4)
	at asg06.Expression.&lt;init&gt;(Expression.java:4)
	at asg06.Expression.&lt;init&gt;(Expression.java:4)
	at asg06.Expression.&lt;init&gt;(Expression.java:4)
	at asg06.Expression.&lt;init&gt;(Expression.java:4)
	at asg06.Expression.&lt;init&gt;(Expression.java:4)
	at asg06.Expression.&lt;init&gt;(Expression.java:4)
	at asg06.Expression.&lt;init&gt;(Expression.java:4)
	at asg06.Expression.&lt;init&gt;(Expression.java:4)
	at asg06.Expression.&lt;init&gt;(Expression.java:4)
	at asg06.Expression.&lt;init&gt;(Expression.java:4)
	at asg06.Expression.&lt;init&gt;(Expression.java:4)
	at asg06.Expression.&lt;init&gt;(Expression.java:4)
	at asg06.Expression.&lt;init&gt;(Expression.java:4)
	at asg06.Expression.&lt;init&gt;(Expression.java:4)
	at asg06.Expression.&lt;init&gt;(Expression.java:4)
	at asg06.Expression.&lt;init&gt;(Expression.java:4)
	at asg06.Expression.&lt;init&gt;(Expression.java:4)
	at asg06.Expression.&lt;init&gt;(Expression.java:4)
	at asg06.Expression.&lt;init&gt;(Expression.java:4)
	at asg06.Expression.&lt;init&gt;(Expression.java:4)
	at asg06.Expression.&lt;init&gt;(Expression.java:4)
	at asg06.Expression.&lt;init&gt;(Expression.java:4)
	at asg06.Expression.&lt;init&gt;(Expression.java:4)
	at asg06.Expression.&lt;init&gt;(Expression.java:4)
	at asg06.Expression.&lt;init&gt;(Expression.java:4)
	at asg06.Expression.&lt;init&gt;(Expression.java:4)
	at asg06.Expression.&lt;init&gt;(Expression.java:4)
	at asg06.Expression.&lt;init&gt;(Expression.java:4)
	at asg06.Expression.&lt;init&gt;(Expression.java:4)
	at asg06.Expression.&lt;init&gt;(Expression.java:4)
	at asg06.Expression.&lt;init&gt;(Expression.java:4)
	at asg06.Expression.&lt;init&gt;(Expression.java:4)
	at asg06.Expression.&lt;init&gt;(Expression.java:4)
	at asg06.Expression.&lt;init&gt;(Expression.java:4)
	at asg06.Expression.&lt;init&gt;(Expression.java:4)
	at asg06.Expression.&lt;init&gt;(Expression.java:4)
	at asg06.Expression.&lt;init&gt;(Expression.java:4)
	at asg06.Expression.&lt;init&gt;(Expression.java:4)
	at asg06.Expression.&lt;init&gt;(Expression.java:4)
	at asg06.Expression.&lt;init&gt;(Expression.java:4)
	at asg06.Expression.&lt;init&gt;(Expression.java:4)
	at asg06.Expression.&lt;init&gt;(Expression.java:4)
	at asg06.Expression.&lt;init&gt;(Expression.java:4)
	at asg06.Expression.&lt;init&gt;(Expression.java:4)
	at asg06.Expression.&lt;init&gt;(Expression.java:4)
	at asg06.Expression.&lt;init&gt;(Expression.java:4)
	at asg06.Expression.&lt;init&gt;(Expression.java:4)
	at asg06.Expression.&lt;init&gt;(Expression.java:4)
	at asg06.Expression.&lt;init&gt;(Expression.java:4)
	at asg06.Expression.&lt;init&gt;(Expression.java:4)
	at asg06.Expression.&lt;init&gt;(Expression.java:4)
	at asg06.Expression.&lt;init&gt;(Expression.java:4)
	at asg06.Expression.&lt;init&gt;(Expression.java:4)
	at asg06.Expression.&lt;init&gt;(Expression.java:4)
	at asg06.Expression.&lt;init&gt;(Expression.java:4)
	at asg06.Expression.&lt;init&gt;(Expression.java:4)
	at asg06.Expression.&lt;init&gt;(Expression.java:4)
	at asg06.Expression.&lt;init&gt;(Expression.java:4)
	at asg06.Expression.&lt;init&gt;(Expression.java:4)
	at asg06.Expression.&lt;init&gt;(Expression.java:4)
	at asg06.Expression.&lt;init&gt;(Expression.java:4)
	at asg06.Expression.&lt;init&gt;(Expression.java:4)
	at asg06.Expression.&lt;init&gt;(Expression.java:4)
	at asg06.Expression.&lt;init&gt;(Expression.java:4)
	at asg06.Expression.&lt;init&gt;(Expression.java:4)
	at asg06.Expression.&lt;init&gt;(Expression.java:4)
	at asg06.Expression.&lt;init&gt;(Expression.java:4)
	at asg06.Expression.&lt;init&gt;(Expression.java:4)
	at asg06.Expression.&lt;init&gt;(Expression.java:4)
	at asg06.Expression.&lt;init&gt;(Expression.java:4)
	at asg06.Expression.&lt;init&gt;(Expression.java:4)
	at asg06.Expression.&lt;init&gt;(Expression.java:4)
	at asg06.Expression.&lt;init&gt;(Expression.java:4)
	at asg06.Expression.&lt;init&gt;(Expression.java:4)
	at asg06.Expression.&lt;init&gt;(Expression.java:4)
	at asg06.Expression.&lt;init&gt;(Expression.java:4)
	at asg06.Expression.&lt;init&gt;(Expression.java:4)
	at asg06.Expression.&lt;init&gt;(Expression.java:4)
	at asg06.Expression.&lt;init&gt;(Expression.java:4)
	at asg06.Expression.&lt;init&gt;(Expression.java:4)
	at asg06.Expression.&lt;init&gt;(Expression.java:4)
	at asg06.Expression.&lt;init&gt;(Expression.java:4)
	at asg06.Expression.&lt;init&gt;(Expression.java:4)
	at asg06.Expression.&lt;init&gt;(Expression.java:4)
	at asg06.Expression.&lt;init&gt;(Expression.java:4)
	at asg06.Expression.&lt;init&gt;(Expression.java:4)
	at asg06.Expression.&lt;init&gt;(Expression.java:4)
	at asg06.Expression.&lt;init&gt;(Expression.java:4)
	at asg06.Expression.&lt;init&gt;(Expression.java:4)
	at asg06.Expression.&lt;init&gt;(Expression.java:4)
	at asg06.Expression.&lt;init&gt;(Expression.java:4)
	at asg06.Expression.&lt;init&gt;(Expression.java:4)
	at asg06.Expression.&lt;init&gt;(Expression.java:4)
	at asg06.Expression.&lt;init&gt;(Expression.java:4)
	at asg06.Expression.&lt;init&gt;(Expression.java:4)
	at asg06.Expression.&lt;init&gt;(Expression.java:4)
	at asg06.Expression.&lt;init&gt;(Expression.java:4)
	at asg06.Expression.&lt;init&gt;(Expression.java:4)
	at asg06.Expression.&lt;init&gt;(Expression.java:4)
	at asg06.Expression.&lt;init&gt;(Expression.java:4)
	at asg06.Expression.&lt;init&gt;(Expression.java:4)
	at asg06.Expression.&lt;init&gt;(Expression.java:4)
	at asg06.Expression.&lt;init&gt;(Expression.java:4)
	at asg06.Expression.&lt;init&gt;(Expression.java:4)
	at asg06.Expression.&lt;init&gt;(Expression.java:4)
	at asg06.Expression.&lt;init&gt;(Expression.java:4)
	at asg06.Expression.&lt;init&gt;(Expression.java:4)
	at asg06.Expression.&lt;init&gt;(Expression.java:4)
	at asg06.Expression.&lt;init&gt;(Expression.java:4)
	at asg06.Expression.&lt;init&gt;(Expression.java:4)
	at asg06.Expression.&lt;init&gt;(Expression.java:4)
	at asg06.Expression.&lt;init&gt;(Expression.java:4)
	at asg06.Expression.&lt;init&gt;(Expression.java:4)
	at asg06.Expression.&lt;init&gt;(Expression.java:4)
	at asg06.Expression.&lt;init&gt;(Expression.java:4)
	at asg06.Expression.&lt;init&gt;(Expression.java:4)
	at asg06.Expression.&lt;init&gt;(Expression.java:4)
	at asg06.Expression.&lt;init&gt;(Expression.java:4)
	at asg06.Expression.&lt;init&gt;(Expression.java:4)
	at asg06.Expression.&lt;init&gt;(Expression.java:4)
	at asg06.Expression.&lt;init&gt;(Expression.java:4)
	at asg06.Expression.&lt;init&gt;(Expression.java:4)
	at asg06.Expression.&lt;init&gt;(Expression.java:4)
	at asg06.Expression.&lt;init&gt;(Expression.java:4)
	at asg06.Expression.&lt;init&gt;(Expression.java:4)
	at asg06.Expression.&lt;init&gt;(Expression.java:4)
	at asg06.Expression.&lt;init&gt;(Expression.java:4)
	at asg06.Expression.&lt;init&gt;(Expression.java:4)
	at asg06.Expression.&lt;init&gt;(Expression.java:4)
	at asg06.Expression.&lt;init&gt;(Expression.java:4)
	at asg06.Expression.&lt;init&gt;(Expression.java:4)
	at asg06.Expression.&lt;init&gt;(Expression.java:4)
	at asg06.Expression.&lt;init&gt;(Expression.java:4)
	at asg06.Expression.&lt;init&gt;(Expression.java:4)
	at asg06.Expression.&lt;init&gt;(Expression.java:4)
	at asg06.Expression.&lt;init&gt;(Expression.java:4)
	at asg06.Expression.&lt;init&gt;(Expression.java:4)
	at asg06.Expression.&lt;init&gt;(Expression.java:4)
	at asg06.Expression.&lt;init&gt;(Expression.java:4)
	at asg06.Expression.&lt;init&gt;(Expression.java:4)
	at asg06.Expression.&lt;init&gt;(Expression.java:4)
	at asg06.Expression.&lt;init&gt;(Expression.java:4)
	at asg06.Expression.&lt;init&gt;(Expression.java:4)
	at asg06.Expression.&lt;init&gt;(Expression.java:4)
	at asg06.Expression.&lt;init&gt;(Expression.java:4)
	at asg06.Expression.&lt;init&gt;(Expression.java:4)
	at asg06.Expression.&lt;init&gt;(Expression.java:4)
	at asg06.Expression.&lt;init&gt;(Expression.java:4)
	at asg06.Expression.&lt;init&gt;(Expression.java:4)
	at asg06.Expression.&lt;init&gt;(Expression.java:4)
	at asg06.Expression.&lt;init&gt;(Expression.java:4)
	at asg06.Expression.&lt;init&gt;(Expression.java:4)
	at asg06.Expression.&lt;init&gt;(Expression.java:4)
	at asg06.Expression.&lt;init&gt;(Expression.java:4)
	at asg06.Expression.&lt;init&gt;(Expression.java:4)
	at asg06.Expression.&lt;init&gt;(Expression.java:4)
	at asg06.Expression.&lt;init&gt;(Expression.java:4)
	at asg06.Expression.&lt;init&gt;(Expression.java:4)
	at asg06.Expression.&lt;init&gt;(Expression.java:4)
	at asg06.Expression.&lt;init&gt;(Expression.java:4)
	at asg06.Expression.&lt;init&gt;(Expression.java:4)
	at asg06.Expression.&lt;init&gt;(Expression.java:4)
	at asg06.Expression.&lt;init&gt;(Expression.java:4)
	at asg06.Expression.&lt;init&gt;(Expression.java:4)
	at asg06.Expression.&lt;init&gt;(Expression.java:4)
	at asg06.Expression.&lt;init&gt;(Expression.java:4)
	at asg06.Expression.&lt;init&gt;(Expression.java:4)
	at asg06.Expression.&lt;init&gt;(Expression.java:4)
	at asg06.Expression.&lt;init&gt;(Expression.java:4)
	at asg06.Expression.&lt;init&gt;(Expression.java:4)
	at asg06.Expression.&lt;init&gt;(Expression.java:4)
	at asg06.Expression.&lt;init&gt;(Expression.java:4)
	at asg06.Expression.&lt;init&gt;(Expression.java:4)
	at asg06.Expression.&lt;init&gt;(Expression.java:4)
	at asg06.Expression.&lt;init&gt;(Expression.java:4)
	at asg06.Expression.&lt;init&gt;(Expression.java:4)
	at asg06.Expression.&lt;init&gt;(Expression.java:4)
	at asg06.Expression.&lt;init&gt;(Expression.java:4)
	at asg06.Expression.&lt;init&gt;(Expression.java:4)
	at asg06.Expression.&lt;init&gt;(Expression.java:4)
	at asg06.Expression.&lt;init&gt;(Expression.java:4)
	at asg06.Expression.&lt;init&gt;(Expression.java:4)
	at asg06.Expression.&lt;init&gt;(Expression.java:4)
	at asg06.Expression.&lt;init&gt;(Expression.java:4)
	at asg06.Expression.&lt;init&gt;(Expression.java:4)
	at asg06.Expression.&lt;init&gt;(Expression.java:4)
	at asg06.Expression.&lt;init&gt;(Expression.java:4)
	at asg06.Expression.&lt;init&gt;(Expression.java:4)
	at asg06.Expression.&lt;init&gt;(Expression.java:4)
	at asg06.Expression.&lt;init&gt;(Expression.java:4)
	at asg06.Expression.&lt;init&gt;(Expression.java:4)
	at asg06.Expression.&lt;init&gt;(Expression.java:4)
	at asg06.Expression.&lt;init&gt;(Expression.java:4)
	at asg06.Expression.&lt;init&gt;(Expression.java:4)
	at asg06.Expression.&lt;init&gt;(Expression.java:4)
	at asg06.Expression.&lt;init&gt;(Expression.java:4)
	at asg06.Expression.&lt;init&gt;(Expression.java:4)
	at asg06.Expression.&lt;init&gt;(Expression.java:4)
	at asg06.Expression.&lt;init&gt;(Expression.java:4)
	at asg06.Expression.&lt;init&gt;(Expression.java:4)
	at asg06.Expression.&lt;init&gt;(Expression.java:4)
	at asg06.Expression.&lt;init&gt;(Expression.java:4)
	at asg06.Expression.&lt;init&gt;(Expression.java:4)
	at asg06.Expression.&lt;init&gt;(Expression.java:4)
	at asg06.Expression.&lt;init&gt;(Expression.java:4)
	at asg06.Expression.&lt;init&gt;(Expression.java:4)
	at asg06.Expression.&lt;init&gt;(Expression.java:4)
	at asg06.Expression.&lt;init&gt;(Expression.java:4)
	at asg06.Expression.&lt;init&gt;(Expression.java:4)
</error>
  </testcase>
</testsuite>